Security audit completed successfully for Agent P57. I've analyzed all 9 JSP files in the admin/user directory and produced a comprehensive security report.

## Summary of Findings:

**Critical (1):**
- Password retrieval from database in view-user.jsp

**High Severity (6):**
- XSS vulnerabilities in user data display across multiple files
- XSS in request parameter output (reflected XSS)
- Missing CSRF protection on all state-changing forms
- Insecure Direct Object Reference (IDOR) risk with user ID parameters

**Medium Severity (4):**
- Missing server-side authorization checks for admin functions
- Client-side only file upload validation
- Session attributes exposed in hidden form fields
- Multi-tenant data access concerns in vehicle assignment

**Low Severity (1):**
- Relative path traversal patterns in includes
- Information disclosure through detailed user views
- Missing input validation on date parameters

The report includes detailed reading evidence for each JSP file and has been written to:
`C:/Projects/cig-audit/repos/fleetiq/audit/2026-03-01-01/pass1/P57.md`

All findings are documented with exact code snippets, line numbers, and checklist references as required. No fixes have been applied per instructions.
