Security audit P58 completed successfully. I've analyzed all 10 JSP files and written the comprehensive audit report to:

**C:/Projects/cig-audit/repos/fleetiq/audit/2026-03-01-01/pass1/P58.md**

## Summary of Findings

**10 security findings identified:**

### High Severity (3)
- **P58-F01**: XSS via unescaped expression outputs across all files (80+ instances)
- **P58-F02**: XSS via unsafe JavaScript interpolation 
- **P58-F03**: Missing CSRF protection on all state-changing forms

### Medium Severity (5)
- **P58-F04**: Request parameter tampering risks
- **P58-F06**: Sensitive operations with client-side confirmation only
- **P58-F07**: Permission checks using unvalidated session array
- **P58-F08**: Request parameters directly in form fields
- **P58-F09**: Session attributes without null checks

### Low Severity (1)
- **P58-F05**: Wildcard imports in JSP directives

### Info (1)
- **P58-F10**: Site-specific conditional logic (AU vs UK)

The most critical issues are the **widespread XSS vulnerabilities** (unescaped outputs in all files) and **complete absence of CSRF tokens** on forms handling vehicle allocation, broadcasts, checklist configuration, and diagnostic operations.

Report includes detailed reading evidence for all 10 files with complete code snippets and line numbers for each finding.
