Perfect! I've completed the security audit for Agent P59. Here's what I did:

## Summary

**Branch Verified:** ✅ multi-customer-sync-to-master

**Files Audited:** 10 JSP files in the vehicles admin section
- edit-general.jsp, edit.jsp, general.jsp
- idle-timer.jsp, impact-settings-au.jsp, impact-settings.jsp  
- import-canrule.jsp, import-questions-tab.jsp, import-questions.jsp, import-service.jsp

**Findings Identified:** 8 security issues

### High Severity (4):
1. **P59-F01**: Cross-Site Scripting (XSS) - Unescaped output in multiple files (customer names, vehicle details, JavaScript variables)
2. **P59-F02**: Missing CSRF protection on all state-changing forms
3. **P59-F03**: Unrestricted file upload without visible validation
4. **P59-F04**: Potential IDOR vulnerability - insufficient customer scoping verification for multi-tenant data

### Medium Severity (4):
5. **P59-F05**: Inconsistent session expiry include paths (`_expire.jsp` vs `Expire.jsp`)
6. **P59-F06**: Incorrect null comparison using string literals instead of proper null checks
7. **P59-F07**: Dynamic JavaScript generation with unescaped server-side values
8. **P59-F08**: Client-side authorization bypass via disabled input fields

The full audit report with reading evidence, detailed findings, code snippets, and line numbers has been written to:
**C:/Projects/cig-audit/repos/fleetiq/audit/2026-03-01-01/pass1/P59.md**
