Perfect! I've completed the security audit as agent P61. Here's what I did:

## Audit Summary

**Branch Verified:** ✅ multi-customer-sync-to-master

**Files Reviewed (10 JSP files):**
1. pages/admin/vehicles/new-general-b.jsp
2. pages/admin/vehicles/new-general.jsp
3. pages/admin/vehicles/other-settings.jsp
4. pages/admin/vehicles/questions.jsp
5. pages/admin/vehicles/search.jsp
6. pages/admin/vehicles/service.jsp
7. pages/admin/vehicles/site_setup_config.jsp
8. pages/admin/vehicles/super-master-codes.jsp
9. pages/admin/vehicles/super-master-veh.jsp
10. pages/admin/vehicles/sync-driver-veh.jsp

## Key Findings

**15 security issues identified:**

### HIGH Severity (3 findings):
- **P61-F01:** Widespread XSS vulnerabilities - unescaped output in all files
- **P61-F03:** Missing CSRF protection on all forms
- **P61-F05/F06:** IDOR vulnerabilities - vehicle and customer access without authorization checks

### MEDIUM Severity (4 findings):
- **P61-F04:** Potential SQL injection via filter methods
- **P61-F09:** Session dependency without validation
- **P61-F10:** File upload without validation
- **P61-F11:** Path traversal risk in file downloads

### LOW/INFO Severity (8 findings):
- Various code quality issues, hardcoded customer IDs, syntax errors, etc.

## Report Location
📄 **C:/Projects/cig-audit/repos/fleetiq/audit/2026-03-01-01/pass1/P61.md**

The report includes detailed reading evidence for each file (imports, beans, scriptlets, expressions) followed by comprehensive findings with exact code snippets, line numbers, and checklist mappings. All issues are documented for remediation - no fixes were applied per your instructions.
