Perfect! I've completed the Pass 1 security audit for Agent P62. 

## Summary

I've reviewed all 8 JSP files and produced a comprehensive security audit report at:
`C:/Projects/cig-audit/repos/fleetiq/audit/2026-03-01-01/pass1/P62.md`

### Key Findings:
**16 security issues identified:**

**Critical (1):**
- Missing CSRF protection on multi-vehicle sync form

**High (10):**
- 4 XSS vulnerabilities (unescaped database output in questions, driver names, and form fields)
- 6 missing CSRF protections (driver sync, synchronization forms, question update, VOR settings)
- 1 IDOR vulnerability (vehicle code parameter not validated against user's customer)

**Medium (3):**
- XSS in VOR note field (textarea context)
- Missing CSRF on file upload
- Information disclosure in view.jsp without clear authorization check
- Unvalidated file upload

**Low (2):**
- Sensitive tenant identifiers embedded in JavaScript
- Bypassable client-side validation

### Report Structure:
✅ Reading evidence for all 8 files (imports, useBeans, scriptlets, expressions, forms)
✅ 16 detailed findings with exact code snippets and line numbers
✅ Checklist items reviewed with no issues (SQL injection analysis, command injection, SSRF, etc.)
✅ Multi-tenancy security analysis

The report is ready for review. **No fixes were applied** per instructions - this is report-only mode.
