Perfect! I've completed the Pass 1 security audit for Agent P64. Here's what I found:

## Summary

**Branch verified:** ✅ multi-customer-sync-to-master  
**Files reviewed:** 10 JSP email report templates  
**Total findings:** 10 security issues

### Critical Findings (HIGH severity):
1. **XSS vulnerabilities** - All 10 files output unescaped user-controlled data from database
2. **Hardcoded access levels** - Bypassing session-based authentication with hardcoded "1" (highest privilege)
3. **Missing multi-tenant isolation** - No visible customer_id scoping verification in JSP layer

### Notable Findings:
- SSRF potential via chart URL
- CSRF protection missing
- HTTP (not HTTPS) hardcoded URLs exposing infrastructure
- PII exposure without role-based filtering
- Session attributes accessed without proper validation

The audit report has been written to:
```
C:/Projects/cig-audit/repos/fleetiq/audit/2026-03-01-01/pass1/P64.md
```

All findings include exact code snippets with line numbers as evidence. No code has been modified (report-only mode as instructed).
