Perfect! I've completed the security audit for Agent P67. Here's what I found:

## Summary

**Branch Verified:** ✓ multi-customer-sync-to-master

**Files Audited:** 10 JSP report files

**Critical Issues:** 2
- Hardcoded access level bypassing authorization (8 files)
- Hardcoded empty customer IDs allowing cross-tenant data access (8 files)

**High Issues:** 2  
- Inconsistent access control between email and Excel reports
- Widespread XSS vulnerabilities from unescaped output

**Medium Issues:** 1
- HTTP URLs potentially leaking session tokens

**Low Issues:** 3
- Various parameter validation concerns

## Key Findings

The most severe issue is that **8 out of 10 email report files completely bypass multi-tenant access controls** by hardcoding `access_level="1"` and empty customer/site/department scopes. This allows any authenticated user to view data from ALL customers, violating multi-tenant data isolation.

Interestingly, the 2 Excel export files (`excel_battery.jsp`, `excel_battery_change.jsp`) correctly retrieve access controls from session, proving the authentication system exists but wasn't properly integrated into the email reports.

Additionally, **all 10 files suffer from XSS vulnerabilities** - they output database values (vehicle names, driver names, etc.) without HTML escaping.

The complete audit report has been written to:
`C:/Projects/cig-audit/repos/fleetiq/audit/2026-03-01-01/pass1/P67.md`
