Perfect! I've completed the security audit as agent P76. Here's what I did:

## Summary

**Branch Verified:** ✅ multi-customer-sync-to-master

**Files Reviewed:** All 10 JSP report files
- print_monthly_online.jsp
- print_per_driver_summary.jsp
- print_per_veh_summary.jsp
- print_preop_chk.jsp
- print_preop_chk_detailed.jsp
- print_preop_chk_fail.jsp
- print_preop_chk_inc.jsp
- print_report.jsp
- print_restricted_access_usage_report.jsp
- print_seat_hour_util.jsp

**Findings:** 8 security issues identified

### Key Findings:
1. **P76-F01 (HIGH):** XSS vulnerabilities - unescaped output in all files
2. **P76-F02 (MEDIUM):** Missing CSRF protection across all reports
3. **P76-F03 (HIGH):** Potential IDOR - customer/location/department IDs accepted from request without visible authorization enforcement
4. **P76-F04 (LOW):** Potential information disclosure via error messages
5. **P76-F05 (MEDIUM):** Hardcoded HTTP URLs (mixed content risk)
6. **P76-F06 (HIGH):** Dynamic report generation with unvalidated parameters in print_report.jsp
7. **P76-F07 (HIGH):** Potential SQL injection via search_crit parameter
8. **P76-F08 (LOW):** Inconsistent conditional rendering based on customer name

**Output written to:** `C:/Projects/cig-audit/repos/fleetiq/audit/2026-03-01-01/pass1/P76.md`

The report includes complete reading evidence for each file (imports, beans, includes, scriptlets, expressions) followed by detailed security findings with exact code snippets and line numbers. No fixes were applied—this is a report-only audit as requested.
