Perfect! I've completed the security audit for Agent P79. Here's a summary:

## Audit Complete ✓

**Files Reviewed:** 10 JSP files in the reports directory
**Branch Verified:** multi-customer-sync-to-master ✓
**Output Written:** C:/Projects/cig-audit/repos/fleetiq/audit/2026-03-01-01/pass1/P79.md

## Key Findings Summary:

**11 security findings identified:**

### HIGH Severity (4):
- **P79-F01:** XSS via JavaScript injection in onload attribute (gmtp_id parameter)
- **P79-F06:** Missing authentication checks on scheduled job endpoints
- **P79-F07:** No customer_id scoping visible in multi-tenant application
- **P79-F09:** No CSRF protection on state-changing operations
- **P79-F10:** IDOR risk via gmtp_id parameter

### MEDIUM Severity (5):
- **P79-F02:** Multiple XSS vulnerabilities via unescaped database values
- **P79-F03:** Missing error page directives expose stack traces
- **P79-F04:** Debug parameter exposure in production
- **P79-F05:** Potential email header injection vulnerability
- **P79-F11:** AJAX endpoint vulnerable to parameter tampering

### INFO Severity (1):
- **P79-F08:** Wildcard imports in all JSP files

The report includes complete reading evidence for all 10 files and documents which checklist items had no issues. No code was modified per instructions.
