Perfect! I've completed the security audit for agent P84. Here's what I did:

## Audit Summary

✅ **Branch verified:** multi-customer-sync-to-master

✅ **Files reviewed (10 JSP files):**
- reports/rpt_util_wow.jsp
- reports/rpt_utilisation.jsp
- reports/send_timezone.jsp
- reports/send_updatepreop.jsp
- reports/uncal_vehicle_lst.jsp
- reports/unitGps.jsp
- reports/unit_utilisation_report.jsp
- reports/unrep_vehicle_lst.jsp
- reports/users_login_report.jsp
- reports/xlsx_driver_access_abuse_report.jsp

✅ **Reading evidence produced** for every file with complete documentation of imports, includes, beans, scriptlets, and expressions

✅ **14 Security findings identified:**

**CRITICAL (2):**
- Insufficient Multi-Tenant Data Isolation Verification
- Insecure Direct Object Reference (IDOR) on report access

**HIGH (6):**
- XSS - Unescaped user input in HTML context
- XSS - Unescaped output in JavaScript context  
- XSS - URL parameter injection
- Missing CSRF protection on forms
- Missing authentication check on utility pages
- Potential SQL injection (requires bean verification)

**MEDIUM (5):**
- Insecure mixed content (HTTP resources)
- Information disclosure via stack traces
- Path traversal in file system access
- Unsafe JSON response construction
- Weak access level default values

**LOW (1):**
- Excel download without content-type validation

✅ **Report written to:** `C:/Projects/cig-audit/repos/fleetiq/audit/2026-03-01-01/pass1/P84.md`

The audit is complete. All findings are documented with exact code evidence, line numbers, severity ratings, and mapped to checklist items. No fixes were applied per instructions.
