## Audit Complete ✓

I've successfully completed the security audit for **Agent C01 - Pass 2 Test Coverage**. 

### Summary of Work Performed:

1. **Branch Verified:** ✓ multi-customer-sync-to-master
2. **Files Reviewed:** 
   - Jenkinsfile (empty, 0 bytes)
   - WEB-INF/src/log4j.properties (29 lines)
   - WEB-INF/src/log4j2.properties (24 lines)

3. **Test Coverage Search:**
   - Searched entire repository for test files: Found ZERO actual test files
   - Only file with "Test" in name: `EncryptTest.java` (not a test, but a utility class)
   - No test framework infrastructure (JUnit/TestNG) exists in the repository
   - No test directories or build configuration files found

### Findings Summary:
- **9 Total Findings:** 1 CRITICAL, 3 HIGH, 3 MEDIUM, 2 LOW
- **Most Critical Issues:**
  - Empty Jenkinsfile with no CI/CD pipeline (CRITICAL)
  - No test framework infrastructure in entire repository (HIGH)
  - No validation tests for logging configuration (HIGH)
  - Hardcoded file paths without environment validation (HIGH)

### Report Location:
📄 **C:/Projects/cig-audit/repos/fleetiq/audit/2026-03-01-01/pass2/C01.md**

All findings include specific severity ratings, detailed descriptions, recommended fixes, file paths, and line numbers as required. The report documents complete absence of test coverage for all configuration files and the overall lack of testing infrastructure.
