✅ **Security audit C02 completed successfully**

I've conducted a comprehensive test coverage audit of the three properties files. Here's what I found:

**Files Audited:**
- Messages.properties (2,267 lines)
- Messages_en.properties (2,266 lines)  
- Messages_en_US.properties (2,265 lines)

**Key Findings:**
1. **ZERO test coverage** - The entire repository has only 1 file with "Test" in the name (EncryptTest.java), which is actually a utility class, not a test file
2. **No test framework** - No JUnit, TestNG, or any testing framework found in the codebase
3. **Critical gap:** LoadBundle.java (the class that loads these message files) has no tests for:
   - Locale detection and language selection
   - File path construction and ClassLoader security
   - Error handling and fallback behavior
   - ResourceBundle loading for different locales

**12 findings documented** with severity levels:
- 1 CRITICAL: No test coverage for critical i18n message loading
- 4 HIGH: Error path testing, key integrity validation, locale detection, file path security
- 3 MEDIUM: Parameter substitution, input validation, Unicode handling
- 3 LOW: Spelling errors, locale differences, concurrent access
- 1 INFO: Integration testing in consuming classes

The complete audit report has been written to:
`C:/Projects/cig-audit/repos/fleetiq/audit/2026-03-01-01/pass2/C02.md`
