## Audit Complete ✓

I've completed the Pass 2 Test Coverage audit for agent J01. Here's what I found:

### Files Audited:
1. **Dealer.java** - 6 methods, 3 fields
2. **DealerConfigBean.java** - 20 methods, 10 fields  
3. **BatteryBean.java** - 40 methods, 22 fields

### Test Coverage: **0%** 
- No test files exist for any of the three source files
- No indirect test coverage found
- Only 1 test file exists in entire repository (EncryptTest.java, unrelated)

### Key Findings (10 total):

**CRITICAL (2):**
- Missing input validation tests for security-critical configuration fields (XSS risk via URLs, tenant isolation via subdomain)
- No test infrastructure across entire repository

**HIGH (2):**
- Zero test coverage for Dealer entity (used in security contexts)
- Zero test coverage for DealerConfigBean (multi-tenant configuration)

**MEDIUM (4):**
- Public field violating encapsulation in Dealer
- No test coverage for BatteryBean (22 fields, 40 methods)
- Missing null/empty string edge case tests
- No serialization tests despite implementing Serializable

**LOW (2):**
- Package-private fields in BatteryBean violating encapsulation
- Missing equals()/hashCode() implementation and tests

Full report written to: `C:/Projects/cig-audit/repos/fleetiq/audit/2026-03-01-01/pass2/J01.md`
