## Security Audit Complete ✓

**Agent J03 - Pass 2 Test Coverage Analysis**

Successfully analyzed 3 bean files from the FleetIQ repository:

### Files Reviewed:
1. **DailyUsageHourBean.java** - Complex data processing bean with business logic
2. **DashboarSubscriptionBean.java** - Simple POJO for subscription data
3. **DayhoursBean.java** - Time tracking bean with encapsulation issues

### Key Findings:
- **Test Coverage: 0%** - No test files exist for any reviewed beans
- **10 findings identified:**
  - 1 HIGH severity (untested critical business logic)
  - 5 MEDIUM severity (null safety, validation, encapsulation)
  - 3 LOW severity (boundary values, validation)
  - 1 INFO (case sensitivity inconsistency)

### Critical Issues:
1. `arrangeData()` method has complex nested loops with no null safety tests
2. All data-processing methods vulnerable to NullPointerException
3. No validation for email addresses, time values, or IDs
4. CSV injection risks in string formatting
5. Package-private fields violate encapsulation

### Output Location:
`C:/Projects/cig-audit/repos/fleetiq/audit/2026-03-01-01/pass2/J03.md`

Full report includes reading evidence (all classes, methods, fields with line numbers) and detailed remediation recommendations for each finding.
