## Audit Complete ✓

I've completed the Pass 2 Test Coverage audit for agent J04. Here's what was analyzed:

**Files Reviewed:**
1. DriverBean.java - 12 methods, 6 fields
2. DriverImportBean.java - 52 methods, 28 fields  
3. DriverInfoBean.java - 6 methods (2 constructors, 4 getters), 4 fields

**Key Findings:**
- **Zero test coverage** for all three bean classes
- Only 1 test file exists in the entire repository (EncryptTest.java - unrelated)
- No test directories or test infrastructure found

**Critical Security Issues Identified:**
1. **Access control fields lack validation** - Multiple fields controlling security permissions accept any input without validation
2. **denyOnExp defaults to false** - Drivers with expired licenses are allowed by default
3. **Repository-wide lack of test infrastructure** - Systemic quality assurance gap

**Report Statistics:**
- 18 total findings
- 3 CRITICAL, 9 HIGH, 6 MEDIUM severity
- All findings documented with specific remediation recommendations

The full audit report has been written to:
`C:/Projects/cig-audit/repos/fleetiq/audit/2026-03-01-01/pass2/J04.md`
