## Test Coverage Audit Complete ✓

I've successfully completed the Pass 2 test coverage audit for Agent J06. Here's what I found:

### Files Audited:
1. **FleetCheckBean.java** - 6 methods, 3 fields
2. **ImpactBean.java** - 51 methods, 25 fields  
3. **ImpactDeptBean.java** - 8 methods, 4 fields

### Key Findings:
**Test Coverage Status:** **ZERO** - None of the three beans have any test files or test coverage

**14 Findings Reported:**
- 🔴 **5 HIGH severity** - No test coverage for critical beans, untested serialization, untested addImactMap method
- 🟡 **6 MEDIUM severity** - Null safety not validated, default initialization not tested, array bounds not validated
- 🔵 **3 LOW severity** - Numeric boundary values not tested

### Critical Gaps Identified:
1. No unit tests exist for any of the three bean classes
2. Serialization not tested despite implementing Serializable
3. No null safety validation for collection/array setters
4. ImpactBean.addImactMap method has no tests (could silently corrupt data)
5. Array bounds not validated (could cause ArrayIndexOutOfBoundsException)

### Report Location:
📄 `C:/Projects/cig-audit/repos/fleetiq/audit/2026-03-01-01/pass2/J06.md`

The report includes complete reading evidence (all methods/fields with line numbers), detailed test coverage analysis, and specific remediation steps for each finding.
