## Audit Complete ✓

I've completed the Pass 2 Test Coverage audit for agent J07. Here's what I found:

### Files Audited
1. **ImpactLevel.java** - Simple enum with 3 values (BLUE, AMBER, RED)
2. **ImpactLocBean.java** - Serializable bean with 11 public methods
3. **ImpactSummaryBean.java** - Serializable bean with 13 public methods

### Key Findings

**Test Coverage Status: 0%**
- No test files exist for any of the three classes
- The entire repository contains only ONE test file (EncryptTest.java)
- No test directory structure exists

**8 Total Findings:**
- 1 CRITICAL: Repository-wide absence of test infrastructure
- 1 HIGH: Missing serialization/deserialization tests for Serializable beans
- 3 MEDIUM: Untested enum functionality, untested add methods with null risks, ArrayList mutation edge cases
- 2 LOW: Untested getters/setters

**Most Critical Issues:**
1. **No test infrastructure** - No test directories, no CI/CD test enforcement
2. **Serialization untested** - Both beans implement Serializable but have zero serialization tests
3. **Null handling gaps** - `addArrImpactDeptBean()` and `addArrImpact()` will NPE on null input without tests verifying behavior
4. **Direct ArrayList exposure** - Getters return mutable references allowing external state corruption

The full report has been written to:
`C:/Projects/cig-audit/repos/fleetiq/audit/2026-03-01-01/pass2/J07.md`
