## Audit Complete ✓

I've successfully completed the Pass 2 Test Coverage audit for agent J08. Here's what I found:

### Files Reviewed
1. **LicenseBlackListBean.java** (85 lines) - Security-critical access control bean
2. **LockOutBean.java** (64 lines) - Serializable vehicle lockout management bean
3. **MaxHourUsageBean.java** (40 lines) - Serializable usage tracking bean with business logic

### Key Findings

**Zero test coverage** across all three beans:
- No dedicated test files exist for any of the reviewed classes
- Repository has minimal test infrastructure (only 1 test file: `EncryptTest.java`)
- No test directories or frameworks detected

**8 Findings Generated:**
- **1 CRITICAL**: Untested security-critical access control fields in LicenseBlackListBean
- **2 HIGH**: Serializable beans with no serialization/security tests
- **3 MEDIUM**: Missing null safety and edge case coverage
- **1 LOW**: Undocumented empty string initialization pattern
- **1 INFO**: Systemic lack of test infrastructure

### Critical Gaps Identified
1. Access control fields (`access_level`, `access_cust`, etc.) completely untested
2. Serialization security unverified (deserialization attacks possible)
3. Business logic in `addArrUnitUtil()` has no null safety tests
4. Master code field in LockOutBean unprotected and untested
5. No validation for date formats, null inputs, or boundary conditions

**Report written to:** `C:/Projects/cig-audit/repos/fleetiq/audit/2026-03-01-01/pass2/J08.md`

All findings follow the required format with severity, description, fix recommendations, file paths, and line numbers. No code was modified—this is a report-only audit as instructed.
