## Test Coverage Audit Complete ✓

I've completed the Pass 2 test coverage audit for agent J10. Here's what I found:

### Files Audited:
1. **NotificationSettingsBean.java** - 12 methods, 6 fields
2. **PreCheckBean.java** - 21 methods, 11 fields  
3. **PreCheckDriverBean.java** - 8 methods, 5 fields

### Test Coverage Results:
- **0% coverage** across all three classes
- **No test files exist** for any of the beans
- Only **1 test file** in the entire repository (EncryptTest.java - unrelated)
- **41 total methods untested**
- **30+ edge cases** uncovered (nulls, boundaries, serialization)

### Key Findings (15 total):
- **1 CRITICAL**: Repository-wide lack of test infrastructure
- **3 HIGH**: Zero test coverage for all beans; XSS risk in notification content
- **8 MEDIUM**: Missing serialization tests, null safety issues, collection handling gaps
- **3 LOW**: Array boundary conditions, mutation safety

The complete audit report has been written to:
**`C:/Projects/cig-audit/repos/fleetiq/audit/2026-03-01-01/pass2/J10.md`**

Each finding includes severity, description, specific remediation steps, file paths, and line numbers as requested.
