Perfect! I've completed the comprehensive test coverage audit for Agent J15. Here's what I found:

## Summary

✅ **Branch verified:** multi-customer-sync-to-master  
✅ **Files analyzed:** 3 Java bean classes  
✅ **Test coverage found:** **ZERO** (0%)

## Key Findings

**10 total findings** identified:

1. **CRITICAL** - ArrayIndexOutOfBoundsException vulnerability in `UnitutilBean.setUtil()` - no bounds checking on array access
2. **HIGH** - No test coverage for UnitUtilSummaryBean (used in critical reporting)
3. **HIGH** - No test coverage for UnitutilBean collection manipulation methods
4. **MEDIUM** - UnitVersionInfoBean feature flags untested
5. **MEDIUM** - Constructor initialization logic untested
6. **MEDIUM** - Serialization of complex nested collections untested
7. **MEDIUM** - Null safety untested for all setters
8. **LOW** - Missing edge case tests for percentage/hour fields
9. **LOW** - Integer boundary conditions untested
10. **INFO** - No test framework infrastructure exists in repository

## Most Critical Issues

The **CRITICAL** finding is in `UnitutilBean.setUtil(int i, int util)` at line 78, which directly accesses an array without bounds checking. This is called from DAO classes and could crash the application.

The repository has only one file with "Test" in the name (`EncryptTest.java`), which is actually a decompiled encryption utility, not a test file. **No JUnit, TestNG, or any testing framework exists.**

Full report written to: `C:/Projects/cig-audit/repos/fleetiq/audit/2026-03-01-01/pass2/J15.md`
