## Security Audit Complete ✓

I've successfully completed the Pass 2 Test Coverage audit for Agent J17. Here's what I found:

### Summary
- **Files reviewed:** 3 Java bean classes
- **Branch verified:** multi-customer-sync-to-master ✓
- **Total findings:** 15

### Severity Breakdown
- **CRITICAL:** 1 - Password field with no test coverage
- **HIGH:** 3 - Synchronization logic, safety thresholds, no test framework
- **MEDIUM:** 7 - Various untested business logic and fields  
- **LOW:** 4 - Naming inconsistencies and edge cases

### Key Discoveries
1. **Zero test coverage** - None of the three bean classes have any unit tests
2. **No test framework** - Repository has no JUnit, TestNG, or any testing infrastructure
3. **Security gaps** - Password and permission fields completely untested
4. **Safety risks** - Vehicle safety thresholds and sync flags have no validation
5. **The only file named "Test"** (EncryptTest.java) is decompiled production code, not a test

### Most Critical Issues
- **VehNetworkSettingsBean.password** - Stores WiFi credentials with no tests for null, special characters, or boundary conditions
- **VehDiagnostic sync flags** - Boolean flags controlling threshold/timezone sync between vehicle firmware and server have no validation
- **VehDiagnostic thresholds** - Safety-critical shock and impact thresholds lack any testing

The full report with reading evidence, coverage analysis, and detailed remediation steps has been written to:
`C:/Projects/cig-audit/repos/fleetiq/audit/2026-03-01-01/pass2/J17.md`
