Perfect! I've completed the test coverage audit for agent J18. Here's a summary of what was found:

## Summary

**Branch verified:** ✅ multi-customer-sync-to-master

**Files audited:**
1. VehicleImportBean.java (132 lines, 36 methods)
2. BusinessInsight.java (147 lines, 5 methods)
3. BusinessInsightBean.java (1485 lines, 27 methods)

**Test coverage status:** 
- **ZERO test files found** for any of the three source files
- Repository contains only 1 test file total (EncryptTest.java - unrelated)
- No JUnit, TestNG, or other test framework usage detected

**Total findings: 25**
- **CRITICAL:** 4 findings (SQL injection, security-critical functions)
- **HIGH:** 8 findings (path traversal, email handling, data access methods)
- **MEDIUM:** 10 findings (error handling, resource cleanup, validation)
- **LOW:** 3 findings (utility methods, time conversion)

**Key security issues identified:**
- Multiple SQL injection vulnerabilities in BusinessInsightBean (all fetch methods concatenate user input directly into SQL queries)
- Path traversal risk in getExportDir()
- Email injection potential in linderReportMailer()
- No input validation tests for null/boundary conditions
- No resource cleanup verification
- No exception handling verification

The full audit report has been written to:
`C:/Projects/cig-audit/repos/fleetiq/audit/2026-03-01-01/pass2/J18.md`
