I've completed the security audit for Agent J19 focusing on test coverage. Here's what I found:

## Summary

**Branch Verified:** ✅ multi-customer-sync-to-master

**Files Audited:**
1. BusinessInsightExcel.java (1054 lines, 16 methods)
2. CustomReports.java (199 lines, 3 business logic methods)
3. BarChartCategory.java (130 lines, 9 methods)

## Key Findings

**Test Coverage: ZERO** - No test files exist for any of the three source files. The repository has no JUnit or TestNG tests for these classes.

**21 Total Findings:**
- **3 CRITICAL** - Including SQL injection vulnerability and complete lack of test coverage
- **6 HIGH** - Division by zero issues, array parsing vulnerabilities
- **11 MEDIUM** - Resource leaks, input validation gaps
- **1 INFO** - Getter/setter edge cases

## Most Critical Issues

1. **SQL Injection** (Line 129 in CustomReports.java) - String concatenation in SQL query allows arbitrary SQL execution
2. **Division by Zero** - Multiple unguarded division operations across BusinessInsightExcel.java
3. **Array Bounds** - No validation before accessing split() array elements
4. **Resource Leaks** - FileOutputStream and database connections not properly closed in exception paths

The complete audit report with detailed reading evidence, test coverage analysis, and all 21 findings has been written to:
`C:/Projects/cig-audit/repos/fleetiq/audit/2026-03-01-01/pass2/J19.md`
