Perfect! I've completed the security audit for agent J20 - Pass 2 Test Coverage. 

## Summary

**Branch Verified:** ✅ multi-customer-sync-to-master

**Files Audited:**
- BarChartImpactCategory.java (123 lines)
- BarChartNational.java (106 lines)  
- BarChartR.java (97 lines)

**Critical Discovery:** These three chart generation classes have **ZERO test coverage**. The repository contains no JUnit or testing framework, and no test files exist for any of these classes.

**Findings Generated:** 16 total
- 1 CRITICAL: Complete absence of test infrastructure
- 5 HIGH: Constructor validation, chart generation, bounds checking
- 6 MEDIUM: String truncation, dynamic calculations, null safety
- 2 LOW: Getter methods, color override
- 2 INFO: Boundary values, integration tests

**Key Security Risks Identified:**
- NullPointerException risks from unvalidated constructor inputs
- IndexOutOfBoundsException from mismatched array sizes
- Division by zero in dynamic bar width calculations
- No validation of generated chart URLs

**Report Location:** `C:/Projects/cig-audit/repos/fleetiq/audit/2026-03-01-01/pass2/J20.md`

All findings follow the required format with Severity, Description, Fix, File, Line(s), and Untested function fields. No code fixes were applied per instructions.
