## Audit Complete ✓

I've successfully completed the Pass 2 Test Coverage audit for agent J21. Here's what was analyzed:

### Files Reviewed:
1. **BarChartUtil.java** - 121 lines, 10 methods
2. **BarChartUtil_bak.java** - 94 lines, 5 methods  
3. **Chart.java** - 90 lines, 9 methods

### Key Findings:
- **0 out of 3** files have any test coverage
- **22 out of 22** methods are completely untested (100% untested)
- **12 total findings** identified:
  - **2 CRITICAL** (no test infrastructure exists)
  - **3 HIGH** (untested chart generation, backup class, calculation logic)
  - **6 MEDIUM** (validation gaps, overflow risks, null handling)
  - **1 LOW** (color list testing)

### Most Critical Issues:
1. **No test framework exists** in the entire repository - no JUnit, no test directories
2. **Chart generation methods** process user data without validation tests
3. **Core calculation logic** (caculateyAxis) has multiple branches with zero test coverage
4. **String truncation** and **null handling** completely untested
5. **BarChartUtil_bak** appears to be legacy/unused code with no tests

The complete audit report with detailed reading evidence and specific remediation steps has been written to:
**C:/Projects/cig-audit/repos/fleetiq/audit/2026-03-01-01/pass2/J21.md**
