## Test Coverage Audit Complete

I've successfully completed the security audit for agent J22, focusing on test coverage analysis. Here's what I found:

### Files Audited:
1. **JfreeGroupStackChart.java** - Appears to be unused dead code, zero test coverage
2. **LineChartR.java** - Used in production, zero test coverage
3. **LineChartR_au.java** - Used in production, zero test coverage

### Critical Discoveries:
- **NO test files exist** for any of the three chart classes
- **NO test coverage found** in the entire repository for these classes
- **Only 1 test file exists** in the entire codebase (EncryptTest.java - unrelated)

### Key Findings Summary:
- **Total Findings:** 12
- **HIGH (2):** Both `createChart()` methods used in production have zero test coverage
- **MEDIUM (7):** Missing tests for constructors, input validation, critical calculation methods
- **LOW (2):** No boundary testing, no getter tests
- **INFO (1):** No integration tests with parent Chart class

### Most Critical Issues:
1. **LineChartR.createChart()** (HIGH) - Primary business logic, called by Databean_report.java and ChartDashboardUtil.java
2. **LineChartR_au.createChart()** (HIGH) - Primary business logic, called by Databean_report.java
3. **No input validation** (MEDIUM) - Null arrays will cause NullPointerException
4. **Magic number 25** in setTotal() (MEDIUM) - Hardcoded array size with no tests

The complete audit report has been written to:
`C:/Projects/cig-audit/repos/fleetiq/audit/2026-03-01-01/pass2/J22.md`
