## Security Audit Complete ✓

I've successfully completed the Pass 2 Test Coverage audit for Agent J26. Here's what I found:

### Summary

**Files Reviewed:**
- DriverAccessAbuseBean.java (simple data bean)
- DriverAccessAbuseChart.java (chart generation with URL encoding)
- DriverActivityBean.java (simple data bean)

### Test Coverage Status: **0%**

**No test files exist** for any of the reviewed classes. Repository-wide search found:
- No JUnit infrastructure
- No @Test annotations
- No test directories
- No *Test.java files with actual tests

### Critical Findings (8 total)

1. **CRITICAL** - URL encoding security gap in `createChart()` - potential injection vulnerability
2. **HIGH** - Array bounds check missing - can crash with >26 axis labels  
3. **HIGH** - Exception handling path untested - UnsupportedEncodingException
4. **HIGH** - No test infrastructure exists in entire repository
5. **MEDIUM** - External utility dependency untested in `setyAxis()`
6. **MEDIUM** - Constructor validation missing
7. **LOW** - Bean validation missing for DriverAccessAbuseBean
8. **LOW** - Bean validation missing for DriverActivityBean

### Most Critical Security Risks

1. **URL Injection** - `createChart()` encodes user input into URLs without test coverage verifying safety
2. **Array Bounds** - Fixed 26-element array can be exceeded, causing runtime crash
3. **Zero Test Coverage** - No automated verification of any functionality

Full detailed report written to:
`C:/Projects/cig-audit/repos/fleetiq/audit/2026-03-01-01/pass2/J26.md`
