## Audit Complete ✓

Security audit J27 for Pass 2 Test Coverage has been completed and written to:
**C:/Projects/cig-audit/repos/fleetiq/audit/2026-03-01-01/pass2/J27.md**

### Summary

**Files Audited:** 3
- DriverActivityChart.java
- ExpiryBean.java  
- ExpiryChart.java

**Test Coverage:** 0% - No unit tests found for any class

**Findings:** 12 total
- HIGH: 4 (constructors with no null handling, missing test coverage for chart generation classes)
- MEDIUM: 6 (untested chart URL generation, data scaling logic, bean validation)
- LOW: 2 (edge case handling)

**Critical Discoveries:**
1. No test framework infrastructure exists in the repository (no JUnit/TestNG)
2. The only file named "*Test.java" is decompiled code with no actual tests
3. Chart generation code that produces user-facing reports has zero test coverage
4. Constructors lack null checks and have no tests validating error handling
5. Data scaling logic for charts is completely untested

All findings documented with specific line numbers, severity ratings, descriptions, and remediation recommendations. **No code was modified** - report only as instructed.
