## Security Audit Complete ✓

I've completed the Pass 2 Test Coverage audit for agent J28. Here's what I found:

### Summary
- **Files Reviewed:** 3 Java files in the chart.excel package
- **Test Coverage:** 0% - No test files exist for any of the reviewed classes
- **Findings:** 15 issues (3 HIGH, 7 MEDIUM, 5 LOW)

### Key Findings

**HIGH Severity:**
1. **ImpactChart.createChart()** - Complex chart generation with data scaling, no tests for null/boundary cases
2. **MachineUnlockChart.createChart()** - Similar chart generation risks
3. **No test infrastructure** - Entire package has zero automated tests

**MEDIUM Severity:**
- Untested constructors that chain multiple method calls
- setyAxis() methods with no null/empty data handling tests  
- PreopFailBean with no validation tests for null/boundary inputs
- Inherited Chart class methods never verified
- No null safety tests for ArrayList operations

**LOW Severity:**
- Untested getter/setter methods
- Untested addColors() methods
- Untested default constructor

### Critical Observations
- Both ImpactChart and MachineUnlockChart are nearly identical (code duplication)
- Parent Chart class methods like "caculateyAxis" (typo) are called but never tested
- No edge case coverage for: null inputs, empty arrays, negative values, boundary values
- The entire repository has only 1 test file (EncryptTest.java) - unrelated to charts

**Report written to:** `C:/Projects/cig-audit/repos/fleetiq/audit/2026-03-01-01/pass2/J28.md`

All findings follow the required format with Severity, Description, Fix, File, and Line(s) fields. No code was modified per audit instructions.
