## Test Coverage Audit Complete ✓

I've successfully completed the security audit for agent J30, Pass 2 Test Coverage. Here's what I found:

### Files Reviewed
1. **UserLoginBean.java** - Simple JavaBean (23 lines)
2. **UserLoginChart.java** - Chart generation class (132 lines)
3. **UnitDAO.java** - Data access object (2,649 lines)

### Key Findings

**Test Coverage: 0% across all files**
- The repository contains only 1 test file (EncryptTest.java) - none related to these source files
- Zero test coverage for 54 total methods across the three files

**20 Findings Identified:**

**Critical (5 findings):**
- SQL injection vulnerabilities in UnitDAO (multiple methods concatenate user input directly into SQL)
- Array bounds error in UserLoginChart (can throw ArrayIndexOutOfBoundsException)
- Nested SQL injection in getUnusedUnit method
- Complete absence of input validation

**High (5 findings):**
- Exception handling that silently swallows all errors (38 methods)
- Resource leaks when exceptions occur during cleanup
- No null parameter validation
- Hardcoded security bypasses in getUnitSummary
- Database connection failures not handled

**Medium (7 findings):**
- Untested date calculation logic
- Array sizing assumptions without validation
- Incorrect unit conversion in convertServiceHour
- Constructor logic not verified
- External library integration not tested

**Low (3 findings):**
- Inefficient string concatenation in loops
- Magic numbers without named constants
- Basic bean validation missing

The complete audit report with all 20 findings, specific line numbers, and remediation steps has been written to:
`C:/Projects/cig-audit/repos/fleetiq/audit/2026-03-01-01/pass2/J30.md`
