## Audit Complete ✓

I've successfully completed the Pass 2 Test Coverage audit for Agent J31. Here's what was accomplished:

### Files Analyzed
✅ **BatteryCharge.java** - 6 methods, 305 lines  
✅ **Config.java** - 10 methods, 348 lines  
✅ **CriticalBattery.java** - 10 methods, 346 lines

### Test Coverage Status
**ZERO test coverage found** for all three files:
- No dedicated test files exist
- No test imports or references found
- Only 1 test file in entire repository (unrelated EncryptTest.java)

### Findings Summary
**36 security and quality findings** identified:

| Severity | Count | Key Issues |
|----------|-------|------------|
| 🔴 CRITICAL | 9 | SQL injection vulnerabilities, race conditions, data leakage |
| 🟠 HIGH | 10 | Authorization bypass, null pointer risks, XSS vulnerabilities |
| 🟡 MEDIUM | 14 | Error handling gaps, input validation, resource cleanup |
| 🔵 LOW | 3 | Utility methods, boundary conditions |

### Critical Security Risks
1. **SQL Injection** - All query parameters concatenated directly into SQL
2. **Thread Safety** - Shared instance/static variables cause cross-user data leakage
3. **Authorization** - Insufficient access controls on data retrieval methods
4. **Input Validation** - Request parameters accepted without validation
5. **Session Security** - Null checks missing on session attributes

**Report written to:** `C:/Projects/cig-audit/repos/fleetiq/audit/2026-03-01-01/pass2/J31.md`

Each finding includes specific test recommendations and remediation steps. No code changes were made per instructions (report only).
