## Test Coverage Audit Complete ✓

I've successfully completed the Pass 2 Test Coverage audit for Agent J33. Here's what I found:

### Files Audited
1. **Preop.java** - 892 lines, 11 methods
2. **SessionCleanupListener.java** - 34 lines, 2 methods  
3. **Summary.java** - 1001 lines, 9 methods

### Critical Findings

**Test Coverage: 0%** - The repository has **NO test infrastructure whatsoever**. The only file named "*Test.java" is decompiled production code (EncryptTest.java), not actual unit tests.

### Key Security Issues Identified (30 Total Findings)

**CRITICAL (18 findings):**
- **SQL Injection vulnerabilities** in ALL data retrieval methods across both servlets
- Direct string concatenation of user parameters into SQL queries
- No input validation or parameterized queries
- Missing tests for authentication/authorization logic
- Session cleanup mechanism completely untested

**HIGH (9 findings):**
- Resource cleanup exception handling unverified
- Concurrency issues in session map access patterns
- Access control logic duplicated 8 times without tests
- Missing integration tests for servlet lifecycle
- No error response validation

**MEDIUM (3 findings):**
- Division by zero edge case handling
- Hardcoded demo values in production
- Query re-execution bug that would be caught by basic tests

### Report Location
📄 `C:/Projects/cig-audit/repos/fleetiq/audit/2026-03-01-01/pass2/J33.md`

The report includes complete reading evidence (all classes, methods, fields with line numbers) and 30 detailed findings with severity ratings, descriptions, fixes, file paths, and line numbers in the required format.
