Audit complete! I've successfully analyzed all three Java files for test coverage and generated a comprehensive report at:

**C:/Projects/cig-audit/repos/fleetiq/audit/2026-03-01-01/pass2/J35.md**

## Key Findings Summary:

**Critical Issues (4):**
- Path injection vulnerabilities in file handling
- SQL injection via unvalidated parameters
- No validation of database query parameters in report classes

**High Issues (3):**
- File write operations without proper error handling
- Image path injection and SSRF vulnerabilities  
- Excel formula injection risk in setTotalDuration

**Overall Assessment:**
- **ZERO test coverage** exists for these three Excel generation classes
- No JUnit or any test framework found in the entire repository
- All 44 public methods across the three classes are completely untested
- Critical security vulnerabilities in file path handling and SQL parameter passing have no test verification
- Resource leak risks in image handling methods
- No validation of boundary conditions, null values, or error paths

The report includes:
- Complete reading evidence (all classes, methods with line numbers, fields)
- 20 detailed findings with severity, description, fix recommendations, file paths, and line numbers
- Specific test recommendations for each vulnerability
- Example malicious inputs to test against

All findings follow the required format with Severity, Description, Fix, File, and Line(s) fields as specified.
