## Audit Complete ✓

I've successfully completed the Pass 2 Test Coverage audit for Agent J37. Here's what I found:

### Summary
- **Branch verified:** multi-customer-sync-to-master ✓
- **Files reviewed:** 3 Java report classes
- **Test files found:** 0 (NONE)
- **Total findings:** 20

### Severity Breakdown
- **CRITICAL:** 5 findings (SQL injection risks, file I/O exception handling)
- **HIGH:** 5 findings (untested constructors, array bounds, parameter validation)
- **MEDIUM:** 8 findings (null handling, edge cases, ArrayList casting)
- **LOW:** 2 findings (getFileName, performance boundaries)

### Key Security Risks Identified

1. **SQL Injection Vulnerabilities (CRITICAL):** All three classes pass user-supplied parameters directly to database layer without validation or sanitization
2. **Resource Leak Potential (CRITICAL):** FileOutputStream operations lack proper exception handling and cleanup
3. **No Exception Path Testing (HIGH):** IOException and SQLException paths completely untested
4. **Array Bounds Issues (HIGH):** params array access without proper bounds/null checking
5. **Complete Test Absence:** Zero test coverage across all methods, constructors, and error paths

The full audit report has been written to:
`C:/Projects/cig-audit/repos/fleetiq/audit/2026-03-01-01/pass2/J37.md`

**Recommendation:** These classes should not be in production without comprehensive test coverage, especially for the CRITICAL SQL injection vulnerabilities.
