Perfect! I've completed the security audit Pass 2 Test Coverage analysis for agent J38. Here's a summary of what was done:

## Audit Completion Summary

**Branch verified:** ✅ multi-customer-sync-to-master

**Files analyzed:**
1. EmailCimplicityUtilReport.java - 166 lines
2. EmailCurrDrivReport.java - 143 lines  
3. EmailCurrUnitReport.java - 149 lines

**Test coverage findings:**
- **Test files found:** 0 out of 3 classes
- **Total findings:** 28
- **Severity breakdown:**
  - CRITICAL: 6 (core business logic untested)
  - HIGH: 15 (constructors, I/O operations, exception paths)
  - MEDIUM: 5 (null validation, resource cleanup)
  - LOW: 2 (edge cases, conditional branches)

**Key gaps identified:**
1. ✗ Zero test coverage for all three report generation classes
2. ✗ No testing of file I/O operations or resource management
3. ✗ No exception handling path testing (IOException, SQLException)
4. ✗ No null safety validation for ArrayList operations
5. ✗ No edge case testing (empty datasets, null inputs)
6. ✗ Potential resource leaks in FileOutputStream handling
7. ✗ ArrayIndexOutOfBoundsException risks in params array access

**Report written to:** 
`C:/Projects/cig-audit/repos/fleetiq/audit/2026-03-01-01/pass2/J38.md`

All findings are documented with specific line numbers, severity levels, descriptions, and recommended fixes. The report is ready for review.
