## Audit Complete ✓

I've successfully completed the Pass 2 Test Coverage audit for agent J39. Here's what I found:

### Files Audited
1. **EmailDailyVehSummaryReport.java** - Daily summary report generator
2. **EmailDriverAccessAbuseReport.java** - Driver access abuse detector  
3. **EmailDriverImpactReport.java** - Driver impact metrics reporter

### Test Coverage Status
**ZERO test coverage found** for all three files:
- No unit test files exist
- Only 1 test file found in entire repo (EncryptTest.java - unrelated)
- No test directories found
- Classes only referenced in JSP presentation files (not tests)

### Critical Findings Summary
**22 total findings** identified:
- **5 HIGH severity** - File I/O operations, SQL exceptions, HTML injection vulnerabilities
- **13 MEDIUM severity** - Input validation, bounds checking, null handling  
- **4 LOW severity** - Edge cases, getter methods

### Key Security Risks
1. **XSS Vulnerability** - EmailDriverAccessAbuseReport.createBody() concatenates user data into HTML without encoding (lines 310-341)
2. **Formula Injection** - Excel formula generation uses unsanitized user input (multiple locations)
3. **Array Bounds** - Heavy ArrayList usage with no size validation
4. **File I/O** - No exception handling tests for disk failures
5. **SQL Injection Risk** - No SQLException handling tests

### Output Location
Report written to: `C:/Projects/cig-audit/repos/fleetiq/audit/2026-03-01-01/pass2/J39.md`

The audit report includes complete reading evidence for each source file and detailed remediation steps for every finding.
