## Security Audit Complete ✓

I've completed the Pass 2 Test Coverage audit for agent J40. Here's what I found:

**Branch Verified:** ✅ multi-customer-sync-to-master

**Files Reviewed:**
1. EmailDriverLicenceExpiry.java (117 lines)
2. EmailDynDriverReport.java (318 lines)
3. EmailDynUnitReport.java (351 lines)

**Test Coverage Status:** **0% - NO TESTS FOUND**
- No test files exist for any of the three classes
- Only one test file exists in entire repository (EncryptTest.java - unrelated)
- No test directories found in the project

**Critical Findings:** 20 total issues identified
- **3 CRITICAL** - Null pointer vulnerabilities in params array access
- **12 HIGH** - Security-critical functions untested (SQL injection, Excel formula injection, resource leaks)
- **5 MEDIUM** - Missing edge case coverage and integration tests

**Top Security Risks:**
1. **SQL Injection** - User parameters flow directly to database queries without validation tests
2. **Excel Formula Injection** - Data embedded in Excel formulas via string concatenation (lines 250-256, 268-276, 292)
3. **NullPointerException** - params array accessed without null checks
4. **Resource Leaks** - FileOutputStream not using try-with-resources
5. **Information Disclosure** - Field visibility logic untested

**Report Location:**
`C:/Projects/cig-audit/repos/fleetiq/audit/2026-03-01-01/pass2/J40.md`

The audit report includes complete reading evidence (all methods and line numbers), detailed test coverage analysis, and 20 specific findings with remediation recommendations.
