## Audit Complete ✓

I've successfully completed the Pass 2 Test Coverage audit for Agent J41. Here's what I found:

### Summary
- **Branch Verified:** ✓ multi-customer-sync-to-master
- **Files Audited:** 3 Java classes (EmailImpactMeterReport, EmailImpactReport, EmailKeyHourUtilReport)
- **Test Coverage:** **0%** - No unit tests exist for any class
- **Total Findings:** 15

### Key Findings Breakdown
- **CRITICAL (3):** Complete absence of tests for all three report classes
- **HIGH (5):** Untested parameter validation, array bounds, exception handling, Excel formula generation
- **MEDIUM (6):** Hardcoded URLs, string comparisons, code duplication, empty data handling
- **LOW (1):** Missing JSP integration tests

### Critical Issues Identified
1. **Zero test coverage** - No test files exist for any of the three classes
2. **Null pointer risks** - Parameter arrays accessed without null checks (lines 48-58 in both Impact classes)
3. **Array index vulnerabilities** - Nested loops assume data alignment without validation
4. **Resource leak risks** - FileOutputStream not using try-with-resources pattern
5. **Formula injection risks** - Excel formulas constructed via string concatenation without escaping

### Reading Evidence Provided
- Complete method signatures with line numbers for all 3 classes
- Field documentation (inherited from Frm_excel)
- Key operations documented with line references
- Identified the subtle difference between EmailImpactMeterReport (line 183 WITH percentage) vs EmailImpactReport (line 183 WITHOUT percentage)

**Report written to:** `C:/Projects/cig-audit/repos/fleetiq/audit/2026-03-01-01/pass2/J41.md`

The audit reveals critical security and reliability risks due to complete absence of automated testing for customer-facing Excel report generation functionality.
