## Audit Complete ✓

I've successfully completed the Pass 2 Test Coverage audit for agent J43. Here's what I found:

### Summary

**Files Audited:**
1. EmailSeatHourUtilReport.java (334 lines)
2. EmailServMaintenanceReport.java (430 lines)
3. EmailServMaintenanceReportNew.java (255 lines)

**Test Coverage Status:** **0% - No tests found for any of the three classes**

### Critical Discoveries

**23 findings total** across severity levels:
- **CRITICAL: 4 findings** including:
  - Complete absence of automated tests
  - **Active data bug** in EmailSeatHourUtilReport where lines 158-188 use wrong variables (vutil1 instead of vutil2-8), causing all time periods to show identical data
  
- **HIGH: 10 findings** including:
  - No exception handling for file I/O (resource leak risk)
  - No input validation for constructors
  - XSS vulnerability in HTML email generation
  - No arithmetic exception handling for double parsing

- **MEDIUM: 8 findings** 
- **LOW: 2 findings**

### Key Issues Identified

1. **No test files exist** - searched entire repo, found only "EncryptTest.java" which is not a test file
2. **Data integrity bug** - EmailSeatHourUtilReport has copy-paste error affecting report accuracy
3. **No error handling** - File operations lack try-catch/try-with-resources
4. **Code duplication** - init() and init2() methods are identical
5. **Security gaps** - No HTML sanitization, no input validation

**Report written to:** `C:/Projects/cig-audit/repos/fleetiq/audit/2026-03-01-01/pass2/J43.md`
