## Audit Complete

I've completed the Pass 2 Test Coverage audit for agent J44. Here's what I found:

### Files Audited
1. EmailSuperMasterAuthReport.java
2. EmailUnitUnlockReport.java  
3. EmailUtilWowReport.java

### Key Findings

**Test Coverage: 0%** - No test files exist for any of these classes.

**18 Total Findings:**
- **8 CRITICAL** - Resource leaks, array bounds violations, untested core methods
- **5 HIGH** - Untested constructors, missing exception tests, no integration tests
- **3 MEDIUM** - Type safety issues, edge case coverage gaps
- **2 LOW/INFO** - Untested getters, unused variables

### Most Critical Issues

1. **Resource Leaks** - All three classes use FileOutputStream without try-with-resources, risking file handle leaks on exception
2. **Array Bounds Violations** - params array accessed without validation (params[1], params[2]) can throw ArrayIndexOutOfBoundsException
3. **Zero Exception Coverage** - No tests verify SQLException, IOException, or NPE handling
4. **Type Safety** - EmailUnitUnlockReport uses raw ArrayList types, risking ClassCastException
5. **No Integration Tests** - End-to-end report generation is only manually tested via JSP

The complete audit report with all 18 findings has been written to:
`C:/Projects/cig-audit/repos/fleetiq/audit/2026-03-01-01/pass2/J44.md`
