## Audit Complete ✓

I've successfully completed the Pass 2 Test Coverage Audit for agent J45. Here's what was accomplished:

**Verification:**
- ✅ Branch confirmed: multi-customer-sync-to-master
- ✅ Agent instructions read and followed

**Files Analyzed (100% coverage):**
1. EmailUtilisationReport.java (256 lines)
2. ExcelBatteryReport.java (115 lines)
3. ExcelBroadcastMsgReport.java (132 lines)

**Key Findings:**

🔴 **CRITICAL Issues (3):**
- **Zero test coverage** across all three Excel report classes
- **Formula injection vulnerability** in EmailUtilisationReport (user data concatenated into Excel formulas)
- Complete lack of input validation testing

🟠 **HIGH Severity (7):**
- Untested IOException/SQLException exception paths
- Untested substring operation (potential IndexOutOfBoundsException)
- No validation of user-controlled parameters (path traversal risk)

🟡 **MEDIUM/LOW (13):**
- Null ArrayList handling
- Unchecked type casts
- Directory creation failures
- Resource cleanup on exceptions
- Empty collection edge cases

**Test Coverage Results:**
- **EmailUtilisationReport:** NO tests found
- **ExcelBatteryReport:** NO tests found  
- **ExcelBroadcastMsgReport:** NO tests found
- Repository contains only 1 test file total (`EncryptTest.java` - unrelated)

**Output Written:**
📄 `C:/Projects/cig-audit/repos/fleetiq/audit/2026-03-01-01/pass2/J45.md`

The report contains complete reading evidence (all methods, fields, line numbers) and 23 detailed findings with specific remediation steps.
