✅ **Security audit complete - Agent J47 Pass 2 Test Coverage**

**Summary:**
- **Branch verified:** multi-customer-sync-to-master ✓
- **Files reviewed:** 3 Java Excel report classes
- **Test files found:** 0 (zero test coverage)
- **Total findings:** 20

**Severity breakdown:**
- **CRITICAL:** 1 (no integration tests for Excel file validity)
- **HIGH:** 5 (file system ops, conditional logic, parsing)
- **MEDIUM:** 8 (constructors, data iteration, inheritance)
- **LOW:** 6 (edge cases, simple getters)

**Key discoveries:**
1. None of the three Excel report classes have ANY test coverage
2. Only 1 test file exists in entire repository (EncryptTest.java - unrelated)
3. No tests for file system operations (directory creation, file writing)
4. No tests for complex conditional logic based on customer types
5. No tests for StringTokenizer parsing logic in ExcelDetailUnitReportBmw
6. No validation of null parameters in any constructor
7. No edge case testing (empty data, mismatched array sizes, boundary conditions)

**Report written to:**
`C:/Projects/cig-audit/repos/fleetiq/audit/2026-03-01-01/pass2/J47.md`

All findings documented with exact format (Severity, Description, Fix, File, Line(s), Untested function). Report-only mode - no fixes applied.
