## Audit Complete ✓

I've successfully completed the Pass 2 Test Coverage audit for agent J48. The comprehensive report has been written to:
`C:/Projects/cig-audit/repos/fleetiq/audit/2026-03-01-01/pass2/J48.md`

### Summary of Findings

**Files Audited:**
1. ExcelDriverAccessAbuseReport.java
2. ExcelDriverImpactReport.java  
3. ExcelDriverLicenceExpiry.java

**Test Coverage Status:** **ZERO** - No test files found for any of the three classes

**Total Findings: 16**
- **CRITICAL: 3** - Complete absence of unit tests for all three report generator classes
- **HIGH: 6** - Formula injection vulnerabilities, untested exception handling, untested database interactions, edge case gaps
- **MEDIUM: 6** - Resource cleanup issues, ArrayList validation gaps
- **INFO: 1** - Typo in user-facing string

### Key Security & Quality Risks Identified:

1. **Formula Injection Vulnerability** - Excel formulas constructed with unsanitized user input (HIGH severity)
2. **Resource Leaks** - FileOutputStream not using try-with-resources pattern (MEDIUM severity)  
3. **Null Pointer Risks** - No validation of ArrayList nulls or size mismatches (HIGH severity)
4. **Database Error Handling** - CustomerDAO interactions completely untested (HIGH severity)
5. **No Test Infrastructure** - Repository lacks JUnit/testing framework entirely (HIGH severity)

All findings include specific line numbers, detailed descriptions, and actionable remediation steps. Report-only format maintained as instructed - no fixes were applied.
