Perfect! I've completed the security audit for agent J49 - Pass 2 Test Coverage. Here's what I found:

## Audit Summary

**Branch Verified:** ✅ multi-customer-sync-to-master

**Files Reviewed:**
- ExcelDynDriverReport.java (4 methods, 1 field)
- ExcelDynUnitReport.java (4 methods, 1 field)  
- ExcelImpactMeterReport.java (4 methods, 8 fields)

**Test Coverage: 0%** - No unit tests exist for any of these classes.

## Key Findings

**27 Total Findings:**
- **7 CRITICAL** - Excel formula injection, file I/O vulnerabilities, SQL injection risk, SSRF, no test infrastructure
- **13 HIGH** - Input validation gaps, null pointer risks, unchecked type casts, array bounds issues
- **4 MEDIUM** - StringTokenizer null checks, hardcoded URLs, string comparison issues
- **3 LOW** - Untested getter methods

## Most Critical Security Risks

1. **Excel Formula Injection (F05, F13)** - User data concatenated directly into Excel formulas without sanitization
2. **File I/O Without Error Handling (F02, F10, F18)** - Directory creation and file writes with no exception handling tests
3. **SQL Injection Risk (F19)** - Database operations without tested parameterized queries
4. **SSRF Vulnerability (F25)** - Image URLs constructed from user input without validation
5. **No Test Infrastructure (F27)** - Only 1 test file exists in entire repository

The complete audit report has been written to:
`C:/Projects/cig-audit/repos/fleetiq/audit/2026-03-01-01/pass2/J49.md`

All findings follow the required format with severity levels, descriptions, fixes, file paths, and line numbers. No code was modified - report only as instructed.
