I've completed the security audit for test coverage on the three Java files. Here's what I found:

## Summary

**Branch Verified:** ✅ multi-customer-sync-to-master

**Files Analyzed:**
1. ExcelImpactReport.java
2. ExcelImpactReportBmw.java  
3. ExcelKeyHourUtilReport.java

**Test Coverage:** 0% - No test files exist in the repository

**Findings:** 25 total
- **CRITICAL:** 2 (Resource leaks, SQL exception handling)
- **HIGH:** 6 (File operations, null handling, URL injection)
- **MEDIUM:** 9 (Input validation, field initialization)
- **LOW:** 6 (Styling logic, simple getters)
- **INFO:** 2 (Dead code, duplicate imports)

## Key Security Issues Identified:

1. **Path Traversal Vulnerability** - No validation on docRoot/fileName parameters in constructors
2. **URL Injection** - Hardcoded URL construction with unsanitized user data (lines 164, 147)
3. **Resource Leaks** - FileOutputStream not properly closed in exception scenarios
4. **Null Pointer Risks** - Widespread lack of null checking on ArrayList operations
5. **Incomplete Error Handling** - SQL exceptions declared but not properly handled

The complete audit report with full reading evidence and all 25 findings has been written to:
`C:/Projects/cig-audit/repos/fleetiq/audit/2026-03-01-01/pass2/J50.md`
