## Security Audit Complete ✓

I've completed the Pass 2 Test Coverage audit for agent J51. Here's what I found:

### Summary

**Files Audited:**
1. ExcelPreOpCheckDetailedReport.java
2. ExcelPreOpCheckFailReport.java
3. ExcelPreOpCheckReport.java

**Test Coverage Status:** **ZERO** - No test files exist for any of these critical report generation classes.

### Key Findings

**34 Total Findings:**
- **6 CRITICAL** - File I/O operations without exception handling tests, Excel formula injection vulnerabilities
- **6 HIGH** - Array bounds violations, null pointer dereference risks
- **18 MEDIUM** - Untested branching logic, string parsing, data conversions
- **3 LOW** - Simple getter methods, dead code
- **1 INFO** - Missing integration tests

### Most Critical Issues

1. **Formula Injection Vulnerability** - All three classes construct Excel formulas using `setCellFormula("VALUE(\""+userdata+"\")")` without sanitization, enabling potential CSV/Excel injection attacks
2. **File I/O Without Tests** - Directory creation and Excel file writing have no error handling tests
3. **Array Bounds Risks** - Parallel ArrayList access without size validation can cause IndexOutOfBoundsException
4. **Null Pointer Risks** - Bean data accessed without null checks throughout

### Report Location
`C:/Projects/cig-audit/repos/fleetiq/audit/2026-03-01-01/pass2/J51.md`

The report includes detailed reading evidence for each class (all methods with line numbers, all fields) and specific remediation steps for each finding.
