## Audit Complete ✓

I've completed the Pass 2 Test Coverage audit for agent J52. Here's what I found:

**Branch Verified:** multi-customer-sync-to-master ✓

**Files Analyzed:**
1. ExcelRestrictedUsageReport.java
2. ExcelSeatHourUtilReport.java  
3. ExcelServMaintenanceReport.java

**Key Findings:**

**Test Coverage Status:** **ZERO** test coverage found for all three classes
- Only 1 test file exists in the entire repository (EncryptTest.java - unrelated)
- No dedicated test files for any of the three Excel report classes
- No indirect test coverage found (only production JSP usage)

**26 Findings Identified:**
- **1 CRITICAL:** Untested complex service calculation logic with business impact
- **9 HIGH:** Untested exception handling (SQLException, IOException, ParseException), file I/O errors, Excel formula generation
- **12 MEDIUM:** Untested null/empty parameters, date comparisons, array bounds, integration points
- **4 LOW:** Untested edge cases, inherited functionality, potentially unused code

**Most Critical Gaps:**
1. Exception handling completely untested (SQLException, IOException, NumberFormatException, ParseException)
2. File I/O error paths untested (could cause data loss)
3. Complex business logic in ExcelServMaintenanceReport untested (service calculations, date comparisons)
4. Excel formula generation untested (could produce corrupted files)
5. No validation of generated Excel file correctness
6. Null/empty input validation completely absent

**Report saved to:** `C:/Projects/cig-audit/repos/fleetiq/audit/2026-03-01-01/pass2/J52.md`

The report includes detailed reading evidence with all methods, fields, and line numbers, plus specific remediation recommendations for each finding.
