## Test Coverage Audit Complete ✓

I've completed the Pass 2 test coverage audit for agent J53. Here's what I found:

**Files Audited:**
- ExcelSuperMasterAuthReport.java
- ExcelUnitUnlockReport.java  
- ExcelUtilWOWReport.java

**Key Findings:**
- **Zero test coverage** for all three classes
- No test files exist in the repository (only one unrelated EncryptTest.java found)
- Classes are only referenced in JSP files (integration points), not unit tests

**Critical Gaps Identified:**
1. **8 HIGH severity** issues including:
   - Unchecked type casting from raw ArrayLists → ClassCastException risk
   - ArrayList size mismatches → IndexOutOfBoundsException risk
   - FileOutputStream resource leaks when exceptions occur
   - Array access without null/bounds checking

2. **9 MEDIUM severity** issues including:
   - No null validation on parameters or data
   - String comparisons without null safety
   - Complex nested loops with no edge case tests

3. **2 LOW + 1 INFO** issues covering directory creation and Excel format validation

**Total: 20 findings** documented with specific line numbers, severity ratings, descriptions, and recommended fixes.

The full report has been written to:
`C:/Projects/cig-audit/repos/fleetiq/audit/2026-03-01-01/pass2/J53.md`
