## Security Audit Complete ✓

I've completed the Pass 2 Test Coverage audit for agent J55. Here's what I found:

### Files Reviewed:
1. **MailExcelReports.java** - Email sending functionality
2. **BatteryReportBean.java** - Data transfer object for battery reports
3. **CimplicityShockReportBean.java** - Data transfer object for shock reports

### Test Coverage Results:
**0% coverage** - No test files exist for any of the reviewed classes.

### Key Findings:
- **10 total findings** (1 CRITICAL, 2 HIGH, 6 MEDIUM, 1 LOW)
- **CRITICAL**: Email sending functionality completely untested
- **HIGH**: Exception handling and input validation not tested
- **MEDIUM**: Bean data integrity, unsafe raw ArrayList usage, missing integration tests
- **LOW**: Edge case testing gaps

### Notable Issues:
1. Email functionality catches exceptions but only prints stack traces - silent failures in production
2. Both bean classes use raw ArrayLists without generics (type safety risk)
3. No validation testing for null/empty inputs
4. Only 1 test file exists in the entire repository (EncryptTest.java)

The complete audit report has been written to:
`C:/Projects/cig-audit/repos/fleetiq/audit/2026-03-01-01/pass2/J55.md`
