✅ **Security audit J57 Pass 2 Test Coverage complete**

**Branch verified:** multi-customer-sync-to-master ✓

**Files audited:** 3 Java bean classes
- DailyVehSummaryReportBean.java (54 methods, 27 fields)
- DetailUnitReportBmwBean.java (5 methods, 4 fields)
- DetailUnitReportBmwItemBean.java (10 methods, 9 fields)

**Test coverage findings:**
- **0% test coverage** across all three classes
- No unit test files exist for any bean
- No JUnit/testing framework detected for these files
- All methods completely untested (69 total public methods)

**Findings summary:** 8 findings written to audit report
- 1 HIGH severity: Zero test coverage for critical reporting bean
- 3 MEDIUM severity: Untested null-handling, unvalidated constructors, missing serialization tests
- 2 LOW severity: No validation for getters, untested mutable collection exposure
- 2 INFO severity: Missing edge case tests

**Critical risks identified:**
- Data integrity bugs could reach production BMW reports and daily vehicle summaries
- Raw ArrayList types eliminate compile-time type safety (ClassCastException risk)
- Untested constructor null guards could fail causing NullPointerExceptions
- Unknown serialization behavior for beans used in web layer

**Report written to:** `C:/Projects/cig-audit/repos/fleetiq/audit/2026-03-01-01/pass2/J57.md`
