Perfect! I've completed the security audit test coverage analysis for Agent J58. Here's what I found:

## Summary

**Branch verified:** ✅ multi-customer-sync-to-master

**Files audited:**
1. DriverAccessAbuseBean.java (28 methods, 14 fields)
2. DriverImpactReportBean.java (20 methods, 10 fields)
3. DriverLicenceExpiryBean.java (4 methods, 2 fields)

**Test coverage results:**
- **0 of 3** source files have corresponding test files
- **52 total methods** are completely untested
- **0 JUnit tests** found in the entire repository for these classes
- No indirect test coverage found

**Key findings (9 total):**
- **6 MEDIUM severity**: Complete lack of test coverage for all three beans, plus unsafe raw ArrayList usage
- **2 LOW severity**: Missing null and empty input edge case tests
- **1 INFO**: No validation for data consistency across parallel arrays

**Critical gaps:**
1. All getter/setter methods untested
2. Raw ArrayList types create runtime ClassCastException risks (untested)
3. No null safety verification
4. No date format validation for license expiry dates
5. Parallel arrays could become unsynchronized (no validation)

The complete audit report has been written to:
`C:/Projects/cig-audit/repos/fleetiq/audit/2026-03-01-01/pass2/J58.md`

No fixes have been applied per audit protocol - reporting only.
