## Audit Complete ✓

I've successfully completed the Pass 2 Test Coverage audit for agent J60. Here's what was accomplished:

### Branch Verification
✅ Confirmed branch: `multi-customer-sync-to-master`

### Files Analyzed
1. **ImpactReportBmwBean.java** - Impact report container with photoTotal and items list
2. **ImpactReportBmwItemBean.java** - Impact event data bean with 11 fields (machineId, severityLevel, gforceLevel, GPS coordinates, etc.)
3. **KeyHourUtilBean.java** - Vehicle utilization tracking bean with 22 fields (13 raw ArrayLists, 9 Strings)

### Key Findings Summary

**13 Total Findings:**
- **HIGH (3):** Safety-critical issues
  - F04: Constructor with 11 parameters completely untested
  - F06: Raw ArrayList usage without type safety
  - F12: G-force level validation missing (safety-critical)

- **MEDIUM (8):** Significant coverage gaps
  - Constructor initialization, defensive null checks, getter validation
  - Missing null/edge case testing for safety-critical fields
  - GPS coordinate format validation missing

- **LOW (2):** Basic coverage gaps
  - Simple getter testing, boundary value testing

### Critical Discoveries

1. **Zero Test Coverage:** None of the three beans have any test files or test coverage
2. **No Test Infrastructure:** Only 1 test file exists in entire repository (unrelated EncryptTest.java)
3. **Safety-Critical Data Unvalidated:** Impact severity, G-force levels, GPS coordinates stored as strings without validation
4. **Type Safety Risk:** KeyHourUtilBean uses raw ArrayLists (no generics), risking ClassCastException at runtime

The complete audit report with reading evidence, test coverage analysis, and detailed remediation recommendations has been written to:
📄 `C:/Projects/cig-audit/repos/fleetiq/audit/2026-03-01-01/pass2/J60.md`
