## Audit Complete ✓

I've successfully completed the **Pass 2 Test Coverage** audit for agent **J61**.

**Summary:**
- ✅ Branch verified: `multi-customer-sync-to-master`
- ✅ Read 3 source files in full (PreOpCheckFailReportBean, PreOpCheckReportBean, SeatHourUtilBean)
- ✅ Searched for test files: **None found**
- ✅ Generated reading evidence for all classes (fields, methods, line numbers)
- ✅ Analyzed test coverage: **Zero test coverage**

**Key Findings:**
- **10 findings** identified (5 MEDIUM, 5 LOW)
- **88 public methods** completely untested (24 + 26 + 38)
- **No unit tests** exist for any of the three bean classes
- **No null safety validation** in any setter methods
- **No edge case testing** for empty collections, null values, or type safety
- **No integration tests** for Excel report generation workflow

**Most Critical Gaps:**
1. Complete absence of test files for all three beans
2. PreOpCheckReportBean's nested collection (`detailedQuesList`) has complex structure but zero tests
3. All beans use raw `ArrayList` types (except 2 fields) with no type safety validation
4. Beans are used in production Excel report generators but have no integration tests

**Output written to:**
`C:/Projects/cig-audit/repos/fleetiq/audit/2026-03-01-01/pass2/J61.md`

Report complete. No code changes made (report-only mode as instructed).
