## Security Audit Complete - Agent J64: Pass 2 Test Coverage

I've successfully completed the security audit for test coverage analysis. The comprehensive report has been written to:

**`C:/Projects/cig-audit/repos/fleetiq/audit/2026-03-01-01/pass2/J64.md`**

### Key Findings Summary:

**Overall Assessment: CRITICAL**

- **Test Coverage: 0%** across all three source files
- **Total Methods Analyzed:** 540+
- **Methods Without Tests:** 540+ (100%)
- **Test Files Found:** 0

### Critical Discoveries:

1. **Complete Absence of Test Coverage** - Zero unit tests exist for:
   - DriverAccessAbuseDAO.java (1 method, 13 fields)
   - Databean_customer.java (250+ methods, 39+ database query methods)
   - Databean_getter.java (300+ methods, 50+ database query methods)

2. **Security-Critical Gaps** - No testing for:
   - SQL injection prevention (all query methods vulnerable)
   - Authentication/authorization methods
   - User permission verification
   - Master code security
   - Special access controls

3. **Resource Management Issues** - No testing for:
   - Database connection cleanup
   - Statement/ResultSet resource leaks
   - Exception handling and cleanup
   - Concurrent access safety

4. **13 Detailed Findings** documented with:
   - Severity ratings (CRITICAL, HIGH, MEDIUM, LOW, INFO)
   - Specific line numbers
   - Detailed fix recommendations
   - Risk assessments

### Report Structure:

1. Executive Summary
2. Reading Evidence (complete class/method/field inventory)
3. Test File Search Results
4. Test Coverage Gap Analysis
5. 13 Detailed Findings with Remediation
6. Test Coverage Metrics
7. Prioritized Recommendations
8. Risk Assessment
9. Compliance Considerations
10. Appendices (test structure, recommended tools)

The audit report is ready for review and provides a comprehensive roadmap for implementing test coverage across these critical database access components.
