## Security Audit Complete ✓

I've completed the Pass 2 Test Coverage audit for Agent J65. The comprehensive report has been written to:
**`C:/Projects/cig-audit/repos/fleetiq/audit/2026-03-01-01/pass2/J65.md`** (616 lines)

### Summary of Findings

**Files Audited:**
1. **Databean_getuser.java** (11,096 lines) - Massive data access bean with 622 methods
2. **Databean_user.java** (45 lines) - Empty stub class
3. **FirmwareverBean.java** (254 lines) - Firmware version parsing bean

**Test Coverage Status:** **ZERO** test coverage found for all three files

### Critical Discoveries

**25 Total Findings:**
- **10 CRITICAL** - Authentication, authorization, SQL injection, access control
- **4 HIGH** - FTP operations, card conversion, initialization, blacklist
- **8 MEDIUM** - GPS zones, configuration, alerts, version parsing
- **2 LOW** - Time conversion, bit decoding
- **1 INFO** - Empty class

### Most Critical Issues

1. **F01-F04 (CRITICAL):** No tests for authentication (`Fetch_user_data`), authorization (`getAccessLevel`), or permission queries
2. **F05 (CRITICAL):** 295 database operations with 58 SQL string concatenations - high SQL injection risk
3. **F06 (HIGH):** Untested FTP firmware operations
4. **F07 (HIGH):** Untested card/Wiegand conversion methods (physical access control)
5. **F08 (HIGH):** 1,160 lines of initialization logic in `init()` method - completely untested
6. **F22 (MEDIUM):** Null comparison bug in `FirmwareverBean.setCurr_ver()` - will throw NPE

The report includes detailed reading evidence for each file with all methods, fields, and line numbers, plus specific remediation recommendations for each finding.
