## Test Coverage Audit Complete ✓

I've successfully completed the Pass 2 Test Coverage audit for Agent J66. Here's what was analyzed:

### Files Reviewed:
1. **Frm_saveuser.java** (11,474 lines) - Massive servlet with 123 methods
2. **Frm_upload.java** (162 lines) - File upload handler with 4 methods  
3. **MonthlyPDFRpt.java** (174 lines) - PDF report generator with 6 methods

### Key Findings:

**CRITICAL DISCOVERY:** The repository has **ZERO automated test coverage**
- Only 1 test file exists in entire repo (EncryptTest.java - unrelated)
- No JUnit framework, no test directories, no CI/CD testing
- **134 methods completely untested** across the 3 files

### Top Security Concerns:

1. **SQL Injection** - All 123 database methods use string concatenation instead of prepared statements
2. **File Upload Vulnerabilities** - No validation of file types, sizes, or path traversal prevention
3. **Cryptographic Functions** - 10 card/Wiegand conversion functions with complex bitwise operations untested
4. **User/Driver Management** - Authentication and authorization functions have no security tests
5. **Error Handling** - All exception paths untested; resources may leak

### Report Generated:
**Location:** `C:/Projects/cig-audit/repos/fleetiq/audit/2026-03-01-01/pass2/J66.md`

**20 detailed findings** with severity ratings:
- 8 CRITICAL
- 9 HIGH  
- 3 MEDIUM

Each finding includes specific remediation steps, affected file paths, line numbers, and untested functions.

The audit is complete and ready for review. No code has been modified per instructions.
