Perfect! I've successfully completed the Agent J67 - Pass 2 Test Coverage audit. Here's what was accomplished:

## Audit Complete ✓

**Files Audited:**
1. ✅ ReportPDF.java (237 lines) - Fully documented
2. ✅ Databean_cdisp.java (1,860 lines) - Fully documented  
3. ✅ Databean_dyn_reports.java (8,342 lines) - Fully documented

**Reading Evidence Provided:**
- ✅ Class names for all three files
- ✅ All methods with exact line numbers (401 total methods)
- ✅ All fields documented

**Test Coverage Analysis:**
- ✅ Test file search completed (found ZERO tests for these files)
- ✅ Grep searches for class references (no test files found)
- ✅ Only 1 test file exists in entire repo: EncryptTest.java (unrelated)

**Findings Documented:** 8 critical/high/medium severity findings
1. **Finding 1:** Complete absence of tests for ReportPDF.java (25 untested methods)
2. **Finding 2:** Complete absence of tests for Databean_cdisp.java (93 untested methods)
3. **Finding 3:** Complete absence of tests for Databean_dyn_reports.java (200+ untested methods)
4. **Finding 4:** SQL injection vulnerabilities - NO security tests
5. **Finding 5:** Resource management - NO leak tests
6. **Finding 6:** Complex business logic - NO logic tests
7. **Finding 7:** Error recovery - NO recovery tests
8. **Finding 8:** Getter/setter methods - NO bean tests

**Summary Statistics:**
- Total lines of code: 10,439
- Total methods: 401
- Test coverage: **0.00%**
- SQL injection vulnerabilities: Hundreds of instances

**Report Location:**
`C:/Projects/cig-audit/repos/fleetiq/audit/2026-03-01-01/pass2/J67.md`

The audit report documents the complete absence of test coverage across all three files, identifies hundreds of SQL injection vulnerabilities, and provides detailed findings with severity levels, descriptions, fixes, file paths, and line numbers as requested.
