## Security Audit Complete ✓

I've completed the **Pass 2 Test Coverage Audit for Agent J68**. 

### Summary:

**Files Analyzed:**
- ✅ Databean_report.java (22,208 lines, 150+ methods)
- ✅ Databean_report1.java (817 lines, 76 methods)
- ✅ Databean_report_new.java (0 lines, empty file)

**Key Findings:**
- **Test Coverage: 0%** - No test files found for any of the classes
- **23 Total Findings:**
  - 5 CRITICAL (SQL injection vulnerabilities, no tests for critical data access)
  - 5 HIGH (exception handling, input validation, resource cleanup)
  - 11 MEDIUM (utility functions, calculations, file generation)
  - 2 LOW (getters/setters, ArrayList operations)
  - 1 INFO (empty file)

**Most Critical Issues:**
1. **SQL Injection Vulnerabilities** in Fetch_users(), Fetch_Data(), Fetch_abuse_details() - string concatenation used instead of parameterized queries
2. **Zero test coverage** for 200+ methods across both active classes
3. **No validation** of user inputs before SQL query construction
4. **No integration tests** for 50+ database fetch operations
5. **No resource cleanup verification** - potential connection leaks

**Report saved to:**
`C:/Projects/cig-audit/repos/fleetiq/audit/2026-03-01-01/pass2/J68.md`

The report includes detailed reading evidence (all methods with line numbers), test coverage analysis, and specific remediation steps for each finding. Immediate action recommended on CRITICAL findings F01-F05.
