## Security Audit Complete ✓

I've successfully completed the Pass 2 Test Coverage audit for agent J72. Here's what I found:

### Files Audited
1. **GetMessages.java** - Security servlet handling database messages
2. **BeanComparator.java** - Reflection-based sorting utility
3. **CftsAlert.java** - Inspection alert/email system

### Key Findings

**Test Coverage: 0%** - None of the three files have any test coverage whatsoever. The repository has no proper test infrastructure.

**Critical Issues Discovered:**
- **4 CRITICAL** findings - primarily SQL injection vulnerabilities
- **5 HIGH** severity findings - including missing authentication tests
- **11 MEDIUM** severity findings - resource management, state machines, concurrency
- **3 LOW** severity findings - error handling, message formatting

### Most Severe Issues

1. **SQL Injection in GetMessages (CRITICAL)** - User-controlled `send_data` parameter directly concatenated into UPDATE query (line 53)
2. **Multiple SQL injection points (CRITICAL)** - Lines 62, 82-91 concatenate session variables into queries
3. **SQL injection in CftsAlert (CRITICAL)** - Multiple queries use string concatenation (lines 45, 79, 85, 115, 124, etc.)
4. **Email injection vulnerability (HIGH)** - Email content inserted via string concatenation without escaping

### Report Location
📄 `C:/Projects/cig-audit/repos/fleetiq/audit/2026-03-01-01/pass2/J72.md`

The report includes:
- Complete reading evidence (all methods, fields, line numbers)
- 23 detailed findings with specific remediation steps
- Recommended test cases for each untested function
- Summary with severity breakdown and key recommendations

**No fixes were applied** - this is a report-only audit as instructed.
