## Audit Complete ✓

I've successfully completed the Pass 2 Test Coverage audit for agent J73. Here's what I found:

### Files Audited
- ✅ CustomComparator.java
- ✅ CustomUpload.java  
- ✅ DBUtil.java

### Test Coverage Status
**ZERO test coverage** for all three files:
- No test files found
- No indirect test references found
- Critical security code completely untested

### Key Findings Summary

**18 findings total:**
- 🔴 **3 CRITICAL** - SQL injection vulnerabilities, untested servlet endpoints, database connection handling
- 🟠 **5 HIGH** - Path traversal risks, CSV parsing, hardcoded credentials, transaction handling
- 🟡 **6 MEDIUM** - Comparator null handling, validation methods, resource cleanup
- 🔵 **1 LOW** - Date formatting
- ⚪ **3 INFO** - Logging, deprecated patterns

### Most Critical Issues

1. **CustomUpload servlet** (F02, F03) - Handles file uploads and database operations with SQL injection vulnerabilities at lines 222, 235. No security tests exist.

2. **DBUtil.getConnection()** (F11) - Foundation for all database access across 18+ production classes, but completely untested for JNDI failures, connection pool exhaustion, or authentication failures.

3. **File upload security** (F04, F05) - No tests for path traversal, malicious filenames, CSV injection, or file size limits.

Output written to: `C:/Projects/cig-audit/repos/fleetiq/audit/2026-03-01-01/pass2/J73.md`
