## Security Audit Complete ✓

I've successfully completed the Pass 2 Test Coverage audit for agent J78. Here's what was analyzed:

### Files Reviewed:
1. **GetHtml.java** (125 lines) - HTTP utility for fetching HTML content
2. **ImpactUtil.java** (58 lines) - G-force and impact level calculations
3. **ImportFiles.java** (2,383 lines) - Large servlet handling CSV imports

### Test Coverage Results:
**ZERO test coverage found for all three files**

- Only 1 test file exists in entire repository: `EncryptTest.java` (unrelated)
- No unit tests, integration tests, or test references found for any of the three files
- No test files following naming patterns like `*Test*.java` or `*_test*`

### Key Findings Summary:
**47 total findings** across all severity levels:

**CRITICAL (6):**
- SSRF vulnerability in GetHtml (no URL validation)
- Path traversal in file uploads (no filename sanitization)
- CSV injection attacks (no formula character escaping)
- SQL injection risk (unvalidated data to DAO)
- Session parameter injection
- File upload validation missing

**HIGH (13):**
- Exception handling in GetHtml methods
- Resource cleanup on errors
- Access level validation
- License validation gaps
- Multiple import section validation gaps

**MEDIUM (25):**
- Edge case handling (null, empty, boundary values)
- Date format validation
- Question length limits
- Reader type normalization
- CSV parsing edge cases

**LOW (3):**
- Setter method testing
- Constant precision verification
- Custom exception testing

### Report Location:
`C:/Projects/cig-audit/repos/fleetiq/audit/2026-03-01-01/pass2/J78.md`

The report includes detailed reading evidence (all methods, fields, line numbers) and specific remediation recommendations for each finding.
