## Audit Complete ✓

I've completed the Pass 2 Test Coverage audit for agent J79. Here's what I found:

### Summary

**Branch verified:** ✓ multi-customer-sync-to-master

**Files reviewed:**
- InfoLogger.java (security logging with database writes)
- LindeConfig.java (XML-based configuration management)
- LoadBundle.java (internationalization resource bundle loading)

### Test Coverage Results

**Test files found:** 0 out of 3 expected
- No InfoLoggerTest.java
- No LindeConfigTest.java  
- No LoadBundleTest.java

The only file named "*Test.java" in the repository is `EncryptTest.java`, which is actually a production encryption class, not a JUnit test.

**Coverage:** 0 of 7 methods have any test coverage (0%)

### Findings: 17 Total

- **1 CRITICAL:** No test coverage for InfoLogger.writelog() - a security-critical method with SQL injection vulnerabilities
- **9 HIGH:** Untested error paths, exception handling, XML parsing, resource loading, database integration
- **6 MEDIUM:** Untested private methods, thread-safety issues, integration scenarios  
- **1 LOW:** Untested edge cases in utility methods

### Most Critical Gaps

1. **InfoLogger.writelog()** - Security logging with SQL injection vulnerabilities has zero tests for input validation, error paths, or database interaction
2. **LindeConfig.readXMLFile()** - Initializes 30+ static fields from XML with no tests for missing files, malformed XML, or concurrent access
3. **LoadBundle.getBundle()** - Complex locale/resource loading logic with no tests for exceptions, missing resources, or edge cases

The complete audit report with reading evidence and all 17 detailed findings has been written to:
`C:/Projects/cig-audit/repos/fleetiq/audit/2026-03-01-01/pass2/J79.md`
