## Security Audit Complete ✓

I've successfully completed the Pass 2 Test Coverage audit for agent J80. Here's what I found:

### Summary

**Files Audited:**
- LogicBean_filter.java (475 lines)
- LogicBean_filter1.java (782 lines)  
- Menu_Bean.java (310 lines)

### Test Coverage Status
**ZERO test coverage found** for all three files:
- No test files exist
- No test directory structure
- No imports in any test code
- Only 1 unrelated test file in entire repository (EncryptTest.java)

### Critical Findings: 30 Total

**CRITICAL (7):** SQL Injection vulnerabilities
- All three classes construct SQL queries using string concatenation with unsanitized user input
- Multiple attack vectors: user IDs, group IDs, date parameters, form codes, module names
- Dynamic ORDER BY clauses vulnerable to manipulation

**HIGH (7):** Security & Resource Issues
- Database connection failures not properly tested
- Resource cleanup incomplete or untested
- Authorization bypass potential through hardcoded defaults
- NumberFormatException risks on integer parsing

**MEDIUM (6):** Input Validation Gaps
- No null/empty input validation testing
- ArrayList boundary conditions untested
- Complex time conversion logic untested

**LOW (7):** Utility & Interface Issues  
- Getter/setter methods untested (97 total methods)
- Incomplete clear/cleanup methods
- Switch statement edge cases

**INFO (3):** Integration & Edge Cases
- No JSP integration tests
- ResultSet NULL value handling untested

### Output Location
`C:/Projects/cig-audit/repos/fleetiq/audit/2026-03-01-01/pass2/J80.md`

The report includes detailed reading evidence (all classes, methods, fields with line numbers) and specific remediation recommendations for each finding.
