Perfect! I've completed the security audit for Agent J81 - Pass 2 Test Coverage Analysis. Here's what I found:

## Summary

**Files Audited:**
- Menu_Bean1.java (292 lines, 15 methods, 21 fields)
- PurgeData.java (5 lines, empty class)
- RuntimeConf.java (134 lines, 0 methods, 100+ static configuration fields)

## Test Coverage Status: **ZERO**
- No JUnit/TestNG test files found for any of the three classes
- No test infrastructure detected in the repository
- Menu_Bean1 is used in menu-new.jsp but has no automated tests
- RuntimeConf is used in 262 files across the application but has no tests

## Critical Findings: 37 Total
- **CRITICAL (6):** 4 SQL injection vulnerabilities + 2 hardcoded credential issues
- **HIGH (9):** Resource leaks, exception handling gaps, hardcoded configuration
- **MEDIUM (14):** Missing null checks, boundary conditions, state validation
- **LOW (7):** Input validation, consistency checks, code quality
- **INFO (1):** Field name typo

### Most Severe Issues:
1. **SQL Injection** - Menu_Bean1 builds SQL queries with string concatenation (lines 73, 80, 116, 162)
2. **Exposed Credentials** - RuntimeConf contains hardcoded FTP passwords, API keys for Clickatell SMS service
3. **No Security Tests** - Zero test coverage means SQL injection and security flaws cannot be caught in CI/CD

The complete report has been written to: `C:/Projects/cig-audit/repos/fleetiq/audit/2026-03-01-01/pass2/J81.md`
