## Audit Complete ✓

I've completed the Pass 2 Test Coverage audit for Agent J82. Here's what I found:

### Files Audited:
1. **SendMessage.java** - SMS messaging service with database integration
2. **SessionVar.java** - Static session configuration variables
3. **SkyhookService.java** - WiFi geolocation API integration

### Critical Findings:

**Zero test coverage** across all three files. The repository has no test framework infrastructure (no JUnit/TestNG).

**17 findings identified:**
- **6 CRITICAL** - Including hardcoded API key, SQL injection risk, session state leakage potential
- **6 HIGH** - Including unsafe credential handling, resource leaks, missing input validation
- **3 MEDIUM** - Including deprecated API usage, raw types, encoding issues  
- **2 LOW** - Including hardcoded URLs, unused logger field

### Most Severe Issues:
1. **F12**: Hardcoded Skyhook API key in source code (line 21)
2. **F08**: Static mutable session variables risk thread safety and data leakage between users
3. **F04**: SQL DELETE queries use string concatenation (SQL injection risk)
4. **F11**: External API calls completely untested (SkyhookService)
5. **F03**: SMS authentication and sending logic has no test validation
6. **F17**: No test framework infrastructure exists repository-wide

The complete report with reading evidence, test coverage analysis, and detailed remediation recommendations has been written to:
`C:/Projects/cig-audit/repos/fleetiq/audit/2026-03-01-01/pass2/J82.md`
