Perfect! I've completed the Pass 2 Test Coverage Audit for Agent J83. Here's what I found:

## Summary

**Branch verified:** ✅ multi-customer-sync-to-master

**Files audited:** 3 Java utility classes
- TeslaBadgeUtil.java (Wiegand access control encoding)
- UtilBean.java (timezone, date, and utility functions)
- call_mail.java (email and sensor calibration)

**Test Coverage:** 0% - No test files exist for any of these classes

## Key Findings

I identified **21 test coverage gaps** across the three files:

- **9 CRITICAL** - Including SQL injection vulnerabilities, security-critical access control code, and sensor calibration
- **7 HIGH** - Complex parsing logic, firmware version comparison, email processing
- **4 MEDIUM** - File I/O, date calculations, path construction
- **1 LOW** - Date formatting utility
- **1 INFO** - Simple getter method

### Most Critical Issues:

1. **Wiegand 48-bit encoding** (access control) - Complex bit manipulation with zero tests
2. **7 SQL injection vulnerabilities** - Direct string concatenation in queries, all untested
3. **Impact sensor calibration** - Safety-critical algorithm with potential divide-by-zero
4. **Dynamic class loading** - Reflection-based report generation without validation
5. **Complex timezone resolution** - Multiple database queries, fallback logic, all untested

The complete audit report has been written to:
`C:/Projects/cig-audit/repos/fleetiq/audit/2026-03-01-01/pass2/J83.md`

All findings follow the required format with Severity, Description, Fix, File, Line(s), and Untested function fields.
