## Test Coverage Audit Complete ✓

I've completed the Pass 2 test coverage audit for agent J84. Here's what I found:

### Summary
- **Branch verified:** multi-customer-sync-to-master ✓
- **Files audited:** 3 Java utility classes
- **Test files found:** 0 (none exist for these classes)
- **Total findings:** 16

### Critical Discoveries

**No test coverage exists** for any of the three files:
- `escapeSingleQuotes.java` - SQL escaping utility
- `fix_department.java` - Complex database manipulation
- `mail.java` - Email sending functionality

### Severity Breakdown
- **CRITICAL (4):** SQL injection vulnerabilities with no security tests
  - `escapeSingleQuotes.replaceSingleQuotes` - untested SQL escaping
  - `fix_department.fix_dept` - unsanitized parameters in 28+ SQL queries
  - `mail.Ename` - SQL injection via userid parameter
  
- **HIGH (4):** Untested database operations and core functionality
  - Complex multi-table updates with no validation
  - Email sending methods with no verification
  - Resource cleanup and exception handling untested

- **MEDIUM (5):** File operations, error handling, configuration issues
- **LOW (2):** Edge cases and utility functions  
- **INFO (1):** Dead code and documentation gaps

### Key Security Risks
1. Multiple SQL injection attack vectors across all files
2. Security-critical escaping function has zero test validation
3. Complex database operations updating 12 tables with no integrity verification
4. Email functionality could be exploited for header injection

**Report saved to:** `C:/Projects/cig-audit/repos/fleetiq/audit/2026-03-01-01/pass2/J84.md`
