## Audit Complete ✓

I've completed the Pass 2 Test Coverage audit for agent J89. The report has been written to:
`C:/Projects/cig-audit/repos/fleetiq/audit/2026-03-01-01/pass2/J89.md`

### Summary of Findings

**Files Audited:**
- RegisterDAO.java (3 methods, 536 lines)
- UnitDAO.java (28 methods, 2447 lines)

**Test Coverage Status:**
- ✗ **0% test coverage** for both files
- ✗ No dedicated test files found
- ✗ Only 1 test file exists in entire repo (EncryptTest.java - unrelated utility)

**Critical Findings:**
- **20 total findings** documented
- **8 CRITICAL** - SQL injection vulnerabilities in both DAOs, weak MD5 authentication, plaintext password storage
- **6 HIGH** - Missing transaction rollback, untested business logic calculations
- **5 MEDIUM** - Resource leaks, exception handling issues
- **1 LOW** - String comparison edge cases

**Top Security Issues:**
1. Multiple SQL injection points (10+ locations across both files)
2. MD5 password hashing instead of modern algorithms
3. Passwords stored in plaintext in database
4. Zero test coverage for critical authentication/registration functions

All findings follow the required format with Severity, Description, Fix, File, and Line(s) fields as specified in the instructions.
