## Security Audit P04 Complete ✓

I've completed the Pass 2 Test Coverage audit for the 5 JSP files. Here's what I found:

**Branch verified:** multi-customer-sync-to-master ✓

**Files audited:**
1. xlsx_serv_maintenance_report.jsp (125 lines)
2. xlsx_super_master_auth_report.jsp (105 lines)
3. xlsx_unit_unlock_report.jsp (109 lines)
4. xlsx_util_wow_report.jsp (125 lines)
5. xlsx_utilisation_report.jsp (121 lines)

**Test coverage findings:**
- **Zero test files exist** for any of the 5 JSP files
- Only 1 test file exists in entire repository: `EncryptTest.java` (unrelated)
- No tests for ExcelServMaintenanceReport, ExcelSuperMasterAuthReport, ExcelUnitUnlockReport, ExcelUtilWOWReport, or ExcelUtilisationReport classes
- No tests for any bean classes used by these JSPs

**30 findings documented:**
- **10 CRITICAL**: Complete lack of coverage + untested access control
- **12 HIGH**: Untested input validation, exception handling, path traversal
- **7 MEDIUM**: Edge cases, integration points, utility methods  
- **1 LOW**: Dead code in URLEncoder

**Most critical gaps:**
- Session-based access control is completely untested across all files
- Request parameter validation has zero test coverage (SQL injection, XSS risk)
- All exception handlers only call `printStackTrace()` with no error testing
- File operations, path traversal protection, and downloads are untested
- Complex logic like dual-pass data retrieval and 20+ property mappings have no coverage

**Report written to:** `C:/Projects/cig-audit/repos/fleetiq/audit/2026-03-01-01/pass2/P04.md`

The complete absence of automated testing for these security-critical report generation JSPs represents a significant vulnerability. All authentication, authorization, input validation, and file operations are running in production without any test verification.
