I've completed the security audit for Pass 2 Test Coverage (Agent P05). Here's a summary:

## Audit Summary

**Branch verified:** ✅ multi-customer-sync-to-master

**Files reviewed:** 10 JSP files in au_print directory

**Test coverage found:** **ZERO** - The repository has NO test infrastructure. Only one file named "EncryptTest.java" exists, which is decompiled code with no actual test assertions.

## Key Findings (13 total)

### Critical Severity (3):
- **F01**: No test coverage for session-based access control logic (all files default to access_level="5" when session is empty)
- **F02**: No test coverage for SQL injection vulnerabilities (all request parameters passed directly to filter beans)
- **F13**: No test infrastructure exists in the entire repository

### High Severity (3):
- **F03**: Databean_dyn_reports.init() method completely untested
- **F04**: Databean_report.init() method completely untested  
- **F05**: Parameter defaulting logic untested (potential IndexOutOfBoundsException)

### Medium Severity (5):
- **F06**: StringTokenizer field hiding logic untested
- **F07**: Customer type-based conditional rendering untested
- **F08**: Time filter processing untested
- **F09**: ArrayList boundary checks missing
- **F11**: XSS vulnerabilities in output rendering untested

### Low Severity (2):
- **F10**: UtilBean date/time methods untested
- **F12**: Auto-print JavaScript functionality untested

## Reading Evidence Provided
Complete documentation for each JSP file including:
- All scriptlet blocks with line numbers
- All methods/functions invoked
- Form actions and parameters
- Output rendering logic

The full report has been written to: `C:/Projects/cig-audit/repos/fleetiq/audit/2026-03-01-01/pass2/P05.md`
