Perfect! I've completed the Pass 2 Test Coverage audit for Agent P06.

## Summary

**Branch verified:** ✅ multi-customer-sync-to-master

**Files reviewed:** 10 JSP files in au_print directory:
- print_impact_meter_report.jsp
- print_impact_report.jsp  
- print_key_hour_util.jsp
- print_preop_chk.jsp
- print_preop_chk_fail.jsp
- print_preop_chk_inc.jsp
- print_seat_hour_util.jsp
- print_serv_maintenance.jsp
- print_shock_summary.jsp
- print_unit_unlock.jsp

**Test coverage found:** **ZERO** - Not a single test exists for any of these files

**Critical findings:** 55 total findings
- **17 CRITICAL** - Session null pointers, XSS vulnerabilities, untested service calculations, missing CSRF protection
- **22 HIGH** - Array bounds issues, business logic gaps, authorization flaws
- **11 MEDIUM** - Boundary conditions, ranking logic
- **5 SYSTEMIC** - Affecting all files (no bean tests, no CSRF, unsafe access defaults)

**Most severe issues:**
1. All 10 files retrieve session attributes without null checks → NullPointerException crashes
2. All 10 files output unescaped data → XSS vulnerabilities
3. Safety-critical pre-op checklist logic completely untested → could allow unsafe vehicle operation
4. Service maintenance calculations untested → could cause missed critical maintenance
5. Master codes displayed without authorization checks → credential exposure
6. Critical beans (Databean_report, UtilBean, ServiceDueFlagBean) have zero tests

Full report written to: `C:/Projects/cig-audit/repos/fleetiq/audit/2026-03-01-01/pass2/P06.md`
