Audit complete! I've generated a comprehensive test coverage report at:
**C:/Projects/cig-audit/repos/fleetiq/audit/2026-03-01-01/pass2/P09.md**

## Summary

**Files Audited:** 10 JSP files (email and Excel report generators)

**Test Coverage Status:** 
- **0 test files found** for any of the JSP files
- **0 test coverage** for supporting classes (Databean_dyn_reports, DriverLeagueBean, UtilBean)
- Repository contains only 1 test file total (EncryptTest.java - unrelated)

**Critical Findings:** 20 total findings identified
- **4 CRITICAL** severity issues
- **7 HIGH** severity issues  
- **5 MEDIUM** severity issues
- **4 LOW/INFO** severity issues

**Key Security Gaps (Untested):**
1. Hardcoded access level bypass (`access_level = "1"`) in 6 files
2. SQL injection vulnerabilities via 10+ unvalidated request parameters
3. XSS vulnerabilities from unescaped data output throughout
4. File path traversal in BMW Excel generation
5. Session attribute access without null checks (NPE risk)
6. Directory traversal via path manipulation
7. Resource leaks in file I/O operations

**Untested Functionality:**
- All parameter extraction and validation logic
- All data retrieval via Databean_dyn_reports
- All nested loop rendering logic
- All error handling paths (most files have zero error handling)
- Edge cases: null inputs, empty arrays, boundary conditions
- Locale/internationalization logic
- Dealer-specific conditional rendering
- Field hiding/filtering logic

The report provides detailed remediation guidance for each finding.
