## Security Audit Complete: Pass 2 Test Coverage (P10)

I've successfully completed the test coverage audit for the 10 JSP files assigned to agent P10. Here's what I found:

### Files Analyzed
✓ All 10 JSP files read in full:
- excel_dyn_unit_report_exc.jsp (409 lines)
- excel_vor_report.jsp (338 lines)
- excel_vor_unit_report.jsp (132 lines)
- get_dept.jsp (56 lines)
- get_site.jsp (54 lines)
- mail_conf.jsp (335 lines)
- mail_first.jsp (156 lines)
- mail_report.jsp (85 lines)
- print_driver_league.jsp (131 lines)
- print_dyn_driver_report.jsp (305 lines)

### Critical Discovery
**ZERO test coverage** across the entire repository for these files:
- Only 1 "test" file exists (EncryptTest.java) - which is actually a decompiled utility class, not a test
- No unit tests for Databean_dyn_reports, Databean_security, or any beans
- No integration tests for JSP pages
- No security-focused tests

### Key Findings (15 Total)
**4 CRITICAL:**
- No test coverage for session-based access control (authentication bypass risk)
- No test coverage for user input validation (SQL injection, XSS risk)
- No test coverage for URL construction (SSRF vulnerability in mail_report.jsp)
- No test coverage for session expiration handling

**3 HIGH:**
- No test coverage for AJAX XML response generation (XML injection risk)
- No test coverage for email sending (SSRF, email injection risk)
- No test coverage for Excel export (formula injection risk)

**8 MEDIUM/LOW:**
- Field hiding logic, JavaScript validation, default access levels, database error handling, etc.

### Report Location
📄 **C:/Projects/cig-audit/repos/fleetiq/audit/2026-03-01-01/pass2/P10.md**

All findings include specific line numbers, detailed descriptions, and concrete remediation recommendations.
