Perfect! I've completed the Security Audit P13 - Pass 2 Test Coverage analysis.

## Summary

**Branch verified:** ✅ multi-customer-sync-to-master

**Files reviewed:** 8 JSP files in gps/ directory
- Copy of gpsZonesData.jsp
- gpsWhereIAm.jsp  
- gpsZonesData.jsp
- setGpsZones.jsp
- speedZones.jsp
- speedZones_back.jsp
- unit.gps.jsp
- unit.gps_nd.jsp

**Critical discovery:** This repository has **ZERO automated tests**. The only file with "Test" in the name (EncryptTest.java) is actually a production encryption class, not a test file.

## Findings: 17 total
- **CRITICAL:** 2 (no tests exist, no auth/authorization tests)
- **HIGH:** 5 (XML injection, JSON injection, parameter validation, CSRF, XSS)
- **MEDIUM:** 8 (date validation, error handling, access controls, AJAX errors, etc.)
- **LOW:** 2 (session handling, duplicate files)
- **INFO:** 1 (mixed content warnings)

## Key Risks
1. Complete absence of automated tests for GPS tracking functionality
2. Security vulnerabilities (injection, XSS, CSRF) completely untested
3. No authentication/authorization test coverage for sensitive GPS endpoints
4. Input validation and error handling paths never exercised
5. Business logic and data integrity completely untested

**Report written to:** `C:/Projects/cig-audit/repos/fleetiq/audit/2026-03-01-01/pass2/P13.md`
