## Security Audit Complete ✓

I've successfully completed the **Pass 2 Test Coverage** audit for agent P15. Here's what was analyzed:

### Files Reviewed (10 JSP files):
- includes/report_export_keyword.jsp
- includes/report_export_keyword_footer.jsp
- includes/report_export_with_duration.jsp
- includes/report_footer.jsp
- includes/report_header.jsp
- includes/report_header_basic.jsp
- includes/report_header_keyword.jsp
- includes/report_header_nodate.jsp
- includes/report_header_nodate_model.jsp
- includes/report_nevigation.jsp

### Key Discoveries:
🔴 **ZERO test coverage** for all JSP files
- Only 1 "test" file exists in entire repository: `EncryptTest.java` (which is actually a utility class, not a unit test)
- No test framework infrastructure (no JUnit/TestNG, no test directory)
- No integration tests, no security tests, no edge case tests

### Findings Summary:
**12 total findings:**
- **4 CRITICAL** - Complete absence of test coverage for critical JSPs, navigation logic with complex authorization, XSS vulnerabilities, access level controls
- **3 HIGH** - Hardcoded business logic, report export logic, session expiration, timezone conversion
- **3 MEDIUM** - Dealer configuration, edge cases, internationalization
- **2 LOW** - Hard-coded external URLs

### Most Critical Issues:
1. **F08 (CRITICAL)**: XSS attack vectors completely untested across all JSP files
2. **F12 (CRITICAL)**: Access level authorization logic (security control) has zero tests
3. **F05 (CRITICAL)**: Navigation JSP with most complex logic completely untested
4. **F01 (CRITICAL)**: Report export with filtering logic completely untested

**Report written to:** `C:/Projects/cig-audit/repos/fleetiq/audit/2026-03-01-01/pass2/P15.md`
