Report complete! I've created a comprehensive test coverage audit for agent P16.

## Summary

**Files Audited:** 7 files (4 JSP + 3 JavaScript)
- includes/report_nevigation_keyword.jsp
- includes/report_nevigation_nodate.jsp  
- includes/report_nevigation_nodate_model.jsp
- includes/report_nevigation_todate.jsp
- js/report_nevigation_keywords.js
- js/report_nevigation_nodate.js
- js/report_nevigation_nodate_model.js

**Key Findings:**
- **Test Coverage: 0%** - No automated tests exist for any of these files
- **18 Total Findings:** 3 Critical, 7 High, 6 Medium, 1 Low, 1 Info
- **50+ Untested Functions** across all files

**Critical Issues (Zero Test Coverage):**
1. Session attribute null handling - could cause NullPointerException
2. AJAX endpoint security - no CSRF, SQL injection, or XSS protection testing
3. Access level authorization - authorization logic completely untested

The full report has been written to:
`C:/Projects/cig-audit/repos/fleetiq/audit/2026-03-01-01/pass2/P16.md`
