## Audit Complete ✓

I've successfully completed the Pass 2 Test Coverage audit for Agent P19. Here's what was analyzed:

### Files Reviewed (10 JSP files):
1. master/chk_dup_acode.jsp - AJAX duplicate authorization code check
2. master/chk_dup_card.jsp - AJAX duplicate card check
3. master/copy_site_hour_settings.jsp - Site hour settings copy form
4. master/edit_dept_name.jsp - Department name editor
5. master/edit_site_address.jsp - Site address editor
6. master/edit_site_name.jsp - Site name editor
7. master/existing_alert_lst.jsp - User alert listing
8. master/existing_alert_lst_admin.jsp - Admin alert listing with filters
9. master/existing_cust_vehicle_lst.jsp - Customer vehicle listing
10. master/existing_customer_lst.jsp - Customer listing

### Key Findings:

**Test Coverage: 0%** - No test files exist for any of the 10 JSP files

**16 Total Findings:**
- **3 CRITICAL** - Input validation/SQL injection, access control, AJAX endpoints
- **5 HIGH** - AJAX functionality, form submission, backend components, client-side validation
- **5 MEDIUM** - Null handling, data retrieval, business logic, session timeout, search
- **3 LOW** - Popup management, loop bounds, error handling

**Most Critical Security Gaps:**
1. No input validation testing (SQL injection/XSS vulnerabilities)
2. No access control testing (authorization bypass risks)
3. No AJAX endpoint testing (duplicate checks unverified)
4. Backend components (Databean_getuser, Frm_saveuser) completely untested
5. No CSRF protection testing

The complete report has been written to:
`C:/Projects/cig-audit/repos/fleetiq/audit/2026-03-01-01/pass2/P19.md`
