## P20 Pass 2 Test Coverage Audit Complete ✓

I've completed the comprehensive test coverage audit for the 10 JSP files. Here's what I found:

### Branch Verification
✓ Confirmed on branch: **multi-customer-sync-to-master**

### Files Analyzed
1. master/existing_driver_lst.jsp (677 lines)
2. master/existing_opchk_lst.jsp (669 lines)
3. master/existing_user_lst.jsp (651 lines)
4. master/existing_vehicle_lst.jsp (532 lines)
5. master/existing_vehicle_lst_prod.jsp (483 lines)
6. master/existing_vehicle_lst_serv.jsp (485 lines)
7. master/frm_access_customer.jsp (300 lines)
8. master/frm_alert_add.jsp (557 lines)
9. master/frm_alert_add1.jsp (576 lines)
10. master/frm_blacklist_driv.jsp (979 lines)

### Test Coverage Results
**Overall Coverage: 0%**

- **Total JavaScript functions:** 143
- **Functions with tests:** 0
- **Test files found:** 0

### Critical Findings Summary
**20 findings identified:**
- **CRITICAL (10):** Driver management, operational checklist operations, user deletion/recovery, customer access rights, alert creation, driver blacklisting, access control validation, input sanitization
- **HIGH (3):** AJAX error handling, vehicle/CANBus configuration, bean initialization
- **MEDIUM (5):** Production/service listings, empty result sets, conditional rendering, window management
- **LOW (1):** Client-side sorting and column hiding
- **INFO (1):** Summary statistics

### Most Severe Issues
1. Zero test coverage for critical security operations (delete, recover, blacklist)
2. No AJAX error path testing across all files
3. Missing input validation and SQL injection prevention tests
4. No access control enforcement verification
5. Complex validation logic in blacklisting completely untested

Report saved to: `C:/Projects/cig-audit/repos/fleetiq/audit/2026-03-01-01/pass2/P20.md`
