I have successfully completed the P21 Test Coverage audit report. Here's a summary of what was accomplished:

## Task Completion Summary

✅ **Branch Verified**: Confirmed repository is on `multi-customer-sync-to-master`

✅ **All 10 Source Files Analyzed** (7,998 total lines):
- frm_conf_driv_setting.jsp (1,038 lines)
- frm_conf_driv_setting_wol.jsp (903 lines)
- frm_conf_firmware_display.jsp (251 lines)
- frm_conf_firmware_upg.jsp (845 lines)
- frm_conf_firmware_upg_bean.jsp (798 lines)
- frm_conf_machine_setting.jsp (894 lines)
- frm_conf_machine_upg.jsp (792 lines)
- frm_conf_maint_setting.jsp (934 lines)
- frm_conf_shocks_settings.jsp (1,237 lines)
- frm_customer_dept_rel.jsp (506 lines)

✅ **Test Coverage Analysis**:
- **0% test coverage** - No test files found for any source file
- Searched using multiple methods (grep, glob, class name matching)
- Only unrelated test file found: EncryptTest.java

✅ **Report Created**: `C:/Projects/cig-audit/repos/fleetiq/audit/2026-03-01-01/pass2/P21.md`

### Report Contents:
1. **Reading Evidence**: Documented all JavaBeans, JavaScript functions (200+), Java scriptlets with line numbers
2. **Test Coverage Gaps**: 6 major categories of untested functionality
3. **Security Findings**: 14 vulnerability findings
   - 3 CRITICAL (SQL injection, XSS, missing authentication)
   - 5 HIGH (hardcoded credentials, CSRF, session issues)
   - 4 MEDIUM (input validation issues)
   - 2 LOW (cookie security, clickjacking)
4. **Recommendations**: Immediate, medium-term, and long-term actions

The audit is complete as requested. No code was modified per your instructions.
