## Security Audit Complete ✓

I've successfully completed the Pass 2 Test Coverage audit for agent P22. The comprehensive report has been written to:

**C:/Projects/cig-audit/repos/fleetiq/audit/2026-03-01-01/pass2/P22.md**

### Summary of Findings:

**Files Reviewed:** 10 JSP files (customer relationship, vehicle management, configuration pages)

**Test Coverage:** **0%** - Zero automated tests found

**Key Discoveries:**
- **0 test files** exist for the 10 JSP files
- **100+ JavaScript functions** completely untested
- **Backend servlet** (Frm_saveuser) handles 50+ operations with no tests
- **Critical data bean** (Databean_getuser) used by 9/10 pages has no tests
- **10 AJAX endpoints** have no integration tests

**Findings Breakdown:**
- 🔴 **9 CRITICAL** findings (including SQL injection, XSS, access control vulnerabilities)
- 🟠 **6 HIGH** findings (validation logic, authorization, impact calibration)
- 🟡 **5 MEDIUM** findings (error handling, boundary values, null inputs)

**Most Critical Issues:**
1. Complete absence of security tests (XSS, SQL injection, access control)
2. No integration tests for vehicle assignment operations
3. No validation tests for impact sensor calibration
4. No error handling tests for AJAX failures
5. No concurrent access tests for shared resources

The report includes detailed reading evidence for each file (all JavaScript functions, AJAX endpoints, form parameters) and specific remediation guidance for each finding.
