## Test Coverage Audit Complete

I've completed the comprehensive test coverage audit for P23. Here's what I found:

**Files Audited:** 10 JSP files in the master directory
- frm_mastercode_40slots.jsp (663 lines)
- frm_mastercode_step2.jsp (462 lines)
- frm_new_branch.jsp (257 lines)
- frm_new_branch_old.jsp (213 lines)
- frm_new_customer.jsp (336 lines)
- frm_new_department.jsp (203 lines)
- frm_new_department_win.jsp (140 lines)
- frm_new_division.jsp (203 lines)
- frm_new_driver.jsp (955 lines)
- frm_new_group.jsp (238 lines)

**Test Coverage Results:**
- **Test files found:** 0
- **Automated test coverage:** 0%
- **Total untested functions:** 100+ JavaScript functions
- **Untested AJAX endpoints:** 8+ endpoints
- **Untested servlet operations:** 9 operation codes

**Key Findings:** 15 total (6 Critical, 5 High, 4 Medium)

**Critical Issues:**
1. No test coverage for master code slot management (40-slot driver assignment system)
2. No validation tests for vehicle/department assignment logic
3. Complex driver creation workflow completely untested (955 lines, card swipe capture, license management)
4. Session and access level controls untested (privilege escalation risk)
5. Frm_saveuser servlet backend completely untested (9+ operations)
6. XSS vulnerabilities in dynamic content rendering untested

The detailed report has been written to:
`C:/Projects/cig-audit/repos/fleetiq/audit/2026-03-01-01/pass2/P23.md`

The report includes complete reading evidence for all files (scriptlets, functions, form actions) and specific remediation recommendations for each finding.
