Report completed! I've conducted a comprehensive test coverage audit on the 10 JSP files and generated the P24.md report.

## Summary

**Branch Verified:** ✅ multi-customer-sync-to-master

**Files Analyzed:** 10 JSP files (form entry pages for locations, questions, users, vehicles, vehicle types, override codes, and module replacement)

**Key Findings:**

1. **ZERO test coverage** - The repository contains NO automated tests for any of the 10 JSP files
2. **30 security and quality findings** identified, including:
   - **9 CRITICAL** severity issues (validation bypass, XSS, CSRF, SQL injection, access control, override code deletion)
   - **10 HIGH** severity issues (untested validation logic, card management, module replacement, session handling)
   - **9 MEDIUM** severity issues (error handling, null checking, edge cases)
   - **2 LOW** severity issues (maxlength enforcement)

**Most Critical Gaps:**
- No tests for client-side validation bypass (all forms rely only on JavaScript validation)
- No XSS/CSRF protection tests
- No SQL injection tests for AJAX endpoints
- No tests for the critical "delete all override codes" operation
- No tests for complex user creation with card swipe capture and duplicate detection
- No integration tests for the Frm_saveuser servlet (handles all form submissions)
- No session/authentication tests for Expire.jsp

The full report with reading evidence for each file and detailed findings has been written to:
`C:/Projects/cig-audit/repos/fleetiq/audit/2026-03-01-01/pass2/P24.md`
