Perfect! I've completed the Pass 2 Test Coverage audit for Agent P25. Here's what I found:

## Summary

**Branch verified:** ✅ multi-customer-sync-to-master

**Files reviewed:** 10 JSP files (forms and AJAX endpoints)

**Test coverage discovered:** **ZERO** - The repository has NO automated tests. The only file named "EncryptTest.java" is actually a utility class, not a JUnit test.

**Key findings:**
- **1 CRITICAL:** Complete absence of test coverage for all files
- **5 HIGH:** Input validation untested, AJAX error handling untested, XML injection risks, access control untested, boundary validation untested  
- **8 MEDIUM:** Driver access logic, upload selection, vehicle production, null handling, servlet routing, Databean operations
- **3 LOW:** CANBus functionality, service reminders, popup windows, copy settings

**Most severe issues:**
1. No testing framework exists (no JUnit, TestNG, etc.)
2. All input validation is untested (hours/minutes, service settings, numeric fields)
3. All AJAX cascading dropdowns have no error handling tests
4. XML generation uses unsafe string concatenation (injection risk)
5. Access level control has no authorization tests

The full report with reading evidence for all 10 files, detailed test coverage analysis, and 16 specific findings has been written to:
```
C:/Projects/cig-audit/repos/fleetiq/audit/2026-03-01-01/pass2/P25.md
```
