Perfect! I've completed the security audit Pass 2 Test Coverage for P27. 

## Summary

I've audited all 7 JSP files and discovered a **critical situation**:

### Key Findings:
- **Zero functional test coverage** across the entire codebase
- Only 1 file named "Test" exists (`EncryptTest.java`), which is NOT a JUnit test but a misnamed utility class
- **15 total findings**: 5 CRITICAL, 8 HIGH, 2 MEDIUM severity

### Critical Issues Identified:
1. **Complete absence of tests** for all 7 JSP files
2. **Untested file upload** validation (arbitrary file upload risk)
3. **Untested authentication** mechanism in register.jsp
4. **Untested access control** in rpt_preop_unsync_qustion.jsp (privilege escalation risk)
5. **Zero backend class coverage** (Databean_getuser, RegisterDAO, UnitDAO, Frm_upload, Frm_saveuser)

### Additional High-Risk Gaps:
- No input validation tests (SQL injection, XSS)
- No CSRF protection tests
- No session management tests
- No error path tests
- No XML injection tests for AJAX endpoints

The full report with detailed reading evidence, test coverage analysis, and specific remediation recommendations has been written to:
`C:/Projects/cig-audit/repos/fleetiq/audit/2026-03-01-01/pass2/P27.md`
