Perfect! I've completed the security audit for **Agent P28 - Pass 2 Test Coverage**.

## Summary

**Branch verified:** ✅ multi-customer-sync-to-master

**Files reviewed:**
- menu/menu-new.jsp (116 lines)
- menu/menu.jsp (165 lines)  
- WEB-INF/src/com/torrent/surat/fms6/util/Menu_Bean.java (310 lines)
- WEB-INF/src/com/torrent/surat/fms6/util/Menu_Bean1.java (292 lines)

**Test coverage findings:**
- **No test files found** for any of the reviewed files
- **No unit tests** for Menu_Bean or Menu_Bean1 classes
- **No integration tests** for the JSP menu files
- **30 total findings** identified

**Severity breakdown:**
- 🔴 **CRITICAL: 8** - SQL injection vulnerabilities, session validation flaws
- 🟠 **HIGH: 7** - Resource management, error handling, authorization gaps
- 🟡 **MEDIUM: 13** - Data validation, default values, state management
- 🔵 **LOW: 2** - Input validation, UI rendering

**Most critical issues:**
1. **SQL Injection** - All database queries use string concatenation instead of PreparedStatements (8 findings across both Bean classes)
2. **Session Validation** - Authentication checks use `==` instead of `.equals()` for string comparison
3. **No security testing** - Critical auth/authz functions are completely untested
4. **Resource leaks** - Database connection cleanup not tested in error scenarios

The full report has been written to:
`C:/Projects/cig-audit/repos/fleetiq/audit/2026-03-01-01/pass2/P28.md`
