Perfect! I've completed the security audit for Pass 2 Test Coverage. Here's what I found:

## Summary

✅ **Branch verified:** multi-customer-sync-to-master

✅ **Files reviewed:** All 8 JSP files read in full
- pages/admin.jsp
- pages/changepass.jsp
- pages/checker.jsp
- pages/index.jsp
- pages/lang.jsp
- pages/login.jsp
- pages/manage_form.jsp
- pages/resetpass.jsp

## Key Findings

**Test Coverage:** **ZERO** - No test files exist for any JSP pages. The only file with "Test" in its name is `EncryptTest.java`, which is a utility class, not a JUnit test.

**25 Findings Identified:**
- **7 CRITICAL** - Authentication bypass, path traversal, permission bypass, session fixation, password reset vulnerabilities
- **5 HIGH** - CSRF protection missing, SQL injection, XSS, dealer URL injection
- **8 MEDIUM** - Validation gaps, logging missing, error handling, account enumeration
- **5 LOW** - Edge cases, type safety, bounds checking

## Most Critical Issues

1. **Path traversal vulnerabilities** in admin.jsp and index.jsp (no validation on dynamic JSP inclusion)
2. **Authentication flow completely untested** in checker.jsp
3. **Password change/reset with no test coverage** and missing server-side validation
4. **No CSRF tokens** on changepass.jsp and manage_form.jsp
5. **Session fixation vulnerability** - no session regeneration after login
6. **XSS vulnerabilities** in message parameters

The full detailed report with reading evidence and specific remediation steps has been written to:
`C:/Projects/cig-audit/repos/fleetiq/audit/2026-03-01-01/pass2/P29.md`
