## Audit Complete ✓

I've successfully completed the Pass 2 Test Coverage Audit for agent P30. Here's what I found:

### Critical Discovery
**ZERO test coverage exists for the entire repository.** The only file with "Test" in its name (EncryptTest.java) is actually a production encryption utility, not a test file.

### Summary
- **10 JSP files reviewed** (743 lines of application code)
- **0 test files found**
- **0% test coverage**
- **20 security findings** identified

### Severity Breakdown
- **7 Critical findings** including:
  - Complete absence of test infrastructure
  - Untested password change without verification
  - SQL injection vectors in search
  - Authorization bypass in deletion operations
  
- **6 High findings** including:
  - Email injection vulnerabilities
  - Firmware upload with no security tests
  - Exception handling gaps
  
- **5 Medium + 2 Low findings** covering edge cases and input validation

### Top Recommendations
1. **Immediate**: Establish test infrastructure (JUnit 5, test directories)
2. **Priority 1**: Security tests for authentication, SQL injection, XSS, CSRF
3. **Priority 2**: Integration tests for servlets (Frm_customer, BusinessInsight)
4. **Priority 3**: E2E tests for critical workflows

The complete audit report has been written to:
**`C:/Projects/cig-audit/repos/fleetiq/audit/2026-03-01-01/pass2/P30.md`**
