## Audit Complete ✓

I've successfully completed the Pass 2 Test Coverage audit for agent P32. Here's what I found:

### Summary
- **Branch verified:** ✓ multi-customer-sync-to-master
- **Files audited:** 2 JSP files (summary.jsp, tab_heads.jsp)
- **Test coverage found:** **ZERO** - The entire repository has no functional tests
- **Total findings:** 18 (5 CRITICAL, 6 HIGH, 6 MEDIUM, 1 LOW)

### Critical Discoveries

1. **No Test Infrastructure Exists** - The only file named "Test" in the repository (`EncryptTest.java`) is actually a decompiled encryption utility, NOT a JUnit test. No test framework exists.

2. **Untested Security-Critical Functions:**
   - Session authentication and access control (CRITICAL)
   - Hardcoded user access control with 8 specific user IDs (CRITICAL)
   - Database operations in Databean_cdisp (1700+ lines, zero tests) (CRITICAL)
   - SQL injection vulnerabilities (CRITICAL)
   - XSS protection in dynamic output (HIGH)
   - Integer parsing without error handling (HIGH)

3. **Missing Edge Case Coverage:**
   - Null session attributes → NullPointerException
   - Division by zero in tab width calculation
   - Array bounds violations in permission checking
   - NumberFormatException on invalid data

### Output Location
Report written to: `C:/Projects/cig-audit/repos/fleetiq/audit/2026-03-01-01/pass2/P32.md`

**Risk Assessment:** EXTREME - This codebase has NO test coverage whatsoever, making it production-unsafe. All security controls, access restrictions, and data handling are completely unverified.
