## Security Audit P33 Complete ✓

I've successfully completed the Pass 2 Test Coverage audit for the battery management JSP files. Here's what I found:

### Files Audited
- `pages/admin/battery/battery_management.jsp` (260 lines)
- `pages/admin/battery/battery_management_au.jsp` (38 lines)  
- `pages/admin/battery/change_bms_pass.jsp` (117 lines)

### Test Coverage Results
**0% test coverage** across all files
- No test files found for any JSP pages
- No test files for backend servlets (Frm_saveuser, Frm_security)
- No test files for data beans (Databean_getter, Databean_security)
- Repository contains only 1 test file (EncryptTest.java - not a proper test, just a utility)

### Findings Summary
**16 total findings:**
- 🔴 **4 CRITICAL** - External credential exposure, SQL injection risk, access control untested, external API security
- 🟠 **6 HIGH** - Password validation, CSRF protection, session handling, permission enforcement
- 🟡 **4 MEDIUM** - Error handling, input validation, array operations, bean lifecycle
- 🔵 **2 LOW** - Timestamp generation, less critical issues

### Most Critical Issues
1. **BMS credentials passed in URL** to external service (itagworld.com) with no HTTPS enforcement
2. **No SQL injection testing** for database queries with user-controlled parameters
3. **Complex 4-level access control** system completely untested
4. **No CSRF protection** on state-changing forms
5. **Password change functionality** has no complexity requirements or server-side validation tests

The complete report with detailed reading evidence, test coverage analysis, and specific remediation steps has been written to:
`C:/Projects/cig-audit/repos/fleetiq/audit/2026-03-01-01/pass2/P33.md`
