Security audit P34 for Pass 2 Test Coverage has been completed successfully. 

## Summary

**Branch verified:** ✓ multi-customer-sync-to-master

**Files analyzed:** 10 JSP files in pages/admin/customer/

**Critical findings:**
- **ZERO test infrastructure** exists in the repository
- The only file named "*Test.java" (EncryptTest.java) is actually a decompiled utility class, not a test
- No JUnit, TestNG, or any testing framework detected
- No test directories found
- **0% test coverage** for all reviewed files

**Key vulnerabilities identified:**
- **19 total findings:** 7 CRITICAL, 8 HIGH, 4 MEDIUM
- No authentication/authorization testing for access control logic
- No input validation or SQL injection prevention testing
- No XSS prevention testing for user-generated content output
- No database operation or transaction testing
- No error path or exception handling testing
- No AJAX/JavaScript function testing
- No end-to-end workflow testing

**Most severe gaps:**
1. Complete absence of automated testing infrastructure (CRITICAL)
2. No security testing for authentication, authorization, input validation, SQL injection, or XSS (CRITICAL)
3. No database integrity testing (CRITICAL)
4. No concurrent access or transaction testing (HIGH)
5. No integration testing of complete user workflows (HIGH)

**Report location:** `C:/Projects/cig-audit/repos/fleetiq/audit/2026-03-01-01/pass2/P34.md`

The report includes comprehensive reading evidence for each source file with all scriptlets, beans, form actions, and method calls documented, followed by detailed findings with specific remediation recommendations.
