Test coverage audit complete! I've analyzed all 10 JSP files and created a comprehensive report at:

**C:/Projects/cig-audit/repos/fleetiq/audit/2026-03-01-01/pass2/P35.md**

## Key Findings:

**Test Coverage Status: 0%**
- No test files exist for any of the 10 customer administration JSP files
- Only 1 test file in entire repository (EncryptTest.java - unrelated)
- No tests for supporting servlets (Frm_saveuser, Frm_customer, Frm_vehicle)
- No tests for beans (Databean_getuser, Databean_getter, UtilBean)

## Critical Issues Identified (20 findings):

**CRITICAL (9 findings):**
- No test coverage for site creation/modification operations
- No access control validation tests
- No input validation/sanitization tests  
- No SQL injection prevention tests
- No CSRF protection tests
- No firmware deployment safety tests
- Hardcoded user authorization bypass (no tests)
- Permission matrix enforcement (no tests)

**HIGH (6 findings):**
- Email group management (no tests)
- Customer settings management (no tests)
- Session management and timeout handling
- Department-based data isolation
- AJAX error handling
- Model configuration operations

**MEDIUM/LOW (5 findings):**
- Data retrieval error paths
- Bean initialization/state management
- JavaScript form manipulation
- Error message information disclosure
- Inactive/commented code (edit-site_hours_settings.jsp)

The report includes detailed reading evidence for each file (scriptlet blocks, form actions, bean methods) and specific remediation recommendations for each finding.
