## Audit Complete ✓

I've completed the **P37 - Pass 2 Test Coverage Audit** for the dealer management JSP files. The comprehensive report has been written to:

**C:/Projects/cig-audit/repos/fleetiq/audit/2026-03-01-01/pass2/P37.md**

### Key Findings Summary:

📊 **Test Coverage Status:**
- **0 of 4** JSP files have any test coverage
- **0 of 3** backend Java classes have unit tests  
- **Only 1 file** named "*Test*.java" in the entire repository (EncryptTest.java - not a real unit test)
- **No test infrastructure** exists (no JUnit, TestNG, test directories, or CI/CD)

🔴 **Critical Gaps (24 findings total):**
- **9 CRITICAL** severity findings
- **5 HIGH** severity findings
- **7 MEDIUM** severity findings
- **3 LOW** severity findings

🚨 **Most Critical Risks:**
1. No CSRF protection testing (P37-F12)
2. No SQL injection prevention tests (P37-F18)
3. No file upload validation tests for 3 upload fields (P37-F14)
4. No access control enforcement tests (P37-F15)
5. Zero test infrastructure for the entire application (P37-F24)

The report includes detailed reading evidence for all 4 JSP files, comprehensive coverage gap analysis, and specific remediation recommendations for each finding.
