## Test Coverage Audit Complete ✓

I've completed the Pass 2 test coverage audit for agent P38. Here's what was analyzed:

### Files Reviewed (10 JSP files, 2,059 total lines):
1. battery_change_report.jsp (133 lines)
2. battery_charge_report.jsp (129 lines)
3. battery_charge_tesla.jsp (495 lines) - Complex interactive dashboard
4. battery_state_of_charge_report.jsp (271 lines)
5. broadcastmsg_report.jsp (124 lines)
6. cimplicity_io_settings.jsp (350 lines)
7. cimplicity_shock_report.jsp (150 lines)
8. cimplicity_utilisation_report.jsp (147 lines)
9. current_status_report__by_drivers.jsp (129 lines)
10. current_status_report_by_unit.jsp (136 lines)

### Key Findings:

**Test Coverage: 0%**
- Only 1 test file exists in entire repository: `EncryptTest.java` (unrelated to these JSPs)
- No test files found for any of the 10 JSP files
- No tests for beans: Databean_report, Databean_dyn_reports, Databean_getuser, BatteryBean, BroadcastmsgBean
- No tests for servlets: BatteryChargeServlet, Frm_saveuser

**Critical Issues Identified (20 findings):**
- **6 CRITICAL**: Complex dashboards, servlets, authorization, and bean initialization - all untested
- **5 HIGH**: Battery reports, input validation, session handling - no test coverage
- **7 MEDIUM**: Date handling, ArrayList bounds, ranking logic, included JSPs - untested
- **2 LOW/INFO**: Site-specific configuration logic

**Most Severe Risks:**
1. Battery Charge Tesla dashboard (495 lines) with AJAX, permissions, charts - ZERO tests
2. No input validation tests → SQL injection & XSS vulnerabilities
3. No authorization tests → privilege escalation risks
4. No session handling tests → NullPointerException risks
5. BatteryChargeServlet & Frm_saveuser servlets completely untested

Report written to: `C:/Projects/cig-audit/repos/fleetiq/audit/2026-03-01-01/pass2/P38.md`
