## Security Audit Complete ✓

I've completed the Pass 2 Test Coverage audit for agent P39. The report has been written to:

**C:/Projects/cig-audit/repos/fleetiq/audit/2026-03-01-01/pass2/P39.md**

### Key Findings Summary:

**Test Coverage Status:** **0%** - ZERO test infrastructure exists

**Critical Discoveries:**
- No test directories or testing frameworks in the entire repository
- Only 1 file with "Test" in the name (EncryptTest.java), which is a decompiled utility class, NOT a test
- All 10 JSP files have NO test coverage whatsoever
- Backend beans (Databean_report, Databean_dyn_reports) used by these JSPs have NO tests

**20 Findings Identified:**
- **5 CRITICAL** - Including complete absence of test infrastructure, untested access control logic, and missing access control in driver_licence_expiry_detail.jsp
- **6 HIGH** - Unvalidated input parameters, missing null checks, StringTokenizer parsing vulnerabilities, unsafe JavaScript functions
- **8 MEDIUM** - Timezone conversions, sorting logic, integer parsing, type casting, configuration branching
- **2 LOW** - Edge cases and date/time formatting

**Most Severe Issues:**
1. **F01** - No test infrastructure at all (CRITICAL)
2. **F17** - driver_licence_expiry_detail.jsp lacks ANY access control (HIGH/CRITICAL)
3. **F13/F14** - Backend beans completely untested (CRITICAL)
4. **F02** - Access control logic in all JSPs untested (CRITICAL)
5. **F03/F04** - No input validation tests (HIGH)

The report includes detailed reading evidence for each JSP file documenting all scriptlet blocks, method invocations, security operations, and backend dependencies.
