Perfect! I've completed the P40 test coverage audit. Here's a summary of what I found:

## Summary

**Branch Verified:** ✅ multi-customer-sync-to-master

**Files Analyzed:** 10 JSP report files (all read in full)

**Test Coverage Status:** **ZERO TESTS FOUND**

### Key Findings:

1. **No test files exist** for any of the 10 JSP files
2. **No unit tests** for shared beans (Databean_report, Databean_dyn_reports)
3. **No JUnit tests** exist anywhere in the codebase
4. **20 security and quality findings** documented

### Critical Issues (6 findings):
- **F01-F04**: Missing tests for security-sensitive access control, SQL injection, XSS, CSRF vulnerabilities
- **F04**: email_subscription_report_uk.jsp missing session validation entirely
- **F02**: Unvalidated user input with direct URL concatenation

### High Severity (6 findings):
- **F05-F10**: Input validation gaps, color injection, parameter inconsistencies
- **F11-F13**: Shared beans and integration flows completely untested

### Medium/Low Severity (8 findings):
- **F14-F20**: Edge cases, error handling, i18n, permissions, utility methods

### Most Dangerous Patterns Found:
- substring() operations without length checks (8 JSPs)
- Integer.parseInt() without exception handling (9 JSPs)
- ArrayList.get() without bounds checking (all JSPs)
- Direct HTML output without XSS escaping (5 JSPs)
- AJAX URL construction via string concatenation (3 GPS reports)
- Missing CSRF protection on delete operations (2 JSPs)

The complete audit report has been written to: `C:/Projects/cig-audit/repos/fleetiq/audit/2026-03-01-01/pass2/P40.md`
