## Audit Complete

I've successfully completed the P41 - Pass 2 Test Coverage audit. The comprehensive report has been written to:
**C:/Projects/cig-audit/repos/fleetiq/audit/2026-03-01-01/pass2/P41.md**

### Key Findings Summary:

**Test Coverage Status:** **0%** - NO automated tests exist for ANY of the 10 JSP files

**Critical Issues Identified:**
1. **CRITICAL**: No test coverage for safety-critical impact calculation logic that determines impact severity
2. **CRITICAL**: Unsafe substring operations in 8 files with IndexOutOfBoundsException risk - no bounds checking on access control strings
3. **HIGH**: No input validation testing for request parameters - SQL injection and XSS vulnerabilities

**Findings Breakdown:**
- **Total:** 15 findings
- **CRITICAL:** 3 
- **HIGH:** 4
- **MEDIUM:** 5
- **LOW:** 2
- **INFO:** 1

**Files Audited:**
1. impact_meter.jsp
2. impact_meter_report.jsp
3. impact_report.jsp
4. impact_unlock_report.jsp
5. inspection_report.jsp
6. machine_unlock_report.jsp
7. message_status_report.jsp
8. monthly_report.jsp
9. pre-op_check_list_report_original_with_no_filters.jsp
10. pre-op_check_report.jsp

The report includes detailed reading evidence for each file and comprehensive test coverage gap analysis with specific remediation recommendations for each finding.
