✅ **Security Audit P43 — Pass 2 Test Coverage Audit Complete**

**Summary:**
- **Branch verified:** multi-customer-sync-to-master ✓
- **Files reviewed:** 10 JSP files
- **Test files found:** 0 (zero test coverage for all files)
- **Total findings:** 22

**Severity Breakdown:**
- **CRITICAL:** 3 findings
- **HIGH:** 9 findings
- **MEDIUM:** 6 findings
- **LOW:** 3 findings
- **INFO:** 1 finding

**Critical Issues Identified:**
1. **Complete absence of test coverage** for all 10 JSP files
2. **No input validation tests** for access control session attributes with unchecked integer parsing
3. **Substring operations without bounds checking** creating StringIndexOutOfBoundsException vulnerabilities

**Key Findings:**
- Zero test coverage for parameter extraction and validation
- No tests for session attribute handling and access control
- Missing XSS protection tests for user-controlled output
- No ArrayList iteration validation or null checks
- Absent tests for date parameter validation and SQL injection
- No permission-based access control tests
- Missing CSRF protection validation
- No session expiry/timeout tests

**Report written to:** `C:/Projects/cig-audit/repos/fleetiq/audit/2026-03-01-01/pass2/P43.md` (737 lines, 52KB)

The audit reveals a **complete absence of automated testing** for these critical reporting JSP files, creating significant security and reliability risks.
