I've successfully completed the Pass 2 Test Coverage audit for agent P44. Here's what was accomplished:

## Summary

**Branch Verified:** ✅ multi-customer-sync-to-master

**Files Analyzed (8 JSP files):**
1. user_login_report.jsp - User login activity reporting
2. user_summary_report.jsp - User summary reporting  
3. veh_calib_report.jsp - Vehicle calibration reporting
4. vor_report.jsp - VOR (Vehicle Off Road) detailed report
5. vor_report2.jsp - VOR detailed unit report
6. vor_report_simple.jsp - VOR simplified report
7. vor_status_report.jsp - VOR status with DataTables
8. vor_unit_report.jsp - VOR by unit report

**Critical Discovery:** 
- **ZERO test files exist** for any of these JSP files
- **NO test framework** exists in the project (no JUnit, no test directories)
- Only 1 unrelated test file found in entire codebase (EncryptTest.java)

## Key Findings (15 Total)

**CRITICAL (4):**
- Complete absence of test coverage
- No testing of session-based access control
- No XSS prevention testing
- No SQL injection testing

**HIGH (4):**
- No error handling testing for type conversions
- No null safety testing  
- No boundary condition testing
- (Covered in type conversion finding)

**MEDIUM (5):**
- StringTokenizer processing untested
- Business logic validation untested
- Permission-based features untested
- AJAX handling untested
- Filter bean data flow untested

**LOW (2):**
- URL construction untested
- JavaScript and i18n untested

## Report Location
The complete detailed audit report with reading evidence, test coverage analysis, and all findings has been written to:

`C:/Projects/cig-audit/repos/fleetiq/audit/2026-03-01-01/pass2/P44.md`

Each finding includes specific remediation steps, affected files, line numbers, and untested functions. The report documents significant security risks due to lack of automated testing.
