Perfect! I've completed the Pass 2 Test Coverage audit for Agent P47. Here's what I found:

## Summary

**Files Audited:** 5 JSP email report generation files
- xlsx_serv_maintenance_report_mail.jsp
- xlsx_super_master_auth_report_mail.jsp  
- xlsx_unit_unlock_report_mail.jsp
- xlsx_util_wow_report_mail.jsp
- xlsx_utilisation_report_mail.jsp

**Key Findings:**

🔴 **CRITICAL Issues (3):**
- **F01:** Zero test coverage for all email report endpoints
- **F02:** Access control validation completely untested (security risk)
- **F06:** Email sending logic has no tests

🟠 **HIGH Issues (4):**
- **F03:** Request parameter handling lacks input validation tests (SQL injection, XSS risks)
- **F04:** File path construction untested (directory traversal vulnerability)
- **F05:** Email error handling untested
- **F07:** All Excel report generation classes have 0% test coverage

🟡 **MEDIUM Issues (7):** Directory creation, exception handling, null pointer risks, integer parsing, etc.

⚪ **LOW Issues (4):** DAO methods, date validation, email validation, conditional logic

**Repository Test Status:**
- Only 1 "test" file found: `EncryptTest.java` (not a real JUnit test, just a utility class)
- **No test framework** installed (no JUnit, no TestNG, no @Test annotations)
- **0% test coverage** across all reviewed files

**Report written to:** `C:/Projects/cig-audit/repos/fleetiq/audit/2026-03-01-01/pass2/P47.md`

All findings documented with severity levels, descriptions, fixes, file paths, and line numbers as required. No code was modified per instructions.
