Perfect! I've completed the security audit for P51 - Pass 2 Test Coverage. Here's a summary of what I found:

## Audit Summary

**Files Reviewed:** 10 JSP files in pages/admin/setting/
- access_right_customer_settings.jsp
- access_rights_administration.jsp  
- add-alert.jsp
- change_password.jsp
- dealer_access_rights.jsp
- driver_limiting_by_truck.jsp (and old version)
- driver_settings_to_unit.jsp (and old version)
- acces_customer.jsp (broken file)

**Test Coverage Status:** **ZERO** test coverage found
- No JSP tests exist
- No unit tests for backing beans (Databean_getuser, Databean_security, Databean_customer)
- No servlet tests (Frm_saveuser, Frm_security)
- Only 1 unrelated test file exists in the entire repository (EncryptTest.java)

**Findings:** 20 critical test coverage gaps identified
- **10 CRITICAL** severity issues
- **6 HIGH** severity issues  
- **4 MEDIUM** severity issues

## Key Critical Issues

1. **Complete absence of test coverage** for security-critical admin pages
2. **No unit tests** for data beans handling access control and user management
3. **No servlet tests** for form processing and security operations
4. **No session validation** error path testing
5. **No CSRF protection** testing
6. **No input validation** testing (SQL injection, XSS risks)
7. **No password security** testing (hashing, strength, storage)
8. **No access level boundary** testing (privilege escalation risk)

The full detailed report with reading evidence, test coverage analysis, and specific remediation recommendations has been written to:
`C:/Projects/cig-audit/repos/fleetiq/audit/2026-03-01-01/pass2/P51.md`

This represents a **critical security risk** - these pages handle authentication, authorization, and sensitive administrative functions with no automated testing to verify they work correctly or securely.
