## Audit Complete ✓

I've successfully completed the **Pass 2 Test Coverage Audit** for agent **P52**. Here's what was accomplished:

### Files Reviewed (10 JSP files):
1. edit-alert.jsp
2. my_profile.jsp
3. notification_settings.jsp
4. save_template.jsp
5. save_template_dealer.jsp
6. subscription.jsp
7. upload.jsp
8. use_template.jsp
9. use_template_dealer.jsp
10. web_maintenance.jsp

### Key Findings:
- **ZERO test coverage** exists for any of these JSP files
- **NO test files found** in the entire repository (only 1 utility class named "EncryptTest" which is not a test)
- **NO JUnit, TestNG, or Selenium tests** exist for the servlets these pages interact with

### Critical Issues Identified (21 findings total):
- **7 CRITICAL** severity findings including:
  - No test coverage for password change functionality
  - No test coverage for file upload (CSV) functionality
  - No SQL injection prevention tests
  - No XSS prevention tests
  - No authorization/access control tests

- **6 HIGH** severity findings including:
  - No test coverage for profile updates
  - No test coverage for notification settings
  - No test coverage for access rights template operations
  - Missing session expiration tests
  - No CSRF protection tests

- **5 MEDIUM** + **2 LOW** findings covering edge cases, error handling, and i18n

### Output Location:
📄 **C:/Projects/cig-audit/repos/fleetiq/audit/2026-03-01-01/pass2/P52.md**

The report includes comprehensive reading evidence for all source files with detailed line numbers, method invocations, form actions, and parameters, followed by 21 security and quality findings with specific remediation recommendations.
