## Test Coverage Audit P54 Complete ✓

I've completed the comprehensive test coverage audit for **P54 - Pass 2**. Here's what I found:

### Summary
- **Files Reviewed:** 7 JSP files (all admin summary pages)
- **Test Coverage:** **0%** - Zero test files found
- **Findings:** 15 security and quality issues

### Critical Findings
1. **Missing access control in export pages** - dislockout_vehicle_lst.jsp and nothire_vehicle_lst.jsp allow unauthorized data export
2. **SQL injection vulnerability** - hire_vehicle_lst1.jsp accepts unsanitized `cust_cd` parameter  
3. **XSS vulnerabilities** - All files output unencoded user data
4. **No tests for access control logic** - Session-based authorization completely untested

### Key Gaps
- No unit tests for `Databean_cdisp` class used by all pages
- No integration tests for data retrieval
- No security tests for authentication, authorization, XSS, or SQL injection
- No error handling tests for null data, empty results, or database failures
- No concurrency or resource leak tests

### Test Files Found
Only `EncryptTest.java` exists in the repository - it tests encryption utilities, completely unrelated to these JSP files.

**Full report written to:** `C:/Projects/cig-audit/repos/fleetiq/audit/2026-03-01-01/pass2/P54.md`

The report includes detailed reading evidence for all source files, test coverage analysis, and 15 findings with specific remediation steps. No code has been modified per your instructions.
