Perfect! I've completed the security audit for agent P55 (Pass 2 Test Coverage). Here's what I found:

## Summary

**Branch verified:** ✅ multi-customer-sync-to-master

**Files reviewed:** 10 JSP files (9 functional + 1 empty)

**Critical discovery:** The entire FleetIQ repository has **ZERO automated tests**. No JUnit, no test directories, no test infrastructure whatsoever.

## Key Findings

I documented **15 findings** across all severity levels:

### CRITICAL (5 findings):
1. **No test infrastructure** - Repository-wide issue
2. **Untested BMS password handling** - Credentials managed with zero validation tests
3. **Untested access level enforcement** - Complex authorization logic with no coverage
4. **Untested SQL injection vectors** - All form parameters passed without validation tests
5. **Untested session security** - No timeout, fixation, or invalidation tests

### HIGH (3 findings):
6. **XSS vulnerabilities** - No output encoding tests
7. **CSRF protection** - No token validation tests
8. **Authorization bypass** - No server-side permission enforcement tests

### MEDIUM (4 findings):
9. Date validation and format handling
10. Error handling and logging
11. Permission array boundary checks
12. Dropdown cascade logic

### LOW (3 findings):
13. Vehicle selection logic
14. Switch statement coverage
15. Site-specific configuration logic

## Reading Evidence

I provided detailed reading evidence for each file including:
- All scriptlet blocks with line numbers
- Methods/functions invoked
- Form actions and parameters
- Security-critical operations identified

The complete audit report has been written to:
**C:/Projects/cig-audit/repos/fleetiq/audit/2026-03-01-01/pass2/P55.md**
