## Audit Complete ✓

I've successfully completed the security audit for **Agent P57 - Pass 2 Test Coverage**.

### Summary

**Files Reviewed:** 9 JSP files in pages/admin/user/
- import-driver.jsp
- license.jsp
- search.jsp
- subscription.jsp
- upload-licences.jsp
- veh_access.jsp
- vehicle-access.jsp
- view-user.jsp
- website-access.jsp

### Critical Finding

**ZERO test coverage exists** for any of these files or their associated components:
- No tests for servlets: `Import_Files`, `Frm_saveuser`
- No tests for beans: `Databean_getuser`, `Databean_customer`
- No tests for any security controls, input validation, or business logic

### Findings Identified: 20 Total
- **CRITICAL:** 7 findings (untested servlets, SQL injection risk, XSS vulnerabilities)
- **HIGH:** 4 findings (untested authorization, session handling, file upload validation)
- **MEDIUM:** 8 findings (untested business logic, configuration, error handling)
- **LOW:** 1 finding (frequency calculation)

The complete audit report with detailed reading evidence, test coverage analysis, and all findings has been written to:
```
C:/Projects/cig-audit/repos/fleetiq/audit/2026-03-01-01/pass2/P57.md
```

Each finding includes severity level, detailed description, specific fix recommendations, file paths, and line numbers as required.
