Perfect! I've completed the Pass 2 Test Coverage audit for agent P58. Here's what I found:

## Summary

**Branch verified:** ✅ multi-customer-sync-to-master

**Files reviewed:** All 10 JSP files read in full

**Test coverage status:** **ZERO** test coverage found
- No test files exist for any of the 10 JSP files
- No tests for servlets (Frm_customer, Frm_saveuser, Frm_vehicle)
- The only test file in the repository (EncryptTest.java) is unrelated

## Key Findings

**18 findings identified:**
- **CRITICAL (5):** Vehicle allocation, broadcast authorization, diagnostic sync, session access control, SQL injection
- **HIGH (7):** Input validation, message sanitization, checklist operations, settings validation, XSS, CSRF, file upload
- **MEDIUM (5):** Parameter validation, concurrency, error handling, permissions, firmware compatibility  
- **LOW (1):** Internationalization

## Most Critical Issues

1. **No authorization testing** for broadcast messages to vehicles/drivers (could allow privilege escalation)
2. **No input validation** for SQL queries (potential SQL injection across all operations)
3. **No testing for diagnostic sync** operations that send commands to physical hardware
4. **No session security testing** (session hijacking, access control bypass)
5. **No XSS testing** for vehicle/driver names and other user data displayed in JSPs

## Output

Full detailed report with reading evidence and remediation steps written to:
```
C:/Projects/cig-audit/repos/fleetiq/audit/2026-03-01-01/pass2/P58.md
```

The report includes complete reading evidence for each file (scriptlets, methods, parameters) and specific remediation recommendations for all 18 findings.
