## Audit Complete ✓

I've successfully completed the Pass 2 Test Coverage Audit for Agent P60. 

**Summary:**
- **Files reviewed:** 10 JSP files in pages/admin/vehicles/
- **Branch verified:** multi-customer-sync-to-master ✓
- **Test coverage found:** **ZERO** (only 1 utility class exists - EncryptTest.java, not a real unit test)

**Key findings:**
- **20 total findings** identified (5 CRITICAL, 4 HIGH, 7 MEDIUM, 4 LOW)
- **No test files** exist for any of the JSP pages, servlets, or beans
- **Critical gaps** in testing for:
  - File upload security (import-vehicle.jsp)
  - Vehicle lock/unlock operations (locker.jsp)
  - Master code synchronization (master-codes*.jsp)
  - Multi-vehicle deployment (master-veh*.jsp)
  - Network settings with WiFi credentials (network-settings.jsp)

**Most severe issues:**
1. **P60-F01**: No file upload validation tests - malicious files could be uploaded
2. **P60-F02**: No vehicle locking authorization tests - unauthorized access possible
3. **P60-F05**: WiFi passwords transmitted via URL parameters - credential exposure risk

Report written to: `C:/Projects/cig-audit/repos/fleetiq/audit/2026-03-01-01/pass2/P60.md`
