Perfect! I have completed the Pass 2 Test Coverage audit for Agent P61. Here's a summary of what was accomplished:

## Audit Summary

**Branch Verified:** ✅ multi-customer-sync-to-master

**Files Audited:** 10 JSP files in pages/admin/vehicles/

**Test Infrastructure Found:** 
- Only 1 test file exists in the entire repository (EncryptTest.java) - unrelated to vehicle management
- No test coverage for any of the audited JSP files
- No tests for the servlets they submit to (Frm_vehicle, Frm_customer, Frm_saveuser)

**Critical Findings:** 20 findings documented with severity levels:
- **8 CRITICAL** - Security and authorization gaps, untested safety-critical features
- **9 HIGH** - Complex business logic, calculations, and multi-vehicle operations
- **3 MEDIUM** - Site-specific logic and customer-specific features

**Key Risk Areas Identified:**
1. **Zero test coverage** for all 10 JSP files
2. **Security vulnerabilities** - No SQL injection/XSS tests, untested authorization
3. **Safety-critical features** - VOR settings, lockout controls, pedestrian detection (all untested)
4. **Complex calculations** - Service intervals, date/time math (no validation tests)
5. **Multi-vehicle operations** - Bulk synchronization without tests for partial failures
6. **Access control** - Hierarchical authorization logic completely untested

The complete audit report has been written to:
**C:/Projects/cig-audit/repos/fleetiq/audit/2026-03-01-01/pass2/P61.md**
