Perfect! I've completed the P62 test coverage audit. Here's what I found:

## Audit Summary

**Branch Verified:** ✅ multi-customer-sync-to-master

**Files Reviewed:** 8 JSP files
- sync-drivers.jsp (513 lines)
- sync-multiple.jsp (511 lines)  
- synchronise.jsp (355 lines)
- synchronize.jsp (248 lines)
- update_question.jsp (103 lines)
- upload-picture.jsp (21 lines)
- view.jsp (480 lines)
- vor-settings.jsp (140 lines)

## Critical Findings

**Test Coverage: 0%** - The repository contains only ONE test file (EncryptTest.java), which isn't actually a test class, just a utility. None of the 8 JSP files have any test coverage.

**15 Findings Identified:**
- **4 CRITICAL** - Untested driver sync logic, multi-vehicle sync, database queries, servlet endpoints
- **4 HIGH** - Untested permission checks, input validation, file uploads, session management
- **5 MEDIUM** - Untested data retrieval, VOR settings, JavaScript validation, site-specific logic, edge cases
- **2 LOW** - Untested loop iterations, internationalization

## Key Security Risks

1. **Driver synchronization with department-level access control** - completely untested
2. **File upload operations** - no validation testing for malicious uploads
3. **Session-based authorization** - no tests for privilege escalation prevention  
4. **Database query operations** - no SQL injection prevention tests
5. **Form submissions to servlets** - no integration testing

The full detailed report with reading evidence for each file and all findings has been written to:
`C:/Projects/cig-audit/repos/fleetiq/audit/2026-03-01-01/pass2/P62.md`
