✅ **Agent P63 Test Coverage Audit Complete**

I've successfully completed the security audit for test coverage. Here's what was done:

## Summary of Work

**Branch verified:** ✅ multi-customer-sync-to-master

**Files reviewed:** 10 JSP files
1. reports/1_drivertech_fix.jsp (338 lines)
2. reports/charts.jsp (127 lines)
3. reports/cric_issues_lst.jsp (145 lines)
4. reports/dislockout_vehicle_lst.jsp (79 lines)
5. reports/display_report.jsp (574 lines)
6. reports/email_battery.jsp (185 lines)
7. reports/email_battery_change.jsp (136 lines)
8. reports/email_battery_charge.jsp (128 lines)
9. reports/email_broadcastmsg.jsp (119 lines)
10. reports/email_curr_driv_report.jsp (207 lines)

## Test Coverage Results

**Test files found:** 0 (only 1 unrelated test exists: EncryptTest.java)
**Test coverage:** 0% - No tests exist for any of the reviewed files

## Findings Summary

**22 findings identified:**
- **3 CRITICAL** - SQL injection, resource leaks, data integrity violations
- **7 HIGH** - Path traversal, XSS, CSRF, access control bypass, session manipulation
- **5 MEDIUM** - Null safety, input validation, error exposure, sort validation
- **5 LOW** - Excel injection, locale validation, form tampering, date handling
- **2 INFO** - Type safety, dead code

## Most Critical Issues

1. **SQL Injection** (1_drivertech_fix.jsp) - Direct string concatenation in all SQL queries
2. **Resource Leaks** - No proper cleanup in error paths
3. **Transaction Management** - Multi-table updates without atomicity
4. **XSS Vulnerabilities** - Unencoded output in all display files
5. **Access Control Bypass** - Hardcoded admin access level

**Report written to:** `C:/Projects/cig-audit/repos/fleetiq/audit/2026-03-01-01/pass2/P63.md`

The audit is complete. No code was modified (report only as requested).
