## Security Audit Complete ✓

I've successfully completed the Pass 2 Test Coverage audit for agent P64. Here's what was found:

### Audit Summary
- **Files Reviewed:** 10 email report JSP files
- **Branch Verified:** ✓ multi-customer-sync-to-master
- **Test Files Found:** **ZERO** - No test coverage exists
- **Total Findings:** 20 security and quality issues

### Critical Issues Discovered

**CRITICAL (6 findings):**
1. **Hardcoded access level bypass** - 7 files have `access_level = "1"` hardcoded, bypassing security
2. **SQL injection risk** - All parameters passed to filter beans without validation
3. **Missing access control** - driver_league.jsp has NO access control at all
4. **Missing access control** - driver_licence_expiry_detail.jsp has NO access control
5. **XSS vulnerabilities** - All database output rendered without escaping
6. **Commented security code** - driver_impact_report.jsp has access control completely commented out

**HIGH (5 findings):**
- Null pointer exceptions on empty data
- Unsafe session attribute access
- No date/time input validation
- Integer parsing without error handling
- Filter initialization failures unhandled

**Additional:** 9 MEDIUM/LOW/INFO findings for robustness and maintainability

### Key Security Risks

These email reports are **completely untested** and contain multiple critical vulnerabilities:
- Any user can bypass access control by calling email JSPs directly
- SQL injection possible via unvalidated parameters
- XSS attacks if malicious data in database
- No error handling - crashes expose stack traces

**Report written to:** `C:/Projects/cig-audit/repos/fleetiq/audit/2026-03-01-01/pass2/P64.md`

The report includes detailed reading evidence for all 10 files, complete test coverage analysis, and 20 properly formatted findings with specific remediation guidance.
