Perfect! I've completed the P66 Pass 2 Test Coverage audit. Here's what I found:

## Summary

**Branch Verified:** ✅ multi-customer-sync-to-master

**Files Audited:** 10 JSP email report files
- email_preop_chk_detailed.jsp
- email_preop_chk_fail.jsp
- email_preop_chk_inc.jsp
- email_restricted_access_usage_report.jsp
- email_seat_hour_util.jsp
- email_serv_maintenance.jsp
- email_shock_summary.jsp
- email_super_master_auth_report.jsp
- email_unit_unlock.jsp
- email_unit_unlock_impact.jsp

**Test Coverage:** **0%** - NO test files found for any of these JSP files

## Key Findings (14 Total)

**CRITICAL Issues:**
1. **P66-F01:** Complete absence of test coverage for all 10 files
2. **P66-F02:** Untested hardcoded access level bypass (7 files set access_level="1")
3. **P66-F03:** Untested request parameter extraction and null handling
4. **P66-F04:** Untested session attribute access without null checks
5. **P66-F05:** Untested Excel report generation with file system access
6. **P66-F06:** Untested ArrayList data retrieval and rendering (XSS risk)

**Additional HIGH/MEDIUM/LOW findings** include untested customer-specific logic, ResourceBundle loading, timezone conversion, complex index calculations, and more.

The full detailed report with reading evidence for all scriptlets, methods, and specific line numbers has been written to:
**`C:/Projects/cig-audit/repos/fleetiq/audit/2026-03-01-01/pass2/P66.md`**
