✅ **Security Audit Agent P67 — Pass 2 Test Coverage — COMPLETE**

**Summary:**
- ✅ Branch verified: `multi-customer-sync-to-master`
- ✅ All 10 JSP source files read in full
- ✅ Comprehensive test file search conducted
- ✅ Reading evidence documented for each file
- ✅ Test coverage gaps identified
- ✅ 15 findings reported with severity ratings

**Key Findings:**
- **0% test coverage** - No test files exist for any of the 10 JSP reports
- **2 CRITICAL** - No unit tests, hardcoded authentication bypass (access_level = "1")
- **5 HIGH** - Input validation missing, XSS vulnerabilities, exception risks
- **3 MEDIUM** - Null checks, array bounds, complex calculations
- **5 LOW/INFO** - Logic mapping, UI rendering, configuration

**Most Severe Issues:**
1. All 8 email report JSPs bypass session authentication with hardcoded `access_level = "1"`
2. Zero input validation on request parameters creates SQL injection surface
3. XSS vulnerabilities from unescaped ArrayList output in all files
4. Core data beans (Databean_report, Databean_dyn_reports) have no tests

**Report written to:**
`C:/Projects/cig-audit/repos/fleetiq/audit/2026-03-01-01/pass2/P67.md`
