## Audit Complete ✓

I've successfully completed the Pass 2 Test Coverage audit for agent P69. Here's what was accomplished:

### Summary

**Files Analyzed:** 10 JSP report files (2,733 total lines)
- excel_driver_util.jsp (253 lines)
- excel_equipment_bypass_alert_report.jsp (87 lines)  
- excel_hour_counter.jsp (126 lines)
- excel_hourmeter_exception.jsp (176 lines)
- excel_impact_meter_report.jsp (258 lines)
- excel_impact_report.jsp (404 lines)
- excel_impact_report_exc.jsp (246 lines)
- excel_inspection_report.jsp (208 lines)
- excel_key_hour_util.jsp (177 lines)
- excel_monthly_online.jsp (198 lines)

### Critical Findings

**Test Coverage:** **0%** - ZERO tests found for any of the 10 JSP files

**20 Total Findings:**
- 🔴 **3 CRITICAL** - Complete absence of tests, no input validation tests, no access control tests
- 🟠 **4 HIGH** - No tests for data retrieval, Excel generation, UtilBean, or Databean_report.init()
- 🟡 **11 MEDIUM** - Missing tests for complex logic, null handling, color coding, URL construction, etc.
- 🔵 **2 LOW** - Missing tests for headers and date format handling

### Key Risks Identified

1. **No input validation testing** - All parameters accepted directly from HTTP requests without validation (SQL injection/XSS risk)
2. **No access control testing** - Session-based access control has zero validation
3. **No data integrity testing** - Complex ArrayList manipulation and nested loops untested
4. **No Excel generation testing** - Apache POI XLSX generation completely untested

**Report written to:** `C:/Projects/cig-audit/repos/fleetiq/audit/2026-03-01-01/pass2/P69.md`
