I've completed the security audit for test coverage on the 10 assigned files. The comprehensive report has been written to `C:/Projects/cig-audit/repos/fleetiq/audit/2026-03-01-01/pass2/P71.md`.

## Key Findings Summary:

**Test Coverage: 0%** - No test files exist for any of the reviewed JSP files.

**Critical Vulnerabilities (3):**
1. **Path Traversal** in file_dl.jsp and file_dl_url.jsp - allows arbitrary file downloads
2. **SQL Injection + Unauthorized DB Access** in fix_department.jsp - unvalidated parameters used in SQL queries
3. **No Authentication** on sensitive operations

**High Severity Issues (3):**
- XSS vulnerabilities across all Excel export reports
- Inadequate session validation and access control
- Missing input validation on all request parameters

**Medium/Low Issues (9):**
- Integer parsing without error handling
- Null pointer risks in ArrayList operations
- Resource leak vulnerabilities in file streams
- CSRF protection missing
- Complex calculation boundary cases untested
- Bean initialization untested
- Access level logic inconsistencies

**Recommended Immediate Actions:**
1. Disable file_dl.jsp, file_dl_url.jsp, and fix_department.jsp until secured
2. Implement authentication/authorization checks
3. Add input validation and SQL injection prevention
4. Create comprehensive security test suite

All findings include specific line numbers, severity ratings, detailed descriptions, and remediation recommendations.
