Perfect! I've completed the security audit for Pass 2 Test Coverage (Agent P75). Here's what I found:

## Audit Summary

**Branch Verified:** ✅ multi-customer-sync-to-master
**Files Reviewed:** 10 JSP report files
**Test Coverage Found:** 0% (Zero test files exist for any of these reports)

## Key Findings

I identified **22 test coverage gaps** with the following severity breakdown:

- **CRITICAL (6):** Zero test coverage, untested access control, untested input validation, XSS vulnerabilities, path traversal, database query execution
- **HIGH (6):** NPE risks in access control, NumberFormatException risks, array bounds issues, string operations, type casting, parallel array mismatches  
- **MEDIUM (10):** String comparison bugs, GPS validation, color coding, empty result handling, date handling, site-specific logic, filter logic

## Most Critical Issues

1. **F01-F02:** Complete absence of test coverage for security-critical access control logic
2. **F03-F04:** Null pointer and number format exceptions can bypass access control
3. **F05-F06:** No input validation or XSS protection testing - direct injection vulnerabilities
4. **F09:** Path traversal vulnerability in image file access
5. **F21:** No integration tests for database queries (SQL injection risk)

## Output

The complete audit report with detailed reading evidence, test coverage analysis, and 22 findings has been written to:
```
C:/Projects/cig-audit/repos/fleetiq/audit/2026-03-01-01/pass2/P75.md
```

Each finding includes severity, description, specific remediation steps, affected files, and line numbers in the required format.
