## Audit Complete ✓

I've successfully completed the security audit Pass 2 Test Coverage for P77. The report has been written to:
**C:/Projects/cig-audit/repos/fleetiq/audit/2026-03-01-01/pass2/P77.md**

### Summary of Findings:

**Test Coverage Status:** **0% - ZERO TESTS FOUND**
- The entire codebase has only 1 file named "Test" (EncryptTest.java), which is NOT a proper test file—it's a decompiled encryption utility
- No JUnit, TestNG, or any test framework exists in the repository
- All 10 JSP files have **complete absence of test coverage**

**15 Findings Identified:**
- **3 CRITICAL** - Input validation, access control, SQL injection risks
- **5 HIGH** - Error handling, date/time logic, service calculations, authorization data, lockout filtering
- **4 MEDIUM** - User activity, utilization calculations, percentage calculations, JavaScript charting
- **3 LOW** - Null parameter handling, site branching logic, array size validation

### Key Security Gaps:
1. **No input validation tests** - All request parameters used directly without tested sanitization
2. **No access control tests** - Session-based authorization completely untested
3. **No SQL injection tests** - Databean_report filter initialization untested
4. **No error handling tests** - Database failures and null returns unverified
5. **No authentication tests** - User login and activity tracking untested

The report provides detailed remediation steps for each finding, with specific line numbers and untested functions identified.
