Perfect! I've completed the security audit for P78 - Pass 2 Test Coverage. Here's a summary:

## Audit Summary

**Branch Verified:** ✓ multi-customer-sync-to-master

**Files Reviewed:** 10 JSP files
- 2 subscription management files
- 3 battery reporting files  
- 3 driver blacklist matrix variants
- 2 automated job trigger files

**Test Coverage Found:** **ZERO** - Only 1 test file exists in the entire repository (EncryptTest.java, which is a decompiled utility class, not a proper test)

**Findings:** 20 total
- **7 CRITICAL** severity (no tests for authentication, SQL injection, XSS, unauthorized operations)
- **5 HIGH** severity (no tests for session handling, access control logic, battery tracking)
- **6 MEDIUM** severity (no tests for error handling, edge cases, concurrent access)
- **2 LOW** severity (no tests for empty data, UI edge cases)

## Key Security Concerns

The most critical untested areas are:
1. **rpt_cal_impact.jsp & rpt_call_alertmail.jsp** - No authentication checks, can be triggered by direct URL access
2. **All JSP files** - SQL injection risks with unvalidated parameters
3. **All JSP files** - XSS vulnerabilities with unencoded output
4. **Subscription files** - No tests for delete confirmations or save validations
5. **Blacklist matrices** - No tests for access control enforcement

The full report with reading evidence and detailed findings has been written to:
`C:/Projects/cig-audit/repos/fleetiq/audit/2026-03-01-01/pass2/P78.md`
