## Test Coverage Audit Complete

I've successfully completed the Pass 2 test coverage audit for Agent P79. Here's what I found:

### Summary of Analysis

**Files Audited:** 10 JSP files
- rpt_call_driver_licence_msg.jsp
- rpt_call_dup_session.jsp
- rpt_call_ftp_fleet_questions.jsp
- rpt_call_mail.jsp
- rpt_call_recover_session.jsp
- rpt_call_remove_old_pstat.jsp
- rpt_canvas_disp_ajax.jsp
- rpt_cfts_alert.jsp
- rpt_check_driver_expiry.jsp
- rpt_check_driver_medical.jsp

### Critical Findings

**Test Coverage: 0%** - The repository has only ONE test file (EncryptTest.java) which tests unrelated encryption utilities. None of the audited JSP files or their underlying Java classes have any test coverage.

**18 Security & Quality Findings:**
- **2 CRITICAL** - SQL injection vulnerabilities, untested safety-critical license expiry system
- **6 HIGH** - Session management, FTP uploads, email alerts, driver/medical/inspection alerts
- **7 MEDIUM** - AJAX functionality, parameter handling, database failures
- **2 LOW** - Error handling, utility initialization
- **2 INFO** - Dead code, missing test infrastructure

### Most Critical Issues

1. **SQL Injection Risk** - DriverDAO uses string concatenation for SQL queries with user-supplied parameters (user_cd, weigand, debug) - no tests verify sanitization

2. **Safety-Critical System Untested** - Driver license expiry notifications that control vehicle access have zero test coverage

3. **No Test Infrastructure** - Repository lacks JUnit, test directories, CI/CD test execution

### Report Location
Full detailed report written to: `C:/Projects/cig-audit/repos/fleetiq/audit/2026-03-01-01/pass2/P79.md`

The report includes complete reading evidence, test coverage analysis, and specific remediation steps for each finding.
