## Test Coverage Audit Complete ✓

I have successfully completed the Pass 2 test coverage audit for agent P80. The comprehensive report has been written to:
**`C:/Projects/cig-audit/repos/fleetiq/audit/2026-03-01-01/pass2/P80.md`**

### Summary of Findings:

**Files Audited:** 10 JSP report files
- All 10 files reviewed in full with complete reading evidence documented
- Searched entire repository for test coverage
- Found **ZERO test files** for any of the reviewed JSP files or their underlying beans

### Critical Discoveries:

1. **No Test Infrastructure:** Only 1 file named "Test" exists (`EncryptTest.java`), which is actually a utility class, NOT a test file
2. **Zero Coverage:** No JUnit, TestNG, or any testing framework tests found
3. **Core Beans Untested:** `Databean_report` and `Databean_dyn_reports` (used by all JSPs) have zero test coverage

### Findings Breakdown:
- **18 Total Findings**
  - 5 CRITICAL severity (SQL injection, XSS, session security, authorization bypass, untested core beans)
  - 5 HIGH severity (NumberFormatException, ArrayList bounds, filter.init failures, AJAX errors, UtilBean)
  - 6 MEDIUM severity (empty results, date validation, null sanitization, email/print functions)
  - 2 LOW severity (chart rendering, datepicker validation)

### Most Critical Gaps:
1. **P80-F16:** No tests for core Databean classes that handle all database operations
2. **P80-F02:** Request parameters used without validation (SQL injection risk)
3. **P80-F18:** All output rendered without XSS protection
4. **P80-F01:** Session attributes accessed without null checks
5. **P80-F09:** Access control enforcement never verified

The report includes detailed reading evidence proving I read each file completely, specific line numbers for every issue, and actionable remediation steps for each finding.
