## Security Audit Complete ✓

I've successfully completed the Pass 2 test coverage audit for agent P81. The report has been written to:
**`C:/Projects/cig-audit/repos/fleetiq/audit/2026-03-01-01/pass2/P81.md`**

### Key Findings Summary:

**CRITICAL Discovery:** This codebase has **ZERO automated tests**. The file named "EncryptTest.java" is not a test file but a utility class for encryption.

**20 Security Findings Identified:**
- **7 CRITICAL** severity issues
- **5 HIGH** severity issues  
- **8 MEDIUM** severity issues

### Top Critical Issues:

1. **Complete absence of test infrastructure** - No JUnit, TestNG, or any test framework exists
2. **Untested access control logic** - All authorization checks lack verification
3. **AJAX XML parsing XSS vulnerability** - Untested XML parsing that inserts directly into DOM
4. **No CSRF protection** - State-changing operations lack anti-CSRF tokens
5. **SQL injection vectors** - All request parameters passed to database without validation tests
6. **Path traversal in image display** - File paths concatenated without validation
7. **GPS coordinate exposure** - Location data exposed without authorization tests

### What Was Analyzed:

✓ Read all 10 JSP source files in full (167-747 lines each)  
✓ Documented every scriptlet, function, and method invocation  
✓ Searched entire repository for test files (found only 1 non-test file)  
✓ Analyzed Java beans (Databean_security, Databean_report)  
✓ Identified all security-critical functionality  
✓ Documented test coverage gaps with specific remediation steps

The report includes detailed reading evidence for each file and 20 comprehensive findings with exact line numbers, severity ratings, descriptions, and specific fix recommendations.
