I've completed the comprehensive Pass 2 Test Coverage audit for agent P82. Here's what I found:

## Audit Summary

**Branch Verified:** ✅ multi-customer-sync-to-master

**Files Audited:** 10 JSP report files
- rpt_monthly.jsp
- rpt_monthly_charts.jsp  
- rpt_monthly_online.jsp
- rpt_national_monthly.jsp
- rpt_national_monthly_charts.jsp
- rpt_override_code_lst.jsp
- rpt_preop_chk.jsp
- rpt_preop_chk_fail.jsp
- rpt_preop_chk_inc.jsp
- rpt_seat_hour_usage.jsp

**Test Coverage Found:** **ZERO** - No test infrastructure exists in the repository
- No test directories
- No JUnit/TestNG dependencies  
- No test files (EncryptTest.java is a decompiled utility, not a test)
- No unit, integration, or automated tests of any kind

## Critical Findings

**20 findings identified:**
- **2 CRITICAL** - Complete lack of tests, XSS vulnerabilities
- **5 HIGH** - Input validation gaps, insecure session defaults, CSRF/XXE risks, sensitive data exposure
- **6 MEDIUM** - Error handling, null safety, inconsistent access controls
- **5 LOW** - Hardcoded values, edge cases, maintenance issues
- **2 INFO** - Concurrency, integration testing gaps

## Top Security Risks (Untested)

1. **XSS vulnerabilities** - chartURL and parameters rendered without encoding
2. **Access control bypass** - defaults to level "5" if session is empty
3. **Master override codes** - displayed in plain text without encryption
4. **CSRF attacks** - AJAX endpoints lack token protection
5. **XXE attacks** - XML parsing without external entity protection
6. **SQL injection** - date parameters used without validation

The complete detailed report with reading evidence, analysis, and 20 detailed findings has been written to:
**C:/Projects/cig-audit/repos/fleetiq/audit/2026-03-01-01/pass2/P82.md**
