Perfect! I've completed the Pass 2 Test Coverage audit for agent P84. Here's what I found:

## Summary

**Branch verified:** ✅ multi-customer-sync-to-master

**Files reviewed:** 10 JSP files (all report generation pages)

**Test coverage status:** 
- **ZERO test files found** for any of the 10 source files
- **No indirect test coverage** detected
- **No unit tests** for the Java beans used by these JSPs

## Key Findings

I've identified **20 critical test coverage gaps** including:

### Most Critical Issues:
1. **P84-F03**: Timezone synchronization with no error handling or tests (CRITICAL)
2. **P84-F04**: Pre-operational check updates with no validation (CRITICAL)
3. **P84-F06**: GPS data endpoint lacks security and validation tests (CRITICAL)
4. **P84-F10**: Excel file generation vulnerable to path traversal (CRITICAL)
5. **P84-F12**: Session-based access control completely untested (CRITICAL)
6. **P84-F14**: Parameter injection vulnerabilities across all files (CRITICAL)

### Coverage Gaps:
- 42+ JavaScript functions with zero test coverage
- All AJAX operations untested (network errors, malformed responses)
- All access control logic untested (5 different access levels)
- All date/time validation missing
- All Excel export functionality untested
- All null/empty data edge cases untested

The complete report with detailed evidence and remediation recommendations has been written to:
**C:/Projects/cig-audit/repos/fleetiq/audit/2026-03-01-01/pass2/P84.md**
