## Audit Complete ✓

I've completed the Pass 2 Test Coverage audit for Agent P87. Here's what was accomplished:

**Branch verified:** multi-customer-sync-to-master ✓

**Files analyzed (full read):**
1. security/get_mail_data.jsp (39 lines)
2. security/get_module_data.jsp (35 lines)  
3. security/output.jsp (164 lines)
4. security/threshold_par.jsp (169 lines)

**Test coverage search results:**
- Only 1 test file exists in entire repository: `EncryptTest.java` (unrelated)
- **Zero test coverage** found for any of the 4 JSP files
- No test files reference these JSPs
- No integration tests exist

**Key findings: 15 total**
- **CRITICAL (5):** Zero test coverage for security endpoints, SQL injection vulnerabilities untested, no auth/authz testing
- **HIGH (5):** Hardcoded file paths, untested resource cleanup, untested exception handling, no backend tests
- **MEDIUM (4):** Unused parameters, null safety issues, XML encoding not verified
- **LOW (1):** Missing edge case tests

**Most severe issues:**
1. Multiple SQL injection vulnerabilities in output.jsp and threshold_par.jsp (lines 92-122, 106-127) - **completely untested**
2. No authentication/authorization tests for admin recalibration functions
3. Hardcoded file paths "D:/reset.csv" and "D:/PAR_messages.log" with no validation
4. Direct string concatenation in SQL queries instead of parameterized statements

**Report written to:** `C:/Projects/cig-audit/repos/fleetiq/audit/2026-03-01-01/pass2/P87.md`

The audit reveals a critical security and quality gap - these security-sensitive administrative functions have zero automated test coverage, allowing SQL injection and other vulnerabilities to exist undetected.
