## Security Audit Complete ✓

I've successfully completed the Pass 2 Test Coverage audit for agent P88. Here's what was analyzed:

### Files Reviewed
- **sess/Expire.jsp** (189 lines)
- **sess/Expire2.jsp** (192 lines)  
- **sess/_expire.jsp** (190 lines)

### Key Findings

**Test Coverage: 0%** - No test files exist for any of these critical security components.

**12 Total Findings:**
- 🔴 **3 CRITICAL**: Session validation, dealer validation, and authorization logic have no test coverage
- 🟠 **4 HIGH**: Parameter extraction, Databean_cdisp integration, access list validation, and NPE vulnerability in Expire2.jsp
- 🟡 **3 MEDIUM**: Access level overrides, SessionVar static fields, and special value handling
- 🔵 **2 LOW**: Debug logging inconsistencies and JSP forward messages

### Critical Security Gaps

These JSP files implement authentication and authorization controls protecting the entire application, yet have:
- No automated verification of session expiration logic
- No tests for multi-level access control (customer/site/department permissions)
- No validation of dealer access bypass rules
- No coverage for comma-separated permission list parsing
- **One active bug**: Expire2.jsp:95 has potential NullPointerException (missing null check)

### Report Location
Full detailed report written to:
```
C:/Projects/cig-audit/repos/fleetiq/audit/2026-03-01-01/pass2/P88.md
```

The report includes complete reading evidence (all scriptlet blocks, methods, line numbers) and specific remediation recommendations for each finding.
