## Security Audit Complete ✓

I've successfully completed the Pass 2 Test Coverage audit for agent S01. Here's what was analyzed:

### Files Reviewed (8 SQL migration scripts)
- FLEETIQ_AUG_2022.sql
- FLEETIQ_JAN_2022.sql  
- FLEETIQ_JAN_2023.sql
- FLEETIQ_JUN_2022.sql
- FLEETIQ_MAR_2022.sql
- FLEETIQ_MAY_2022.sql
- FLEETIQ_NOV_2022.sql
- FLEETIQ_SEPT_2022.sql

### Key Findings Summary
**Total Findings: 25**

**Critical (3):**
- No automated tests for ANY database migration scripts
- Untested stored procedure: `sp_store_preop_comments` (complex parsing logic)
- Untested stored procedure: `sp_store_prompt_type` (complex parsing logic)

**High (6):**
- No tests for 4 new table creations
- Missing foreign key constraints across multiple tables
- No rollback scripts for any migrations
- No integration tests with production code

**Medium (15):**
- Untested column additions across 6 tables
- No performance tests for bulk UPDATE statements
- Silent error handling masking data corruption
- Missing edge case coverage

**Critical Risk:** 
The repository has effectively **ZERO test coverage** for database changes. The only "test" file found (EncryptTest.java) is just a utility class, not an actual test. All database migrations affecting 13+ tables, 15+ columns, and 2 stored procedures are deployed without any automated validation.

**Output written to:** `C:/Projects/cig-audit/repos/fleetiq/audit/2026-03-01-01/pass2/S01.md`
