## Security Audit Complete ✓

I've completed the **Pass 2 Test Coverage Audit** for Agent S03. Here's what I found:

### Summary

**Branch Verified:** ✓ multi-customer-sync-to-master

**Files Reviewed:**
- `sql/sp_equipment_bypass_alert.sql`
- `sql/sp_get_driver_name.sql`  
- `sql/sp_opchks_response.sql`

### Test Coverage Status: **ZERO** for all three stored procedures

**No test files found:**
- No SQL test files exist in the repository
- No Java test files for DriverUtil.java or related classes
- No integration tests calling these stored procedures

### Key Findings: 25 Total

**CRITICAL Severity (4 findings):**
- S03-F01: sp_equipment_bypass_alert - Zero test coverage for critical email alert function
- S03-F07: sp_get_driver_name - Zero test coverage for driver name retrieval
- S03-F08: Untested firmware version check bypass
- S03-F13: sp_opchks_response - Zero test coverage for pre-op checklist function
- S03-F14: Untested critical answer validation and maintenance mode triggering

**HIGH Severity (8 findings):**
- Dynamic SQL execution vulnerabilities
- Impact threshold and duration calculations
- CARD_ID ILIKE queries and injection risks
- Default user_cd=2 fallback logic
- Duplicate answer prevention
- Email alert triggering

**MEDIUM/LOW (13 findings):**
- Edge cases, NULL handling, performance testing

### Report Location
📄 **`C:/Projects/cig-audit/repos/fleetiq/audit/2026-03-01-01/pass2/S03.md`**

All findings follow the required format with severity, description, fix recommendations, file paths, and line numbers.
