✅ **Audit Complete - Agent C02 Pass 4 Code Quality**

I've completed the code quality audit of the three Messages properties files. Here's a summary:

## Files Reviewed (2,267 lines each)
- WEB-INF/src/main/resource/Messages.properties
- WEB-INF/src/main/resource/Messages_en.properties  
- WEB-INF/src/main/resource/Messages_en_US.properties

## Key Findings (14 total):

**Critical Issues:**
- **Syntax Error** (line 992): Uses hyphen `-` instead of equals `=` as delimiter

**High Severity:**
- **Duplicate Keys**: 24+ properties defined multiple times with conflicting values (e.g., `gen.error.dberror` appears 3 times)

**Medium Severity:**
- **Spelling Errors**: Consistent misspellings throughout:
  - "Sucessfully" instead of "Successfully" (4+ instances)
  - "accurary" instead of "accuracy" (2 instances)
  - "circumtances" instead of "circumstances" (2 instances)
  - "occured" instead of "occurred" (1 instance)
- **File Duplication**: Three nearly identical files violating DRY principle
- **Inconsistent Values**: Locale files have unintentional variations and typos

**Low/Info:**
- Inconsistent naming conventions (rpt.* vs report.* vs reports.*)
- Mixed British/American English spelling
- Formatting inconsistencies
- Missing newline at EOF

Report written to: **C:/Projects/cig-audit/repos/fleetiq/audit/2026-03-01-01/p4-C02-temp.md**
