Perfect! I've completed the Pass 4 Code Quality audit for agent J05. Here's what I found:

## Audit Summary

**Files Reviewed:** 3 JavaBean classes
- DriverLeagueBean.java (71 lines)
- EntityBean.java (56 lines)  
- EquipmentBypassAlert.java (51 lines)

**Total Findings:** 7
- **MEDIUM:** 2 findings
  - Package-private fields breaking encapsulation (leaky abstraction)
  - Inconsistent Serializable implementation
- **LOW:** 5 findings
  - Empty JavaDoc comment
  - Inconsistent field access modifiers
  - Inconsistent indentation styles (tabs vs spaces)
  - Redundant field initialization
  - Inconsistent spacing

## Key Issues

The most significant problems are:
1. **EntityBean** and **EquipmentBypassAlert** use package-private fields instead of private, allowing direct field access and violating encapsulation
2. Only **EntityBean** implements Serializable, creating inconsistency across similar bean classes
3. Multiple style inconsistencies (indentation, spacing, initialization patterns) that hurt maintainability

The audit report has been written to:
`C:/Projects/cig-audit/repos/fleetiq/audit/2026-03-01-01/p4-J05-temp.md`

No code was modified—this is a report-only audit as instructed.
