Perfect! I've completed the Pass 4 Code Quality audit for agent J09. Here's a summary of what I found:

## Summary

**Files Audited:** 3 Java bean classes
- MenuBean.java
- MymessagesUsersBean.java  
- NetworkSettingBean.java

**Total Findings:** 8 issues identified

### Breakdown by Severity:
- **MEDIUM (2):**
  - Package-private fields in MymessagesUsersBean violating encapsulation
  - Misspelled field name "descrption" (should be "description")

- **LOW (6):**
  - Unused ArrayList import in MenuBean
  - Inconsistent field naming within MenuBean (mix of underscore and camelCase)
  - Empty Javadoc comments in MymessagesUsersBean and NetworkSettingBean
  - Underscore naming convention violations in MymessagesUsersBean
  - Cross-class naming inconsistency across all three beans

### Key Issues:
1. **Leaky abstraction**: MymessagesUsersBean's fields lack `private` modifiers, exposing internals
2. **Naming chaos**: Three different naming patterns across beans in the same package
3. **Code clutter**: Empty Javadoc blocks and unused imports
4. **Typo**: "descrption" field name is misspelled throughout the API

The complete audit report with reading evidence and detailed findings has been written to:
`C:/Projects/cig-audit/repos/fleetiq/audit/2026-03-01-01/p4-J09-temp.md`
