I've completed the Pass 4 Code Quality audit for agent J22. Here's a summary:

## Audit Summary

**Files Reviewed:** 3 Java chart classes
**Branch Verified:** ✅ multi-customer-sync-to-master
**Total Findings:** 17

### Key Issues Found:

**JfreeGroupStackChart.java (6 findings):**
- Commented-out code (MEDIUM)
- Dead code in constructor - unused variables (MEDIUM)
- 9 unused imports (LOW)
- Deprecated org.jfree.ui API usage (MEDIUM)
- Empty stub method (LOW)
- Mixed tabs/spaces (LOW)

**LineChartR.java (4 findings):**
- Unused constructor parameter `yAxis` (MEDIUM)
- Typo: `caculateyAxis` should be `calculateYAxis` (LOW)
- Method naming: `setyAxis()` should be `setYAxis()` (LOW)
- Inconsistent indentation (LOW)

**LineChartR_au.java (7 findings):**
- Class name with underscore `LineChartR_au` (LOW)
- Same typo: `caculateyAxis` (LOW)
- Same naming issue: `setyAxis()` (LOW)
- Magic number: unexplained `+ 1` (LOW)
- Magic number: hardcoded array size 25 (LOW)
- Inconsistent API with sibling class LineChartR (MEDIUM)
- Mixed indentation (LOW)

The complete audit report with detailed descriptions, fixes, and line numbers has been written to:
**C:/Projects/cig-audit/repos/fleetiq/audit/2026-03-01-01/p4-J22-temp.md**
