Perfect! I've completed the Pass 4 Code Quality audit for agent J23. Here's what I found:

## Summary

**Files Reviewed:** 3 Java files
- PieChartR.java
- StackedBarChart.java  
- BatteryChargeBean.java

**Total Findings:** 16 code quality issues

### Breakdown by File:

**PieChartR.java** - 3 findings:
- Java Bean naming convention violations (getyAxisLabel methods)
- Missing explicit access modifiers on fields
- Example code comment suggesting incomplete implementation

**StackedBarChart.java** - 13 findings:
- serialVersionUID field without Serializable interface
- Raw type usage (ArrayList without generics)
- 3 blocks of commented-out code
- 5 unused fields (wFrom, wTo, location, x, deptsKeys)
- Unused import (ApplicationFrame)
- Inconsistent access modifiers
- Java Bean naming violations (getwFrom/getwTo)

**BatteryChargeBean.java** - 0 findings:
- Clean, well-structured bean class

The audit report has been written to: **C:/Projects/cig-audit/repos/fleetiq/audit/2026-03-01-01/p4-J23-temp.md**

All findings include severity ratings, descriptions, specific fix recommendations, file paths, and line numbers as required.
