Perfect! I've completed the Pass 4 Code Quality audit for agent J25. Here's a summary:

## Audit Complete ✓

**Files Reviewed:** 3 Java files
- ChartMailListBean.java (38 lines)
- ChartsExcelDao.java (1839 lines) 
- CustLocBean.java (23 lines)

**Branch Verified:** ✓ multi-customer-sync-to-master

## Findings Summary: 23 Issues

**By Severity:**
- **CRITICAL (1):** SQL injection vulnerabilities throughout ChartsExcelDao.java
- **MEDIUM (10):** Commented-out code blocks (each instance counted separately), unreachable code, raw types, type inconsistencies
- **LOW (11):** Unused variables, ineffective error handling, naming inconsistencies, empty constructor
- **INFO (1):** Trailing whitespace

**Key Issues:**
1. **SQL Injection (CRITICAL):** String concatenation used for SQL queries instead of PreparedStatements
2. **Commented-out code:** 10 separate blocks that should be removed
3. **Unreachable code:** Condition that can never be true (length < 0)
4. **Raw types:** Multiple ArrayList declarations without type parameters
5. **Type inconsistency:** custCd is int in one bean, String in another
6. **Unused variables:** Several ArrayList objects created but never used
7. **Naming conventions:** Mixed snake_case and camelCase parameters

**Output written to:** `C:/Projects/cig-audit/repos/fleetiq/audit/2026-03-01-01/p4-J25-temp.md`

All findings include specific line numbers, descriptions, and recommended fixes. No code has been modified per the instructions.
