Perfect! I've completed the Pass 4 Code Quality audit for agent J30. Here's what I found:

## Summary

**Files Audited:**
- UserLoginBean.java (24 lines)
- UserLoginChart.java (132 lines)  
- UnitDAO.java (2649 lines)

**Total Findings: 16**

### Critical Issues:
- **J30-F05**: SQL injection vulnerabilities throughout UnitDAO - string concatenation instead of prepared statements (100+ instances)

### High-Priority Issues:
None identified

### Medium Severity:
- **J30-F02**: Commented-out code in UserLoginChart
- **J30-F07**: Inconsistent error handling - silently swallowing exceptions
- **J30-F08**: Commented-out code blocks throughout UnitDAO
- **J30-F12**: Raw type usage causing unchecked warnings
- **J30-F14**: Potential resource leaks in exception scenarios

### Low Severity & Info:
- Naming convention violations (methods, parameters)
- Code style inconsistencies
- Magic numbers without constants
- Dead code (unused method calls)
- Wildcard imports

The most serious issue is the **SQL injection vulnerability** (F05) which affects the entire UnitDAO class and should be addressed immediately. The audit report has been written to:

`C:/Projects/cig-audit/repos/fleetiq/audit/2026-03-01-01/p4-J30-temp.md`
