## Audit Complete ✓

I've completed the Pass 4 Code Quality audit for agent J32. Here's a summary of what I found:

### Summary of Findings

**28 total findings across 3 files:**

**Critical (1):**
- Thread-safety issue in Pct_utilisation servlet - instance fields used in multi-threaded servlet environment

**High (3):**
- SQL injection vulnerabilities in all three servlets due to string concatenation in query building

**Medium (8):**
- Extensive commented-out code (especially in Pct_utilisation: 45+ lines)
- Debug System.out.println statements left in production code
- Resource cleanup code duplicated across all servlets
- Utility methods duplicated across servlets (mapValue, mapKey, addSeries)
- Query building logic duplicated within servlets

**Low (16):**
- Unused imports (ResourceBundle, SessionVar)
- Class naming with underscore (Pct_utilisation)
- Double semicolon typo
- Magic number "2" for driver_cd without explanation
- Inconsistent field access modifiers
- Various style inconsistencies

The most critical issue is **J32-F01** in Pct_utilisation.java where instance fields are used to store request-specific data in a servlet, which will cause race conditions and data corruption in production with concurrent users.

The report has been written to:
**C:/Projects/cig-audit/repos/fleetiq/audit/2026-03-01-01/p4-J32-temp.md**
