Perfect! I've completed the Pass 4 Code Quality audit for agent J34. 

## Summary

**Branch verified:** ✅ multi-customer-sync-to-master

**Files audited:**
1. TableServlet.java (694 lines)
2. Utilisation.java (1262 lines)  
3. Frm_MaxHourUsage.java (197 lines)

**Findings:** 11 total
- **CRITICAL (1):** SQL injection vulnerabilities through string concatenation in both servlet files
- **MEDIUM (4):** Commented-out code blocks, raw type usage, leaky abstraction
- **LOW (6):** Unused fields/variables, style inconsistencies, auto-generated TODO comments, empty default cases

**Key Issues:**
- Multiple blocks of commented-out code cluttering both servlets
- Severe SQL injection vulnerabilities from concatenating user input directly into SQL queries
- Unused instance fields and local variables creating dead code
- Raw ArrayList types without generics causing compiler warnings
- Inconsistent code style (serialVersionUID access modifiers, field naming patterns)
- Public static utility method exposing servlet implementation details

The complete audit report has been written to:
`C:/Projects/cig-audit/repos/fleetiq/audit/2026-03-01-01/p4-J34-temp.md`

No code was modified - this is a report-only audit as instructed.
