Perfect! I've completed the Pass 4 Code Quality audit for agent J35. Here's a summary of what was done:

## Audit Summary

**Branch verified:** ✅ multi-customer-sync-to-master

**Files reviewed:** 3 Java files
1. Frm_excel.java (1,082 lines)
2. Frm_inaUnit_rpt.java (229 lines)  
3. Frm_month_rpt.java (767 lines)

**Reading evidence provided:** Complete class analysis with all public methods, fields, and line numbers

**Findings identified:** 20 code quality issues

### Findings Breakdown by Severity:
- **MEDIUM:** 11 findings
  - Deprecated API usage (Font.BOLDWEIGHT_BOLD, CellStyle constants)
  - Commented-out code blocks (6 instances)
  - Raw type usage
  - Code duplication
  
- **LOW:** 8 findings
  - Empty methods
  - Naming convention violations
  - TODO comments
  - JavaDoc errors
  - Parameter typos
  - String typos
  
- **INFO:** 1 finding
  - Redundant generic type specification

### Key Issues Found:
1. **Deprecated Apache POI APIs** - Both Font.BOLDWEIGHT_BOLD and CellStyle alignment/border constants are deprecated
2. **Commented-out code** - Multiple blocks of dead code (testing code, alternative implementations)
3. **Naming inconsistencies** - Mix of snake_case and camelCase
4. **Code duplication** - 140 lines of duplicated logic in Frm_inaUnit_rpt.java

**Output written to:** `C:/Projects/cig-audit/repos/fleetiq/audit/2026-03-01-01/p4-J35-temp.md`
