✅ **Audit Complete - Agent J37 Pass 4 Code Quality**

I've successfully audited all three Java files and produced a comprehensive code quality report. Here's what I found:

## Summary of Findings: 14 Total
- **MEDIUM severity (7):** Raw type usage, commented-out code, code duplication, missing exception declarations
- **LOW severity (7):** Duplicate imports, poor naming, unused variables, inconsistent patterns

## Key Issues Identified:

1. **Systematic Problems Across All Files:**
   - Commented-out `autoSizeColumn(0)` code in all 3 files
   - Code duplication of parameter normalization logic (lines 52-60, 39-47, 50-58)
   - Duplicate ArrayList imports in 2 files

2. **Build Warnings:**
   - Raw type ArrayList usage (missing generics) in EmailBatteryReport.java and EmailCimplicityShockReport.java
   - This generates unchecked compiler warnings

3. **Dead Code:**
   - Unused UnitDAO instantiations in EmailBroadcastMsgReport.java (line 69) and EmailCimplicityShockReport.java (line 81)

4. **Inconsistent Exception Handling:**
   - EmailBroadcastMsgReport and EmailCimplicityShockReport missing throws clauses that EmailBatteryReport has

The detailed report with all 14 findings has been written to:
`C:/Projects/cig-audit/repos/fleetiq/audit/2026-03-01-01/p4-J37-temp.md`

No code was modified - this is a report-only audit as requested.
