Perfect! I've completed the Pass 4 Code Quality audit for agent J39. Here's what I found:

## Summary

**Branch verified:** ✅ multi-customer-sync-to-master

**Files audited:** 3 Java files (EmailDailyVehSummaryReport, EmailDriverAccessAbuseReport, EmailDriverImpactReport)

**Total findings:** 18
- **MEDIUM severity:** 7 findings
  - Multiple blocks of commented-out code
  - Raw ArrayList types without generics (compiler warnings)
  - Code duplication between init() and init2() methods
  
- **LOW severity:** 11 findings
  - Duplicate ArrayList imports (all 3 files)
  - Unused variables, fields, and imports
  - Style inconsistencies

## Key Issues Across All Files:
1. **All three files** have duplicate `ArrayList` imports
2. **All three files** use raw ArrayList types without generics, generating deprecation warnings
3. **All three files** contain commented-out code that should be removed
4. EmailDriverAccessAbuseReport has the most issues including unused fields, duplicate methods, and code duplication

The complete audit report with reading evidence and all 18 findings has been written to:
`C:/Projects/cig-audit/repos/fleetiq/audit/2026-03-01-01/p4-J39-temp.md`

As requested, I have **NOT fixed** any issues—this is a report-only audit.
