Perfect! I've completed the Pass 4 Code Quality audit for agent J41. Here's what I found:

## Audit Summary

**Files Audited:**
- EmailImpactMeterReport.java
- EmailImpactReport.java  
- EmailKeyHourUtilReport.java

**Key Findings:** 25 actual issues identified

### Most Critical Issues:

1. **HIGH Severity** - EmailKeyHourUtilReport has swapped subtitle values (lines 103-105) where Customer/Site/Dept labels are mapped to the wrong data, which will display incorrect information to users.

2. **MEDIUM Severity Issues:**
   - Commented-out code blocks in multiple locations
   - Raw ArrayList usage throughout (no generics), causing compiler warnings
   - Hardcoded URL domains that should be in configuration

3. **LOW Severity Issues:**
   - Multiple unused imports (UtilBean, DecimalFormat)
   - Dead code (unused variables, unused UnitDAO instances)
   - Inconsistent naming conventions (snake_case vs PascalCase vs camelCase)
   - Double semicolons

### Notable Pattern:
EmailImpactMeterReport.java and EmailImpactReport.java are nearly identical and share the same code quality issues, suggesting potential code duplication that could be refactored.

The full audit report has been written to: **C:/Projects/cig-audit/repos/fleetiq/audit/2026-03-01-01/p4-J41-temp.md**
