Perfect! I've completed the Pass 4 Code Quality audit for agent J45. Here's a summary of what I found:

## Summary

**Files Audited:** 3 Java files (EmailUtilisationReport, ExcelBatteryReport, ExcelBroadcastMsgReport)

**Total Findings:** 13

**Breakdown by Severity:**
- **MEDIUM:** 4 findings (commented-out code, raw type usage, unused variable)
- **LOW:** 9 findings (duplicate/unused imports, naming inconsistencies, missing access modifiers)

**Key Issues Identified:**

1. **EmailUtilisationReport.java** - Most problematic file with 8 findings including:
   - Commented-out debug code
   - Raw type ArrayList usage (8 instances)
   - Unused UnitDAO instantiation
   - Duplicate and unused imports
   - Inconsistent naming conventions (camelCase vs snake_case)

2. **ExcelBatteryReport.java** - 4 findings:
   - Raw type ArrayList usage (4 instances)
   - Unused imports (Vector, UnitDAO)
   - Missing field access modifier

3. **ExcelBroadcastMsgReport.java** - 1 finding:
   - Missing field access modifier

The audit report has been written to: `C:/Projects/cig-audit/repos/fleetiq/audit/2026-03-01-01/p4-J45-temp.md`

All findings follow the required format with Severity, Description, Fix, File, and Line(s) fields. No code has been modified—this is a report-only audit as requested.
