✅ **Audit Complete - Agent J46 Pass 4 Code Quality**

**Summary:**
- **Files reviewed:** 3 Java files
- **Total findings:** 24 (5 MEDIUM, 19 LOW)
- **Branch verified:** multi-customer-sync-to-master ✓
- **Output written to:** `C:/Projects/cig-audit/repos/fleetiq/audit/2026-03-01-01/p4-J46-temp.md`

**Key quality issues identified:**

1. **Build Warnings (MEDIUM):**
   - Raw type usage across all files - ArrayList without generic parameters
   - Duplicate imports causing compiler warnings

2. **Dead Code (LOW-MEDIUM):**
   - UnitDAO variable instantiated but unused in all 3 files
   - Unused imports (UtilBean)
   - Unused variable (vveh_typ_cd in ExcelCurrDrivReport)

3. **Commented Code (MEDIUM):**
   - Lines 80-82 in ExcelCurrDrivReport contain commented-out conditional logic

4. **Logic Issues (MEDIUM):**
   - Ineffective loop in ExcelCimplicityUtilReport (lines 108-110) only uses last iteration

5. **Style Inconsistencies (LOW):**
   - Inconsistent brace spacing in class declarations
   - Inconsistent parameter naming (st/et vs from/to)
   - Package naming inconsistency (fms6 vs frms6)

All findings documented with specific line numbers, severity ratings, and remediation recommendations. **Report-only mode - no fixes applied.**
