Perfect! I've completed the Pass 4 Code Quality audit for agent J50. Here's what I found:

## Summary

**Branch Verified:** ✅ multi-customer-sync-to-master

**Files Reviewed:** 3 Java files
- ExcelImpactReport.java
- ExcelImpactReportBmw.java  
- ExcelKeyHourUtilReport.java

**Total Findings:** 22 issues identified

### Key Issues Found:

**HIGH Severity (1):**
- Massive code duplication in ExcelKeyHourUtilReport (145+ duplicate lines)

**MEDIUM Severity (7):**
- Raw type usage without generics (build warnings)
- Leaky abstractions (package-private fields exposing internals)
- Hardcoded URL in business logic
- Duplicate severity styling code

**LOW Severity (14):**
- 6 unused imports
- 2 dead code instances (unused UnitDAO objects)
- Multiple naming convention violations
- Non-descriptive variable names
- String literal duplication
- Inconsistent formatting

All findings have been documented with specific line numbers, detailed descriptions, and recommended fixes in:
`C:/Projects/cig-audit/repos/fleetiq/audit/2026-03-01-01/p4-J50-temp.md`

The audit is complete. No code was modified per instructions.
