Perfect! I've completed the Pass 4 Code Quality audit for agent J58. Here's what I found:

## Summary

**Files Audited:** 3 Java bean files
- DriverAccessAbuseBean.java
- DriverImpactReportBean.java  
- DriverLicenceExpiryBean.java

**Total Findings:** 15

**Key Issues Identified:**

1. **Duplicate Import** (1 finding) - ArrayList imported twice in DriverAccessAbuseBean
2. **Raw Type Usage** (6 findings) - All three files use raw ArrayList types without generics, generating unchecked warnings
3. **Naming Convention Violations** (3 findings) - All files use underscore notation instead of Java camelCase
4. **Encapsulation Issues** (3 findings) - Package-private fields expose internal state
5. **Inconsistent Generics** (1 finding) - Mixed use of raw and parameterized types
6. **Style Issues** (1 finding) - Trailing whitespace

**Severity Breakdown:**
- MEDIUM: 9 findings (raw types, encapsulation violations)
- LOW: 5 findings (naming, style inconsistencies)
- INFO: 1 finding (trailing whitespace)

The report has been written to: `C:/Projects/cig-audit/repos/fleetiq/audit/2026-03-01-01/p4-J58-temp.md`

All findings include specific line numbers, descriptions, and recommended fixes. No code has been modified per the audit instructions.
