Audit complete! I've analyzed all three source files and documented 15 code quality findings in the output file.

## Summary of Findings:

**Critical Issues (1):**
- SQL injection vulnerabilities from string concatenation in queries

**High Issues (1):**
- Resource management issues - no try-with-resources usage

**Medium Issues (4):**
- Raw type usage without generics (build warnings)
- Commented-out code blocks
- Leaky abstraction through public JDBC object getters
- Tight coupling to static configuration classes

**Low Issues (9):**
- Duplicate imports
- Unused field declarations
- Inconsistent naming conventions
- Inconsistent exception handling
- Dead code/unused variables
- Inconsistent ArrayList initialization
- Method naming violations
- Commented debugging code
- Query string formatting inconsistencies

The most severe finding is **J64-F06** - SQL injection vulnerabilities present throughout Databean_customer.java and Databean_getter.java due to direct string concatenation of user inputs into SQL queries. This requires immediate remediation using PreparedStatements.

Report written to: `C:/Projects/cig-audit/repos/fleetiq/audit/2026-03-01-01/p4-J64-temp.md`
