Perfect! I've completed the Pass 4 Code Quality audit for agent J65. Here's what I found:

## Audit Summary

**Branch verified:** ✓ multi-customer-sync-to-master

**Files audited:** 3 files
- Databean_user.java (46 lines - empty class)
- FirmwareverBean.java (254 lines)  
- Databean_getuser.java (11,096 lines - very large)

**Findings:** 14 code quality issues identified

### Key Issues Found:

1. **HIGH Severity (1 finding):**
   - Incorrect null comparison using `equalsIgnoreCase(null)` that will throw NullPointerException

2. **MEDIUM Severity (8 findings):**
   - Entire empty/dead class (Databean_user.java)
   - Multiple large blocks of commented-out code (62+ lines in one block)
   - Extensive use of raw ArrayList types without generics (90+ occurrences)
   - Commented-out fields and methods

3. **LOW Severity (5 findings):**
   - Duplicate imports
   - Unused imports
   - Style inconsistencies (brace placement)
   - Debugging code left in production

All findings have been documented with specific line numbers, detailed descriptions, and recommended fixes in:
```
C:/Projects/cig-audit/repos/fleetiq/audit/2026-03-01-01/p4-J65-temp.md
```

**No code was modified** - this is a report-only audit as instructed.
