Perfect! I've completed the Pass 4 Code Quality audit for agent J66. The audit report has been written to:

**C:/Projects/cig-audit/repos/fleetiq/audit/2026-03-01-01/p4-J66-temp.md**

## Summary of Findings:

**20 code quality issues identified:**

### Critical/High Severity (4):
- **J66-F01**: Deprecated SingleThreadModel interface usage
- **J66-F08**: Public fields exposing internal database connection and state
- **J66-F12**: Potential NullPointerException in doPost method
- **J66-F13**: Raw type usage without generics

### Medium Severity (9):
- **J66-F02**: Commented-out class declaration
- **J66-F03**: Extensive commented-out code blocks (50+ instances)
- **J66-F04**: printStackTrace() instead of proper logging (20+ instances)
- **J66-F07**: System.out.println for error handling
- **J66-F11**: Duplicate statement creation causing resource leak
- **J66-F14**: Commented-out code in upload logic
- **J66-F15**: printStackTrace() in Frm_upload.java
- **J66-F17**: printStackTrace() in MonthlyPDFRpt.java

### Low Severity (7):
- **J66-F05**: Wildcard import in Frm_saveuser.java
- **J66-F06**: Multiple wildcard imports in Frm_upload.java
- **J66-F09**: Dead code - multiple unused variables
- **J66-F10**: Unused PrintWriter variable
- **J66-F16**: Inconsistent field access modifiers
- **J66-F18**: Incorrect JavaDoc comment
- **J66-F19-F20**: Missing access modifiers on fields

The audit is complete and all findings have been documented with specific remediation recommendations.
