Perfect! I've completed the Pass 4 Code Quality audit for agent J67. Here's what I found:

## Summary

**Branch Verified:** ✅ multi-customer-sync-to-master

**Files Reviewed:** 3
- ReportPDF.java (237 lines)
- Databean_cdisp.java (1,859 lines)
- Databean_dyn_reports.java (8,341 lines)

**Findings:** 16 code quality issues identified

### Key Issues Found:

**Commented-Out Code (6 findings - MEDIUM severity):**
- Large 117-line commented method in Databean_cdisp
- Multiple commented-out methods marked "incorrect" 
- Commented debug statements

**Build Warnings (2 findings - MEDIUM severity):**
- Extensive use of raw ArrayList types without generics throughout both databean classes
- This generates unchecked compiler warnings

**Style Inconsistencies (4 findings - LOW severity):**
- Mixed snake_case and camelCase naming in all three files
- Inconsistent access modifiers (protected vs public)

**Dead Code (3 findings - LOW severity):**
- Unused createList method
- Demo table generation code
- 23 consecutive blank lines

**Minor Issues (1 finding - INFO severity):**
- Redundant double semicolon

The audit report has been written to:
`C:/Projects/cig-audit/repos/fleetiq/audit/2026-03-01-01/p4-J67-temp.md`

All findings include specific file paths, line numbers, severity levels, descriptions, and recommended fixes as requested.
