Perfect! I've completed the Pass 4 Code Quality audit for Agent J68. Here's what I found:

## Audit Summary

**Files Audited:**
- ✅ Databean_report.java (22,208 lines) - Massive file!
- ✅ Databean_report1.java (817 lines)
- ✅ Databean_report_new.java (0 lines - EMPTY!)

**Total Findings: 18**
- **3 CRITICAL** (SQL injection vulnerabilities, god object anti-pattern)
- **3 HIGH** (empty file, resource leaks)
- **10 MEDIUM** (commented code, deprecated patterns, logging issues)
- **2 LOW** (naming conventions, magic numbers)

## Key Issues Discovered:

1. **SQL Injection Vulnerabilities (CRITICAL)** - Hundreds of queries built with string concatenation instead of PreparedStatement
2. **God Object (CRITICAL)** - Databean_report.java is 22,208 lines - one of the largest classes I've ever seen!
3. **807 Raw ArrayList instances** - No generics, causing compiler warnings
4. **Empty file** - Databean_report_new.java exists but has 0 lines
5. **Extensive commented-out code** - 100+ blocks of dead code
6. **Poor logging practices** - System.out.println and printStackTrace() instead of proper logging

The report has been written to:
```
C:/Projects/cig-audit/repos/fleetiq/audit/2026-03-01-01/p4-J68-temp.md
```

**Note:** As instructed, I only reported issues - I did NOT fix anything.
