Perfect! I've completed the Pass 4 Code Quality audit for agent J69. Here's a summary:

## Audit Complete ✓

**Files Analyzed:**
- Databean_reports.java (128 lines)
- UtilBean.java (72 lines)  
- UtilModelBean.java (66 lines)

**Key Findings (16 total):**

**Critical Issues:** None

**High Severity:** None

**Medium Severity (6):**
- Large 74-line commented-out code block
- Raw ArrayList types causing unchecked warnings (2 instances)
- Leaky abstraction: public helper method should be private
- Incomplete day mapping (Monday missing)
- Exposed internal ArrayList breaking encapsulation

**Low Severity (10):**
- Multiple naming convention violations (snake_case, PascalCase)
- Dead code (empty method, unused fields)
- Inefficient compareTo implementation
- Side effects in setter
- Style issues

The audit report has been written to:
`C:/Projects/cig-audit/repos/fleetiq/audit/2026-03-01-01/p4-J69-temp.md`

No code has been modified per instructions - this is a report-only audit.
