## Audit Complete! ✓

I've successfully completed the Pass 4 Code Quality audit for agent J70. Here's what was accomplished:

### Files Audited
1. **Databean_security.java** (1,854 lines)
2. **Frm_customer.java** (12,461 lines) 
3. **Frm_login.java** (161 lines)

### Audit Results
**Total Findings: 18**

**By Severity:**
- **CRITICAL: 5** - SQL injection vulnerabilities, plaintext passwords, credential logging
- **MEDIUM: 6** - Raw types, commented code, leaky abstractions
- **LOW: 6** - Naming conventions, formatting, magic strings
- **INFO: 1** - Deprecated architectural patterns

### Most Critical Issues Found
1. **SQL Injection Vulnerabilities** - All three files use string concatenation to build SQL queries, creating severe injection risks
2. **Plaintext Password Storage** - Frm_login.java stores and compares passwords in plaintext
3. **Credential Logging** - Passwords logged to files in plaintext

### Report Location
The complete audit report with reading evidence and all findings has been written to:
```
C:/Projects/cig-audit/repos/fleetiq/audit/2026-03-01-01/p4-J70-temp.md
```

The report includes:
- Reading evidence (class names, all public methods with line numbers, all fields)
- 18 detailed findings with exact format (Severity, Description, Fix, File, Line(s))
- Summary and recommendations

**Branch verified:** multi-customer-sync-to-master ✓
