✅ **Audit Complete**

I've successfully completed the Pass 4 Code Quality audit for agent J71. The report has been written to:
`C:/Projects/cig-audit/repos/fleetiq/audit/2026-03-01-01/p4-J71-temp.md`

## Summary

**Files Audited:** 3
- GetGenericData.java (94 lines)
- Frm_security.java (4565 lines)  
- Frm_vehicle.java (14485 lines)

**Total Findings:** 45

### Severity Breakdown:
- **CRITICAL: 20** - SQL injection vulnerabilities throughout Frm_security.java and Frm_vehicle.java
- **MEDIUM: 18** - Commented-out code blocks, dead/unused code, empty implementations
- **LOW: 7** - Style inconsistencies, TODO comments, System.out.println usage

### Key Issues Identified:

**Most Critical:**
- Widespread SQL injection vulnerabilities using string concatenation instead of PreparedStatements
- Particularly dangerous in authentication, password reset, and vehicle communication code

**Code Quality:**
- GetGenericData.java appears to be non-functional dead code (empty doGet, unused fields, never-called methods)
- Extensive commented-out code blocks (18 instances) that should be removed
- Inconsistent logging (System.out.println vs log4j framework)
- Auto-generated TODO comments never addressed

All findings include specific line numbers, detailed descriptions, and remediation recommendations. **No fixes were applied** - this is a report-only audit as instructed.
