✅ **Audit Complete - Agent J72 Pass 4 Code Quality**

I've successfully audited all three source files and generated the report. Here's what I found:

## Summary
- **Files reviewed:** 3 Java files
- **Total findings:** 14 code quality issues
- **Severity breakdown:**
  - MEDIUM: 5 issues
  - LOW: 9 issues

## Key Issues Identified

**GetMessages.java:**
- Auto-generated TODO comments
- Unused Logger field
- Typos in parameter names and JSON keys
- Malformed HTML tags in string concatenation

**BeanComparator.java:**
- Raw type usage without generics (causes compiler warnings)
- Unnecessary @SuppressWarnings annotation masking the real problem

**CftsAlert.java:**
- Significant code duplication (nearly identical 50+ line blocks)
- Dead code (unused method results)
- Leaky abstraction (public method used only internally)
- Variable name typos ("subsject" instead of "subject")

**Cross-cutting issues:**
- Inconsistent exception handling patterns across all files
- Style inconsistencies in brace placement and formatting

The complete audit report has been written to:
`C:/Projects/cig-audit/repos/fleetiq/audit/2026-03-01-01/p4-J72-temp.md`
