Perfect! I've completed the Pass 4 Code Quality audit for agent J76. Here's a summary of what was done:

## Audit Summary

**Branch verified:** ✅ multi-customer-sync-to-master

**Files audited:**
1. Dt_Checker.java - Date comparison utility
2. EncryptTest.java - Simple encryption/decryption utility  
3. ExcelUtil.java - Excel report generation utility

**Total findings: 20**

### Key Issues Found:

**CRITICAL:** None

**HIGH:**
- Incorrect leap year calculation logic (could cause date calculation errors)
- Insecure encryption implementation (custom weak algorithm)
- Resource leak - FileInputStream not properly closed

**MEDIUM:**
- Public mutable static fields (thread-safety issues)
- Decompiled code comments (licensing concerns)
- Deprecated StringBuffer usage
- Raw type usage (unchecked warnings)
- Poor error handling with printStackTrace
- Hardcoded paths with leaky abstraction
- Code duplication

**LOW:**
- Unused imports, fields, parameters, variables
- Naming convention violations
- Empty method bodies
- Inconsistent formatting and access modifiers
- Inefficient byte-by-byte file I/O

The complete audit report has been written to:
**C:/Projects/cig-audit/repos/fleetiq/audit/2026-03-01-01/p4-J76-temp.md**

All findings include specific severity levels, descriptions, recommended fixes, file paths, and line numbers as required.
