Perfect! I've completed the Pass 4 Code Quality audit for agent J77. Here's what I found:

## Summary of Findings

I reviewed all 3 files and identified **17 code quality issues**:

### Critical Issues (3):
- **SQL Injection** in FleetCheckFTP.java - queries built with string concatenation
- **Resource Leak** in GetFile.java - FileInputStream never closed
- **Path Traversal Vulnerability** in GetFile.java - unsanitized filename parameter

### High Issues (1):
- **Missing Error Handling** in GetFile.java - file operations not wrapped in try-catch

### Medium Issues (7):
- Commented-out code blocks
- Resource management issues in exception handling
- Missing bounds checking (divide by zero risk)
- Leaky abstraction with inconsistent field access
- Hardcoded file paths
- Severe code duplication between methods

### Low Issues (6):
- Raw types without generics
- Dead/unused variables
- Unused imports
- Inconsistent exception handling patterns
- Deprecated browser detection

The full audit report with reading evidence and detailed findings has been written to:
**C:/Projects/cig-audit/repos/fleetiq/audit/2026-03-01-01/p4-J77-temp.md**
