I've completed the Pass 4 Code Quality audit for Agent J78. Here's a summary of what I found:

## Summary

**Files Audited:**
1. **GetHtml.java** (125 lines) - 10 findings
2. **ImpactUtil.java** (57 lines) - 0 findings (well-written code)
3. **ImportFiles.java** (2,383 lines) - 28 findings

**Total Findings: 38**

### Key Issues Identified:

**GetHtml.java:**
- Commented-out Apache HTTP Client imports
- Inefficient string concatenation in loops
- Inconsistent method naming (getHTML vs getHTML1)
- Generic exception handling
- Missing try-with-resources
- Character encoding issues
- System.out instead of proper logging

**ImportFiles.java (Major Issues):**
- **CRITICAL**: 2,000+ line doPost() method - massive complexity
- **CRITICAL**: Missing resource cleanup in CSV reader
- Extensive commented-out code (20+ instances)
- Misspelled method names ("Lenght" instead of "Length")
- Raw ArrayList usage without generics
- Massive code duplication across import types
- Improper CSV parsing using StringTokenizer
- Business logic in servlet layer (architecture violation)
- Tight coupling to configuration
- Hardcoded magic numbers

The audit report has been written to:
`C:/Projects/cig-audit/repos/fleetiq/audit/2026-03-01-01/p4-J78-temp.md`

All findings include severity ratings, clear descriptions, specific remediation steps, file paths, and line numbers as required.
