✅ **Audit Complete!**

I've analyzed all three Java files and documented **15 findings** covering:

**Critical Issues (2):**
- Hardcoded API key in source code (SkyhookService.java)
- SQL injection vulnerabilities (SendMessage.java)

**High Severity (1):**
- Complete lack of encapsulation with all public static fields (SessionVar.java)

**Medium Severity (5):**
- Deprecated DataInputStream.readLine() API
- Raw type usage (ArrayList without generics)
- Package-private fields exposing internal state
- Resource leak (stmt1 not closed properly)
- Commented-out code

**Low Severity (7):**
- Naming convention inconsistencies (snake_case vs camelCase)
- Mixed naming styles in SessionVar
- Unused logger field
- System.out instead of proper logging
- Hardcoded URLs
- Mixed indentation (tabs vs spaces)
- PHP-style JavaDoc comments

Report written to: `C:/Projects/cig-audit/repos/fleetiq/audit/2026-03-01-01/p4-J82-temp.md`
