Perfect! I've completed the Pass 4 Code Quality audit for agent J84. Here's a summary of what I found:

## Summary

**Files Audited:** 3
- escapeSingleQuotes.java
- fix_department.java  
- mail.java

**Total Findings:** 18

### Key Issues Found:

**escapeSingleQuotes.java:**
- Non-standard class naming (should be UpperCamelCase)
- Hungarian notation in variable names
- StringBuffer used instead of StringBuilder

**fix_department.java:**
- Non-standard class naming (snake_case instead of UpperCamelCase)
- Raw ArrayList types without generics (compiler warnings)
- Public fields breaking encapsulation
- Multiple unused imports
- Dead variable `rs` declared but never used
- Incorrect error messages referencing wrong method name
- Inconsistent SQL parameter quoting

**mail.java:**
- Non-standard class and method naming
- Public fields breaking encapsulation
- Commented-out code block (lines 60-67)
- Dead code: database query results immediately overwritten
- Multiple unused method parameters (sName, sEmail, rName)
- Duplicate comment

The audit report has been written to: `C:/Projects/cig-audit/repos/fleetiq/audit/2026-03-01-01/p4-J84-temp.md`

All findings include severity ratings, detailed descriptions, specific fixes, file paths, and line numbers as required.
