✅ **Pass 4 Code Quality Audit Complete - Agent J86**

I've analyzed all three source files and identified **35 code quality findings** across multiple categories:

## Summary by Severity:
- **CRITICAL (3)**: SQL injection vulnerabilities in all three files
- **HIGH (2)**: Missing query execution, ArrayList reference bug
- **MEDIUM (15)**: Leaky abstractions, inefficient code, duplicate code, poor exception handling
- **LOW (15)**: Style issues, dead code, naming conventions, unused imports

## Key Issues Found:

### send_updatepreop.java (10 findings)
- Critical SQL injection vulnerabilities
- UPDATE query built but never executed (HIGH severity bug)
- ArrayList.clear() bug that empties data just added to map
- Class naming convention violation (snake_case vs PascalCase)
- Dead code (unused ResultSet variable)

### BatteryDAO.java (12 findings)
- Critical SQL injection in all methods using timestamp concatenation
- Possible typo in table name: "fms_votage_dtl" (should be "voltage"?)
- Inefficient: getDuration() uses database for simple calculation
- Extensive code duplication across similar methods
- Multiple instances of dead code (e.getMessage() called but unused)
- Potential null pointer exceptions in calculation methods

### DriverDAO.java (13 findings)
- Critical SQL injection vulnerabilities throughout
- Hardcoded dealer_id = 38 with TODO comment
- Massive code duplication (3 nearly identical list methods)
- checkExpiryGeneric is 230 lines long (poor maintainability)
- Duplicate logic between multiple methods
- Inconsistent method naming (getDriverlst vs proper camelCase)

**Report written to:** `C:/Projects/cig-audit/repos/fleetiq/audit/2026-03-01-01/p4-J86-temp.md`

All findings include detailed descriptions, specific remediation steps, file paths, and line numbers as required.
