Perfect! I've completed the Pass 4 Code Quality audit for agent J87. The audit report has been written to `C:/Projects/cig-audit/repos/fleetiq/audit/2026-03-01-01/p4-J87-temp.md`.

## Summary of Findings

I identified **20 code quality issues** across the three DAO files:

**Critical (3):**
- **F01-F03:** SQL Injection vulnerabilities throughout all three files due to string concatenation in SQL queries instead of using PreparedStatement parameterization

**Medium (9):**
- Extensive commented-out code blocks
- Code duplication (4 nearly identical saveDriverInfo methods)
- Extremely long methods (363-line method)
- Inconsistent exception handling
- Leaky abstractions (returning error messages as strings with HTML)
- Resource management issues

**Low (7):**
- Persistent typo "exsit" instead of "exist"
- Unused imports (XmlBeans, XMLBean)
- Dead code (unused ResultSet)
- Style inconsistencies
- Magic numbers and strings
- Inconsistent formatting
- Raw type usage

**Info (1):**
- Typo in parameter name "oddPritiy"

The most critical finding is the pervasive SQL injection vulnerability affecting all database operations across all three files. This represents a severe security risk that requires immediate remediation.
