## Audit Complete ✓

I've successfully completed the Pass 4 Code Quality audit for agent J88. Here's what I found:

**Files Audited:**
- ✅ LockOutDAO.java (81 lines)
- ✅ MessageDao.java (114 lines)  
- ✅ PreCheckDAO.java (579 lines)

**Total Findings: 24**

**Breakdown by Severity:**
- **HIGH:** 1 (Public instance fields exposing internal state)
- **MEDIUM:** 11 (Commented code, leaky abstractions, tight coupling)
- **LOW:** 12 (Dead code, style inconsistencies, naming conventions)

**Key Issues Identified:**
1. **Commented-out code** - 7 instances of commented SQL filters and debug statements
2. **Dead code** - 7 instances of ineffective `e.getMessage()` calls
3. **Leaky abstractions** - Public fields and tight DAO-to-DAO coupling
4. **Style inconsistencies** - Mixed naming conventions (snake_case vs camelCase)
5. **Test/debug code** - Production methods with "testing" functionality

The full audit report has been written to:
**C:/Projects/cig-audit/repos/fleetiq/audit/2026-03-01-01/p4-J88-temp.md**

No code has been modified - this is a report-only audit as instructed.
