Perfect! I've completed the Pass 4 Code Quality audit for agent P04. Here's what I found:

## Summary

**Files Audited:** 5 JSP files (all Excel report generators)
**Branch Verified:** ✅ multi-customer-sync-to-master
**Total Findings:** 20

### Findings Breakdown:
- **MEDIUM (5):** Inefficient file I/O, poor exception handling, resource leaks, leaky abstractions, missing null checks
- **LOW (14):** Unused imports/variables, style inconsistencies, code duplication, naming inconsistencies
- **INFO (1):** Unusual dual filter initialization pattern

### Key Issues Identified:

1. **Unused Code** - Multiple unused imports (FileOutputStream, call_mail, Vector, ArrayList) and variables (dt, al, fileName) across all files

2. **Exception Handling** - All files catch exceptions but only printStackTrace() without user feedback

3. **Resource Leaks** - FileInputStream and ServletOutputStream not closed in exception paths

4. **Performance** - Byte-by-byte file reading instead of buffered I/O

5. **Null Safety** - Missing null checks before calling `access_level.equalsIgnoreCase()`

6. **Code Duplication** - 80+ lines of identical logic replicated across all 5 files

7. **Style Inconsistencies** - Mixed formatting patterns, inconsistent parameter names (user_cd vs cust_cd)

The complete audit report has been written to:
`C:/Projects/cig-audit/repos/fleetiq/audit/2026-03-01-01/p4-P04-temp.md`

All findings include specific line numbers, severity ratings, detailed descriptions, and recommended fixes. No code was modified - this is a report-only audit as requested.
