Perfect! I've completed the Pass 4 Code Quality audit for agent P06. Here's a summary of what I found:

## Summary

**Files Audited:** 10 JSP files in au_print/
**Branch Verified:** multi-customer-sync-to-master ✓

## Key Findings (18 total)

**Critical/High Severity:** None

**Medium Severity (3 findings):**
- Commented-out code in print_impact_report.jsp
- Raw ArrayList types without generics (all files) - generates compiler warnings
- Potential NullPointerException in access_level handling (all files)

**Low Severity (14 findings):**
- Inconsistent collection types (Vector vs ArrayList)
- Duplicate code patterns across utilization reports
- Unused variables (al, model_cd, veh_cd, etc.)
- Inconsistent naming conventions (V prefix, v prefix, sm_ prefix)
- Inconsistent string comparison methods
- HTML issues (missing tags, unquoted attributes)
- Hardcoded colors instead of CSS classes
- Deprecated onload attribute usage
- Unnecessary form elements

**Info (1 finding):**
- Naming ambiguity between print_impact_meter_report.jsp and print_impact_report.jsp

The audit report has been written to:
`C:/Projects/cig-audit/repos/fleetiq/audit/2026-03-01-01/p4-P06-temp.md`

All findings include specific descriptions, recommended fixes, file paths, and line numbers as requested. No fixes were applied - this is a report-only audit.
