Perfect! I've completed the Pass 4 Code Quality audit for agent P08. Here's what I found:

## Audit Summary

**Files Analyzed:**
- `dashboard/jsp/header_vor_status.jsp` (86 lines)
- `dashboard/jsp/summary.jsp` (965 lines)

**Total Findings: 16**
- **High Severity:** 3
- **Medium Severity:** 9  
- **Low Severity:** 4

### Key Issues Identified:

1. **High Severity:**
   - NullPointerException risk on request parameters (lines 3-4 of header_vor_status.jsp)
   - Undefined variables (`form_cd`, `permision`) creating tight coupling
   - Typo causing logic error: `data.longth` should be `data.length` (line 326)

2. **Medium Severity:**
   - Extensive commented-out code (~50+ lines across multiple blocks)
   - Hardcoded customer-specific logic (BMW_cd = 20)
   - Separation of concerns violation (695 lines of embedded JavaScript)
   - Incomplete form action URL

3. **Low Severity:**
   - Spelling errors in variable names ("permision" vs "permission")
   - User-facing typos ("accurary" should be "accuracy")
   - Inconsistent JavaScript quote styles
   - Magic numbers in date calculations

The complete audit report with reading evidence and detailed remediation recommendations has been written to:
**`C:/Projects/cig-audit/repos/fleetiq/audit/2026-03-01-01/p4-P08-temp.md`**
