Perfect! I've completed the Pass 4 Code Quality audit for agent P13. 

## Summary

**Branch verified:** ✅ multi-customer-sync-to-master

**Files audited:** 8 JSP files in the gps/ directory

**Total findings:** 39
- HIGH: 3 (Insecure HTTP resource loading)
- MEDIUM: 14 (Duplicate files, commented code, deprecated APIs, leaky abstractions)  
- LOW: 21 (Unused variables/functions, formatting issues)
- INFO: 1 (Minor formatting)

**Key issues identified:**
1. Duplicate files ("Copy of gpsZonesData.jsp") and backup files ("speedZones_back.jsp")
2. Extensive commented-out code across multiple files
3. Security issues: HTTP resources instead of HTTPS
4. Deprecated jQuery API usage (jQuery.browser.msie)
5. Duplicate function definitions (refresh() in gpsWhereIAm.jsp)
6. Numerous unused variables and functions
7. Poor code formatting (entire files condensed to single lines)
8. Leaky abstractions using magic array indices

The complete audit report with reading evidence and detailed findings has been written to:
**C:/Projects/cig-audit/repos/fleetiq/audit/2026-03-01-01/p4-P13-temp.md**

No fixes were applied - this is a report-only audit as requested.
