Perfect! I've completed the Pass 4 Code Quality audit for agent P15. Here's a summary of what I found:

## Summary

**Branch verified:** ✅ multi-customer-sync-to-master

**Files audited:** 10 JSP files (all report include fragments)

**Total findings:** 25 code quality issues identified

### Findings Breakdown by Severity:
- **HIGH (2):** 
  - Hardcoded business logic with magic numbers for customer-specific rules
  - XSS vulnerability from unencoded dynamic content output

- **MEDIUM (9):**
  - Deprecated HTML attributes (5 files)
  - Commented-out debugging code
  - Duplicated date restriction logic
  - Hardcoded absolute URLs (3 files)
  - Raw ArrayList without generics

- **LOW (14):**
  - Duplicate script includes (5 files with fms.js loaded twice)
  - Dead code (empty href attributes)
  - Inconsistent naming conventions
  - Mixed URL protocols
  - Inconsistent conditional formatting
  - Deprecated inline HTML attributes
  - Inconsistent HTML indentation
  - Inconsistent variable naming (access_level vs al)

### Key Issues:
1. **Security concern:** XSS vulnerability from unencoded JSP expression output
2. **Maintainability:** Hardcoded customer-specific business logic in UI layer
3. **Code duplication:** Identical date restriction logic appears twice
4. **Deprecated patterns:** HTML "language" attribute on script tags, raw types without generics
5. **Style consistency:** Multiple inconsistencies in naming, formatting, and URL patterns

All findings documented with specific line numbers and actionable remediation steps in: `C:/Projects/cig-audit/repos/fleetiq/audit/2026-03-01-01/p4-P15-temp.md`
