Perfect! I've completed the P20 Pass 4 Code Quality audit. Here's what I found:

## Summary

**Files Audited:** 10 JSP files
- All files verified on branch: multi-customer-sync-to-master

**Total Findings:** 45 code quality issues

### Key Issues Identified:

1. **Deprecated API Usage (10 findings - MEDIUM)**: All files use deprecated `ActiveXObject` for IE compatibility
2. **Global Variable Pollution (10 findings - MEDIUM)**: `xmlHttp` used without proper declaration
3. **Code Duplication (2 findings - MEDIUM)**: Identical functions across multiple files
4. **Commented-out Code (5 findings - MEDIUM)**: Date picker blocks and alternative implementations
5. **Style Issues (10 findings - LOW)**: Deprecated `language` attribute in script tags
6. **Bug Fix Needed (1 finding - LOW)**: Wrong variable assignment in frm_alert_add.jsp line 81
7. **Debug Code (1 finding - LOW)**: Debug output in existing_user_lst.jsp line 435
8. **Other Issues (6 findings)**: Unused variables, inconsistent formatting, missing validation

All findings have been documented with:
- Severity level (CRITICAL/HIGH/MEDIUM/LOW/INFO)
- Plain English description
- Specific fix recommendations
- File paths and line numbers

The report has been written to: `C:/Projects/cig-audit/repos/fleetiq/audit/2026-03-01-01/p4-P20-temp.md`
