Perfect! I've completed the Pass 4 Code Quality audit for all 10 JSP files. 

## Summary

**Files Audited:** 10 JSP files  
**Branch Verified:** ✅ multi-customer-sync-to-master  
**Findings Identified:** 30 code quality issues

### Key Findings:

**High Severity (1):**
- Debug code preventing form submission in frm_customer_rel.jsp

**Medium Severity (10):**
- Duplicate GetXmlHttpObject function across 8 files
- Large blocks of commented-out code (5 instances)
- Dead/unused functions (3 instances)
- Mixed JavaScript patterns
- Session attribute access without null checks

**Low Severity (18):**
- Deprecated HTML attributes
- Style inconsistencies
- Magic numbers and hardcoded values
- Inconsistent naming conventions
- Typos in user messages

**Info (1):**
- Missing CSRF protection observation

The report includes complete reading evidence for all files (function listings, line numbers, scriptlet blocks) and detailed findings with specific file paths and line numbers for each issue.

Report saved to: `C:/Projects/cig-audit/repos/fleetiq/audit/2026-03-01-01/p4-P22-temp.md`
