Perfect! I've completed the Pass 4 Code Quality audit for batch P23. Here's what I found:

## Summary

**Files Audited:** 10 JSP files  
**Branch Verified:** ✅ multi-customer-sync-to-master  
**Output:** C:/Projects/cig-audit/repos/fleetiq/audit/2026-03-01-01/p4-P23-temp.md

## Key Findings

**30 total findings** identified:
- **HIGH (2):** Duplicate files/code (frm_new_branch_old.jsp is duplicate, frm_new_department.jsp & frm_new_division.jsp are near-identical)
- **MEDIUM (20):** Commented-out code blocks, deprecated JavaScript APIs, poor separation of concerns, missing error handling
- **LOW (7):** Unused functions, style inconsistencies, magic numbers
- **INFO (1):** Quote style inconsistency

## Major Issues Identified

1. **Deprecated JavaScript APIs**: All files use `language="JavaScript"` (deprecated), `jQuery.browser.msie` (removed in jQuery 3.0), `escape()` function
2. **Commented-out code**: 8 separate blocks of commented code indicating incomplete refactoring
3. **Code duplication**: 3 files are near-duplicates that should be consolidated
4. **Dead code**: 2 unused functions (chk_time), 1 function with only commented code
5. **Poor separation of concerns**: frm_new_driver.jsp is 955 lines with mixed validation, AJAX, and card reader logic
6. **External dependencies**: HTTP CDN link to jQuery UI 1.8.21 (from 2012)
7. **Global pollution**: document.onkeypress handler captures all keyboard input

All findings documented with severity, description, fix recommendation, file path, and line numbers as required.
