✅ **Pass 4 Code Quality Audit Complete**

I've successfully audited all 10 JSP files and documented **16 findings** in the output file.

**Key findings summary:**

**HIGH Severity (1):**
- Missing null checks for session attributes that will cause NullPointerException

**MEDIUM Severity (6):**
- Inconsistent null-safety for request parameters
- Missing XML entity escaping (XSS vulnerability)
- Raw ArrayList types without generics (deprecated API)
- Leaky abstractions in parameter naming
- Commented-out debug code

**LOW Severity (8):**
- Dead code (unused variables)
- Empty else blocks
- Inconsistent empty result handling
- Formatting inconsistencies
- Variable naming convention violations

**INFO (1):**
- Typo in comment

The full audit report with reading evidence for all files and detailed findings has been written to:
`C:/Projects/cig-audit/repos/fleetiq/audit/2026-03-01-01/p4-P26-temp.md`
