Audit complete! I've successfully analyzed all 7 JSP files and documented the findings.

## Summary

**Files Reviewed:** 7 JSP files in the master/ directory
**Branch:** multi-customer-sync-to-master ✓
**Findings:** 19 code quality issues identified

### Key Issues Found:

**Dead Code (6 findings):**
- Unused variables (tmp1, tmp3, dt, msg)
- Unused JSP bean declarations

**Commented-Out Code (4 findings):**
- Debug alert statements
- HTML meta tags for IE compatibility
- Large block of check-related data retrieval code

**Deprecated API Usage (4 findings):**
- Extensive raw ArrayList usage without type parameters (generates unchecked warnings)

**Style Inconsistencies (5 findings):**
- Inconsistent variable naming (capital V prefix vs. camelCase)
- Inconsistent parameter abbreviations
- Hardcoded paths with double slashes

All findings have been documented in the output file with severity levels (MEDIUM: 9, LOW: 10), descriptions, specific remediation recommendations, and exact line numbers.

**Output written to:** `C:/Projects/cig-audit/repos/fleetiq/audit/2026-03-01-01/p4-P27-temp.md`
