## Audit Complete ✓

I've successfully completed the Pass 4 Code Quality audit for agent P29. Here's what I found:

**Files Audited:** 8 JSP files (admin.jsp, changepass.jsp, checker.jsp, index.jsp, lang.jsp, login.jsp, manage_form.jsp, resetpass.jsp)

**Total Findings:** 25 issues identified

### Critical Issues (2):
- **XSS Vulnerability**: Message parameters embedded in JavaScript/HTML without escaping
- **Path Traversal Vulnerability**: User-supplied parameters used to construct file paths without validation

### High Severity Issues (3):
- Null safety problem in session attribute handling
- Undefined variable reference (permisionx vs permision)
- God object anti-pattern in login.jsp (843 lines mixing concerns)

### Medium Severity Issues (11):
- 7 instances of commented-out code across multiple files
- Deprecated HTTP response code usage
- Missing Subresource Integrity on CDN links
- Permission variable naming inconsistency

### Low Severity Issues (8):
- 4 files with unused imports
- Hardcoded magic numbers
- Inconsistent string comparison patterns
- Inline styles instead of external CSS

The complete audit report with detailed reading evidence, specific line numbers, and remediation guidance has been written to:
`C:/Projects/cig-audit/repos/fleetiq/audit/2026-03-01-01/p4-P29-temp.md`

**No fixes were applied** - this is a report-only audit as instructed.
