The audit task has been completed successfully. Here's what was accomplished:

## Audit Summary - Agent P30 (Pass 4 Code Quality)

**Branch Verified:** ✓ multi-customer-sync-to-master

**Files Audited:** 10 JSP files (all read in full)
- Account.jsp (99 lines)
- Administration.jsp (74 lines)  
- Battery.jsp (71 lines)
- BootStrap.jsp (6,734 lines)
- BusinessInsight.jsp (123 lines)
- CustomUpload.jsp (27 lines)
- Customers.jsp (234 lines)
- Dealers.jsp (214 lines)
- Home.jsp (230 lines)
- Limiting.jsp (68 lines)

**Total Findings:** 18 code quality issues identified
- 1 HIGH severity (XSS vulnerability in Customers.jsp)
- 5 MEDIUM severity (commented-out code blocks)
- 11 LOW severity (inconsistent patterns, code duplication, deprecated HTML)
- 1 INFO severity (large embedded static file)

**Report Location:** `C:/Projects/cig-audit/repos/fleetiq/audit/2026-03-01-01/p4-P30-temp.md`

The report includes complete reading evidence for each file (scriptlet blocks, functions/methods invoked, form actions) and detailed findings with severity levels, descriptions, recommended fixes, file paths, and line numbers.

✅ **Audit complete** - no fixes applied as instructed.
