Perfect! I've completed the Pass 4 Code Quality audit for agent P31. Here's a summary:

## Audit Summary

**Files Reviewed:** 10 JSP files
- Reports.jsp
- Send_Driver_Limiting_by_Truck.jsp
- Send_Driver_Settings_to_Unit.jsp
- Settings.jsp
- SpecialAdminRights.jsp
- Statistics.jsp
- Users.jsp
- Vehicles.jsp
- Vtest.jsp
- Vttest.jsp

**Total Findings:** 25 issues identified

### Severity Breakdown:
- **CRITICAL:** 2 findings (SQL injection risk, XSS vulnerabilities)
- **HIGH:** 1 finding (duplicate files Vtest.jsp/Vttest.jsp with 2000+ lines duplicated)
- **MEDIUM:** 9 findings (commented code, raw types, code duplication, access control inconsistencies, etc.)
- **LOW:** 12 findings (naming conventions, unused variables, style inconsistencies, etc.)
- **INFO:** 1 finding (deprecated IE8 support)

### Key Issues Found:
1. **Security**: SQL injection and XSS vulnerabilities from unescaped output
2. **Code Quality**: Massive code duplication (2000+ lines in Vtest/Vttest), commented-out code blocks
3. **Maintainability**: Inconsistent naming, raw ArrayList types, hardcoded constants
4. **HTML Errors**: Malformed closing tag in Settings.jsp

The complete audit report with detailed reading evidence and all findings has been written to:
`C:/Projects/cig-audit/repos/fleetiq/audit/2026-03-01-01/p4-P31-temp.md`
