Audit complete! I've analyzed all 10 JSP files and documented 20 code quality findings in the report.

**Key Issues Found:**

**CRITICAL (1):**
- Duplicate closing form tag in model_config.jsp causing invalid HTML

**HIGH (2):**
- Entire file edit-site_hours_settings.jsp is commented out (228 lines of dead code)
- Hardcoded user access control with specific user IDs embedded in presentation layer

**MEDIUM (12):**
- Multiple blocks of commented-out code across several files
- 149 lines of inline CSS in firmware.jsp (should be external stylesheet)
- 376 lines of inline JavaScript in firmware.jsp (should be external .js file)
- Code duplication between edit-sites.jsp and edit-sites_b.jsp (~80% similar)
- String comparison using == instead of .equals() 
- Complex database retry logic embedded in client-side JavaScript
- Several commented include directives and modal structures

**LOW (5):**
- Inconsistent null checking patterns (checking for string "null")
- Style inconsistencies in imports and form class naming
- Magic numbers in calculations
- Missing ArrayList declaration reference

The report has been written to `C:/Projects/cig-audit/repos/fleetiq/audit/2026-03-01-01/p4-P35-temp.md` with complete reading evidence for each file and detailed findings with severity levels, descriptions, specific fixes, file paths, and line numbers.
