Audit completed successfully! I've analyzed all 10 JSP files and generated a comprehensive Pass 4 Code Quality report.

## Summary

**Files Reviewed:** 10 JSP report files  
**Branch Verified:** ✓ multi-customer-sync-to-master  
**Total Findings:** 23 code quality issues

### Findings Breakdown by Severity:
- **HIGH:** 1 (XSS vulnerability from unescaped output)
- **MEDIUM:** 5 (commented code, null safety, leaky abstractions, validation, magic numbers)
- **LOW:** 16 (dead code, style inconsistencies, naming, hardcoded values)
- **INFO:** 1 (typo in variable name)

### Key Issues Identified:
1. **Security**: Potential XSS vulnerabilities from unescaped output, missing null checks
2. **Dead Code**: Unused variables (`al`, `dt`, `acc_cus`, `message`), duplicate imports
3. **Commented Code**: Multiple blocks in battery_charge_tesla.jsp and debug statements
4. **Architecture**: JSP files mixing presentation, business logic, and data access
5. **Maintainability**: Hardcoded values, inconsistent naming, inline styles
6. **Code Quality**: Inconsistent formatting, missing validation, inefficient patterns

The detailed report with all findings, line numbers, and specific remediation steps has been written to:
`C:/Projects/cig-audit/repos/fleetiq/audit/2026-03-01-01/p4-P38-temp.md`

No code has been modified - this is a report-only audit as requested.
