Perfect! I've completed the Pass 4 Code Quality audit for Agent P39. Here's what I found:

## Audit Summary

**Files Reviewed:** 10 JSP report files  
**Total Findings:** 29  

### Findings Breakdown by Severity:
- **HIGH:** 1 (compilation error - missing CustomComparator import)
- **MEDIUM:** 10 (commented-out code blocks)
- **LOW:** 18 (unused variables)

### Key Issues Identified:

1. **Compilation Error (HIGH)**: `driver_league_report.jsp` references an undefined `CustomComparator` class that isn't imported

2. **Commented-Out Code (MEDIUM)**: 8 files contain commented-out code blocks, including:
   - Large JavaScript function implementations
   - Alternative table implementations (26 lines of div-based layout)
   - HTML elements and variable declarations

3. **Dead Code (LOW)**: Systematic pattern of unused variables across 7 files:
   - `al` variable (parsed access level) - never used after assignment
   - `acc_cus`, `acc_sit`, `acc_dep` - extracted but never referenced

4. **Redundant Logic (LOW)**: Ternary operator with identical branches in both conditions

All findings have been documented with specific line numbers, clear descriptions, and actionable fix recommendations in the output file:

**C:/Projects/cig-audit/repos/fleetiq/audit/2026-03-01-01/p4-P39-temp.md**

The audit is complete and ready for review. No fixes have been applied per the instructions.
