I've completed the Pass 4 Code Quality audit for agent P40. Here's a summary:

## Audit Summary

**Branch verified:** ✅ multi-customer-sync-to-master

**Files reviewed:** 10 JSP report files (driver licence expiry, driver proficiency, email subscription variants, equipment bypass alert, GPS variants, hour count, hour meter exception)

**Total findings:** 25 code quality issues identified

### Key Findings by Severity:

**CRITICAL (1):**
- F16: Unescaped user input in JavaScript creating XSS vulnerabilities across multiple files

**HIGH (2):**
- F03: Potential NullPointerException on request parameter access without null checks
- F15: Missing session validation before accessing session attributes

**MEDIUM (9):**
- Raw ArrayList usage without generics (deprecated pattern)
- Commented-out code blocks
- Code duplication between email subscription report variants
- Large JavaScript blocks embedded in JSP files
- Hardcoded customer ID checks
- Deprecated jQuery.browser usage
- Obsolete ActiveXObject for IE compatibility
- Potential index out of bounds exceptions

**LOW (12):**
- Various style inconsistencies, naming patterns, unused variables, deprecated HTML attributes

**INFO (1):**
- Unused debug variables

The audit report has been written to:
`C:/Projects/cig-audit/repos/fleetiq/audit/2026-03-01-01/p4-P40-temp.md`

All findings include detailed descriptions, specific remediation steps, file paths, and line numbers as required. No fixes were applied — this is a report-only audit.
