Perfect! I've completed the Pass 4 Code Quality audit for agent P43. Here's a summary of what was done:

## Audit Summary

**Branch Verified:** ✅ multi-customer-sync-to-master

**Files Reviewed:** 10 JSP report files

**Reading Evidence Provided:** Complete documentation of scriptlet blocks, methods invoked, and form actions for all 10 files

**Total Findings:** 25 code quality issues identified

### Findings Breakdown by Severity:
- **HIGH (1):** Unsafe substring operations on session attributes without null checks
- **MEDIUM (9):** Backup/temporary files in source tree, skeleton files, duplicate files, commented-out code blocks, missing session validation
- **LOW (15):** Style inconsistencies, hardcoded text instead of i18n, deprecated HTML attributes, raw ArrayList usage, naming inconsistencies, duplicate table headers

### Key Issues Found:
1. **Backup files** (.old.jsp, ~.jsp) in production source tree
2. **Duplicate files** with spelling variants (utilisation vs utilization)
3. **Commented-out code** blocks throughout multiple files
4. **Debug statements** (System.out.println) left in code
5. **Hardcoded text** instead of internationalization (i18n) message keys
6. **Unsafe string operations** that could throw NullPointerException
7. **Style inconsistencies** in naming conventions and formatting
8. **Deprecated HTML** attributes (align)
9. **Raw ArrayList** usage without generics

All findings have been documented in the required format with specific file paths and line numbers in: `C:/Projects/cig-audit/repos/fleetiq/audit/2026-03-01-01/p4-P43-temp.md`
