Perfect! I've completed the Pass 4 Code Quality audit for the 8 JSP files. Here's a summary of what I found:

## Audit Summary

**Files Audited:** 8 JSP report files  
**Branch Verified:** ✅ multi-customer-sync-to-master  
**Total Findings:** 24 code quality issues

### Key Findings by Severity:

**HIGH (1):**
- Massive code duplication between vor_report.jsp, vor_report2.jsp, and vor_report_simple.jsp (~85-90% identical code)

**MEDIUM (8):**
- Raw ArrayList types without generics throughout all files (build warnings)
- Duplicated access level mapping logic
- Multiple instances of commented-out code (5 files)
- Potential NullPointerException in access level checks
- Potential ClassCastException with Boolean type

**LOW (11):**
- Inconsistent i18n usage (hardcoded strings vs. message keys)
- Unused variable declarations
- Duplicated access control initialization
- Magic number usage for access levels
- String comparison inconsistencies
- Missing session expiry include
- Other minor issues

**INFO (4):**
- Inconsistent CSS class application
- Unused imports
- Permission variable naming inconsistency

The report has been written to:
`C:/Projects/cig-audit/repos/fleetiq/audit/2026-03-01-01/p4-P44-temp.md`

The most critical issue is the massive duplication between the three VOR report variants, which creates significant maintenance burden and inconsistency risk.
