✅ **Pass 4 Code Quality Audit Complete for Agent P45**

I've successfully audited all 10 JSP files and produced a comprehensive report with:

**Files Reviewed:**
- xlsx_battery_report_mail.jsp
- xlsx_broadcastmsg_report_mail.jsp  
- xlsx_cimplicity_shock_report_mail.jsp
- xlsx_cimplicity_util_report_mail.jsp
- xlsx_curr_driv_report_mail.jsp
- xlsx_curr_unit_report_mail.jsp
- xlsx_daily_driver_summary_report_mail.jsp
- xlsx_daily_veh_summary_report_mail.jsp
- xlsx_driver_access_abuse_report_mail.jsp
- xlsx_driver_impact_report_mail.jsp

**Findings Summary:** 17 total findings
- **HIGH (2):** Unsafe JSON construction with string concatenation, missing null safety checks for session attributes
- **MEDIUM (6):** Duplicate directory path logic, copy-paste error, missing error handling, tight coupling to directory structure, incorrect content-type for JSON
- **LOW (9):** Unused variables (al, userid, group_id, dt, message), unused imports, naming convention inconsistencies, inefficient parameter retrieval

**Key Issues:**
- Security: JSON injection vulnerability, null pointer exceptions
- Maintainability: Duplicated code across all 10 files, tight coupling
- Code Quality: Unused code, inconsistent patterns
- Best Practices: Missing error handling, wrong content-type headers

Report written to: `C:/Projects/cig-audit/repos/fleetiq/audit/2026-03-01-01/p4-P45-temp.md`

No code was modified per audit protocol - report only.
