I've completed the Pass 4 Code Quality audit for agent P46. Here's what I found:

## Summary

**Files Audited:** 10 JSP files (email report mailers)
**Total Findings:** 35
- MEDIUM: 5 findings (commented-out code, significant code duplication)
- LOW: 30 findings (unused imports/variables, style inconsistencies, duplicate calls)

## Key Issues Discovered:

1. **Dead Code (30 findings)**
   - All files import 5 classes that are never used (URLEncoder, FileOutputStream, FileInputStream, File, call_mail)
   - Unused variables throughout: `dt`, `model_cd`, `userid`, `group_id`, `al`, `fld_cd`, `sub`, `rpt_filter`

2. **Commented-Out Code (2 findings)**
   - Old `SendImpactReport` code left commented in 2 impact report files instead of being removed

3. **Code Duplication (3 findings - MEDIUM severity)**
   - Directory resolution logic duplicated across all 10 files
   - JSON response construction duplicated across all 10 files  
   - Access level control logic duplicated across 9 files

4. **Minor Bugs (3 findings)**
   - Duplicate method calls: `setVrpt_veh_value_stop()` called twice in 2 files, `setSet_sc()` called twice in 1 file

5. **Style Issues (2 findings)**
   - Inconsistent variable declaration formatting
   - Inconsistent message initialization patterns
   - Magic string "5" for default access level

The detailed report with reading evidence and all findings has been written to:
`C:/Projects/cig-audit/repos/fleetiq/audit/2026-03-01-01/p4-P46-temp.md`
