Perfect! I've completed the Pass 4 Code Quality audit for agent P47. Here's what I found:

## Audit Summary

**Files reviewed:** 5 JSP email report files  
**Total findings:** 17  

### Severity Breakdown:
- **MEDIUM:** 3 findings
  - Code duplication (directory path calculation across all files)
  - Redundant filter configuration in xlsx_util_wow_report_mail.jsp
  - Missing null safety check for access_level (could cause NullPointerException)
  
- **LOW:** 14 findings
  - Unused imports (URLEncoder, FileOutputStream, FileInputStream, File, call_mail) in 4 files
  - Multiple unused variables (dt, al, userid, group_id, sub, model_cd, fld_cd)
  - Inconsistent code formatting and naming conventions

### Key Issues Identified:

1. **Code Duplication:** Directory path calculation logic is duplicated identically across all 5 files (should be extracted to utility method)

2. **Dead Code:** Multiple unused imports and variables cluttering the codebase

3. **Null Safety:** Missing null check before calling `equalsIgnoreCase()` on access_level could cause runtime errors

4. **Redundant Processing:** xlsx_util_wow_report_mail.jsp initializes the filter bean twice with different op_codes

5. **Style Inconsistencies:** Inconsistent spacing, variable naming (cust_cd vs user_cd), and comment formatting

The complete audit report has been written to:  
`C:/Projects/cig-audit/repos/fleetiq/audit/2026-03-01-01/p4-P47-temp.md`
