Audit complete! I've analyzed all 10 JSP report header files and documented 30 code quality findings in the output file.

## Summary of Key Issues Found:

**High Severity:**
- **Massive code duplication** - Default assignment logic repeated across all 10 files
- **Potential NullPointerExceptions** - Unsafe request.getParameter().toString() calls throughout

**Medium Severity:**
- **8 blocks of commented-out code** across multiple files
- **Inconsistent variable declarations** - Some files declare variables, others assume they exist
- **Raw ArrayList types** without generics (causes compiler warnings)
- **Missing imports** - Files using classes without importing them
- **Site-specific logic inconsistencies** for AU/MLA handling

**Low Severity:**
- **Incorrect placeholder text** ("Recipient's username" on date fields)
- **Magic numbers** for access level checks
- **Inconsistent naming** (Vuser_cd vs vdept_cd)
- **Hardcoded strings** ("all", empty checks)
- **Inconsistent CSS classes** for date pickers

The audit report has been written to:
`C:/Projects/cig-audit/repos/fleetiq/audit/2026-03-01-01/p4-P48-temp.md`

All findings include severity ratings, detailed descriptions, specific remediation steps, affected files, and exact line numbers.
