✅ **Pass 4 Code Quality Audit Complete**

I've successfully completed the audit of the three JSP files and written the report to:
`C:/Projects/cig-audit/repos/fleetiq/audit/2026-03-01-01/p4-P50-temp.md`

## Summary of Analysis

**Files Reviewed:**
1. `pages/admin/reports/mod/mail_report.jsp` (33 lines)
2. `pages/admin/reports/mod/sendmail.jsp` (79 lines)
3. `pages/admin/reports/mod/subscribe.jsp` (205 lines)

**Total Findings: 19**
- **Critical:** 1 (missing LindeConfig import)
- **High:** 2 (missing error handling, leaky abstraction in email format parsing)
- **Medium:** 6 (commented-out code, debug output, duplicate HTML attributes, conditional routing)
- **Low:** 10 (unused variables/parameters, code duplication, style inconsistencies)

**Key Issues Identified:**
1. **Code Duplication** - Access level handling and date format handling repeated across files
2. **Dead Code** - Multiple unused variables (test, param, dt, message, al, bgcol)
3. **Commented-out Code** - Line 11 in mail_report.jsp, line 51 in sendmail.jsp
4. **HTML Issues** - Duplicate class attributes on input elements in sendmail.jsp
5. **Error Handling** - Missing validation for string parsing in mail_report.jsp
6. **Leaky Abstractions** - Email format assumptions, conditional form routing based on config

All findings have been documented with specific severity levels, descriptions, recommended fixes, file paths, and line numbers as required. No code modifications were made per instructions.
