✅ **Pass 4 Code Quality Audit Complete**

I've successfully audited all 10 JSP files in the pages/admin/setting/ directory and generated a comprehensive report.

**Summary:**
- **Files Reviewed:** 10 JSP files
- **Branch Verified:** ✓ multi-customer-sync-to-master
- **Total Findings:** 40

**Findings by Severity:**
- **CRITICAL:** 1 (empty/corrupted file)
- **HIGH:** 2 (XSS vulnerability, potential SQL injection)
- **MEDIUM:** 17 (commented code, duplicates, coupling issues)
- **LOW:** 20 (style inconsistencies, naming conventions)

**Key Issues Identified:**
1. Empty/corrupted `acces_customer.jsp` file
2. Duplicate "_old" versions of files (maintenance burden)
3. Extensive commented-out code blocks throughout
4. Security vulnerabilities (unescaped output, unvalidated input)
5. Raw ArrayList types without generics
6. Inconsistent naming conventions and formatting
7. Tight coupling to session attributes without null safety
8. Magic numbers for form codes and division codes
9. Mixed use of old and new JavaScript patterns
10. Deprecated HTML attributes in older files

**Report Location:**
`C:/Projects/cig-audit/repos/fleetiq/audit/2026-03-01-01/p4-P51-temp.md`

The report includes detailed reading evidence for each file (scriptlets, functions, form actions) and specific remediation guidance for every finding.
