Perfect! I've completed the Pass 4 Code Quality audit for Agent P52. Here's what I found:

## Summary

✅ **Branch verified:** multi-customer-sync-to-master  
✅ **Files reviewed:** All 10 JSP files read in full  
✅ **Findings identified:** 24 code quality issues

### Breakdown by Severity:
- **CRITICAL (2):** Missing script closing tags that will break page rendering
- **HIGH (3):** Malformed HTML tag, business logic in JSP violating MVC, potential XSS vulnerability
- **MEDIUM (10):** Large commented code blocks, duplicate HTML attributes, hardcoded text breaking i18n, leaky abstractions
- **LOW (9):** Unused variables, style inconsistencies, naming convention violations

### Key Issues Found:

1. **126-line commented code block** in subscription.jsp (entire duplicate implementation)
2. **Malformed HTML tag** in my_profile.jsp (`/label>` instead of `</label>`)
3. **Missing closing script tags** in both use_template files (CRITICAL)
4. **Hardcoded English text** mixed with i18n tags in edit-alert.jsp
5. **1168-line JSP with complex business logic** in view layer (edit-alert.jsp)
6. **Potential XSS vulnerability** from unescaped output throughout
7. **Multiple unused variables** (dt, user_cd, cust_cd) across files
8. **Duplicate class attributes** causing Bootstrap layout issues
9. **Variable name typo** ("Derpatment" vs "Department")

The full audit report with detailed reading evidence and specific remediation recommendations has been written to:
`C:/Projects/cig-audit/repos/fleetiq/audit/2026-03-01-01/p4-P52-temp.md`
