Perfect! I've completed the Pass 4 Code Quality audit for agent P53. Here's what I found:

## Summary

**Files Audited:** 6 JSP files (critical_battery, driver_licence_expiry, impacts, pct_utilization, preop, vehicles_utilization)

**Total Findings:** 16 code quality issues identified

### Key Issues Found:

**HIGH Severity (3 findings):**
- **F02:** Typo `data.longth` instead of `data.length` in 4 files - creates dead code path for department selection
- **F05:** Wrong parameter name `loc_cde` instead of `loc_cd` - breaks location filtering
- **F08:** Client-side permission logic exposure - security concern

**MEDIUM Severity (8 findings):**
- **F01:** Extensive commented-out code throughout all files
- **F04:** Duplicate event handler for btn-month
- **F06:** Hardcoded test data in button attributes
- **F09:** Hardcoded customer IDs exposing business logic
- **F12:** jQuery selectors missing closing bracket
- **F13:** Hardcoded form codes (magic numbers)
- **F14:** Missing error handling in AJAX calls
- **F15:** Duplicate table button configuration code

**LOW Severity (5 findings):**
- **F03:** Debug console.log statements
- **F07:** Inconsistent variable naming
- **F10:** Mixed quote styles
- **F11:** Inconsistent indentation
- **F16:** Missing semicolons

The audit report has been written to: `C:/Projects/cig-audit/repos/fleetiq/audit/2026-03-01-01/p4-P53-temp.md`

All findings include specific file paths, line numbers, detailed descriptions, and recommended fixes. No code was modified per your instructions - this is a report-only audit.
