Perfect! I've completed the Pass 4 Code Quality audit for agent P54. Here's what I found:

## Audit Summary

**Files Reviewed:** 7 JSP files
- ✅ Branch verified: multi-customer-sync-to-master

**Reading Evidence Provided:**
- Detailed scriptlet blocks with line numbers for each file
- All methods/functions invoked with line references
- Form actions and parameters documented

**Quality Issues Found:** 20 findings
- **MEDIUM (6):** Raw ArrayList types, HTML structure errors, tight coupling, missing null safety, complex nested tables, missing character encoding
- **LOW (13):** Dead code, unused variables, deprecated HTML attributes, inconsistent naming/formatting, typos
- **INFO (1):** SimpleDateFormat usage note

**Key Issues:**
1. **Type Safety:** All files use raw ArrayList without generics (compiler warnings)
2. **Dead Code:** Unused variables (dt, Vgmtp_id, Von_hire, Vserv_status, firstRow)
3. **Deprecated APIs:** Extensive use of HTML align/bgcolor attributes
4. **Style Inconsistencies:** Mixed null-checking patterns, inconsistent variable naming (V vs v prefix)
5. **Tight Coupling:** Direct session attribute access in 5 files
6. **HTML Issues:** Missing `<html>` tag, nested table complexity, filename typos

The full audit report with all 20 findings has been written to:
`C:/Projects/cig-audit/repos/fleetiq/audit/2026-03-01-01/p4-P54-temp.md`

No code was modified (report-only mode as instructed).
