## Audit Complete ✓

I've successfully completed the Pass 4 Code Quality audit for agent P56. The report has been written to:
**C:/Projects/cig-audit/repos/fleetiq/audit/2026-03-01-01/p4-P56-temp.md**

### Summary

**Files Audited:** 10 JSP files in pages/admin/user/
**Branch Verified:** multi-customer-sync-to-master ✓
**Total Findings:** 50

### Findings Breakdown by Severity:
- **HIGH:** 1 (Architectural mismatch in edit-user.jsp)
- **MEDIUM:** 14 (Raw types, hardcoded formats, null safety issues)
- **LOW:** 35 (Commented code, unused variables, i18n inconsistencies)

### Key Issues Identified:

1. **Commented-Out Code** (8 findings) - Large blocks of inactive code, debug statements, and duplicate navigation menus
2. **Dead Code** (17 findings) - Unused variable declarations (`dt`, `pp`, and bean properties)
3. **Raw Type Usage** (10 findings) - ArrayList declarations without generics causing compiler warnings
4. **Internationalization** (6 findings) - Hardcoded English text not using `<fmt:message>` tags
5. **Architectural Inconsistency** (1 HIGH finding) - edit-user.jsp contains full HTML document while others are fragments

### Most Critical Finding:

**P56-F36**: edit-user.jsp has a full HTML document structure (DOCTYPE, html, head tags) while all other files in the directory are JSP fragments. This suggests either an orphaned file or incorrect architecture that needs investigation.

All findings include specific line numbers, detailed descriptions, and remediation recommendations. No code was modified as per audit protocol.
