Audit complete! I've successfully analyzed all 9 JSP files and produced the Pass 4 Code Quality audit report.

## Summary

**Files reviewed:** 9 JSP files in pages/admin/user/
**Branch verified:** ✅ multi-customer-sync-to-master
**Total findings:** 20

### Key Issues Identified:

**Critical/High Severity (2):**
- Business logic embedded in presentation layer (violates MVC architecture)
- Missing input validation creating XSS vulnerabilities

**Medium Severity (11):**
- Commented-out code blocks
- Dead code from hardcoded value overriding conditional logic
- Raw ArrayList usage without generics (deprecated practice)
- Hardcoded magic numbers
- Leaky abstractions with direct session access
- Logic errors in conditional checks
- Tight coupling to static configuration fields

**Low Severity (7):**
- Inconsistent file naming conventions
- Unused variables
- Variable naming inconsistencies
- Code duplication across files
- Inconsistent null checking patterns
- Hardcoded placeholder field names
- Resource handling inefficiencies

The full audit report with reading evidence and detailed findings has been written to:
`C:/Projects/cig-audit/repos/fleetiq/audit/2026-03-01-01/p4-P57-temp.md`
