Perfect! I've completed the Pass 4 Code Quality audit for agent P59. Here's a summary of what I found:

## Summary

**Branch Verified:** ✅ multi-customer-sync-to-master

**Files Audited:** 10 JSP files in the vehicles admin section

**Total Findings:** 23
- **Critical:** 0
- **High:** 2
- **Medium:** 15
- **Low:** 5
- **Info:** 1

## Key Issues Found

### High Severity (2):
1. **Hardcoded menu size** (edit.jsp:108) - Value doesn't match actual data structure
2. **Duplicate complex tab rendering logic** (edit-general.jsp:208-273) - Highly repetitive code violating DRY principle

### Medium Severity (15):
- Multiple instances of **commented-out code blocks** across files:
  - Large blocks of commented-out variables (29 lines in impact-settings-au.jsp)
  - Commented-out HTML/JSP form fields
  - Commented-out JavaScript handlers
  - Debug code (System.out.println, out.print statements)
- **Inconsistent null checking** - Using string literal comparison `== "null"` instead of proper null checks
- **Inconsistent filter setter** - `//filter.setCustomer_cd(customer_cd);` commented out in multiple files

### Low Severity (5):
- Duplicate method calls
- HTML typo (`</label>n`)
- Inconsistent dialog usage (confirm/alert vs swal)
- Unused variable declarations

All findings have been documented with specific file paths, line numbers, descriptions, and recommended fixes in the output file:
**C:/Projects/cig-audit/repos/fleetiq/audit/2026-03-01-01/p4-P59-temp.md**
