I've completed the Pass 4 Code Quality audit for agent P60. Here's a summary:

## Audit Results

**Files Reviewed:** 10 JSP files in pages/admin/vehicles/

**Branch Verified:** ✓ multi-customer-sync-to-master

**Total Findings:** 26

### Severity Breakdown:
- **HIGH (1):** Massive code duplication between master-veh-tab.jsp and master-veh.jsp
- **MEDIUM (9):** 
  - 7 blocks of commented-out code
  - Multiple duplicated JavaScript functions
  - Validation logic error (function called without parentheses)
  - XSS vulnerability risk (unescaped output in JavaScript)
  - Leaky abstractions in menu rendering
- **LOW (15):** 
  - Unused imports and variables
  - Inconsistent include paths
  - Typos in messages
  - Hard-coded magic numbers
  - Style inconsistencies
- **INFO (1):** Minimal utility fragments

### Key Issues Found:

1. **Critical Duplication:** master-veh-tab.jsp and master-veh.jsp are nearly identical (385+ lines duplicated)
2. **Commented Code:** 7 separate blocks of commented-out code across 6 files
3. **Dead Code:** Unused imports (LindeConfig, xmlbeans) and variables (message, form_nm, dt, div_cd)
4. **Security:** Potential XSS vulnerability from unescaped JavaScript output
5. **Bug:** Validation function reference without parentheses in network-settings.jsp

The complete audit report with reading evidence and detailed findings has been written to:
`C:/Projects/cig-audit/repos/fleetiq/audit/2026-03-01-01/p4-P60-temp.md`
