Perfect! I've completed the Pass 4 Code Quality audit for agent P61. Here's what I did:

## Summary

✅ **Branch verified:** multi-customer-sync-to-master

✅ **Files reviewed:** All 10 JSP files read in full

✅ **Reading evidence produced:** Documented scriptlet blocks, functions/methods invoked, form actions, and JavaScript for each file

✅ **Findings documented:** 20 code quality issues identified

## Key Issues Found

### Critical (2):
- **F01:** HTML syntax error in site_setup_config.jsp - malformed closing tag
- **F02:** JavaScript syntax error in super-master-codes.jsp - double comma

### Medium (7):
- **F03-F07:** Commented-out code blocks across multiple files
- **F10:** Large code duplication in fnChangeSelect() function
- **F15:** Complex nested conditional logic in search.jsp
- **F16-F17:** Hardcoded customer codes and missing error handling

### Low (11):
- Style inconsistencies (spacing, null checks, naming)
- Magic numbers, unused imports
- Permission check patterns
- URL building inefficiencies

The complete audit report with detailed descriptions, specific line numbers, and remediation recommendations has been written to:
```
C:/Projects/cig-audit/repos/fleetiq/audit/2026-03-01-01/p4-P61-temp.md
```

All findings follow the required format with Severity, Description, Fix, File, and Line(s) fields. No code has been modified - this is a report-only audit as requested.
