I've completed the Pass 4 Code Quality audit for agent P62. Here's what I did:

## Summary

**Branch verified:** ✅ multi-customer-sync-to-master

**Files audited:** 8 JSP files
- sync-drivers.jsp
- sync-multiple.jsp
- synchronise.jsp
- synchronize.jsp
- update_question.jsp
- upload-picture.jsp
- view.jsp
- vor-settings.jsp

**Total findings:** 26
- **HIGH:** 1 (incorrect labels causing UI confusion)
- **MEDIUM:** 10 (commented-out code, duplicates, typos)
- **LOW:** 15 (dead code, unused variables, style issues)

## Key Issues Found

### Most Critical
**P62-F19** (HIGH): Incorrect labels in view.jsp lines 438-456 - four different service fields all show the same label "Last Service Type Carried Out", making the UI confusing for users.

### Significant Issues
- **P62-F01**: Duplicate form field in sync-multiple.jsp (line 137)
- **P62-F08**: URL typo "impacat" instead of "impact" in synchronise.jsp
- **P62-F11**: Extensive hardcoded English strings in synchronize.jsp (should use i18n)
- **P62-F23**: Typo with extra "V" character in vor-settings.jsp label

### Code Quality Issues
- 10 instances of commented-out code cluttering the codebase
- 6 dead/unused JavaScript functions
- Multiple unused variables and imports
- Mixed naming conventions (snake_case vs camelCase)

The audit report has been written to: **C:/Projects/cig-audit/repos/fleetiq/audit/2026-03-01-01/p4-P62-temp.md**

No code was modified - this is a report-only audit as requested.
