✅ **Audit Complete!**

I've successfully completed the Pass 4 Code Quality audit for agent P63. The report has been written to:
`C:/Projects/cig-audit/repos/fleetiq/audit/2026-03-01-01/p4-P63-temp.md`

## Summary

**Files Audited:** 10 JSP files
- All files read in full
- Reading evidence provided for each file
- **30 findings** identified

## Key Findings Breakdown:

**CRITICAL (1):**
- SQL injection vulnerabilities in 1_drivertech_fix.jsp

**HIGH (6):**
- Hardcoded access control bypass in 5 email report files
- Missing proper error handling in JDBC operations

**MEDIUM (11):**
- Large blocks of commented-out code
- Hardcoded production URLs with path errors
- HTML syntax errors and malformed attributes
- Duplicate inline style definitions

**LOW (12):**
- Deprecated HTML/JavaScript attributes
- Raw types without generics
- Inconsistent logging patterns
- Unused variables
- Code style inconsistencies

The most serious issues are the **SQL injection vulnerabilities** (lines 40-305 in 1_drivertech_fix.jsp) and the **hardcoded access control** that bypasses session-based security in all 5 email report files.
