Perfect! I've completed the Pass 4 Code Quality audit for agent P64. Here's what I found:

## Summary

**Branch verified:** ✅ multi-customer-sync-to-master

**Files audited:** 10 JSP email report files

**Findings:** 12 code quality issues identified

### Key Issues Found:

**HIGH Severity (2):**
- **F03:** Syntax errors with extra double quotes in inline styles across 6 files
- **F10:** Potential XSS vulnerabilities from unescaped output throughout all files

**MEDIUM Severity (3):**
- **F01:** Large blocks of commented-out code in 3 files
- **F02:** Hardcoded external URLs in 3 files (tight coupling)
- **F04:** Duplicate access control initialization code across 7 files

**LOW Severity (7):**
- **F05:** Unused local variables in 7 files
- **F06-F09, F11-F12:** Style inconsistencies (naming, quoting, encoding, formatting)

### Reading Evidence Provided:
For each file, I documented:
- All scriptlet blocks with line numbers and descriptions
- All methods invoked
- Form actions and parameters

The complete audit report has been written to:
`C:/Projects/cig-audit/repos/fleetiq/audit/2026-03-01-01/p4-P64-temp.md`

No fixes were applied - this is a report-only audit as requested. ✅
