Perfect! I've completed the Pass 4 Code Quality audit for agent P68. Here's what I found:

## Summary

**Branch verified:** ✅ multi-customer-sync-to-master  
**Files reviewed:** 10 JSP files  
**Total findings:** 67 issues

### Key Issues Discovered:

**HIGH Severity (3 findings):**
- Malformed URLs using "ttp://" instead of "http://" (excel_blacklist_driv.jsp)
- Missing null/empty check before ArrayList access that could cause IndexOutOfBoundsException (excel_driver_league.jsp)

**MEDIUM Severity (19 findings):**
- Duplicate Content-Disposition headers in all files (overwrites first with second)
- Potential NullPointerException from session attributes without null checks (all files)
- Raw ArrayList type usage without generics causing compiler warnings (multiple files)
- Large blocks of commented-out code (excel_daily_driver_summary.jsp, excel_driver_access_abuse.jsp)

**LOW Severity (44 findings):**
- Inconsistent variable naming (mixing uppercase/lowercase prefixes like "Vloc_cd" vs "vloc_cd")
- Unused variables (al, message, cnt, unused ArrayList assignments)
- Incorrect JavaScript syntax in onload attributes: `print('document')` should be `window.print()`
- Deprecated script "language" attribute usage
- Hardcoded strings instead of i18n keys

**INFO (1 finding):**
- Empty onload attribute

The full audit report with reading evidence and detailed findings has been written to:
`C:/Projects/cig-audit/repos/fleetiq/audit/2026-03-01-01/p4-P68-temp.md`
