Perfect! I've completed the Pass 4 Code Quality audit for agent P69. Here's what I found:

## Summary

**Files Reviewed:** 10 JSP files (Excel export report pages)
**Branch Verified:** ✅ multi-customer-sync-to-master
**Findings:** 15 code quality issues identified

## Key Findings Breakdown:

**CRITICAL:** None
**HIGH:** 1 finding
- Missing access control configuration in excel_inspection_report.jsp

**MEDIUM:** 5 findings
- Duplicate table rendering (50+ lines of redundant code)
- Duplicate Content-disposition headers across 8 files
- Commented-out test code
- Malformed HTML structure
- Missing resource cleanup for Apache POI workbooks

**LOW:** 8 findings
- Hardcoded external URLs (4 files)
- Unused variables (9 files affected)
- Naming inconsistencies
- Hardcoded text instead of i18n
- Inconsistent null checking patterns
- Sequential if statements that should be else-if
- Empty variable assignments

**INFO:** 1 finding
- Unused temporary variable

## Most Impactful Issues:

1. **Duplicate Code** - The entire table is rendered twice in excel_driver_util.jsp
2. **Missing Access Control** - Security risk in excel_inspection_report.jsp
3. **Duplicate Headers** - 8 files set Content-disposition multiple times (dead code)
4. **Unused Variables** - 9 files have unused 'al' variable from parsing access level

All findings have been documented with specific line numbers, severity levels, detailed descriptions, and recommended fixes in the output file:
`C:/Projects/cig-audit/repos/fleetiq/audit/2026-03-01-01/p4-P69-temp.md`
