Perfect! I've completed the Pass 4 Code Quality audit for agent P70. Here's what I found:

## Summary

**Files Audited:** 10 JSP files (all Excel export reports)
**Branch Verified:** ✅ multi-customer-sync-to-master
**Total Findings:** 14 code quality issues

### Key Issues Found:

1. **Raw type usage (MEDIUM)** - All files use non-generic ArrayLists causing compiler warnings
2. **Unused variable `al` (LOW)** - Dead code in all 10 files
3. **Duplicate setHeader calls (MEDIUM)** - 7 files set Content-disposition twice
4. **Inefficient file I/O (MEDIUM)** - Byte-by-byte reading instead of buffered
5. **Resource leaks (MEDIUM)** - Missing try-with-resources in file operations
6. **Poor error handling (MEDIUM)** - Empty catch blocks with only printStackTrace
7. **Code duplication (LOW)** - Access control logic repeated in all files
8. **Hardcoded URL (MEDIUM)** - External HTTP link in one file
9. **Logic error (MEDIUM)** - Broken if/else chain in excel_unit_unlock.jsp
10. **Malformed HTML (MEDIUM)** - Closing tag instead of opening tag
11. **Style inconsistencies (LOW)** - Mixed color formats, deprecated HTML attributes

The full report with reading evidence and detailed findings has been written to:
`C:/Projects/cig-audit/repos/fleetiq/audit/2026-03-01-01/p4-P70-temp.md`

No fixes were applied - this is a report-only audit as instructed.
