Perfect! I've completed the Pass 4 Code Quality audit for agent P71. Here's what I found:

## Audit Summary

✅ **Branch verified:** multi-customer-sync-to-master  
✅ **Files reviewed:** 10 JSP files  
✅ **Total findings:** 45

### Severity Breakdown
- **HIGH:** 9 findings (NullPointerException risks, resource leaks)
- **MEDIUM:** 24 findings (duplicate headers, commented code, raw types, hardcoded paths)
- **LOW:** 12 findings (unused variables/imports, style issues)

### Key Issues Identified

1. **Duplicate Content-Disposition Headers** - All Excel export files set the header multiple times (some 3x), with only the last one taking effect

2. **Potential NullPointerExceptions** - Session attributes retrieved without null checks before calling methods like `equalsIgnoreCase()`

3. **Resource Leaks** - File download handlers (`file_dl.jsp`, `file_dl_url.jsp`) don't use try-with-resources, risking stream leaks

4. **Raw ArrayList Usage** - Pervasive use of ArrayList without generics throughout all files, generating unchecked warnings

5. **Hardcoded Paths** - Environment-specific file paths and external URLs that won't work across deployments

6. **Commented-Out Code** - Dead code blocks that should be removed

7. **Unused Variables** - Many files declare variables (`dt`, `al`, `model_cd`, etc.) that are never used

The full report with all findings, reading evidence, and specific remediation recommendations has been written to:
```
C:/Projects/cig-audit/repos/fleetiq/audit/2026-03-01-01/p4-P71-temp.md
```

No code changes were made - this is a report-only audit as requested.
