Audit complete! I've written a comprehensive Pass 4 Code Quality report to `C:/Projects/cig-audit/repos/fleetiq/audit/2026-03-01-01/p4-P72-temp.md`.

## Summary

**Files Reviewed:** 9 JSP files (get_customer, get_data, get_dept, get_driverblacklist, get_site, get_user, get_vehicle_dept, gpsImpact, gpsImpactEmail)

**Total Findings:** 32 code quality issues identified

### Critical Issues (2):
- **F12:** Hardcoded access control in gpsImpactEmail.jsp bypasses session security
- **F21:** SQL injection risk - unsanitized request parameters

### High Severity (2):
- **F18:** Massive code duplication between gpsImpact.jsp and gpsImpactEmail.jsp (95%+ identical)
- **F22:** XSS vulnerability - unescaped output in XML/JSON responses

### Medium Severity (7):
- Raw type usage without generics (compiler warnings)
- Large blocks of commented-out code (HTML and Google Maps JavaScript)
- Formatting issues (entire file on one line)
- Scope issues in JavaScript
- HTTP instead of HTTPS for tile servers

### Low/Info Severity (21):
- Style inconsistencies (naming conventions, spacing)
- Dead/unused code (variables, functions, DOM elements)
- Deprecated HTML attributes
- Minor typos and documentation gaps

All findings include specific file paths, line numbers, detailed descriptions, and remediation recommendations. No code has been modified - this is a report-only audit as requested.
