I've completed the Pass 4 Code Quality audit for agent P73. Here's what I found:

## Summary

**28 findings identified** across 10 JSP files:
- **HIGH (1):** Path traversal vulnerability in param_test.jsp
- **MEDIUM (7):** Duplicate code, raw types, security issues, deprecated attributes
- **LOW (18):** Style inconsistencies, dead code, naming issues
- **INFO (2):** Test file in production, naming conventions

## Key Quality Issues:

1. **Code Duplication** - AJAX functions duplicated across 4 files
2. **Type Safety** - Raw ArrayList usage without generics (compiler warnings)
3. **Security Risks** - URL injection, path traversal, unchecked session attributes
4. **Dead Code** - Unused variables, unreachable logic, commented code blocks
5. **Deprecated APIs** - Old HTML DOCTYPEs, script language attributes
6. **Inconsistent Standards** - Mixed naming conventions, null checking patterns, quoting

## Reading Evidence Provided:
- All 10 files analyzed with scriptlet descriptions, function inventories, form actions, and parameters documented
- Each finding includes specific line numbers for easy reference

The audit report has been written to:
`C:/Projects/cig-audit/repos/fleetiq/audit/2026-03-01-01/p4-P73-temp.md`

**No fixes applied** - this is a report-only audit as requested.
