Perfect! I've completed the Pass 4 Code Quality audit for agent P74. Here's what I found:

## Audit Summary

**Files reviewed:** 10 JSP files (all print reports)
**Total findings:** 18 code quality issues

### Severity Breakdown:
- **HIGH (2):** Missing access level control in 2 files, XSS vulnerability in all files
- **MEDIUM (8):** Commented-out code blocks, hardcoded URLs, raw ArrayList types, duplicated security logic, null pointer risks
- **LOW (7):** Naming inconsistencies, unused variables, styling issues, magic numbers
- **INFO (1):** Inconsistent filter bean class usage

### Key Issues Found:

1. **Security Gaps:**
   - `print_detail_operation.jsp` and `print_driver_league.jsp` completely missing access level control
   - All files output unescaped user data (potential XSS)
   - Null pointer risk in access level checks

2. **Code Clutter:**
   - 17 lines of commented code in `print_daily_veh_summary.jsp`
   - Multiple commented-out columns in `print_driver_access_abuse.jsp`
   - Commented body tags in 3 files

3. **Maintainability Issues:**
   - Duplicated access control code across 8 files (~160 lines total)
   - Raw ArrayList usage without generics (causes compiler warnings)
   - Hardcoded external URLs to fms.fleetiq360.com
   - Unused variables and ArrayLists

The complete audit report with reading evidence for each file and detailed findings has been written to:
`C:/Projects/cig-audit/repos/fleetiq/audit/2026-03-01-01/p4-P74-temp.md`
