Perfect! I've completed the Pass 4 Code Quality audit for agent P76. Here's a summary:

## Audit Summary

**Files Reviewed:** 10 JSP report files  
**Branch:** ✓ Verified as multi-customer-sync-to-master  
**Findings:** 19 code quality issues identified

### Critical Issues (2)
- **P76-F07:** HTML syntax error - double opening angle bracket in print_preop_chk_detailed.jsp:177
- **P76-F08:** HTML syntax error - missing closing bracket in print_preop_chk_fail.jsp:87

### High Severity Issues (0)
None found

### Medium Severity Issues (6)
- Hardcoded URLs instead of config properties
- Commented-out code blocks
- Mixed use of LindeConfig vs SessionVar
- Inconsistent window.close() behavior
- Unsafe null checking (potential NullPointerException)

### Low Severity Issues (11)
- Unused variables (al, col)
- Deprecated HTML attributes (bgcolor)
- Inline JavaScript handlers
- Style inconsistencies
- Magic strings and numbers
- Code duplication

### Key Patterns Found
- All files have the same unused variable `al` after parsing access_level
- Inconsistent i18n usage (hardcoded vs fmt:message)
- Duplicate row-coloring logic that could use CSS
- Redundant request.getParameter() calls

The full audit report has been written to:
**C:/Projects/cig-audit/repos/fleetiq/audit/2026-03-01-01/p4-P76-temp.md**
