Perfect! I've completed the Pass 4 Code Quality audit for agent P77. 

## Summary

**Branch Verified:** ✅ multi-customer-sync-to-master

**Files Audited:** 10 JSP files (all print report files)

**Total Findings:** 40 code quality issues identified

### Breakdown by Severity:
- **CRITICAL:** 1 (SQL injection risk from string concatenation)
- **HIGH:** 1 (HTML syntax error)
- **MEDIUM:** 15 (code duplication, NullPointerException risks, unreachable code)
- **LOW:** 23 (commented-out code, style inconsistencies, dead variables)

### Key Issues Found:
1. **9 instances** of commented-out code (debug statements, HTML tags)
2. **5 instances** of significant code duplication (header HTML, filter mapping logic)
3. **8 potential safety issues** (NullPointerException risks, array bounds)
4. **SQL injection risk** from quote concatenation in unlock report files
5. **HTML syntax error** in print_unit_unlock_impact.jsp
6. Raw ArrayList types throughout (missing generics)
7. Extensive inline styles instead of CSS classes
8. Site-specific logic leaking into presentation layer

The complete audit report with reading evidence for all files and detailed findings has been written to:
**C:/Projects/cig-audit/repos/fleetiq/audit/2026-03-01-01/p4-P77-temp.md**
