Perfect! I've completed the Pass 4 Code Quality audit for Agent P78. 

## Audit Summary

**Files Reviewed:** 10 JSP files
- All files read in full
- Reading evidence documented for each file (scriptlet blocks, functions, beans, parameters)
- Branch verified: multi-customer-sync-to-master ✓

**Findings:** 19 code quality issues identified

**Severity Breakdown:**
- MEDIUM: 9 findings
- LOW: 10 findings

**Issue Categories:**
1. **Security (2)**: HTTP resources loaded over insecure connections
2. **Build Warnings (7)**: Raw ArrayList types without generics (deprecated API)
3. **Commented Code (3)**: Commented-out code blocks and debug statements
4. **Dead Code (2)**: Unused variables and unreferenced functions
5. **Spelling Errors (3)**: Typos in user-facing text
6. **Code Duplication (1)**: Near-identical files (rpt_blacklist_driv vs rpt_blacklist_driv_au)
7. **Style Inconsistency (1)**: Mixed hardcoded vs configurable titles

**Key Issues:**
- P78-F01, F02: Insecure HTTP jQuery loading creates MITM vulnerability
- P78-F03-F08: Raw ArrayList types generate unchecked warnings at compile time
- P78-F17: Undefined function reference will cause runtime JavaScript error
- P78-F18: 90%+ code duplication violates DRY principle

All findings documented with specific fix recommendations. Report written to:
`C:/Projects/cig-audit/repos/fleetiq/audit/2026-03-01-01/p4-P78-temp.md`
