Audit complete! I've analyzed all 10 JSP report files for code quality issues and documented my findings.

## Summary

**Files Audited:** 10 JSP report files  
**Findings:** 14 code quality issues identified

### Key Issues Found:

**HIGH Severity (1):**
- Leaky abstraction: `rpt_curr_unit_report.jsp` references undefined variable `get_dep` from an included file

**MEDIUM Severity (7):**
- Raw ArrayList types without generics across all files (compiler warnings)
- Extensive commented-out code in daily summary reports
- Deprecated ActiveXObject for IE in AJAX calls
- Inconsistent error handling in AJAX functions
- Outdated jQuery versions (1.3.2 from 2009) with security vulnerabilities

**LOW Severity (6):**
- Typos in user messages ("fot" instead of "for")
- Deprecated HTML attributes (bgcolor, align, cellpadding, etc.)
- Inconsistent variable naming (snake_case vs camelCase)
- Duplicate JavaScript functions across files
- Magic numbers in date calculations

### Most Critical:

1. **Undefined variable reference** (HIGH) - could cause runtime errors
2. **Large commented-out code blocks** - clutters codebase, maintenance risk
3. **Raw types** - generates build warnings throughout
4. **Outdated jQuery & deprecated APIs** - security and compatibility concerns

The full audit report with detailed findings, line numbers, and specific remediation steps has been written to:
`C:/Projects/cig-audit/repos/fleetiq/audit/2026-03-01-01/p4-P80-temp.md`
