Perfect! I've completed the Pass 4 Code Quality audit for agent P81. Here's what I found:

## Summary

✅ **Branch verified:** multi-customer-sync-to-master  
✅ **Files reviewed:** 10 JSP report files  
✅ **Total findings:** 26

### Key Issues Identified:

**HIGH Severity (1):**
- Massive JavaScript code duplication across 5+ files (AJAX functions repeated verbatim)

**MEDIUM Severity (7):**
- Deprecated ActiveXObject for IE (outdated browser support)
- Multiple commented-out code blocks (7 instances)
- Debug alert() in production code
- Potential XSS vulnerabilities (unencoded output)

**LOW Severity (18):**
- Unused variables throughout codebase
- Inconsistent naming conventions (snake_case vs camelCase)
- Magic numbers without explanation
- Inconsistent HTML/JavaScript formatting
- Unsafe null checks

### Most Critical Recommendations:

1. **Extract duplicated JavaScript** to shared files - affects 5 files with 135+ duplicate lines each
2. **Remove all commented-out code** - found in 6 different locations
3. **Fix XSS vulnerabilities** - encode all user-controlled output
4. **Remove debug alert()** - left in rpt_impact_avg_driver_rpt.jsp line 139

The complete audit report has been written to:  
`C:/Projects/cig-audit/repos/fleetiq/audit/2026-03-01-01/p4-P81-temp.md`

All findings include specific file paths, line numbers, descriptions, and recommended fixes as required. No fixes were applied—this is a report-only audit.
