Perfect! I've completed the Pass 4 Code Quality audit for agent P82. Here's a summary:

## Audit Summary

**Files Audited:** 10 JSP files (all report-related)
- rpt_monthly.jsp
- rpt_monthly_charts.jsp
- rpt_monthly_online.jsp
- rpt_national_monthly.jsp
- rpt_national_monthly_charts.jsp
- rpt_override_code_lst.jsp
- rpt_preop_chk.jsp
- rpt_preop_chk_fail.jsp
- rpt_preop_chk_inc.jsp
- rpt_seat_hour_usage.jsp

**Total Findings:** 23

**Breakdown by Severity:**
- **HIGH:** 1 (Potential NullPointerException in access level check)
- **MEDIUM:** 6 (Commented code, code duplication, deprecated ActiveXObject, raw types, direct session access, leaky abstraction)
- **LOW:** 16 (Unused variables, naming inconsistencies, hardcoded values)

**Key Issues Found:**
1. **Dead Code:** Multiple unused variables and parameters retrieved but never used
2. **Commented-out Code:** Print button, JavaScript blocks, bgcolor assignments
3. **Code Duplication:** Three preop check JSPs share identical initialization logic
4. **Potential Bug:** NPE risk in access level validation
5. **Style Issues:** Inconsistent naming (snake_case vs camelCase), raw ArrayList types
6. **Deprecated API:** ActiveXObject for IE (browser is EOL)
7. **Hardcoded Values:** Access levels, division codes, operation codes

The complete audit report with detailed reading evidence and all findings has been written to:
`C:/Projects/cig-audit/repos/fleetiq/audit/2026-03-01-01/p4-P82-temp.md`
