Perfect! I've completed the Pass 4 Code Quality audit for agent P83. Here's a summary:

## Audit Complete

**Files audited:** 10 JSP report files  
**Total findings:** 60 issues identified

### Key Issues Found:

**Critical/High Severity (13):**
- 8 Potential NullPointerException vulnerabilities in access level checks
- 3 XSS vulnerabilities from unescaped output
- 1 Insecure HTTP resource loading (jQuery over HTTP)
- 1 Duplicate code violation (3 nearly identical unlock files)

**Medium Severity (24):**
- 11 Raw ArrayList usage without generics (compiler warnings)
- 3 Commented-out code blocks
- 5 Business logic mixed with presentation layer
- 3 Code duplication issues
- 2 Missing error handling

**Low Severity (21):**
- 18 Unused variables
- 3 Style inconsistencies (HTML attribute quoting)
- Various minor issues

**Info (2):**
- Deprecated DOCTYPE
- Minimal validation in summary files

The full report with reading evidence and detailed findings has been written to:
`C:/Projects/cig-audit/repos/fleetiq/audit/2026-03-01-01/p4-P83-temp.md`

All issues are documented with severity ratings, descriptions, recommended fixes, file paths, and line numbers as specified.
