Perfect! I've completed the Pass 4 Code Quality audit for agent P84. 

## Summary

**Branch verified:** ✅ multi-customer-sync-to-master

**Files audited:** 10 JSP files (all read in full)

**Total findings:** 20 code quality issues identified

### Key Issues Found:

**MEDIUM Severity (7 findings):**
- F01: Extensive commented-out code blocks
- F02: Deprecated ActiveXObject for IE compatibility
- F03: Duplicate JavaScript functions across files
- F08: Inconsistent error handling in file I/O
- F12: Unsanitized request parameter access (security risk)
- F13: Inconsistent date/time handling patterns
- F18: String concatenation in loops (performance issue)
- F20: Hardcoded file path construction

**LOW Severity (13 findings):**
- Empty script blocks, magic numbers, naming inconsistencies, code duplication, typos, formatting issues, etc.

The complete audit report with reading evidence for all files and detailed findings has been written to:
`C:/Projects/cig-audit/repos/fleetiq/audit/2026-03-01-01/p4-P84-temp.md`

**No code was modified** - this is a report-only audit as instructed.
