## Audit Complete ✓

I've successfully completed the Pass 4 Code Quality audit for agent P85. Here's what I found:

**Files Audited:**
- ✓ xlsx_driver_access_abuse_report_mail.jsp
- ✓ xlsx_input_mail.jsp  
- ✓ xlsx_report.jsp
- ✓ xlsx_report_mail.jsp

**Findings Summary:**
- **19 total findings** identified
- **0 CRITICAL** | **0 HIGH** | **6 MEDIUM** | **10 LOW** | **3 INFO**

**Key Issues Found:**
1. **Commented-out code** (6 instances) - clutters codebase and creates ambiguity
2. **Unused imports and dead code** - unnecessary dependencies and wasted resources
3. **Duplicate HTML class attributes** - invalid HTML that silently fails
4. **Potential null pointer exception** - risky null check ordering
5. **Deprecated HTML tags** - using uppercase tags and `<FONT>` elements
6. **Style inconsistencies** - mixed null-check patterns

**Output written to:**
`C:/Projects/cig-audit/repos/fleetiq/audit/2026-03-01-01/p4-P85-temp.md`

The report includes full reading evidence for each file (scriptlets, methods invoked, form actions) and detailed findings with specific remediation recommendations. No code was modified per the instructions.
