Perfect! I've completed the Pass 4 Code Quality audit for agent P86. Here's a summary of what I found:

## Audit Summary

**Files Reviewed:** 10 JSP files in the security folder
**Total Findings:** 54 code quality issues

### Key Findings by Category:

**Deprecated APIs (MEDIUM):**
- All 9 JSP files use deprecated `language="JavaScript"` attribute instead of `type="text/javascript"`
- 2 files use deprecated ActiveXObject for IE compatibility

**Dead Code (LOW-MEDIUM):**
- 102 lines of unused permission management code in frm_form_priority.jsp
- Multiple unused JavaScript functions (set_editvalues, closeform, refresh, set)
- Unused variables in validation logic

**Leaky Abstractions (HIGH-MEDIUM):**
- Business logic embedded in JSP presentation layer (access control, filtering)
- Direct XML string construction instead of proper APIs

**Style Inconsistencies (LOW):**
- Inconsistent validation patterns across files (`null||""||" "||"  "`)
- Mixed HTML attribute quoting (violates XHTML standards)
- Excessive blank lines at end of files

**Critical Issues:**
- **HIGH:** String comparison using `==` instead of `.equals()` in frm_edit_mail_list.jsp line 125 (logic bug)
- **HIGH:** Business logic in JSP presentation layer (separation of concerns violation)

The complete audit report with all 54 findings has been written to:
`C:/Projects/cig-audit/repos/fleetiq/audit/2026-03-01-01/p4-P86-temp.md`

No code was modified per your instructions - this is a report-only audit.
