## Audit Complete ✓

I've completed the Pass 4 Code Quality audit for agent P87. Here's what I found:

**Files Audited:**
- security/get_mail_data.jsp
- security/get_module_data.jsp  
- security/output.jsp
- security/threshold_par.jsp

**Key Findings Summary:**

🔴 **2 CRITICAL Issues:**
- SQL injection vulnerabilities in both output.jsp and threshold_par.jsp (using string concatenation instead of parameterized queries)

🟠 **2 HIGH Issues:**
- Dead code: 44-line database loop in threshold_par.jsp that never executes (dataList is empty)
- Malformed SQL syntax in threshold_par.jsp line 97 (missing comma between columns)

🟡 **6 MEDIUM Issues:**
- Commented-out code blocks (6 instances)
- Hardcoded Windows-specific file paths (D:/reset.csv, D:/PAR_messages.log)

🔵 **10 LOW Issues:**
- Unused imports (BCrypt, Statement)
- Unused variables (url, form_cd, cust_cd, loc_cd, dept_cd, message, vehIds, extra)
- Inconsistent naming conventions (snake_case vs camelCase)
- Code duplication between output.jsp and threshold_par.jsp

**Report written to:** `C:/Projects/cig-audit/repos/fleetiq/audit/2026-03-01-01/p4-P87-temp.md`

The most critical issues are the SQL injection vulnerabilities and the completely unreachable database code in threshold_par.jsp.
