Perfect! I've completed the Pass 4 Code Quality audit for agent P88. Here's what I found:

## Summary

**Files Audited:**
- sess/Expire.jsp
- sess/Expire2.jsp  
- sess/_expire.jsp

**Total Findings: 18**
- **HIGH:** 2 (massive code duplication, potential NullPointerException)
- **MEDIUM:** 9 (commented-out code blocks, System.out.println usage, leaky abstractions, unused imports)
- **LOW:** 6 (unused variables, inconsistent naming, style issues)
- **INFO:** 1 (deprecated scriptlet pattern)

**Key Issues Identified:**
1. All three files contain nearly identical 180+ line code duplications
2. Potential NPE in session validation logic
3. Multiple blocks of commented-out code (logging, redirects, debug statements)
4. Unused Logger variables and url_s variables
5. System.out.println instead of proper logging
6. Leaky abstraction with static SessionVar field manipulation
7. Constructor called purely for side effects
8. Inconsistent null handling between files

The complete audit report with reading evidence and all 18 findings has been written to:
`C:/Projects/cig-audit/repos/fleetiq/audit/2026-03-01-01/p4-P88-temp.md`
