Perfect! I've completed the Pass 4 Code Quality audit for the 8 SQL files. Here's a summary of what I found:

## Audit Complete ✓

**Branch Verified:** multi-customer-sync-to-master

**Files Reviewed:** 8 SQL migration scripts (JAN 2022 through JAN 2023)

**Total Findings:** 12

### Critical Issues (2)
- **SQL Syntax Error**: Semicolon inside CREATE TABLE statement (FLEETIQ_AUG_2022.sql:15)
- **Missing Semicolon**: Statement terminator missing (FLEETIQ_MAY_2022.sql:28)

### Medium Issues (4)
- Commented-out code blocks in migration scripts (2 instances)
- Inconsistent table naming conventions (uppercase quoted vs lowercase unquoted)
- Data type inconsistency for driver_cd column (varchar vs integer mismatch)

### Low Issues (6)
- Inconsistent column naming conventions
- Inconsistent indentation and whitespace
- Magic numbers without documentation
- Inconsistent comment formatting
- Inconsistent use of IF EXISTS clauses
- Mixed string type declarations

**Output written to:** `C:/Projects/cig-audit/repos/fleetiq/audit/2026-03-01-01/p4-S01-temp.md`

The two critical syntax errors would prevent successful execution of those migration scripts and should be addressed immediately.
