✅ **Audit Complete!**

I've successfully completed the Pass 4 Code Quality audit for agent S03. Here's what I found:

**Files Reviewed:**
- sql/sp_equipment_bypass_alert.sql (177 lines)
- sql/sp_get_driver_name.sql (133 lines)  
- sql/sp_opchks_response.sql (673 lines)

**Total Findings: 12**

**Summary by Severity:**
- **HIGH:** 1 finding (uninitialized variable usage)
- **MEDIUM:** 6 findings (commented-out code, code duplication, dead code)
- **LOW:** 5 findings (style inconsistencies, illogical logic flow)

**Key Issues Identified:**
1. Commented-out code blocks that should be removed
2. Duplicate code in email notification logic
3. Inconsistent naming conventions (camelCase vs snake_case)
4. Potential bug with undefined variable usage in sp_equipment_bypass_alert
5. Dead code (always-true condition)
6. Excessive blank lines making code harder to read

The complete audit report with reading evidence and detailed findings has been written to:
`C:/Projects/cig-audit/repos/fleetiq/audit/2026-03-01-01/p4-S03-temp.md`
