## Pass 3 Documentation Audit Complete

I've successfully completed the Pass 3 documentation audit for Agent C02. Here's a summary:

### Files Audited
- `WEB-INF/src/main/resource/Messages.properties` (2267 lines, 1946 properties)
- `WEB-INF/src/main/resource/Messages_en.properties` (2266 lines, 1946 properties)
- `WEB-INF/src/main/resource/Messages_en_US.properties` (2265 lines, 1946 properties)

### Key Findings

**12 Total Findings:**
- **HIGH (4):** Large undocumented property groups with 517, 246, 160, and 271 consecutive properties lacking section headers
- **MEDIUM (5):** Missing file headers, unprofessional section names, no naming conventions, inconsistencies between files, no inline documentation
- **LOW (2):** Duplicate section header, missing locale fallback documentation
- **INFO (1):** No version control documentation

### Major Issues Identified

1. **Four massive undocumented blocks** of properties (C02-F02 through C02-F05) making the files difficult to navigate
2. **No comprehensive file-level documentation** explaining purpose, locale, or conventions
3. **Unprofessional section headers** like "#USER - GARY" and "#SETTINGS - CHARLIE" 
4. **No inline comments** for complex properties with special formatting
5. **Inconsistencies** between the three locale files (including typo "Mandatory Onlyss")
6. **No documented naming conventions** for property key prefixes

### Report Location
📄 `C:/Projects/cig-audit/repos/fleetiq/audit/2026-03-01-01/pass3/C02.md`

All findings documented with specific severity levels, descriptions, fixes, file paths, and line numbers. No fixes applied per audit protocol.
