Perfect! I've completed the Pass 3 Documentation Audit for Agent J02. Here's what I found:

## Summary

**Branch verified:** ✅ multi-customer-sync-to-master

**Files audited:** 3 Java bean classes
- BroadcastmsgBean.java (20 public methods)
- CanruleBean.java (26 public methods)  
- DailyUsageDeptDataBean.java (22 public methods including 2 constructors)

**Total findings:** 71 documentation gaps

**Severity breakdown:**
- **MEDIUM:** 8 findings (access control methods in CanruleBean and complex data structures in DailyUsageDeptDataBean)
- **LOW:** 60 findings (undocumented getter/setter methods)
- **INFO:** 3 findings (missing class-level documentation)

**Key issues identified:**
1. All three classes lack class-level Javadoc documentation
2. 100% of public methods (68 total) have no Javadoc comments
3. Security-relevant access control fields in CanruleBean are undocumented
4. Complex data structure (ArrayList<double[]>) in DailyUsageDeptDataBean lacks documentation
5. No @param, @return, or @throws tags anywhere

The complete audit report with reading evidence, documentation analysis, and all 71 detailed findings has been written to:
`C:/Projects/cig-audit/repos/fleetiq/audit/2026-03-01-01/pass3/J02.md`
