Perfect! I've completed the Pass 3 Documentation Audit for Agent J03. Here's what I found:

## Summary

**Files Audited:** 3 Java bean classes
- DailyUsageHourBean.java
- DashboarSubscriptionBean.java  
- DayhoursBean.java

**Total Findings:** 12

### Key Issues Identified:

1. **HIGH Severity (1 finding):**
   - `arrangeData()` method has complex business logic (27 lines) with NO documentation

2. **MEDIUM Severity (4 findings):**
   - Missing class documentation for DashboarSubscriptionBean (which also has a typo in its name)
   - Complex methods `getModelList()` and `getWeekList()` lack documentation
   - Parameterized constructor missing documentation

3. **LOW Severity (6 findings):**
   - All three classes lack class-level documentation
   - All 40 getter/setter methods across the three classes are undocumented
   - Empty Javadoc for serialVersionUID

4. **INFO (1 finding):**
   - DayhoursBean uses package-private fields instead of private (encapsulation issue)

### Most Critical:
The `arrangeData()` method in DailyUsageHourBean is the most problematic - it's a complex method with filtering, state modification side-effects, and formatted string output, yet has zero documentation.

The full audit report has been written to:
`C:/Projects/cig-audit/repos/fleetiq/audit/2026-03-01-01/pass3/J03.md`
