Perfect! I've completed the Pass 3 documentation audit for agent J06. Here's what I found:

## Audit Summary

**Files audited:** 3 Java bean classes
- FleetCheckBean.java (6 public methods)
- ImpactBean.java (51 public methods)
- ImpactDeptBean.java (8 public methods)

**Total findings:** 68 documentation gaps

### Key Issues Identified:

1. **Complete lack of method documentation**: All 65 public methods across the three classes have zero Javadoc comments
2. **Empty class-level Javadoc**: ImpactBean and ImpactDeptBean have empty Javadoc blocks that provide no useful information
3. **No class documentation**: FleetCheckBean has no class-level documentation at all
4. **Missing parameter documentation**: No @param tags for any method parameters
5. **Missing return documentation**: No @return tags for any return values
6. **Complex structures undocumented**: Arrays (blueshock, ambershock, redshock, impacts) and HashMaps (impactMap) have no explanation of their structure or meaning

### Severity Distribution:
- **MEDIUM**: 23 findings (complex data structures, business logic methods, unclear field purposes)
- **LOW**: 45 findings (simple getters/setters, class documentation)

The complete audit report has been written to:
`C:/Projects/cig-audit/repos/fleetiq/audit/2026-03-01-01/pass3/J06.md`

As instructed, I have **not fixed** any issues—only documented them for review.
