Perfect! I've completed the Agent J11 Pass 3 documentation audit. Here's what I found:

## Summary of Audit Results

**Branch verified:** ✅ multi-customer-sync-to-master

**Files reviewed:** 3 Java bean classes
- PreCheckSummaryBean.java (11 public methods)
- QuestionBean.java (30 public methods)
- RestrictedAccessUsageBean.java (13 public methods)

**Key findings:**
- **Total findings:** 57
- **Documentation coverage:** 0% (0 out of 54 public methods documented)
- **Severity breakdown:**
  - MEDIUM: 9 findings (access control methods in QuestionBean)
  - LOW: 45 findings (getter/setter methods and general methods)
  - INFO: 3 findings (missing class-level documentation)

**Critical observations:**
1. All three bean classes completely lack Javadoc documentation
2. QuestionBean has 8 access control-related methods (access_level, access_cust, access_site, access_dept) that are undocumented - these were flagged as MEDIUM severity due to potential security implications
3. Business logic method `addArrPrecheck` in PreCheckSummaryBean is undocumented - flagged as MEDIUM
4. All methods are missing @param, @return, and @throws tags

The complete audit report has been written to:
`C:/Projects/cig-audit/repos/fleetiq/audit/2026-03-01-01/pass3/J11.md`
