Perfect! I've completed the Pass 3 documentation audit for agent J21. Here's what I found:

## Audit Summary

**Files Reviewed:** 3 Java chart utility classes
- BarChartUtil.java (10 public methods/constructors)
- BarChartUtil_bak.java (5 public methods/constructors)  
- Chart.java (9 public methods)

**Critical Finding:** Complete absence of documentation
- **0 out of 24** public methods/constructors have Javadoc comments
- **0 out of 3** classes have class-level documentation
- **27 total findings** reported

## Key Issues Identified

1. **Missing critical method documentation** (HIGH severity):
   - Chart generation methods (`createChart`) with complex Google Charts API integration
   - Constructors with no parameter documentation
   - `caculateyAxis` method with undocumented scaling algorithm

2. **No class-level documentation** (MEDIUM severity):
   - Purpose and relationships unclear
   - BarChartUtil_bak has "_bak" suffix but no explanation if it's deprecated

3. **No parameter/return/exception documentation**:
   - No `@param`, `@return`, or `@throws` tags anywhere
   - ResourceBundle usage unexplained
   - Return value formats undocumented

The complete audit report with all 27 findings has been written to:
`C:/Projects/cig-audit/repos/fleetiq/audit/2026-03-01-01/pass3/J21.md`

Each finding includes severity level, detailed description, specific fix recommendation, file path, line numbers, and affected method name.
