Perfect! I've completed the Pass 3 documentation audit for agent J24. Here's what I found:

## Summary

**Files audited:** 3 Java files (BatteryChargeChart.java, ChartDashboard.java, ChartDashboardUtil.java)

**Documentation status:**
- **Total public methods:** 38
- **Documented methods:** 0  
- **Undocumented methods:** 38

**Findings:** 41 documentation gaps identified
- **HIGH:** 6 (complex methods with undocumented business logic)
- **MEDIUM:** 24 (chart generation methods, constructors)
- **LOW:** 11 (simple getters/setters, class-level docs)

**Key issues:**
1. **Complete absence of Javadoc** across all three files
2. **No class-level documentation** for any class
3. **Undocumented business logic** (e.g., multiplying counts by 2, dividing by 36000)
4. **ChartDashboardUtil** is 1490 lines with zero documentation
5. Missing `@param`, `@return`, and `@throws` tags for all methods

**Critical findings include:**
- `createChart()` - generates Google Charts URLs with no documentation
- `createBarChart()` - 335 lines, generates complete dashboard, no docs
- `getAccessAbuse()` - multiplies counts by 2 without explanation
- `getDriverActivity()` - divides by 36000 (unit conversion) without explanation

The complete audit report has been written to:
`C:/Projects/cig-audit/repos/fleetiq/audit/2026-03-01-01/pass3/J24.md`
