✅ **Pass 3 Documentation Audit Complete for Agent J31**

I've successfully completed the documentation audit and written the report to:
`C:/Projects/cig-audit/repos/fleetiq/audit/2026-03-01-01/pass3/J31.md`

## Summary of Findings

**Total: 29 documentation gaps identified**

### By Severity:
- **HIGH (3)**: Security-critical methods lacking documentation
  - `Config.getCustomers()` - Access control logic undocumented
  - `Config.saveasList()` - SQL execution without injection prevention docs
  - `Config.getPermision()` - Authorization checks undocumented

- **MEDIUM (9)**: Servlet handlers and data processing methods
  - doGet() methods in both servlets
  - getDates(), getTime(), getSites(), getDepartments() methods
  - Incomplete Javadoc for cleanupSession()

- **LOW (14)**: Utility and helper methods (mapValue, mapKey, addSeries, session list helpers)

- **INFO (3)**: Missing class-level Javadoc for all three classes

### Key Issues Identified:
1. **No class-level documentation** on any of the three classes
2. **Security methods completely undocumented** - particularly concerning for access control
3. **One partially documented method** (cleanupSession) missing @param tags
4. **Code duplication** - utility methods repeated across classes without docs
5. **Typo**: "getPermision" should be "getPermission"

The report includes detailed reading evidence, specific line numbers, and actionable remediation steps for each finding.
