Perfect! I've completed the Pass 3 documentation audit for agent J33. Here's what I found:

## Audit Summary

**Files Audited:** 3 Java files
- Preop.java (Servlet handling pre-operational check data)
- SessionCleanupListener.java (HTTP session cleanup listener)
- Summary.java (Dashboard summary data servlet)

**Total Public Methods:** 5
- Documented: 1
- Undocumented: 4

**Total Findings: 8**
- **HIGH (3):** Critical servlet entry points and session cleanup method missing documentation
- **MEDIUM (3):** Missing @throws tags and interface implementation documentation
- **LOW (2):** Missing class-level documentation

## Key Issues Found

1. **Preop.doGet** (line 80) - No documentation for servlet entry point handling 10+ request types
2. **Summary.doGet** (line 42) - No documentation for servlet entry point handling 10+ request types  
3. **sessionDestroyed** (line 21) - No documentation for critical session cleanup affecting 5 servlets
4. Both servlet classes missing class-level Javadoc
5. Multiple methods missing @throws documentation for declared exceptions

The complete audit report has been written to:
`C:/Projects/cig-audit/repos/fleetiq/audit/2026-03-01-01/pass3/J33.md`

All findings include severity ratings, detailed descriptions, specific fix recommendations, file paths, line numbers, and method names as required.
