✓ **Audit Complete - Agent J34 Pass 3 Documentation**

I've completed the documentation audit for the three assigned Java files. Here's what I found:

## Files Audited
1. **TableServlet.java** - 694 lines, 2 public methods
2. **Utilisation.java** - 1,262 lines, 2 public methods  
3. **Frm_MaxHourUsage.java** - 197 lines, 3 public methods/constructors

## Key Findings
- **15 total findings** across all files
- **Only 1 out of 7 public methods** has Javadoc (Utilisation.cleanupSession)
- **All 3 classes** lack class-level documentation
- **Both servlet doGet methods** (critical HTTP entry points) completely undocumented
- **No @throws tags** anywhere, despite multiple IOException and SQLException declarations

## Severity Breakdown
- **HIGH (3):** Undocumented servlet entry points (doGet methods, createExcel)
- **MEDIUM (9):** Missing @param, @return, @throws tags
- **LOW (3):** Missing class-level Javadoc
- **INFO (1):** Incomplete existing documentation

The full report has been written to:
`C:/Projects/cig-audit/repos/fleetiq/audit/2026-03-01-01/pass3/J34.md`

All findings follow the required format with Severity, Description, Fix, File, Line(s), and Method fields.
