Perfect! I have completed the Pass 3 Documentation Audit for Agent J36. Here's a summary of what I found:

## Audit Complete ✓

**Files Audited:** 3 Java classes in the Excel reporting package
- Frm_national_rpt.java (1,211 lines)
- Frm_quater_rpt.java (876 lines)  
- Frm_unitSummary_rpt.java (244 lines)

**Documentation Gaps Found:** 13 findings
- **HIGH (4):** Main entry point methods lacking documentation
  - `createExcel()` methods (3 instances)
  - `getExportDir()` method
- **MEDIUM (7):** Constructors, fields, and protected methods missing docs
  - 4 constructor documentation gaps
  - 1 field documentation gap
  - 1 protected method gap
  - 1 public method with undocumented parameters
- **LOW (2):** Class-level documentation missing for all 3 classes

**Key Issues:**
- Zero public methods have Javadoc comments
- No @param tags documenting method parameters
- No @return tags documenting return values
- No @throws tags for declared exceptions
- Class-level documentation completely absent

The full report has been written to:
`C:/Projects/cig-audit/repos/fleetiq/audit/2026-03-01-01/pass3/J36.md`

All findings follow the exact format specified with Severity, Description, Fix, File, Line(s), and Method fields. No code has been modified - this is a report-only audit as instructed.
