Perfect! I've completed the Agent J37 Pass 3 documentation audit. Here's what I found:

## Summary

**Branch verified:** ✅ multi-customer-sync-to-master

**Files audited:** 3
- EmailBatteryReport.java
- EmailBroadcastMsgReport.java  
- EmailCimplicityShockReport.java

**Total findings:** 15
- **MEDIUM:** 12 (all undocumented methods and constructors)
- **LOW:** 3 (missing class-level documentation)

## Key Issues Identified

All three report classes are **completely undocumented**:

1. **No class-level Javadoc** - None of the three classes have documentation explaining their purpose
2. **No constructor documentation** - 6 constructors lack @param and @throws tags
3. **No method documentation** - 9 public methods missing Javadoc, @param, @return, and @throws tags

The most critical gaps are in methods that:
- Handle database queries (createBatteryReport, createBroadcastMsgReport, createCimplicityShockReport)
- Perform file I/O operations (createExcel methods)
- Throw checked exceptions (IOException, SQLException)

The audit report has been written to: `C:/Projects/cig-audit/repos/fleetiq/audit/2026-03-01-01/pass3/J37.md`

No fixes were applied - this is a report-only audit as instructed.
