Perfect! I've completed the Pass 3 documentation audit for agent J39. Here's what I found:

## Summary

✅ **Branch verified:** multi-customer-sync-to-master
✅ **Files reviewed:** 3 Java report classes
✅ **Total findings:** 19 documentation gaps

### Key Issues Discovered:

1. **Complete absence of Javadoc** - None of the three classes have ANY documentation
   - 0 out of 16 public methods are documented
   - 0 out of 3 classes have class-level documentation

2. **Most Critical Finding (HIGH severity):**
   - `init2()` method in EmailDriverAccessAbuseReport duplicates `init()` without any documentation explaining when to use which version - this could lead to developer confusion and bugs

3. **14 MEDIUM severity issues:**
   - All public methods missing @param, @return, and @throws documentation
   - Constructors with cryptic parameters (cust, loc, dep, st, et) that need explanation
   - Methods throwing checked exceptions without @throws tags

4. **4 LOW severity issues:**
   - Missing class-level documentation
   - Simple getter methods without documentation

The audit report has been written to:
`C:/Projects/cig-audit/repos/fleetiq/audit/2026-03-01-01/pass3/J39.md`
