## Documentation Audit Complete ✓

I've completed the Pass 3 documentation audit for agent J40. Here's what I found:

**Files Analyzed:**
1. EmailDriverLicenceExpiry.java
2. EmailDynDriverReport.java  
3. EmailDynUnitReport.java

**Key Findings:**
- **Total findings:** 12
- **MEDIUM severity:** 9 (all public methods missing Javadoc)
- **LOW severity:** 3 (all classes missing class-level documentation)

**Documentation Gaps:**
- All 3 classes completely lack documentation
- Every public method (9 total) is missing Javadoc comments
- No @param tags for constructor parameters
- No @return tags for methods returning values
- No @throws tags for declared exceptions
- No class-level documentation explaining purpose or usage

The audit report has been written to:
`C:/Projects/cig-audit/repos/fleetiq/audit/2026-03-01-01/pass3/J40.md`

All findings include specific remediation recommendations with exact file paths and line numbers.
