Perfect! I've completed the Pass 3 Documentation Audit for Agent J42. Here's what I found:

## Summary

I reviewed **3 Java files** containing **11 public methods/constructors** total, and found that **ALL of them are completely undocumented**.

### Key Findings:
- **14 total findings**
  - 11 MEDIUM severity (missing method/constructor documentation)
  - 3 LOW severity (missing class-level documentation)
  
### Documentation Gaps Identified:
1. **EmailPreOpChkFailReport.java** - 0/3 methods documented
2. **EmailPreOpChkReport.java** - 0/3 methods documented  
3. **EmailRestictedAccessUsageReport.java** - 0/5 methods documented

Every class is missing:
- Class-level Javadoc
- Constructor parameter documentation (@param tags)
- Exception documentation (@throws tags)
- Return value documentation (@return tags)
- Method descriptions

The audit report has been written to:
`C:/Projects/cig-audit/repos/fleetiq/audit/2026-03-01-01/pass3/J42.md`

All findings follow the specified format with Severity, Description, Fix, File, Line(s), and Method fields as requested.
