Perfect! I've completed the Pass 3 documentation audit for agent J44. Here's what I found:

## Audit Summary

**Branch Verified:** ✅ multi-customer-sync-to-master

**Files Reviewed:** 3 Java classes
- EmailSuperMasterAuthReport.java
- EmailUnitUnlockReport.java  
- EmailUtilWowReport.java

**Total Public Methods/Constructors:** 11
**Documented:** 0
**Undocumented:** 11

## Key Findings

**14 Total Documentation Gaps Identified:**
- **MEDIUM severity:** 11 findings (all public methods and constructors lack Javadoc)
- **LOW severity:** 3 findings (missing class-level documentation)

### Critical Issues:
1. All constructors lack @param documentation for their 6-7 parameters
2. Complex report generation methods (100-160 lines) have no documentation
3. Exception handling is undocumented (@throws tags missing)
4. Return values lack @return documentation
5. No class-level Javadoc explaining report purposes

The audit report has been written to:
📄 `C:/Projects/cig-audit/repos/fleetiq/audit/2026-03-01-01/pass3/J44.md`

Each finding includes the exact severity, description, recommended fix, file path, line numbers, and method name as required. No code was modified—this is a report-only audit.
