✅ **Pass 3 Documentation Audit Complete**

I've successfully completed the documentation audit for agent J46. Here's what I found:

**Files Audited:**
- ExcelCimplicityShockReport.java
- ExcelCimplicityUtilReport.java  
- ExcelCurrDrivReport.java

**Results:**
- **Total public methods:** 12 (across all 3 classes)
- **Documented methods:** 0
- **Total findings:** 15

**Findings Breakdown:**
- **MEDIUM severity:** 9 (all constructors and primary methods missing documentation)
- **LOW severity:** 6 (class-level docs and simple getters missing documentation)

**Key Issues Identified:**
1. Zero Javadoc comments across all classes
2. No @param, @return, or @throws tags anywhere
3. Abbreviated parameter names (cust, loc, dep, st, et) without documentation
4. Complex report generation logic completely undocumented

The complete audit report has been written to:
`C:/Projects/cig-audit/repos/fleetiq/audit/2026-03-01-01/pass3/J46.md`
