✅ **Audit Complete!**

I've successfully completed the Pass 3 Documentation Audit for agent J48. Here's what I found:

## Summary
- **Files reviewed:** 3 Java Excel report generator classes
- **Total findings:** 15 documentation gaps
- **Branch verified:** multi-customer-sync-to-master ✓

## Severity Breakdown
- **HIGH (3):** All `createExcel` methods lack documentation - these are primary API methods handling file I/O
- **MEDIUM (6):** All constructors and report generation methods missing Javadoc with parameter/exception docs
- **LOW (6):** All class-level documentation and `getFileName` getter methods undocumented

## Key Issues
All three classes (`ExcelDriverAccessAbuseReport`, `ExcelDriverImpactReport`, `ExcelDriverLicenceExpiry`) are **completely undocumented**:
- No class-level Javadoc
- No method documentation
- No `@param` tags for any parameters
- No `@return` tags for return values
- No `@throws` tags for declared exceptions

The audit report has been written to:
`C:/Projects/cig-audit/repos/fleetiq/audit/2026-03-01-01/pass3/J48.md`

As requested, I have **reported only** and made no fixes to the code.
