## Audit Complete ✓

I've successfully completed the Pass 3 documentation audit for agent J49. Here's what was found:

### Files Audited (3)
1. ExcelDynDriverReport.java
2. ExcelDynUnitReport.java
3. ExcelImpactMeterReport.java

### Documentation Status
**Total public methods across all files:** 11
**Documented methods:** 0
**Undocumented methods:** 11

### Findings Summary (15 total)
- **HIGH (3):** All `createExcel` methods lack documentation - these are the main entry points for report generation
- **MEDIUM (4):** All constructors and `createDynUnitReport` methods missing @param/@throws tags
- **LOW (7):** Missing class-level Javadoc and simple getter method documentation
- **INFO (1):** Hardcoded URL in ExcelImpactMeterReport

### Critical Gaps Identified
1. No class-level documentation explaining purpose or usage
2. Main API methods (`createExcel`) have no documentation of parameters, return values, or exceptions
3. All constructors lack @param and @throws tags
4. Zero documentation of what each parameter means (cust, loc, dep, st, et)

The full audit report has been written to:
`C:/Projects/cig-audit/repos/fleetiq/audit/2026-03-01-01/pass3/J49.md`
