## Audit Complete ✓

I have successfully completed the Pass 3 Documentation audit for agent J56. Here's what was done:

### Verification
- ✅ Branch confirmed: `multi-customer-sync-to-master`

### Files Reviewed (3 total)
1. `CimplicityUtilReportBean.java` - 14 public methods
2. `CurrDrivReportBean.java` - 30 public methods  
3. `CurrUnitReportBean.java` - 30 public methods

### Documentation Analysis
- **Total public methods:** 74
- **Documented methods:** 0
- **Undocumented methods:** 74

### Findings Summary
**77 total findings** reported in `J56.md`:
- 3 missing class-level Javadoc comments
- 74 missing method-level Javadoc comments (all getters/setters)
- All findings severity: **LOW** (simple JavaBean accessors)

### Key Issues
All three bean classes are completely undocumented:
- No class-level documentation explaining their purpose
- No Javadoc comments on any getter/setter methods
- Missing `@param` tags on all setters
- Missing `@return` tags on all getters

The audit report has been written to:  
`C:/Projects/cig-audit/repos/fleetiq/audit/2026-03-01-01/pass3/J56.md`
