I've completed the Pass 3 documentation audit for agent J57. Here's what I found:

## Summary

**Files Reviewed:**
1. DailyVehSummaryReportBean.java - 54 public methods, 0 documented
2. DetailUnitReportBmwBean.java - 5 public methods, 0 documented  
3. DetailUnitReportBmwItemBean.java - 10 public methods, 0 documented

**Total Findings: 9**
- 0 CRITICAL
- 0 HIGH
- 5 MEDIUM (all undocumented public methods and constructors)
- 3 LOW (missing class-level documentation)
- 1 INFO (raw ArrayList types without generics)

## Key Issues Identified:

1. **Complete absence of documentation** - None of the 69 public methods/constructors across all three files have any Javadoc comments
2. **Cryptic field names** - DailyVehSummaryReportBean uses unclear abbreviations (dsum_key_hr_nc, etc.) with no documentation explaining their meaning
3. **Missing class-level docs** - All three bean classes lack descriptions of their purpose and role
4. **Unclear semantics** - Parameters like "doList" and field meanings are undocumented

The full audit report with detailed findings and remediation recommendations has been written to:
`C:/Projects/cig-audit/repos/fleetiq/audit/2026-03-01-01/pass3/J57.md`

All findings include specific line numbers, affected methods, severity ratings, and concrete fix recommendations. No code has been modified per your instructions.
