Perfect! I've completed the Pass 3 Documentation Audit for Agent J65. Here's what I found:

## Audit Summary

**Files Audited:**
1. ✅ **Databean_user.java** (45 lines) - Empty bean with no public methods
2. ✅ **FirmwareverBean.java** (254 lines) - 19 public methods, 0 documented
3. ✅ **Databean_getuser.java** (11,096 lines) - 501 public methods, only 1 documented

## Critical Findings

**Documentation Coverage: 0.19% (1 out of 520 public methods)**

### 20 Findings Reported:

**CRITICAL (4 findings):**
- Security methods Query_Current_User, Query_User_Form_Menu, Query_Permits, and queryAllDriversByCusLocOnlyNotExpiredLicense all lack documentation

**HIGH (4 findings):**
- Complex firmware version conversion methods (setCurr_ver variants, getType)
- Initialization method init()
- Configuration method Fetch_dealer_config2()

**MEDIUM (6 findings):**
- ~254 undocumented getter methods in Databean_getuser
- ~246 undocumented setter methods in Databean_getuser
- Undocumented getters and setters in FirmwareverBean
- Utility method convertToArrayString

**LOW (5 findings):**
- Missing class-level documentation for all 3 classes
- Test method gettest() with unclear purpose
- ~87 undocumented private fields across all files

**INFO (1 finding):**
- The ONE method with Javadoc (clear_variables) has incomplete documentation

## Output

Report written to: `C:/Projects/cig-audit/repos/fleetiq/audit/2026-03-01-01/pass3/J65.md` (27KB)

The report includes complete reading evidence, detailed findings with severity levels, specific line numbers, and remediation recommendations for every documentation gap identified.
