Perfect! I've completed the Pass 3 Documentation Audit for Agent J66. Here's what I found:

## Audit Summary

**Files Audited:**
1. **Frm_saveuser.java** (11,474 lines) - Master data management servlet
2. **Frm_upload.java** (162 lines) - File upload handler servlet  
3. **MonthlyPDFRpt.java** (174 lines) - PDF report generator

## Key Findings

**Total: 12 findings**
- MEDIUM severity: 5
- LOW severity: 4  
- INFO severity: 1

## Critical Issues Identified

1. **Zero documentation coverage** - Not a single public method across all three files has Javadoc documentation
2. **No class-level documentation** - All three classes lack explanatory comments
3. **Missing parameter documentation** - No @param tags found anywhere
4. **Missing return documentation** - No @return tags for methods with return values
5. **Missing exception documentation** - No @throws tags despite multiple checked exceptions
6. **Public field exposure** - Frm_upload exposes database connections and other fields publicly without documentation
7. **Security validation gaps** - Email validation method lacks security documentation about limitations
8. **Empty methods** - clearVectors() methods are empty with no explanation

The complete audit report has been written to:
`C:/Projects/cig-audit/repos/fleetiq/audit/2026-03-01-01/pass3/J66.md`
