✅ **Documentation audit complete for Agent J67**

I've successfully completed the Pass 3 Documentation audit. Here's what I found:

## Summary of Audit Results

**Files Audited:**
- ✅ ReportPDF.java (237 lines)
- ✅ Databean_cdisp.java (1,860 lines)
- ✅ Databean_dyn_reports.java (8,341 lines)

**Documentation Status:**
- **Total Findings:** 21
- **HIGH Severity:** 2 (both critical `init()` methods undocumented)
- **MEDIUM Severity:** 9 (key methods and inaccurate documentation)
- **LOW Severity:** 10 (class-level and accessor methods)

**Key Issues Identified:**
1. **No class-level Javadoc** on any of the three classes
2. **Critical init() methods** completely undocumented despite orchestrating 15+ operation codes
3. **Inaccurate documentation** - found copy-paste errors like "Creates a PDF with information about the movies"
4. **230+ public getter/setter methods** with zero documentation
5. **Missing tags** - @param, @return, @throws systematically absent

**Report Location:**
`C:/Projects/cig-audit/repos/fleetiq/audit/2026-03-01-01/pass3/J67.md`

The report includes complete reading evidence (all classes, methods, fields with line numbers) and detailed findings with specific remediation guidance. As instructed, I have only reported the issues without making any fixes.
