✅ **Audit Complete**

I've successfully completed the Pass 3 Documentation audit for agent J68. Here's what I found:

## Summary

**Files Audited:**
- ✅ Databean_report.java (22,208 lines, 518 public methods)
- ✅ Databean_report1.java (817 lines, 55 public methods)  
- ✅ Databean_report_new.java (empty file)

**Documentation Status:**
- 🔴 **0% documentation coverage** - NO Javadoc comments found in either file
- **573 total public methods** - ALL completely undocumented
- **0 class-level documentation**

**Key Findings:**
- 12 findings total
- 3 CRITICAL severity (init() methods, SQL injection risks)
- 6 HIGH severity (core methods, database queries, data conversions)
- 3 MEDIUM severity (class-level docs, getters/setters)

**Most Critical Issues:**
1. **J68-F04**: init() method in Databean_report lacks any documentation (main JSP entry point)
2. **J68-F08**: init() method in Databean_report1 lacks any documentation  
3. **J68-F11**: SQL injection risks in undocumented query construction methods

The complete audit report has been written to:
📄 `C:/Projects/cig-audit/repos/fleetiq/audit/2026-03-01-01/pass3/J68.md`
