✅ **Audit Complete - Agent J69**

I've successfully completed the Pass 3 documentation audit for the three Java files in the reports package. Here's what I found:

## Summary
- **Files Reviewed:** 3
- **Total Public Methods:** 25
- **Documented Methods:** 0
- **Total Findings:** 28

### Severity Breakdown:
- **MEDIUM:** 7 findings (class documentation, methods with side effects, generic type issues)
- **LOW:** 21 findings (standard getters/setters)

### Key Issues Identified:
1. **Zero documentation** - None of the three classes have any Javadoc comments
2. **Missing class-level docs** - No explanation of purpose for any class
3. **UtilBean complexity** - Implements Comparable with undocumented day numbering (0-6)
4. **Side effects** - `setUtil_day()` also updates `day_num` but this isn't documented
5. **Raw types** - UtilModelBean uses raw ArrayList without generics
6. **Confusing naming** - `setDayNum()` returns int instead of void

The complete audit report with all 28 findings has been written to:
**C:/Projects/cig-audit/repos/fleetiq/audit/2026-03-01-01/pass3/J69.md**

No code has been modified - this is a report-only audit as requested.
