✅ **Pass 3 Documentation Audit Complete for Agent J70**

I've successfully audited all three security-related Java files and produced a comprehensive documentation analysis. Here's what I found:

## Files Audited:
1. **Databean_security.java** - 1,854 lines, 101 public methods
2. **Frm_customer.java** - 12,461 lines, 8 public/protected methods  
3. **Frm_login.java** - 161 lines, 3 public/protected methods

## Key Findings:
- **26 total findings** documented
- **10 HIGH severity** - Security-critical methods lacking documentation:
  - Authentication methods (doPost in Frm_login)
  - Password getters/setters (getBms_pass, setBms_pass)
  - Database connection management (CreateConnection, closeConnection)
  - Access validation (checkWeigand)
  - Initialization method (init)
  
- **7 MEDIUM severity** - Access control and configuration methods
- **9 LOW severity** - Utility methods and standard getters/setters

## Critical Issues:
- **Zero Javadoc comments** found across all three files
- All 112 public/protected methods are completely undocumented
- No @param, @return, or @throws tags anywhere
- Security-sensitive operations lack documentation of validation rules and constraints
- Resource management methods lack lifecycle documentation

The full report with reading evidence and detailed remediation recommendations has been written to:
`C:/Projects/cig-audit/repos/fleetiq/audit/2026-03-01-01/pass3/J70.md`
