Perfect! I've completed the Pass 3 Documentation Audit for Agent J71. 

## Summary

I've systematically analyzed all three source files and created a comprehensive documentation audit report. Here's what I found:

### Files Reviewed:
1. **GetGenericData.java** (94 lines) - 4 public/protected methods
2. **Frm_security.java** (4,565 lines) - 10 public/protected methods  
3. **Frm_vehicle.java** (14,485 lines) - 7 public/protected methods

### Key Findings:
- **Total public/protected methods:** 21
- **Methods with complete Javadoc:** 0 (0%)
- **Methods with partial Javadoc:** 2 (9.5%)
- **Methods with no Javadoc:** 19 (90.5%)

### 24 Documentation Gaps Identified:

**HIGH Severity (6):**
- Undocumented `CreateConnection()` methods (critical security/resource management)
- Undocumented `doPost()` servlet entry points (handle authentication & sensitive operations)
- Undocumented `sendMail()` method (critical communication function)

**MEDIUM Severity (11):**
- Missing documentation for database operations, subscriptions, rate limiting, utilities
- Incomplete Javadoc for `getRemainingIPAttempts()` and `getRemainingUsernameAttempts()` (missing @param, @return, @throws tags)

**LOW Severity (7):**
- Missing class-level documentation
- Undocumented getters/setters
- Empty methods without explanation

The complete audit report has been written to:
`C:/Projects/cig-audit/repos/fleetiq/audit/2026-03-01-01/pass3/J71.md`
