Perfect! I've completed the Pass 3 Documentation audit for agent J73. Here's what I found:

## Audit Summary

**Files audited:** 3 Java utility files
- CustomComparator.java
- CustomUpload.java  
- DBUtil.java

**Total findings:** 11 documentation gaps

### Key Issues:

1. **CustomComparator.java** - Completely undocumented (no class or method Javadoc)

2. **CustomUpload.java** - Critical servlet with no documentation:
   - Missing Javadoc for `doPost()` method (HIGH severity - handles file uploads, SQL queries, email)
   - Missing Javadoc for public utility methods `now()` and `read()`

3. **DBUtil.java** - Partial documentation with inaccuracies:
   - `getConnection()` has incorrect @param and @exception tags
   - `closeConnection()` has incomplete @param tag
   - Two methods completely undocumented: `closeStatment()` and `closeResultSet()`

### Severity Breakdown:
- **HIGH:** 1 (doPost - security-sensitive file upload handler)
- **MEDIUM:** 7 (public methods and inaccurate docs)
- **LOW:** 3 (class-level documentation)

The full report with all 11 findings has been written to:
`C:/Projects/cig-audit/repos/fleetiq/audit/2026-03-01-01/pass3/J73.md`
