Perfect! I've completed the Pass 3 Documentation Audit for Agent J74. Here's what I found:

## Summary

**Files audited:**
- DataUtil.java (58 public methods, 915 lines)
- DateUtil.java (25 public methods, 468 lines)  
- DriverExpiryAlert.java (1 public method, 357 lines)

**Key findings:**
- **87 total documentation gaps identified**
- **0 methods have proper Javadoc** across all three files
- Only inline `//` comments exist (not proper Javadoc)
- No class-level documentation for any of the three classes

**Severity breakdown:**
- HIGH: 10 findings (security-critical methods like file uploads, SQL operations, date validation)
- MEDIUM: 51 findings (utility methods, complex business logic)
- LOW: 23 findings (simple formatting methods)
- INFO: 0

**Most critical issues:**
1. File upload methods (uploadFile, uploadLicenceFile, uploadDocumentFile) lack security documentation
2. SQL operations in DriverExpiryAlert.checkExpiry have no documentation (potential SQL injection risks)
3. Input validation methods (isValidDate, escapeSpecialCharacter) lack security context
4. Session helper methods (toBooleanSA, toInt, toString) have special/buggy behavior that's undocumented
5. All exception throws lack @throws tags

The complete audit report has been written to:
`C:/Projects/cig-audit/repos/fleetiq/audit/2026-03-01-01/pass3/J74.md`

No code was modified - this is a report-only audit as instructed.
