## Audit Complete ✓

I've successfully completed the Pass 3 Documentation audit for agent J76. Here's what I found:

### Summary
- **Files reviewed:** 3 Java utility classes
- **Total public methods:** 20
- **Documented methods:** 0 (0%)
- **Total findings:** 23

### Severity Breakdown
- **HIGH (2):** Security-critical encryption methods in `EncryptTest.java` completely undocumented
- **MEDIUM (14):** Date manipulation, file operations, email sending, dynamic class loading
- **LOW (7):** Utility methods, constructors, class-level documentation

### Key Issues Identified
1. **Complete absence of Javadoc** - Not a single method or class has documentation
2. **Security risks undocumented:**
   - Encryption/decryption methods with no algorithm details
   - Dynamic class loading (potential code injection vector)
   - Directory traversal pattern in `getExportDir()`
   - File download operations
3. **EncryptTest.java is decompiled code** - Legal and security implications
4. **Ambiguous method names** - Methods like `first()` and `last()` have unclear semantics without docs

The full report with reading evidence and all 23 detailed findings has been written to:
`C:/Projects/cig-audit/repos/fleetiq/audit/2026-03-01-01/pass3/J76.md`
