Documentation audit complete! I've analyzed all three Java files and produced a comprehensive report.

## Summary

**Files Audited:**
- GetHtml.java (126 lines)
- ImpactUtil.java (58 lines)  
- ImportFiles.java (2,383 lines)

**Results:**
- **Total findings: 15**
- **0% documentation coverage** - None of the files have any Javadoc comments
- All public methods missing @param, @return, and @throws tags
- No class-level documentation exists

**Severity Breakdown:**
- **HIGH (4)**: Safety-critical impact calculations and main servlet entry point
- **MEDIUM (7)**: HTTP utilities, validation methods, file parsing
- **LOW (4)**: Class-level docs, simple getters/setters

**Key Issues:**
1. **ImpactUtil** - Contains vehicle safety impact force calculations with no documentation of formulas or coefficients
2. **ImportFiles** - Large servlet (2383 lines) handling multiple import types with zero documentation
3. **GetHtml** - HTTP request utility making external calls without documented behavior

Report written to: `C:/Projects/cig-audit/repos/fleetiq/audit/2026-03-01-01/pass3/J78.md`
