✅ **Audit Complete - Agent J82 Pass 3 Documentation**

I've successfully completed the documentation audit and generated the report at:
`C:/Projects/cig-audit/repos/fleetiq/audit/2026-03-01-01/pass3/J82.md`

## Summary of Findings

**Files Reviewed:** 3
- SendMessage.java (SMS messaging service)
- SessionVar.java (session configuration utility)
- SkyhookService.java (WiFi geolocation service)

**Total Findings:** 11
- **CRITICAL:** 1 (hardcoded API credentials)
- **HIGH:** 2 (missing documentation for external service method, inaccurate SMS/email documentation)
- **MEDIUM:** 5 (missing public method docs, missing @throws tags, undocumented public fields)
- **LOW:** 3 (missing class-level documentation, private method documentation)

## Key Documentation Issues

1. **All public methods undocumented** - Both `SendMessage.init()` and `SkyhookService.getWifiPos()` lack Javadoc
2. **Inaccurate documentation** - Existing docs incorrectly reference "email" when code sends SMS
3. **Malformed syntax** - PHP-style parameter tags used in Java code (`@param string $mobile_no`)
4. **Missing exception documentation** - No @throws tags for SQLException and IOException
5. **Security concern** - Hardcoded API key flagged for awareness

The report includes detailed reading evidence for all classes and specific remediation guidance for each finding.
