Perfect! I've completed the Pass 3 documentation audit for agent J83. Here's what I found:

## Audit Summary

**Files Audited:** 3 Java utility classes
- TeslaBadgeUtil.java (2 public methods)
- UtilBean.java (18 public methods)  
- call_mail.java (11 public methods)

**Total Findings:** 34 documentation gaps

**Severity Breakdown:**
- HIGH: 5 findings
- MEDIUM: 12 findings
- LOW: 17 findings

**Key Issues:**
1. **100% of public methods lack Javadoc** - All 31 public methods across the three files have no documentation
2. **Complex algorithms undocumented** - Weigand protocol conversion, firmware version comparison, and impact calibration have no explanatory documentation
3. **Inaccurate class documentation** - UtilBean has a comment that's both inaccurate (describes only fraction of functionality) and in wrong format (/* instead of /**)
4. **Database operations undocumented** - Methods that query databases lack documentation about parameters, return values, and error handling

**High-Priority Findings:**
- `card_to_weigand_48bit` - Complex Weigand 48-bit protocol with parity calculations
- `checkFirmwareMinVer` - Sophisticated version comparison algorithm
- `calibrate_impact` - Statistical calibration of impact sensors with database updates
- `call_email` - Scheduled email processing with report generation
- `call_alertemail` - Alert email processing with database modifications

The complete audit report has been written to: `C:/Projects/cig-audit/repos/fleetiq/audit/2026-03-01-01/pass3/J83.md`
