Perfect! I've completed the Pass 3 documentation audit for agent J86. Here's what I found:

## Audit Summary

**Files audited:** 3 Java files
- send_updatepreop.java (1 public method)
- BatteryDAO.java (5 public methods)  
- DriverDAO.java (11 public methods)

**Total findings:** 20 documentation gaps

### Severity Breakdown:
- **CRITICAL (3):** Security-critical authentication/authorization methods with zero documentation
  - `checkExpiry()` - Driver license expiry checking with IDDENY messages
  - `checkExpiryGeneric()` - Generic expiry checking with access level logic
  - `sendIDDENY()` - Access revocation with supervisor permission manipulation

- **HIGH (6):** Data access methods with SQL injection vulnerabilities
  - All methods use string concatenation to build SQL queries
  - No documentation on security risks or parameter validation

- **MEDIUM (8):** Business logic and data access methods lacking documentation
  - Battery charge/change calculation algorithms
  - Driver list retrieval methods
  - Impact tracking methods

- **LOW (3):** Missing class-level documentation

### Key Issues:
1. **100% of public methods lack Javadoc** (17/17 methods)
2. **No @param, @return, or @throws tags** anywhere
3. **Security-critical code undocumented** - authentication/authorization logic has no documentation
4. **SQL injection vulnerabilities** - widespread use of string concatenation in queries
5. **Complex business logic unexplained** - battery charge detection, supervisor access bits

The complete audit report has been written to:
`C:/Projects/cig-audit/repos/fleetiq/audit/2026-03-01-01/pass3/J86.md`
