✅ **Documentation audit complete for Agent P01**

I've successfully completed the Pass 3 documentation audit for the two JSP files. Here's what I found:

## Summary

**Files Audited:**
- `au_email/xlsx_daily_veh_summary_input_mail.jsp`
- `au_email/xlsx_daily_veh_summary_report_mail.jsp`

**Total Findings:** 10

**Severity Breakdown:**
- **HIGH:** 1 (Security-related: Missing input validation documentation)
- **MEDIUM:** 5 (Undocumented JavaScript functions and complex logic)
- **LOW:** 3 (Missing file-level documentation)
- **INFO:** 1

## Key Issues Identified:

1. **All 4 JavaScript functions** in the input form JSP lack proper JSDoc documentation
2. **Both JSP files** have no file-level documentation explaining their purpose
3. **Complex report generation logic** lacks comprehensive documentation
4. **Security concern:** Input parameters (especially email-related: mail_id, subject) have no documented validation, creating potential injection attack risks
5. **Complex directory path calculation** has no explanatory comments

The full audit report with reading evidence and detailed findings has been written to:
`C:/Projects/cig-audit/repos/fleetiq/audit/2026-03-01-01/pass3/P01.md`

All findings follow the required format with Severity, Description, Fix, File, Line(s), and Method fields. No code has been modified - this is a report-only audit as requested.
