Documentation audit complete! I've analyzed all 10 JSP files and generated a comprehensive report.

## Summary

**Branch verified:** ✅ multi-customer-sync-to-master

**Files audited:** 10 JSP files
- au_excel/excel_hourmeter_exception.jsp
- au_excel/xlsx_battery_report.jsp
- au_excel/xlsx_broadcastmsg_report.jsp
- au_excel/xlsx_cimplicity_shock_report.jsp
- au_excel/xlsx_cimplicity_util_report.jsp
- au_excel/xlsx_curr_driv_report.jsp
- au_excel/xlsx_curr_unit_report.jsp
- au_excel/xlsx_daily_driver_summary_report.jsp
- au_excel/xlsx_daily_veh_summary_report.jsp
- au_excel/xlsx_driver_access_abuse_report.jsp

**Findings:** 27 total
- **HIGH (1):** Commented-out security code in xlsx_curr_unit_report.jsp without documentation
- **MEDIUM (20):** Missing file-level documentation and inadequate exception handling across all files
- **LOW (6):** Missing inline documentation for complex logic

**Key issues identified:**
1. No file-level documentation headers on any JSP
2. Generic exception handling with misleading comments
3. Cryptic operation codes and abbreviations undocumented
4. Complex directory path manipulation without explanatory comments
5. Security-critical code commented out without explanation

**Report written to:** C:/Projects/cig-audit/repos/fleetiq/audit/2026-03-01-01/pass3/P02.md
