Perfect! I've completed the Pass 3 Documentation Audit for agent P03. Here's what I found:

## Summary

**Branch verified:** ✅ multi-customer-sync-to-master  
**Files audited:** 10 JSP files (Excel report generators)  
**Total findings:** 17

### Severity Breakdown
- **CRITICAL:** 0
- **HIGH:** 0  
- **MEDIUM:** 10 findings
- **LOW:** 4 findings
- **INFO:** 1 finding

### Key Documentation Gaps Identified

1. **No file-level documentation** - None of the 10 JSP files have headers explaining purpose or usage

2. **Undocumented scriptlet blocks** - All main scriptlet blocks (100+ lines each) lack explanatory comments

3. **Security-critical access control undocumented** - Identical access level control logic repeated across all files with no explanation of what access level "5" means or why it's the default

4. **Complex path construction unexplained** - Directory path manipulation using protection domain, slash counting, and nth occurrence logic is completely undocumented

5. **Poor exception handling** - Generic `catch(Exception e)` blocks with only `printStackTrace()`, no documentation of error behavior or user impact

6. **Unused imports** - 3 files contain unused import statements (likely copy-paste artifacts)

7. **Missing parameter validation docs** - No documentation of which parameters are required vs optional, or what validation occurs

8. **Unexplained commented code** - 2 files have commented-out code with no explanation

The full report has been written to:
**C:/Projects/cig-audit/repos/fleetiq/audit/2026-03-01-01/pass3/P03.md**

Each finding includes specific severity, description, recommended fix, file path, and line numbers as required.
