Perfect! I've completed the Pass 3 Documentation Audit for agent P04. Here's what I found:

## Audit Summary

**Files Audited:** 5 JSP files (all Excel report generators)
- xlsx_serv_maintenance_report.jsp
- xlsx_super_master_auth_report.jsp
- xlsx_unit_unlock_report.jsp
- xlsx_util_wow_report.jsp
- xlsx_utilisation_report.jsp

**Total Findings:** 21

**Severity Breakdown:**
- **HIGH:** 1 - Undocumented dual filter initialization with different op_codes
- **MEDIUM:** 10 - Missing file-level documentation and undocumented complex logic
- **LOW:** 10 - Undocumented defaults and inadequate exception handling

## Key Issues Identified

1. **Missing File-Level Documentation** - All 5 JSP files lack comprehensive headers explaining purpose, parameters, and behavior
2. **Undocumented Directory Path Construction** - Complex path manipulation logic repeated in all files without explanation
3. **Undocumented Access Level Defaults** - All files default to access_level "5" with no explanation of what this means
4. **Inadequate Exception Handling** - Generic "file IO errors" comments with no guidance on error recovery
5. **Confusing Dual Initialization** (HIGH) - xlsx_util_wow_report.jsp initializes filters twice with different op_codes without explanation

The complete audit report has been written to:
`C:/Projects/cig-audit/repos/fleetiq/audit/2026-03-01-01/pass3/P04.md`
