Perfect! I've completed the Pass 3 Documentation Audit for Agent P07. Here's what I found:

## Summary

**Files Audited:** 3 JSP files
- au_print/print_util_summary.jsp
- au_print/print_util_wow.jsp  
- au_print/print_utilisation.jsp

**Total Findings:** 15

**Severity Breakdown:**
- **HIGH: 4** - All security-critical access control logic is completely undocumented
- **MEDIUM: 8** - Missing file-level docs, missing JSDoc for JavaScript functions, complex logic undocumented
- **LOW: 3** - Missing inline documentation for less critical code sections

## Key Issues Identified:

1. **No file-level documentation** - All three JSP files lack header comments explaining their purpose, required parameters, and dependencies

2. **Security-critical code undocumented** - The identical access control pattern in all three files (retrieving session attributes, defaulting access_level to "5") has no documentation explaining access levels or security implications

3. **JavaScript functions lack JSDoc** - In print_util_wow.jsp:
   - `Array.prototype.max()` - global prototype extension undocumented
   - `showTooltip()` - no parameter or behavior documentation

4. **Complex logic unexplained** - Default value assignments, access-level-dependent filtering, and chart configuration lack inline comments

5. **Access-level-dependent security logic** - print_utilisation.jsp has conditional department filtering based on access level (<4 gets "all", ≥4 gets restricted) with no explanation

The full audit report with detailed findings and recommended fixes has been written to:
**C:/Projects/cig-audit/repos/fleetiq/audit/2026-03-01-01/pass3/P07.md**
