Perfect! I have completed the **Agent P08 Pass 3 Documentation Audit**. Here's what I found:

## Summary

✅ **Branch verified:** multi-customer-sync-to-master  
✅ **Files reviewed:** 2 JSP files  
✅ **Total findings:** 14 documentation gaps

### Key Findings:

**JavaScript Functions (3 undocumented):**
- `resetPage()` - 517-line critical function with no documentation
- `formateDate(d)` - date formatting function without parameter/return docs
- `BMW_changes()` - customer-specific UI logic undocumented

**Security Issues:**
- HIGH severity: Missing security documentation for input handling and XSS prevention
- Request parameters embedded directly into HTML/JavaScript without documented validation

**Other Critical Gaps:**
- No file-level documentation for either JSP
- Java scriptlet blocks (session variables, parameter handling) undocumented
- Complex AJAX data flows with 10+ endpoints lacking documentation
- Permission checking logic using undocumented array indices
- BMW-specific customizations hardcoded without business justification

### Severity Breakdown:
- **HIGH:** 1 (security documentation)
- **MEDIUM:** 8 (functions, scriptlets, AJAX, permissions, date handling)
- **LOW:** 5 (file-level docs, global variables, chart config)

The complete audit report has been written to:  
**C:/Projects/cig-audit/repos/fleetiq/audit/2026-03-01-01/pass3/P08.md**
