Perfect! I've completed the P10 Pass 3 documentation audit. Here's what I found:

## Summary

**Branch verified:** ✅ multi-customer-sync-to-master

**Files reviewed:** 10 JSP files in the dyn_report directory

**Total findings:** 27 documentation gaps

### Severity Breakdown:
- **HIGH (3):** AJAX endpoints and email sending functionality lacking critical API documentation
- **MEDIUM (18):** Missing file-level documentation and undocumented JavaScript functions
- **LOW (5):** Minor issues like truncated comments and common utility functions
- **INFO (1):** Debug text left in code

### Key Issues Discovered:

1. **No file-level documentation** on any of the 10 JSP files explaining purpose, parameters, or output
2. **All 10 JavaScript functions** (across mail_conf.jsp and mail_first.jsp) lack JSDoc comments
3. **AJAX endpoints** (get_dept.jsp, get_site.jsp) have no API contract documentation - marked as HIGH severity
4. **Email sending logic** in mail_report.jsp lacks documentation - marked as HIGH severity
5. **Complex field-hiding logic** (do_list processing) repeated in 3 files without explanation
6. **Minimal inline comments** throughout - mostly just "//end of access level control"

The complete audit report with all 27 findings has been written to:
`C:/Projects/cig-audit/repos/fleetiq/audit/2026-03-01-01/pass3/P10.md`

Each finding includes the exact format requested: Severity, Description, Fix, File, Line(s), and Method fields.
