## Documentation Audit Complete

I've successfully completed the Pass 3 documentation audit for Agent P11. Here's what I found:

### Summary
- **Files Reviewed:** 8 JSP files (dynamic report views)
- **Branch Verified:** ✅ multi-customer-sync-to-master
- **Total Findings:** 20 documentation gaps

### Severity Breakdown
- **CRITICAL:** 0
- **HIGH:** 1 (undocumented access control security logic)
- **MEDIUM:** 15 (missing file headers, business logic documentation)
- **LOW:** 3 (missing inline comments)
- **INFO:** 1 (potential dead code)

### Key Issues Identified
1. **All 8 files lack file-level documentation** - No headers explaining purpose, parameters, or output
2. **Security logic undocumented** - Access control implementation (HIGH severity)
3. **Site-specific logic undocumented** - Australian site conditionals, Linde branding logic
4. **Business parameters unexplained** - op_code values, date formats, division codes
5. **Potential dead code** - Duplicate variable assignments, unused substring operations

### Major Findings
- **P11-F02 (HIGH)**: Access control logic implementing multi-level security is completely undocumented
- **P11-F13-F15**: Complex Australian site conditional logic with no explanation
- **P11-F17**: Duplicate ArrayList assignment (possible bug or dead code)
- **P11-F19-F20**: Critical configuration parameters (op_code, division code) lack documentation

The full audit report with all 20 findings, reading evidence, and specific remediation recommendations has been written to:
**`C:/Projects/cig-audit/repos/fleetiq/audit/2026-03-01-01/pass3/P11.md`**
