Documentation audit complete! I've analyzed all 8 GPS-related JSP files and generated a comprehensive report.

## Summary

**Files audited:** 8 JSP files
- Copy of gpsZonesData.jsp
- gpsWhereIAm.jsp
- gpsZonesData.jsp
- setGpsZones.jsp
- speedZones.jsp
- speedZones_back.jsp
- unit.gps.jsp
- unit.gps_nd.jsp

**Documentation coverage:** 0% - No file has any documentation

**Total findings:** 26 documentation gaps

**Severity breakdown:**
- HIGH: 3 findings (undocumented gpsTracker object, code duplication, access level logic)
- MEDIUM: 17 findings (file-level docs, AJAX functions, data handling)
- LOW: 6 findings (utility functions, inline code)

**Key issues identified:**
1. Zero file-level documentation explaining purpose and dependencies
2. All JavaScript functions lack JSDoc comments (30+ functions)
3. Security-critical access level logic is completely undocumented
4. Complex gpsTracker object (700+ lines) has no architectural documentation
5. Significant code duplication across files without documentation
6. AJAX endpoint contracts (parameters, return formats) not documented

The full report has been written to:
`C:/Projects/cig-audit/repos/fleetiq/audit/2026-03-01-01/pass3/P13.md`
