Perfect! I've completed the Pass 3 Documentation Audit for Agent P16. Here's what I did:

## Audit Summary

**Branch Verified:** ✅ multi-customer-sync-to-master

**Files Reviewed:** 4 JSP include files
1. includes/report_nevigation_keyword.jsp
2. includes/report_nevigation_nodate.jsp
3. includes/report_nevigation_nodate_model.jsp
4. includes/report_nevigation_todate.jsp

**Reading Evidence:** Provided detailed analysis of each file including:
- All scriptlet blocks with line numbers and descriptions
- All methods/functions invoked
- Form actions and parameters
- JavaScript function references

**Findings:** 16 documentation gaps identified
- **MEDIUM (4):** Missing file-level documentation for all 4 JSP files
- **LOW (9):** Undocumented scriptlet logic, form parameters, JavaScript functions, utility buttons, and hidden fields
- **INFO (3):** Commented-out code, naming inconsistencies, and filename typo

**Key Issues:**
- None of the 4 navigation components have file-level documentation explaining their purpose, required scope variables, or dependencies
- Complex business logic in scriptlets lacks explanatory comments
- JavaScript function contracts not documented
- Form parameters and submission behaviors not explained
- Inconsistent naming conventions (user_cd vs cust_cd) across similar files not documented

**Output:** Report written to `C:/Projects/cig-audit/repos/fleetiq/audit/2026-03-01-01/pass3/P16.md`

All findings follow the required format with Severity, Description, Fix, File, and Line(s) fields. **No code was modified** - this is a report-only audit as instructed.
