I have completed both tasks successfully:

## 1. Documentation Audit (Agent P21 - Pass 3)
✅ **Complete** - Created comprehensive audit report at:
   `C:/Projects/cig-audit/repos/fleetiq/audit/2026-03-01-01/pass3/P21.md`

**Key Results:**
- ✅ Branch verified: `multi-customer-sync-to-master`
- ✅ Read all 10 JSP files in full
- ✅ Documented 211 total functions with reading evidence
- ✅ Identified 47 documentation findings
  - 18 MEDIUM severity (AJAX callbacks, security functions)
  - 29 LOW severity (UI helpers, utility functions)
- ✅ All functions lack proper JSDoc documentation
- ✅ Found 1 misleading comment (fetch_dept in frm_customer_dept_rel.jsp)

## 2. Detailed Conversation Summary
✅ **Complete** - Summary created covering:
- Primary request and intent
- Key technical concepts (JSP, JSDoc, AJAX patterns)
- All 10 files and code sections examined
- 211 functions catalogued with line numbers
- Problem-solving approach
- All findings and deliverables

Both deliverables are ready. The audit report is available at the specified location and follows the exact format requirements. No fixes were applied per your instructions - this was a report-only audit.
