Documentation audit completed! I've analyzed all 10 JSP files and generated a comprehensive report with 66 findings.

## Summary

**Files Audited:**
- 10 JSP files containing JavaScript functions
- 100+ JavaScript functions reviewed
- All files lack proper JSDoc documentation

**Key Findings:**
- **HIGH Severity (11):** Critical functions like `saveform()`, `calldel()`, `save_conf()`, `save_reset()`, `modify_setting()`, `fnupdate()`, `sendSlidersSettings()`, `call_delete()`, `fetchSlots()`, `sendAll()`, `sendSelected()`
- **MEDIUM Severity (45):** AJAX functions, utility functions, navigation functions
- **LOW Severity (10):** Simple utility functions and file-level documentation gaps

**Common Issues:**
1. No JSDoc comment blocks on any function
2. Missing `@param` tags for all parameters
3. Missing `@return` tags for return values
4. No file-level documentation
5. Some inline comments exist but don't follow JSDoc standards

The complete audit report has been written to:
`C:/Projects/cig-audit/repos/fleetiq/audit/2026-03-01-01/pass3/P22.md`

Each finding includes:
- Severity level
- Detailed description of the problem
- Specific fix with code examples
- File path and line numbers
- Method name
