✅ **Documentation audit complete for Agent P26**

I've analyzed all 10 JSP files and produced a comprehensive documentation audit report. Here's what I found:

## Summary

**Files Reviewed:** 10 JSP AJAX endpoints
- get_cust_vehicle.jsp
- get_customer.jsp
- get_customergp.jsp
- get_dept.jsp
- get_driver.jsp
- get_impact.jsp
- get_mst_cd_exist.jsp
- get_mst_cd_like.jsp
- get_site.jsp
- get_unassigned_vehicle.jsp

**Total Findings:** 28
- **HIGH:** 6 (undocumented access control & security logic)
- **MEDIUM:** 16 (missing file-level docs, XML schemas, parameters)
- **LOW:** 6 (naming, magic strings, minor issues)

## Key Problems Identified

1. **Zero file-level documentation** - None of the 10 files explain their purpose, parameters, or response format
2. **Undocumented security** - 3 files implement role-based access control without any explanation of how it works
3. **No API documentation** - XML response structures, error handling, and parameter requirements are completely undocumented
4. **Inconsistent patterns** - Different approaches to null handling, XML formats, and placeholder values without documentation

The full report has been written to:
`C:/Projects/cig-audit/repos/fleetiq/audit/2026-03-01-01/pass3/P26.md`
