Perfect! I've completed the Pass 3 documentation audit for agent P27. Here's what I found:

## Summary

**Files Audited:** 7 JSP files
- master/get_user.jsp
- master/get_vehicle.jsp
- master/get_vehicle_dept.jsp
- master/pic_upload_logo.jsp
- master/register.jsp
- master/rpt_preop_unsync_qustion.jsp
- master/update_all_user_weigand.jsp

**Total Findings:** 30 documentation gaps

**Severity Breakdown:**
- **HIGH:** 3 findings (security-critical registration endpoint lacks documentation)
- **MEDIUM:** 17 findings (undocumented functions and API contracts)
- **LOW:** 9 findings (utility functions, color coding logic)
- **INFO:** 1 finding (incomplete validation logic)

**Key Issues:**
1. **Zero file-level documentation** - None of the 7 files explain their purpose or usage
2. **13 undocumented JavaScript functions** - No JSDoc comments on any functions
3. **Security code undocumented** - Authentication checks, error codes, and access control logic lack explanation
4. **AJAX API contracts undefined** - XML response formats not documented for consumers
5. **Business logic unexplained** - Color coding, default assignments, and access levels not documented

The complete audit report with reading evidence, analysis, and all 30 findings has been written to:
`C:/Projects/cig-audit/repos/fleetiq/audit/2026-03-01-01/pass3/P27.md`

As instructed, I have **only reported** the issues and made **no fixes** to the code.
