✅ **Pass 3 Documentation Audit Complete for Agent P28**

I've successfully completed the documentation audit for the assigned JSP files. Here's what I found:

## Files Audited
- `menu/menu-new.jsp` (116 lines)
- `menu/menu.jsp` (165 lines)

## Audit Results

**Total Findings: 12**
- **HIGH:** 1 (undocumented JavaScript function with unclear parameters)
- **MEDIUM:** 8 (missing file-level docs, undocumented scriptlets, unclear session logic)
- **LOW:** 3 (JSP bean usage, library integration context)

## Key Documentation Gaps

1. **No file-level documentation** - Neither JSP file explains its purpose or how it differs from the other
2. **Undocumented JavaScript function** - `changePage()` has no JSDoc and unused parameters
3. **Complex scriptlets without comments** - Authentication, session handling, and menu rendering logic lacks explanation
4. **JSP bean declarations undocumented** - No explanation of Menu_Bean vs Menu_Bean1 or scope choices
5. **Session validation issues** - Uses `==` for string comparison (potential bug) without documentation
6. **Special cases unexplained** - Administration module exclusion, Reports submenu handling, module highlighting logic
7. **Third-party integration unclear** - FSMenu library usage not documented in application context

The full audit report with detailed reading evidence and all 12 findings has been written to:
`C:/Projects/cig-audit/repos/fleetiq/audit/2026-03-01-01/pass3/P28.md`
