✅ **Documentation audit complete for Agent P29**

I've analyzed all 8 JSP files and documented **20 findings** covering:

### Severity Breakdown
- **HIGH (4):** Security-critical undocumented code
  - Authentication logic in checker.jsp
  - Permission-based file inclusion in admin.jsp  
  - Session/cookie processing in login.jsp
  - CSRF token generation in resetpass.jsp

- **MEDIUM (7):** Undocumented functions and complex logic
  - JavaScript functions lacking JSDoc (saveForm, loadBundles, setLanguageOnSession)
  - Configuration and query logic without comments
  - Permission validation pattern not explained

- **LOW (1):** Utility function without documentation

- **INFO (8):** Missing file-level documentation for all JSP files

### Key Gaps Identified
1. **Zero** JSP files have file-level documentation
2. **Zero** JavaScript functions have JSDoc comments  
3. Security-critical scriptlet blocks lack explanatory comments
4. Permission array structure used throughout is never documented
5. Dynamic file inclusion patterns lack security documentation

The full report with reading evidence and detailed remediation recommendations has been written to:
`C:/Projects/cig-audit/repos/fleetiq/audit/2026-03-01-01/pass3/P29.md`
