Perfect! I've completed the Pass 3 documentation audit for agent P30. Here's a summary:

## Summary

**Files Audited:** 10 JSP files from pages/admin/
**Total Findings:** 30 documentation gaps

### Key Issues Identified:

1. **Missing File-Level Documentation** (10 findings) - None of the JSP files have header comments explaining their purpose
2. **Undocumented Security Logic** (HIGH severity, 5 findings) - Access control, session management, and permission arrays lack explanation
3. **Missing Scriptlet Documentation** (MEDIUM severity, 8 findings) - Complex Java code blocks embedded in JSPs have no comments
4. **Bean Usage Patterns** (1 finding) - No documentation on JavaBean purposes and lifecycles
5. **Form Actions** (1 finding) - Servlet endpoints lack documentation on parameters and behavior
6. **Special Cases:**
   - BootStrap.jsp is a static Bootstrap documentation file (INFO) - likely shouldn't be in the application
   - Complex permission and access control logic throughout needs comprehensive documentation

### Severity Distribution:
- **CRITICAL:** 0
- **HIGH:** 5 (security-related undocumented code)
- **MEDIUM:** 18 (functional documentation gaps)
- **LOW:** 6 (minor documentation improvements)
- **INFO:** 1 (BootStrap.jsp classification)

The report has been written to `C:/Projects/cig-audit/repos/fleetiq/audit/2026-03-01-01/pass3/P30.md` with full details including reading evidence, documentation analysis, and specific remediation recommendations for each finding.
