## Audit Complete ✓

I've completed the Pass 3 Documentation Audit for Agent P37. Here's what I found:

**Files Audited:**
- pages/admin/dealer/add-general.jsp (367 lines)
- pages/admin/dealer/edit-general.jsp (193 lines)
- pages/admin/dealer/edit.jsp (155 lines)
- pages/admin/dealer/view.jsp (137 lines)

**Results:**
- **Total Findings:** 25 documentation gaps
- **Severity Breakdown:**
  - HIGH: 2 (security-relevant undocumented code)
  - MEDIUM: 13 (missing file-level docs, undocumented business logic)
  - LOW: 10 (undocumented utility functions, unused code)

**Key Issues Identified:**
1. No file-level documentation on any JSP file explaining purpose and usage
2. All scriptlet blocks (13 total) lack inline comments
3. All JavaScript functions (5 total) lack JSDoc comments
4. Security-critical permission checks undocumented (HIGH severity)
5. Complex business logic (status mapping, tab rendering, date handling) not explained
6. Duplicate code patterns without documentation
7. Debug output code left in production without explanation
8. Magic values and sentinel values undocumented

The full report with reading evidence and detailed findings has been written to:
**C:/Projects/cig-audit/repos/fleetiq/audit/2026-03-01-01/pass3/P37.md**
