Perfect! I've completed the Pass 3 Documentation Audit for Agent P39. Here's what I found:

## Summary

**Branch verified:** ✅ multi-customer-sync-to-master

**Files reviewed:** 10 JSP files
- All are presentation-layer JSP files with embedded Java scriptlets
- No Java class or method definitions requiring Javadoc
- Files 5 and 6 contain JavaScript functions

## Key Findings

**4 total findings identified:**

1. **P39-F02 (MEDIUM)**: 8 JavaScript functions in `driver_access_abuse_report_au.jsp` lack JSDoc documentation. These handle critical functionality like form serialization, printing, Excel export, and email configuration.

2. **P39-F01 (LOW)**: 2 JavaScript functions in `driver_access_abuse_report.jsp` lack JSDoc documentation.

3. **P39-F03 (LOW)**: All JSP scriptlet blocks lack comprehensive header comments describing their purpose and operations.

4. **P39-F04 (INFO)**: No file-level documentation headers exist in any of the 10 files.

## Important Note

These JSP files are **presentation-layer templates**, not Java classes. They don't contain public method definitions that would traditionally require Javadoc comments. The documentation gaps are primarily:
- Missing JSDoc for JavaScript functions (client-side code)
- Missing descriptive comments for complex scriptlet blocks
- Missing file-level headers

The full audit report with detailed reading evidence and specific remediation recommendations has been written to:
**`C:/Projects/cig-audit/repos/fleetiq/audit/2026-03-01-01/pass3/P39.md`**
