Perfect! I've completed the Pass 3 Documentation Audit for Agent P40. Here's what I did:

## Summary

**Verified branch:** ✅ multi-customer-sync-to-master

**Files audited:** 10 JSP report files
- driver_licence_expiry_report.jsp
- driver_proficiency_report.jsp
- email_subscription_report.jsp
- email_subscription_report_uk.jsp
- equipment_bypass_alert_report.jsp
- gps_report.jsp
- gps_route_report.jsp
- gps_wifi_report.jsp
- hour_count_report.jsp
- hour_meter_exception_report.jsp

**Total findings:** 29 documentation gaps

### Findings Breakdown:
- **MEDIUM severity (19 findings):** Missing scriptlet documentation and missing JavaScript function documentation
- **LOW severity (10 findings):** Missing file-level documentation

### Key Issues Identified:
1. All 10 files lack file-level documentation explaining purpose and dependencies
2. All scriptlet blocks lack inline comments for complex Java logic
3. All 11 JavaScript functions lack JSDoc comments with @param/@return tags
4. No documentation for access control logic appearing in 9 of 10 files
5. Duplicate code between UK/non-UK versions without explanation

The complete audit report has been written to:
`C:/Projects/cig-audit/repos/fleetiq/audit/2026-03-01-01/pass3/P40.md`

All findings are **report-only** with specific remediation recommendations—no code has been modified.
