## Audit Complete

I've successfully completed the Pass 3 Documentation Audit for agent P41. Here's what was accomplished:

### Branch Verification ✓
- Confirmed branch: `multi-customer-sync-to-master`

### Files Reviewed (10 total)
All files read in full with complete reading evidence documented:
1. impact_meter.jsp
2. impact_meter_report.jsp  
3. impact_report.jsp
4. impact_unlock_report.jsp
5. inspection_report.jsp
6. machine_unlock_report.jsp
7. message_status_report.jsp
8. monthly_report.jsp
9. pre-op_check_list_report_original_with_no_filters.jsp
10. pre-op_check_report.jsp

### Key Findings Summary
**16 documentation gaps identified:**

- **1 HIGH severity:** Missing documentation for critical `resend()` function that modifies system state
- **4 MEDIUM severity:** Undocumented JavaScript functions and complex calculation logic
- **10 LOW severity:** Missing file-level documentation 
- **1 INFO severity:** Unclear legacy file status

### Major Issues Identified
1. **All JavaScript functions lack documentation** (3 functions across 3 files)
2. **No file-level documentation** explaining purpose/usage (10 files)
3. **Complex impact calculation formulas** with no explanation
4. **Repeated access control logic** undocumented across multiple files
5. **Site-specific behavior** (AU/MLA) not explained
6. **Code duplication** without documentation

### Output
Full audit report written to: `C:/Projects/cig-audit/repos/fleetiq/audit/2026-03-01-01/pass3/P41.md`

The report includes detailed reading evidence for each file and specific remediation recommendations for every finding.
