Documentation audit complete! I've analyzed all 8 JSP files and generated a comprehensive report.

## Summary

**Files Audited:** 8 JSP files (report pages)
**Total Findings:** 25 documentation gaps

**Key Issues Identified:**

1. **All 8 files lack file-level documentation** (MEDIUM severity) - No explanation of purpose, parameters, or functionality
2. **JavaScript functions missing JSDoc** (MEDIUM severity) - 3 files have `do_hide` functions with inline comments but no formal documentation
3. **Duplicated undocumented logic** (LOW-MEDIUM severity) - Access control, dropdown defaults, permission checks repeated across files
4. **Complex mechanisms undocumented** (MEDIUM severity) - Column hiding system spans multiple code sections with no architectural explanation
5. **Security code lacks comments** (LOW-MEDIUM severity) - Access level control and permission arrays not explained

**Severity Distribution:**
- CRITICAL: 0
- HIGH: 0  
- MEDIUM: 13
- LOW: 12

**Notable Patterns:**
- Access level translation logic duplicated in 2 files
- Permission array structure ([form_cd][permission_type]) never documented
- Column hiding mechanism (do_list/undo_list/fld_hide) spread across 3 files without cohesive docs
- DataTables configuration in vor_status_report.jsp completely undocumented

The full audit report with reading evidence, detailed findings, and remediation recommendations has been written to:
`C:/Projects/cig-audit/repos/fleetiq/audit/2026-03-01-01/pass3/P44.md`
