Perfect! I've completed the Pass 3 Documentation Audit for agent P50. Here's what I did:

## Summary

✅ **Branch Verified:** multi-customer-sync-to-master

✅ **Files Reviewed:** All 3 JSP files read in full
- pages/admin/reports/mod/mail_report.jsp (33 lines)
- pages/admin/reports/mod/sendmail.jsp (79 lines)  
- pages/admin/reports/mod/subscribe.jsp (205 lines)

✅ **Reading Evidence:** Comprehensive documentation provided for each file including:
- All scriptlet blocks with line numbers and descriptions
- All invoked methods/functions
- All form actions and parameters
- All imports and JSP beans

✅ **Findings Reported:** 17 documentation gaps identified

### Severity Breakdown:
- **CRITICAL:** 1 finding (URL construction security - unescaped output, potential XSS/SSRF)
- **HIGH:** 4 findings (missing file-level docs, access control documentation, email validation)
- **MEDIUM:** 7 findings (missing scriptlet documentation, complex logic explanations)
- **LOW:** 4 findings (missing feature documentation)
- **INFO:** 1 finding (debug output)

### Key Issues Found:
1. **All three JSP files lack file-level documentation** explaining purpose, security considerations, and parameters
2. **Security-critical operations are undocumented** - URL construction, email sending, access control
3. **Potential security vulnerabilities** lack warning comments - XSS (line 29 in mail_report.jsp), URL injection, SSRF, email header injection
4. **Access level defaulting to "5"** is unexplained across all files
5. **Complex parameter handling** (11+ parameters in subscribe.jsp) lacks explanatory comments
6. **Conditional routing logic** (AU/MLA vs other sites) not explained
7. **Timezone, date formatting, and frequency scheduling** undocumented

✅ **Output Written:** C:/Projects/cig-audit/repos/fleetiq/audit/2026-03-01-01/pass3/P50.md

**Report only - no fixes applied** as instructed.
