Documentation audit complete! I've analyzed all 10 JSP files and created a comprehensive report.

## Summary

**Files Reviewed:** 10 JSP files in `pages/admin/setting/`  
**Total Findings:** 49 documentation gaps

### Severity Breakdown:
- **HIGH (5):** Critical validation and business logic functions lacking documentation
  - `save()` functions in driver limiting and settings pages
  - `highlightBlacklisted()` - complex UI logic (64 lines)
  
- **MEDIUM (18):** Functions with parameters or important behavior needing @param/@returns
  - AJAX callback functions (stateChanged, stateChanged1)
  - Navigation functions (open_edit, open_blklst_rpt)
  - Filter manipulation (fetch_site, fetch_dept, refresh)
  
- **LOW (25):** Simple utility functions missing basic documentation
  - Checkbox selection helpers (sel_all_*, desel_all_*)
  - Enable/disable checkbox functions
  
- **INFO (1):** Missing file-level documentation for all JSP files

### Key Issues Found:
1. **Zero JavaScript functions have JSDoc comments** across 70 total functions
2. Complex 100+ line validation functions have no documentation of business rules
3. Legacy "_old" files duplicate undocumented code
4. No file-level JSP documentation explaining page purpose
5. Embedded Java scriptlets lack explanatory comments

The report has been written to: `C:/Projects/cig-audit/repos/fleetiq/audit/2026-03-01-01/pass3/P51.md`

Each finding includes specific line numbers, severity ratings, and copy-paste ready JSDoc templates for fixing the issues.
