Documentation audit complete! I've analyzed all 6 JSP files and created the report.

## Summary

**Branch verified:** ✓ multi-customer-sync-to-master

**Files audited:**
1. critical_battery.jsp - 3 JavaScript functions
2. driver_licence_expiry.jsp - 2 JavaScript functions  
3. impacts.jsp - 5 JavaScript functions
4. pct_utilization.jsp - 8 JavaScript functions
5. preop.jsp - 4 JavaScript functions
6. vehicles_utilization.jsp - 9 JavaScript functions

**Key findings:**
- **38 total findings** (31 MEDIUM, 6 LOW, 1 code duplication)
- **0 out of 31 JavaScript functions** have JSDoc documentation
- **0 scriptlet blocks** have explanatory comments
- **No @param or @return tags** anywhere
- Functions handling complex chart configurations lack data structure documentation
- One duplicate event handler found in vehicles_utilization.jsp

**Common issues:**
- All JavaScript functions missing JSDoc comments
- No parameter documentation
- No return value documentation  
- Java scriptlets lack comments explaining variable usage
- Complex data structures passed to functions are undocumented

Report written to: `C:/Projects/cig-audit/repos/fleetiq/audit/2026-03-01-01/pass3/P53.md`
