Perfect! I've completed the Pass 3 Documentation audit for agent P54. Here's what I accomplished:

## Audit Summary

✅ **Branch Verified:** multi-customer-sync-to-master  
✅ **Files Reviewed:** 7 JSP files (all read in full)  
✅ **Output Written:** C:/Projects/cig-audit/repos/fleetiq/audit/2026-03-01-01/pass3/P54.md

## Key Findings

**25 Total Documentation Gaps Identified:**
- **3 HIGH severity** - Security/safety-critical undocumented logic:
  - P54-F03: Severity color-coding for vehicle impacts (safety-critical)
  - P54-F18: Impact count percentage interpretation (quality-critical)
  - P54-F25: Access control security model (affects all 5 files with auth)

- **18 MEDIUM severity** - Missing file-level and scriptlet documentation
- **4 LOW severity** - Undocumented patterns and minor issues

## Reading Evidence Provided

For each JSP file, I documented:
- All beans used (Databean_cdisp, UtilBean)
- Every scriptlet block with line numbers and descriptions
- All methods invoked (150+ method calls catalogued)
- HTML table purposes and data flows
- Request parameters and session attributes

## Critical Gaps

All 7 JSP files lack:
1. **File-level documentation** explaining purpose and context
2. **Scriptlet documentation** for initialization and display logic
3. **Business logic comments** for severity levels, impact tracking, calibration status
4. **Access control documentation** for the security model used across 5 files

The audit report is complete and ready for review. No code was modified (report-only as instructed).
