Perfect! I've completed the Pass 3 Documentation Audit for Agent P55. Here's what I found:

## Summary of Audit Results

**Files Reviewed:** 10 JSP files in pages/admin/user/

**Total Findings:** 31 documentation gaps
- **HIGH severity:** 7 (security-critical access control logic, permission matrices)
- **MEDIUM severity:** 23 (file-level docs, business logic, complex conditionals)
- **LOW severity:** 1 (commented-out code)

## Key Issues Identified:

1. **All 10 files lack file-level documentation** explaining their purpose, parameters, and workflow

2. **Critical security gaps** - No documentation for:
   - Access level hierarchy and restrictions (7 findings across multiple files)
   - Permission matrix structure and usage
   - Session attribute formats and substring operations

3. **One empty file** - `add-access-group.jsp` contains only 1 line and serves no purpose

4. **Complex undocumented logic**:
   - Alert type switch cases (12+ types) with no explanations
   - Dealer-specific behavior (medical date vs start date)
   - Site-specific conditionals (LindeConfig.siteName)
   - Dynamic tab management algorithms

5. **No comments for**:
   - AJAX form handling patterns
   - Destructive operations (delete alerts)
   - Conditional UI rendering based on organizational hierarchy

The audit report has been written to:
`C:/Projects/cig-audit/repos/fleetiq/audit/2026-03-01-01/pass3/P55.md`

All findings are **REPORT ONLY** as instructed - no fixes were applied to the source code.
