## Audit Complete ✓

I've successfully completed the P56 Pass 3 Documentation Audit. Here's what was done:

### Summary

**Branch verified:** ✓ multi-customer-sync-to-master

**Files reviewed:** 10 JSP files
- edit-licence.jsp
- edit-license-au.jsp  
- edit-license.jsp
- edit-subscription.jsp
- edit-super-master.jsp
- edit-supervisor-access.jsp
- edit-user.jsp
- edit-vehicle-access.jsp
- edit-website-access.jsp
- edit.jsp

### Key Findings

**Total JavaScript functions found:** 9  
**Total functions documented:** 0  
**Total findings reported:** 14

**By severity:**
- **HIGH (5):** Security-critical functions like `returnKey()` for card swipe capture and validation functions
- **MEDIUM (6):** State management and utility functions
- **LOW (3):** File-level and parameter documentation gaps

### Critical Issues Identified

1. **Card swipe handlers** (`returnKey()` in 2 files) - Security-critical functions with no documentation explaining the Wiegand ID capture protocol
2. **Validation functions** (`saveUp()`, `uploadDriver()`) - Complex validation logic undocumented
3. **State management** (`enableSupervisorAccess()`) - Intricate permission restoration logic not explained
4. **Cascading selection logic** (`fnChangeSelect()`) - Department/vehicle selection dependencies undocumented

### Output

Full audit report written to:  
**`C:/Projects/cig-audit/repos/fleetiq/audit/2026-03-01-01/pass3/P56.md`**

Each finding includes: Severity, Description, Fix (with example JSDoc), File path, Line numbers, and Method name.
