Perfect! I've completed the Pass 3 documentation audit for agent P58. Here's what was accomplished:

## Summary

**Branch verified:** ✅ multi-customer-sync-to-master

**Files reviewed:** 10 JSP files
- pages/admin/vehicles/add-general.jsp
- pages/admin/vehicles/add-model.jsp
- pages/admin/vehicles/add-model_multi.jsp
- pages/admin/vehicles/broadcast-multi-driver.jsp
- pages/admin/vehicles/broadcast-multi-veh.jsp
- pages/admin/vehicles/broadcast-veh.jsp
- pages/admin/vehicles/broadcast.jsp
- pages/admin/vehicles/checklist.jsp
- pages/admin/vehicles/copy.jsp
- pages/admin/vehicles/diagnostics.jsp

**Findings identified:** 26
- **HIGH (5)**: Security-critical and safety-critical functions without documentation
  - CheckSub() functions in broadcast pages (security-sensitive)
  - syncTimezone(), syncShockThreshold(), resetUnitMemory() (safety-critical)
- **MEDIUM (11)**: Undocumented JavaScript functions affecting application behavior
- **LOW (9)**: Missing file-level documentation on all JSP files
- **INFO (1)**: Suspicious debug text "asd" in add-general.jsp

**Key documentation gaps:**
1. Zero file-level JSP comments across all 10 files
2. All 15 JavaScript functions lack JSDoc documentation
3. No @param or @returns tags for any functions
4. Critical operations (message broadcasting, unit reset, threshold sync) have no documentation

**Output written to:** `C:/Projects/cig-audit/repos/fleetiq/audit/2026-03-01-01/pass3/P58.md`

The audit report includes detailed reading evidence for each file and specific remediation recommendations for every finding.
