I have completed the Pass 3 Documentation Audit for Agent P60. Here's what I found:

## Summary

**Files Audited:** 10 JSP files in the vehicles admin section
**Branch Verified:** ✅ multi-customer-sync-to-master

### Key Results:
- **Total JavaScript functions:** 20 named functions + 3 anonymous handlers
- **Documented functions:** 0
- **Undocumented functions:** 20 (100%)

### Findings Breakdown:
- **HIGH (6)**: Complex business logic functions completely undocumented
  - `sendToMultiple()` functions (3 instances) - critical master code sync operations
  - `fnChangeSelect()` functions (2 instances) - complex checkbox dependency logic (130+ lines each)
  - Validation bug in network-settings.jsp - checks `if(validation)` instead of `if(validation())`

- **MEDIUM (8)**: Validation and AJAX functions without documentation
  - `mcfill()` AJAX functions
  - `mcCheckSub()` / `CheckSub()` validation functions
  - `validation()` function

- **LOW (11)**: Simple utility functions and missing file-level docs
  - `checkAll()` / `uncheckAll()` functions
  - `autoCheck()` functions
  - Missing file-level JSP documentation

- **INFO (2)**: Code patterns and consistency issues

### Critical Issues:
1. **Zero documentation** exists for any JavaScript function across all 10 files
2. Complex business logic (130+ line functions) managing master code synchronization lacks any explanation
3. **Potential bug** found: network-settings.jsp line 153 checks function existence instead of calling it

The complete audit report with all 30 findings has been written to:
`C:/Projects/cig-audit/repos/fleetiq/audit/2026-03-01-01/pass3/P60.md`

Each finding includes severity, description, recommended fix, file path, line numbers, and method name as required.
