Perfect! I've completed the Pass 3 Documentation audit for agent P62. Here's what I found:

## Audit Summary

**Files Audited:** 8 JSP files in pages/admin/vehicles/
- sync-drivers.jsp
- sync-multiple.jsp  
- synchronise.jsp
- synchronize.jsp
- update_question.jsp
- upload-picture.jsp
- view.jsp
- vor-settings.jsp

**Total Findings:** 30 documentation gaps

**Severity Breakdown:**
- HIGH: 3 findings (complex functions with critical operations)
- MEDIUM: 9 findings (business logic functions, complex scriptlets)
- LOW: 17 findings (simple functions, file headers)
- INFO: 1 finding (potential duplicate file)

## Key Issues Discovered

1. **Zero JavaScript functions documented** - All 18 JavaScript functions across 6 files lack any JSDoc or comment documentation

2. **High-risk undocumented functions:**
   - `sendToMultiple()` functions that dynamically build URLs and create DOM elements
   - `fnChangeSelect()` with 132 lines of complex state management
   - `mcCheckSub()` with multi-step validation and confirmation logic

3. **Missing file-level documentation** - None of the 8 files have header comments explaining purpose or dependencies

4. **Complex scriptlet blocks** - Several scriptlets (93-132 lines) have minimal inline comments despite complex business logic

The complete audit report with all 30 findings in the required format has been written to:
`C:/Projects/cig-audit/repos/fleetiq/audit/2026-03-01-01/pass3/P62.md`
