Perfect! I've completed the Pass 3 Documentation audit for agent P65. Here's what I found:

## Summary

**Branch Verified:** ✓ multi-customer-sync-to-master

**Files Reviewed:** 10 JSP email report templates
- email_hourmeter_exception.jsp
- email_impact_meter_report.jsp
- email_impact_report.jsp
- email_impact_report_exc.jsp
- email_inspection_report.jsp
- email_key_hour_util.jsp
- email_monthly_online.jsp
- email_per_driver_summary.jsp
- email_per_veh_summary.jsp
- email_preop_chk.jsp

**Total Findings:** 14
- **MEDIUM:** 1 (hardcoded access level security issue)
- **LOW:** 10 (missing file-level documentation)
- **INFO:** 3 (undocumented implementation details)

## Key Issues

1. **No file-level documentation**: All 10 JSP files lack header comments explaining their purpose, expected parameters, and output format.

2. **Security concern**: 9 files have hardcoded `access_level = "1"` instead of retrieving from session, potentially bypassing access controls.

3. **Undocumented patterns**: Operation codes, default parameter values, and hardcoded URLs lack explanatory comments.

## Note
These are JSP presentation layer files with no public Java methods/functions, so traditional Javadoc is not applicable. However, file-level documentation is important for maintainability.

The complete audit report has been written to:
`C:/Projects/cig-audit/repos/fleetiq/audit/2026-03-01-01/pass3/P65.md`
