Perfect! I've completed the Pass 3 documentation audit for agent P66. Here's what I found:

## Audit Summary

**Files Reviewed:** 10 JSP email report templates
- email_preop_chk_detailed.jsp
- email_preop_chk_fail.jsp  
- email_preop_chk_inc.jsp
- email_restricted_access_usage_report.jsp
- email_seat_hour_util.jsp
- email_serv_maintenance.jsp
- email_shock_summary.jsp
- email_super_master_auth_report.jsp
- email_unit_unlock.jsp
- email_unit_unlock_impact.jsp

**Total Findings:** 30
- **HIGH:** 6 (hardcoded access control with misleading comments - security concern)
- **MEDIUM:** 22 (missing file/scriptlet documentation, undocumented logic)
- **LOW:** 2 (missing inline comments, code duplication)

## Key Issues Discovered

1. **No file-level documentation** - All 10 JSP files lack header comments explaining their purpose, parameters, and behavior

2. **Security documentation issue** - 6 files have hardcoded access_level="1" with misleading comment "Session variables for the access level control" when they're actually local variables

3. **Undocumented complex logic** - Filtering, timezone conversion, ranking algorithms, and conditional display logic lack explanatory comments

4. **Hardcoded mappings without documentation** - Lockout type codes (251-254) and filter options mapped to descriptions with no explanation of source or meaning

The full audit report has been written to:
`C:/Projects/cig-audit/repos/fleetiq/audit/2026-03-01-01/pass3/P66.md`
