Perfect! I've completed the Pass 3 Documentation Audit for agent P67. 

## Audit Summary

**Branch verified:** ✓ multi-customer-sync-to-master  
**Files reviewed:** 10 JSP files  
**Total findings:** 37 documentation gaps

### Breakdown by Severity:
- **HIGH:** 10 findings (undocumented security/access control logic)
- **MEDIUM:** 24 findings (missing file/parameter docs, business logic)
- **LOW:** 3 findings (technical implementation details)

### Key Issues Identified:

1. **Systemic Documentation Gaps**
   - All 10 JSP files lack file-level documentation headers
   - Zero documentation for request parameters across all files
   - No explanation of security-critical access control logic

2. **Security Concerns** (10 HIGH severity findings)
   - Hardcoded access levels without explanation
   - Inconsistent access control patterns (hardcoded vs session-based)
   - No documentation of security implications

3. **Business Logic** (24 MEDIUM severity findings)
   - Undocumented field hiding mechanisms
   - Unexplained conditional formatting rules
   - Missing explanations for access level mappings
   - Undocumented SOC unit variations

The complete audit report has been written to:  
**C:/Projects/cig-audit/repos/fleetiq/audit/2026-03-01-01/pass3/P67.md**

No code was modified - this is a documentation audit report only, as instructed.
