Audit complete! I've successfully analyzed all 10 JSP files for documentation gaps and written the findings to `P68.md`.

## Summary of Audit Results

**Files audited:** 10 JSP files (Excel report exports)
**Total findings:** 28 documentation gaps

**Severity breakdown:**
- **HIGH (5 findings):** Critical security documentation gaps including:
  - Undocumented access control logic handling sensitive session-based security
  - Missing access control sections in 2 files (driver league & licence reports)  
  - Security-critical driver access abuse report completely undocumented
  - Inconsistent security implementation across reports

- **MEDIUM (17 findings):** Missing file-level docs, undocumented business logic, uncommented dead code, unexplained defaults and conditionals

- **LOW (5 findings):** Missing JSP bean documentation, unexplained display formatting patterns

**Key issues identified:**
1. **Zero file-level documentation** - Not a single file has header comments explaining purpose or business context
2. **Security gaps** - Access control logic lacks explanation; 2 files missing security entirely
3. **Business logic mysteries** - Color coding, defaults, conditional rendering unexplained
4. **Inconsistent patterns** - Some files implement security, others don't
5. **Dead code** - Commented sections with no explanation

All findings documented with specific severity levels, descriptions, recommended fixes, file paths, and line numbers as required. Report is ready for review at:
`C:/Projects/cig-audit/repos/fleetiq/audit/2026-03-01-01/pass3/P68.md`
