Perfect! I've completed the Pass 3 Documentation Audit for agent P69. Here's what I did:

## Summary

**Branch verified:** ✓ multi-customer-sync-to-master
**Files reviewed:** 10 JSP report generator files
**Total findings:** 30 documentation gaps

### Key Results

**Findings by Severity:**
- HIGH: 1 (complex XLSX generation logic completely undocumented)
- MEDIUM: 24 (missing file-level docs, access control documentation, business logic explanations)
- LOW: 5 (minor issues like unused parameters, duplicate header settings)

### Major Documentation Gaps Found

1. **No file-level documentation** - All 10 files lack header comments explaining their purpose, parameters, and output format

2. **Missing access control documentation** - Session-based access level control is implemented in 9 files but only has a single-line comment, no explanation of what levels mean or why "5" is the default

3. **Undocumented business logic** - Complex logic for:
   - Severity level color coding (Red/Amber/Blue)
   - GPS coordinate filtering
   - Default parameter assignments
   - Nested table structures

4. **Missing XLSX generation documentation** (HIGH severity) - The excel_impact_report.jsp file contains 300+ lines of Apache POI code with zero inline comments explaining the structure, styles, or business logic

### Report Location

Full audit report written to:
```
C:/Projects/cig-audit/repos/fleetiq/audit/2026-03-01-01/pass3/P69.md
```

The report includes detailed reading evidence for all files, complete documentation analysis, and 30 findings with specific remediation guidance.
