Documentation audit complete! I've successfully analyzed all 10 JSP files and generated a comprehensive report.

## Summary

**Files Reviewed:** 10 JSP files
**Total Findings:** 38 documentation gaps

### Severity Breakdown:
- **CRITICAL (4):** Path traversal vulnerabilities in file_dl.jsp and file_dl_url.jsp with zero documentation or input validation
- **HIGH (8):** Undocumented access control logic across 8 files - security-critical code with no explanation
- **MEDIUM (21):** Missing file-level documentation and undocumented complex business logic
- **LOW (2):** Commented-out code and display logic
- **INFO (5):** Unused variables suggesting incomplete cleanup

### Critical Security Issues Found:
1. **file_dl.jsp** - Unvalidated file path construction from user input (lines 4-16) 
2. **file_dl_url.jsp** - Unvalidated filename parameter (lines 5-11)

Both files concatenate user-supplied parameters to construct file system paths with NO validation, creating severe path traversal vulnerabilities.

### Common Patterns:
- **100% of files** lack file-level documentation explaining purpose/usage
- **80% of files** contain identical undocumented access control logic
- Complex nested loops and pivot table logic completely undocumented
- Security-sensitive operations have no documentation whatsoever

The full report with detailed findings and remediation steps has been written to:
`C:/Projects/cig-audit/repos/fleetiq/audit/2026-03-01-01/pass3/P71.md`
