Perfect! I've completed the Pass 3 Documentation Audit for Agent P76. Here's a summary:

## Audit Complete ✓

**Files Reviewed:** 10 JSP files
- All files read in full
- Reading evidence produced for each file
- Documentation analysis completed

**Findings Summary:**
- **Total Findings:** 17
- **HIGH:** 1 (undocumented dynamic report generation security concern)
- **MEDIUM:** 7 (missing inline documentation for security-critical access control and complex business logic)
- **LOW:** 9 (missing file-level documentation comments)

**Key Issues Identified:**
1. All 10 JSP files lack file-level documentation explaining purpose, parameters, and output
2. Security-critical access level control code repeated across 9 files without adequate inline documentation
3. Complex filtering logic (pre-op check failures, completion status, seat hour utilization) lacks explanatory comments
4. Generic report generator (print_report.jsp) has insufficient documentation for a security-sensitive dynamic report mechanism
5. Parameter extraction patterns lack documentation about defaults and expected formats

**Notable:** These JSP files contain no public method declarations (no `<%! %>` blocks with methods), so there are no method-level Javadoc requirements. All findings relate to file-level and inline documentation gaps.

The complete audit report has been written to:
`C:/Projects/cig-audit/repos/fleetiq/audit/2026-03-01-01/pass3/P76.md`
