Perfect! I've completed the Pass 3 Documentation Audit for agent P78. Here's a summary:

## Audit Complete ✓

**Files Audited:** 10 JSP files
- report_national_subscription.jsp
- report_subscription.jsp
- rpt_battery.jsp
- rpt_battery_change.jsp
- rpt_battery_charge.jsp
- rpt_blacklist_driv.jsp
- rpt_blacklist_driv_au.jsp
- rpt_blacklist_driv_old.jsp
- rpt_cal_impact.jsp
- rpt_call_alertmail.jsp

**Total Findings:** 40
- **HIGH (4):** Service endpoint files missing critical purpose/invocation documentation
- **MEDIUM (16):** Missing file documentation, undocumented functions with operations, undocumented scriptlets
- **LOW (18):** Utility functions and AJAX callbacks without JSDoc
- **INFO (2):** Security-related documentation suggestions

**Key Issues:**
1. All 10 files lack file-level documentation
2. Service endpoints (rpt_cal_impact.jsp, rpt_call_alertmail.jsp) need documentation about invocation context
3. 20+ JavaScript functions lack JSDoc with parameter/return documentation
4. All scriptlet blocks lack comments explaining access control and data flow
5. AJAX endpoints not documented

**Report saved to:** `C:/Projects/cig-audit/repos/fleetiq/audit/2026-03-01-01/pass3/P78.md`
