Perfect! I've completed the Pass 3 Documentation Audit for Agent P79. 

## Summary

**Audit completed successfully:**
- ✅ Branch verified: multi-customer-sync-to-master
- ✅ All 10 JSP files read in full
- ✅ Reading evidence provided for each file
- ✅ Comprehensive documentation analysis performed
- ✅ 30 findings documented with proper format

**Key findings:**
- **HIGH severity (2):** Missing documentation for complex AJAX file and undocumented timeout algorithm
- **MEDIUM severity (21):** Mostly missing file-level documentation and undefined acronyms
- **LOW severity (7):** Missing function-level documentation

**Major issues identified:**
1. Zero file-level documentation across all 10 files
2. Complex JavaScript functions (6 functions) completely undocumented
3. Undefined acronyms: CFTS, pstat, IDDNY
4. Unexplained commented-out code in rpt_call_mail.jsp
5. No documentation differentiating similar scheduled jobs

The full report has been written to:
`C:/Projects/cig-audit/repos/fleetiq/audit/2026-03-01-01/pass3/P79.md`
