## Audit Complete ✓

I've successfully completed the **Agent P85 - Pass 3 Documentation Audit** for the FleetIQ repository.

### Summary

**Files audited:** 4 JSP files
- `reports/xlsx_driver_access_abuse_report_mail.jsp`
- `reports/xlsx_input_mail.jsp`
- `reports/xlsx_report.jsp`
- `reports/xlsx_report_mail.jsp`

**Total findings:** 18 documentation gaps

**Breakdown by severity:**
- 🔴 **HIGH (3):** Security-related documentation gaps
  - Undocumented path traversal logic with security implications
  - Two files missing access control without explanation
  
- 🟡 **MEDIUM (5):** Missing file-level documentation and workflow documentation
  - All 4 JSP files lack header comment blocks
  - Undocumented email sending workflows
  
- 🔵 **LOW (8):** Missing inline documentation for complex logic
  - Access control logic insufficiently documented
  - Bean population and filter initialization undocumented
  - Parameter handling and default values unexplained
  
- ⚪ **INFO (2):** Code cleanup issues
  - Commented-out debug statements without explanation

### Key Issues Identified

1. **No file-level documentation**: None of the 4 JSP files have header comments explaining purpose, parameters, or security requirements
2. **Security gaps**: `xlsx_report.jsp` and `xlsx_report_mail.jsp` lack access control mechanisms with no documentation explaining why
3. **Undocumented security logic**: Path traversal code and access level control lack explanatory comments
4. **Workflow documentation missing**: Email generation/sending and Excel report creation workflows are not documented

**Report written to:** `C:/Projects/cig-audit/repos/fleetiq/audit/2026-03-01-01/pass3/P85.md`
