Documentation audit complete! I've analyzed all 10 JSP files in the security module and written the findings report to:

**C:/Projects/cig-audit/repos/fleetiq/audit/2026-03-01-01/pass3/P86.md**

## Summary

**37 findings identified** across the security module:

### Severity Breakdown
- **HIGH (4)**: Security-critical functions lacking documentation
  - Password validation and strength checking
  - Access rights permission processing
  - Password change validation
  
- **MEDIUM (12)**: Core functionality without documentation
  - AJAX handlers and data fetchers
  - Form validation functions
  - Email management operations
  
- **LOW (20)**: Utility functions and file-level documentation
  - Window management
  - Form field setters
  - File header comments missing
  
- **INFO (1)**: AJAX endpoint documentation

### Key Issues Discovered
1. **Zero documentation coverage** - All 41 JavaScript functions lack any documentation
2. **No file-level comments** - None of the 10 JSP files explain their purpose
3. **Security gaps** - Critical authentication/authorization functions undocumented
4. **Complex logic unexplained** - AJAX, XML parsing, permission processing not documented
5. **Code duplication** - GetXmlHttpObject() duplicated across files without refactoring
6. **Weak validation** - Email validation only checks null/empty, not format

The report includes detailed reading evidence for each file and specific remediation guidance for all findings.
