## Audit Complete ✓

I've successfully completed the Pass 3 Documentation Audit for agent P87. Here's what I found:

**Files Audited:**
- security/get_mail_data.jsp
- security/get_module_data.jsp  
- security/output.jsp
- security/threshold_par.jsp

**Results:**
- **21 findings** identified
  - 1 CRITICAL
  - 6 HIGH  
  - 10 MEDIUM
  - 4 LOW

**Key Issues Discovered:**

1. **Complete absence of file-level documentation** - None of the JSP files have any documentation explaining their purpose, inputs, outputs, or security requirements

2. **Undocumented database operations** - Critical operations modifying vehicle calibration data (FMS_VEHICLE_MST, outgoing, outgoing_stat tables) lack any explanation

3. **Hardcoded file paths** - Both output.jsp and threshold_par.jsp read from hardcoded D:/ paths with no documentation of file format or maintenance procedures

4. **Unused parameters** - All files retrieve request parameters that are never used, with no explanation

5. **Potentially broken code** - threshold_par.jsp appears to be non-functional (dataList never populated) but lacks documentation indicating whether this is intentional

The full audit report with reading evidence and detailed findings has been written to:
`C:/Projects/cig-audit/repos/fleetiq/audit/2026-03-01-01/pass3/P87.md`

No fixes were applied - this is a report-only audit as instructed.
