## Audit Complete ✓

I've successfully completed the Pass 3 Documentation audit for agent S01. Here's what was accomplished:

**Branch Verified:** `multi-customer-sync-to-master` ✓

**Files Reviewed:** 8 SQL migration files
- FLEETIQ_AUG_2022.sql
- FLEETIQ_JAN_2022.sql  
- FLEETIQ_JAN_2023.sql
- FLEETIQ_JUN_2022.sql
- FLEETIQ_MAR_2022.sql
- FLEETIQ_MAY_2022.sql
- FLEETIQ_NOV_2022.sql
- FLEETIQ_SEPT_2022.sql

**Key Findings:** 14 total documentation gaps identified

**Critical Issues:**
- **2 HIGH severity:** Stored procedures `sp_store_preop_comments` and `sp_store_prompt_type` lack proper documentation blocks
- **7 MEDIUM severity:** Schema changes missing explanatory comments about business purpose and data model
- **4 LOW severity:** Minor documentation gaps for configuration columns
- **1 INFO:** Inconsistent documentation standards across migration files

**Output Location:** `C:/Projects/cig-audit/repos/fleetiq/audit/2026-03-01-01/pass3/S01.md`

The report includes complete reading evidence for all files (DDL statements, stored procedures with line numbers) and detailed findings with specific remediation recommendations. No fixes were applied per instructions.
